D [2017-01-01 02:37:41.365] Save Config C:\CDR\MyBot6_5x\Profiles\Lipe\config.ini
D [2017-01-01 02:37:41.818] API: $hWind=0x001005E2,$iMsg=49694,$wParam=0x00000000,$lParam=0x004B2F0A
D [2017-01-01 02:37:43.300] Save Building Config C:\CDR\MyBot6_5x\Profiles\Lipe\building.ini
D [2017-01-01 02:37:43.836] Read Building Config C:\CDR\MyBot6_5x\Profiles\Lipe\building.ini
D [2017-01-01 02:37:43.849] Read Config C:\CDR\MyBot6_5x\Profiles\Lipe\config.ini
D [2017-01-01 02:37:43.925] Apply Config
D [2017-01-01 02:37:44.169] Disable GUI Controls
D [2017-01-01 02:37:45.596] Redraw MyBot Window
D [2017-01-01 02:37:45.632] Android Window Handle: 0x001C1708
D [2017-01-01 02:37:45.633] InitiateLayout: MEmu_2 Android-ClientSize: 860 x 732
D [2017-01-01 02:37:45.633] CheckScreenAndroid: Window size 908 x 770
D [2017-01-01 02:37:45.885] MEmu font_scale = 1
D [2017-01-01 02:37:45.989] GUIControl_WM_NCACTIVATE: Deactivate Bot
D [2017-01-01 02:37:46.247] Restore bot window to 1919, 269, caller: GUIControl_WM_NCACTIVATE
D [2017-01-01 02:37:46.251] GUIControl_WM_NCACTIVATE: Activate Bot
L [2017-01-01 02:37:46.503]  My Bot v6.5.2.r2601 (MEmu_2) Powered by MyBot.run ~
L [2017-01-01 02:37:46.512] MyBot.run.exe Executable running on WIN_10  X64
L [2017-01-01 02:37:46.512] =================== Bot Start ====================
L [2017-01-01 02:37:46.513] ------------------------  Current Profile: Lipe -------------------------
L [2017-01-01 02:37:46.514] Trying to locate Main Screen
D [2017-01-01 02:37:48.431] Android process com.supercell.clashofclans not running
L [2017-01-01 02:37:48.432] Please wait for CoC restart......
L [2017-01-01 02:37:49.726] Launch Clash of Clans now...
D [2017-01-01 02:37:49.802] ADB shell terminated, PID = 6136
D [2017-01-01 02:37:50.090] C:\Users\Imation\Pictures\MEmu Photo\ exists
D [2017-01-01 02:37:50.463] ADB shell launched, PID = 10644: root@android:/ # PS1=mybot.run:Android Steady Shell PID=1805
/system/xbin/renice -20 1805
/system/xbin/renice -20 1753
D [2017-01-01 02:37:50.585] Using /mnt/shell/emulated/0/Pictures/ for Android shared folder
D [2017-01-01 02:37:50.585] MEmu ADB use /dev/input/event7 for mouse events
D [2017-01-01 02:37:56.832] API: $hWind=0x001005E2,$iMsg=49694,$wParam=0x00000000,$lParam=0x004B2F0A
L [2017-01-01 02:38:00.222] Waiting for Main Screen
D [2017-01-01 02:38:00.611] GetVillageSize measured: 476.413956806172, Zoom factor: 1.00593562250845, Offset: 10, 9
D [2017-01-01 02:38:00.612] Center Village by: 10, 9
D [2017-01-01 02:38:02.334] GetVillageSize measured: 475.789575298868, Zoom factor: 1.00461725726901, Offset: -1, -1
D [2017-01-01 02:38:02.334] Village Offset updated to -1, -1, 1.00461725726901
D [2017-01-01 02:38:02.338] Centered Village Offset: -1, -1, change: -11, -10
L [2017-01-01 02:38:02.339] Main Screen Located
D [2017-01-01 02:38:02.528] GetVillageSize measured: 475.789575298868, Zoom factor: 1.00461725726901, Offset: -1, -1
L [2017-01-01 02:38:03.544] Detecting your Buildings..
L [2017-01-01 02:38:04.545] Detecting your Village Theme
L [2017-01-01 02:38:04.977] Snow Theme detected
L [2017-01-01 02:38:07.775] Language setting is English: Correct.
L [2017-01-01 02:38:08.782] Trying to locate Main Screen
D [2017-01-01 02:38:09.037] GetVillageSize measured: 475.789575298868, Zoom factor: 1.00461725726901, Offset: -1, -1
L [2017-01-01 02:38:09.040] Main Screen Located
D [2017-01-01 02:38:11.850] API: $hWind=0x001005E2,$iMsg=49694,$wParam=0x00000000,$lParam=0x004B2F0A
D [2017-01-01 02:38:13.125] GetVillageSize measured: 475.789575298868, Zoom factor: 1.00461725726901, Offset: -1, -1
L [2017-01-01 02:38:13.840] Village Report
L [2017-01-01 02:38:13.978]  [T]: 2 462
L [2017-01-01 02:38:14.071]  [G]: 383 504 [E]: 199 916 [D]: 90 616 [GEM]: 2 891
D [2017-01-01 02:38:14.878] GetVillageSize measured: 475.789575298868, Zoom factor: 1.00461725726901, Offset: -1, -1
D [2017-01-01 02:38:14.881] _RunFunction: CleanYard BEGIN
D [2017-01-01 02:38:14.882] _RunFunction: CleanYard END
D [2017-01-01 02:38:14.882] _RunFunction: ReArm BEGIN
L [2017-01-01 02:38:14.883] Checking if Village needs Rearming..
L [2017-01-01 02:38:17.288] Rearm not needed!
D [2017-01-01 02:38:19.245] GetVillageSize measured: 475.789575298868, Zoom factor: 1.00461725726901, Offset: -1, -1
D [2017-01-01 02:38:19.449] _RunFunction: ReArm END
D [2017-01-01 02:38:19.449] _RunFunction: CheckTombs BEGIN
D [2017-01-01 02:38:19.650] _RunFunction: CheckTombs END
D [2017-01-01 02:38:19.651] _RunFunction: Collect BEGIN
L [2017-01-01 02:38:20.473] Collecting Resources
D [2017-01-01 02:38:22.826] GetVillageSize measured: 475.789575298868, Zoom factor: 1.00461725726901, Offset: -1, -1
L [2017-01-01 02:38:22.830] Searching for a Loot Cart..
L [2017-01-01 02:38:23.317] No Loot Cart found, Yard is clean!
D [2017-01-01 02:38:25.060] _RunFunction: Collect END
L [2017-01-01 02:38:25.061] Waiting, Add random delay of 32 seconds.
D [2017-01-01 02:38:26.882] API: $hWind=0x001005E2,$iMsg=49694,$wParam=0x00000000,$lParam=0x004B2F0A
D [2017-01-01 02:38:35.038] GUIControl_WM_NCACTIVATE: Deactivate Bot
D [2017-01-01 02:38:41.927] API: $hWind=0x001005E2,$iMsg=49694,$wParam=0x00000000,$lParam=0x004B2F0A
D [2017-01-01 02:38:56.931] API: $hWind=0x001005E2,$iMsg=49694,$wParam=0x00000000,$lParam=0x004B2F0A
D [2017-01-01 02:38:57.135] _RunFunction: BoostQueen BEGIN
D [2017-01-01 02:38:57.135] _RunFunction: BoostQueen END
D [2017-01-01 02:38:57.136] _RunFunction: BoostBarracks BEGIN
D [2017-01-01 02:38:57.136] _RunFunction: BoostBarracks END
D [2017-01-01 02:38:57.136] _RunFunction: BoostKing BEGIN
D [2017-01-01 02:38:57.137] _RunFunction: BoostKing END
D [2017-01-01 02:38:57.137] _RunFunction: RequestCC BEGIN
L [2017-01-01 02:38:57.138] Requesting Clan Castle Troops
D [2017-01-01 02:38:57.436] GUIControl_WM_NCACTIVATE: Deactivate Bot
L [2017-01-01 02:39:01.288] Your Clan Castle is already full or you are not in a clan.
D [2017-01-01 02:39:03.165] GetVillageSize measured: 475.789575298868, Zoom factor: 1.00461725726901, Offset: -1, -1
D [2017-01-01 02:39:03.169] _RunFunction: RequestCC END
D [2017-01-01 02:39:03.170] _RunFunction: BoostSpellFactory BEGIN
D [2017-01-01 02:39:03.170] _RunFunction: BoostSpellFactory END
D [2017-01-01 02:39:03.170] _RunFunction: BoostWarden BEGIN
D [2017-01-01 02:39:03.171] _RunFunction: BoostWarden END
D [2017-01-01 02:39:03.171] _RunFunction: DonateCC,Train BEGIN
L [2017-01-01 02:39:03.186] Checking for Donate Requests in Clan Chat
D [2017-01-01 02:39:07.192] GetVillageSize measured: 475.789575298868, Zoom factor: 1.00461725726901, Offset: -1, -1
L [2017-01-01 02:39:09.366]  - Army Window Opened!
L [2017-01-01 02:39:11.095] Total Army Camp capacity: 240/240 (100%)
L [2017-01-01 02:39:11.339]  - Archer Queen available
L [2017-01-01 02:39:11.539] Total Spell(s) Capacity: 11/11
D [2017-01-01 02:39:11.898] API: $hWind=0x001005E2,$iMsg=49694,$wParam=0x00000000,$lParam=0x004B2F0A
L [2017-01-01 02:39:12.167] - Castle full/no clan.
L [2017-01-01 02:39:12.322]  - Army Camp: 240/240
L [2017-01-01 02:39:12.323]  - Spells: 11/11
L [2017-01-01 02:39:12.323]  - Clan Castle: 35/35
L [2017-01-01 02:39:12.324] Chief, are your Army ready for battle? Yes, they are!
L [2017-01-01 02:39:12.999]  - 16 Barbarians Available
L [2017-01-01 02:39:13.000]  - 36 Archers Available
L [2017-01-01 02:39:13.001]  - 16 Giants Available
L [2017-01-01 02:39:13.002]  - 12 Wizards Available
L [2017-01-01 02:39:13.002]  - 12 Hog Riders Available
L [2017-01-01 02:39:13.361]  - 5 Lightning Spells Brewed
L [2017-01-01 02:39:13.362]  - 1 Poison Spell Brewed
L [2017-01-01 02:39:13.363]  - Your Army is Full, let's make troops before Attack!
L [2017-01-01 02:39:19.652]  - Opened the Train Troops
L [2017-01-01 02:39:19.662] Ice Wizard Troop not detected!
D [2017-01-01 02:39:21.240] AdbScreencap: 86/86/77 ms (all/10/1),73,0,l=815,t=135,w=2,h=2, 1797DEC70728F68DB4D7B7FBEAE5A9F839593BF2: w=860,h=732,f=1
L [2017-01-01 02:39:24.155]  - Opened the Brew Spells
D [2017-01-01 02:39:24.389] _RunFunction: DonateCC,Train END
D [2017-01-01 02:39:24.401] MEmu time lag is 0 sec/min (avg for 72 sec)
D [2017-01-01 02:39:24.526] Enable GUI Controls
D [2017-01-01 02:39:26.074] Redraw MyBot Window
L [2017-01-01 02:39:26.361] ==================== Bot Stop ====================
