2017-01-01 02:37:11 : ============================= ATTACK LOG ==============================
2017-01-01 02:37:11 :                    --------  LOOT --------       ----- BONUS ------
2017-01-01 02:37:11 :  TIME|TROP.|SEARCH|   GOLD| ELIXIR|DARK EL|TR.|S|  GOLD|ELIXIR|  DE|L.
2017-01-01 03:11:41 : 03:11| 2462|   164| 339663| 342204|   3211|  9|1| 65100| 65100| 297|c1||240/240|
2017-01-01 03:19:31 : 03:19| 2471|     2| 184869| 184919|    360| 10|1| 67900| 67900| 310|c1||240/240|
2017-01-01 03:52:49 : 03:52| 2481|     5|  95381| 209610|    966|  7|1| 70000| 70000| 320|c1||240/240|
2017-01-01 04:33:40 : 04:33| 2488|    25| 254226| 148351|    484| 13|2| 70000| 70000| 320|c1||236/240|
2017-01-01 05:03:09 : 05:03| 2501|    16| 480739| 527340|   3966|  5|1| 70000| 70000| 320|c1||240/240|
2017-01-01 05:36:49 : 05:36| 2506|    30| 248157| 257460|   1035|  5|1| 70000| 70000| 320|c1||240/240|
2017-01-01 06:10:49 : 06:10| 2511|    39| 229184| 229082|     23|  7|1| 69300| 69300| 316|c1||236/240|
2017-01-01 06:54:39 : 06:54| 2518|    44| 310641| 406957|   1350|  5|1| 56000| 56000| 256|c1||240/240|
2017-01-01 07:25:09 : 07:25| 2523|    22| 263907| 210843|   2110|  6|1| 70000| 70000| 320|c1||240/240|
2017-01-01 08:14:49 : 08:14| 2529|   103| 253513| 218034|   2260| 10|1| 58100| 58100| 265|c1||236/240|
2017-01-01 08:40:18 : 08:40| 2539|    63| 313325| 153492|    960|-22|0|     0|     0|   0|--||240/240|
2017-01-01 09:31:53 : 09:31| 2517|   174| 193224| 194169|   1440| 11|1| 61600| 61600| 281|c1||240/240|
2017-01-01 09:45:42 : 09:45| 2528|    60| 235178| 280409|    828|  6|1| 64400| 64400| 294|c1||240/240|
2017-01-01 10:57:00 : 10:57| 2534|    83| 460567| 307715|   1307|-26|0|     0|     0|   0|--||240/240|
2017-01-01 11:27:01 : 11:27| 2508|   133|  73603| 186400|     69|-20|0|     0|     0|   0|--||240/240|
2017-01-01 11:59:36 : 11:59| 2488|    98| 187270| 183393|   1358| 17|2| 70000| 70000| 320|c1||236/240|
2017-01-01 12:25:20 : 12:25| 2505|    43| 229316| 239303|   1260|-24|0|     0|     0|   0|--||236/240|
2017-01-01 13:28:17 : 13:28| 2481|   178| 424926| 527530|   4050|  5|1| 67900| 67900| 310|c1||236/240|
2017-01-01 13:46:22 : 13:46| 2486|    39| 291712| 337119|   2519|  8|1| 62300| 62300| 284|c1||240/240|
2017-01-01 15:42:29 : 15:42| 2494|   340| 176049| 285965|   2625|-22|0|     0|     0|   0|--||240/240|
2017-01-01 16:00:55 : 16:00| 2472|    32| 236890| 167894|   1014| 20|2| 57400| 57400| 262|c1||240/240|
2017-01-01 16:28:44 : 16:28| 2492|    11| 292739| 397256|     81|-27|0|     0|     0|   0|--||240/240|
2017-01-01 17:15:16 : 17:15| 2465|    62| 381510| 338834|    960| 16|2| 70000| 70000| 320|c1||240/240|
2017-01-01 17:43:20 : 17:43| 2481|    46| 362101| 269578|   1485|  5|1| 70000| 70000| 320|c1||240/240|
2017-01-01 18:15:28 : 18:15| 2486|    42| 231329| 239238|    713|  6|1| 61600| 61600| 281|c1||240/240|
2017-01-01 18:59:50 : 18:59| 2492|    71| 336650| 343453|   1350| 14|2| 62300| 62300| 284|c1||240/240|
2017-01-01 19:28:12 : 19:28| 2506|    75| 365993| 288257|    699| 12|2| 70000| 70000| 320|c1||240/240|
2017-01-01 19:56:10 : 19:56| 2518|    75| 293796| 283578|   2042|  7|1| 70000| 70000| 320|c1||238/240|
2017-01-01 20:32:01 : 20:32| 2525|    12| 287695| 290911|   1215|  5|1| 66500| 66500| 304|c1||240/240|
2017-01-01 21:07:31 : 21:07| 2530|    32| 318708| 325574|   3825|  5|1| 68600| 68600| 313|c1||240/240|
2017-01-01 21:38:08 : 21:38| 2535|     5| 219113| 216313|   1586| 10|1| 57400| 57400| 262|c1||240/240|
2017-01-01 22:09:52 : 22:09| 2545|     2| 264861| 212254|    648|  5|1| 64400| 64400| 294|c1||240/240|
2017-01-01 22:54:01 : 22:54| 2550|    27| 349928| 329336|   1350|  9|1| 63000| 63000| 288|c1||240/240|
2017-01-01 23:28:06 : 23:28| 2559|   119| 318615| 230337|    496| 13|2| 70000| 70000| 320|c1||240/240|
2017-01-01 23:42:11 : 23:42| 2572|     7| 581002| 419126|   1626|  7|1| 70000| 70000| 320|c1||235/240|
2017-01-02 00:44:15 : 00:44| 2434|   176| 172050| 244380|   1829|  8|1| 59500| 59500| 272|c1||240/240|
2017-01-02 22:06:02 : ============================= ATTACK LOG ==============================
2017-01-02 22:06:02 :                    --------  LOOT --------       ----- BONUS ------
2017-01-02 22:06:02 :  TIME|TROP.|SEARCH|   GOLD| ELIXIR|DARK EL|TR.|S|  GOLD|ELIXIR|  DE|L.
2017-01-02 22:27:07 : 22:27| 2462|    85| 118590| 260400|   1379|-19|0|     0|     0|   0|--||240/240|
2017-01-02 22:33:23 : 22:33| 2443|    19| 363122| 213901|   1548|-17|0|     0|     0|   0|--||240/240|
2017-01-02 23:03:59 : 23:03| 2426|    12| 148764| 178152|    360|  5|1| 67200| 67200| 307|c1||240/240|
2017-01-02 23:35:12 : 23:35| 2431|    14| 314655| 261838|    767|  9|1| 58100| 58100| 265|c1||240/240|
2017-01-03 00:04:50 : 00:04| 2440|    12| 279398| 248980|    810|  5|1| 56000| 56000| 256|c1||240/240|
2017-01-03 00:33:34 : 00:33| 2445|    14| 268685| 238316|    633|-26|0|     0|     0|   0|--||240/240|
2017-01-03 01:01:04 : 01:01| 2419|     8| 207813| 259745|   1080|  6|1| 70000| 70000| 320|c1||240/240|
2017-01-03 01:28:35 : 01:28| 2425|     7| 258311| 181294|    750| 11|1| 58100| 58100| 265|c1||240/240|
2017-01-03 02:05:08 : 02:05| 2436|    18| 255987| 260134|   1271|  6|1| 65800| 65800| 300|c1||240/240|
2017-01-03 02:37:58 : 02:37| 2442|     3| 183996| 233644|    280|-27|0|     0|     0|   0|--||240/240|
2017-01-03 03:10:55 : 03:10| 2415|    45| 349197| 314220|    821|  9|1| 58100| 58100| 265|c1||240/240|
2017-01-03 03:35:52 : 03:35| 2424|     5| 289644| 313010|   2700|  7|1| 60200| 60200| 275|c1||240/240|
2017-01-03 04:05:22 : 04:05| 2431|    11| 177569| 193442|    856|  5|1| 70000| 70000| 320|c1||240/240|
2017-01-03 04:35:10 : 04:35| 2436|    19| 266881| 312240|   3675|-26|0|     0|     0|   0|--||240/240|
2017-01-03 05:06:36 : 05:06| 2410|    23| 141642| 363468|      0|-28|0|     0|     0|   0|--||239/240|
2017-01-03 05:41:53 : 05:41| 2382|    34| 342408| 165030|   2676|  7|1| 69300| 69300| 316|c1||240/240|
2017-01-03 06:11:19 : 06:11| 2389|    27| 229107| 335298|   1424|-21|0|     0|     0|   0|--||240/240|
2017-01-03 06:41:07 : 06:41| 2368|     2| 223878| 250005|   2395| 13|2| 70000| 70000| 320|c1||240/240|
2017-01-03 07:12:40 : 07:12| 2381|    17| 357624| 172107|    324| 10|1| 70000| 70000| 320|c1||240/240|
2017-01-03 07:39:04 : 07:39| 2391|     7| 248629|  56294|      0|-28|0|     0|     0|   0|--||240/240|
2017-01-03 08:14:53 : 08:14| 2363|    52| 377567| 347575|   1788|  6|1| 60200| 60200| 275|c1||240/240|
2017-01-03 08:44:42 : 08:44| 2369|    21| 201142| 273885|    960|-28|0|     0|     0|   0|--||240/240|
2017-01-03 09:16:17 : 09:16| 2341|    37| 423919| 403051|   2573| 11|1| 62300| 62300| 284|c1||240/240|
2017-01-03 10:01:39 : 10:01| 2352|   107| 281682| 237193|   1088| 13|2| 70000| 70000| 320|c1||240/240|
2017-01-03 11:15:47 : 11:15| 2365|   201| 250501| 251368|   2071|  7|1| 70000| 70000| 320|c1||240/240|
2017-01-03 11:21:44 : 11:21| 2372|    13| 299143| 293052|      0|  0|0| 70000| 70000| 320|--||240/240|
2017-01-03 12:00:52 : 12:00| 2378|    76| 195130| 202510|   2067|  7|1| 70000| 70000| 320|c1||240/240|
2017-01-03 12:23:48 : 12:23| 2385|    22| 302008| 267276|   1816| 11|2| 70000| 70000| 320|c1||240/240|
2017-01-03 12:54:39 : 12:54| 2396|    44| 261058| 258838|   2160|  5|1| 65800| 65800| 300|c1||240/240|
2017-01-03 13:24:35 : 13:24| 2401|    47| 308569| 310311|    630|  8|1| 70000| 70000| 320|c1||240/240|
2017-01-03 14:08:50 : 14:08| 2409|   104| 450432| 308024|    855|  7|1| 70000| 70000| 320|c1||240/240|
2017-01-03 14:46:29 : 14:46| 2416|     6| 376500| 267328|    630|-18|0|     0|     0|   0|--||240/240|
2017-01-03 14:51:35 : 14:51| 2398|     2| 332983| 303273|      0| 10|1| 58100| 58100| 265|c1||240/240|
2017-01-03 15:21:38 : 15:21| 2408|    33| 242724| 251444|   1065|  6|1| 68600| 68600| 313|c1||240/240|
2017-01-03 15:48:11 : 15:48| 2414|    25| 369497| 394095|   4050| 11|1| 63000| 63000| 288|c1||240/240|
2017-01-03 16:23:47 : 16:23| 2425|    70| 182408| 240134|    903|  6|1| 70000| 70000| 320|c1||240/240|
2017-01-03 16:42:44 : 16:42| 2431|    13| 259143| 254420|   2424|  7|1| 61600| 61600| 281|c1||240/240|
2017-01-03 17:17:37 : 17:17| 2438|    60| 174165| 232401|   2764|  8|1| 64400| 64400| 294|c1||240/240|
2017-01-03 17:35:51 : 17:35| 2446|    23| 344311| 267055|   3848|  5|1| 63000| 63000| 288|c1||240/240|
2017-01-03 18:04:31 : 18:04| 2451|    24| 230573| 265567|   2160|  7|1| 65800| 65800| 300|c1||240/240|
2017-01-03 18:48:15 : 18:48| 2462|     6| 248821| 249662|   1710|  7|1| 61600| 61600| 281|c1||240/240|
2017-01-03 19:01:58 : 19:01| 2469|    43| 272204| 252172|   2310|-25|0|     0|     0|   0|--||240/240|
2017-01-03 19:32:55 : 19:32| 2444|    50| 434318| 399618|      0|  6|1| 57400| 57400| 262|c1||240/240|
2017-01-03 19:52:22 : 19:52| 2450|    12| 159028| 313578|    490| 19|2| 70000| 70000| 320|c1||239/240|
