D [2017-01-02 02:41:59.237] Save Config C:\CDR\MyBot6_5x\Profiles\Demo\config.ini
D [2017-01-02 02:42:01.260] Save Building Config C:\CDR\MyBot6_5x\Profiles\Demo\building.ini
D [2017-01-02 02:42:01.837] Read Building Config C:\CDR\MyBot6_5x\Profiles\Demo\building.ini
D [2017-01-02 02:42:01.850] Read Config C:\CDR\MyBot6_5x\Profiles\Demo\config.ini
D [2017-01-02 02:42:01.929] Apply Config
D [2017-01-02 02:42:02.209] Disable GUI Controls
D [2017-01-02 02:42:03.838] Redraw MyBot Window
D [2017-01-02 02:42:03.868] Android Window Handle: 0x006A29BE
D [2017-01-02 02:42:03.869] InitiateLayout: MEmu_4 Android-ClientSize: 860 x 732
D [2017-01-02 02:42:03.870] CheckScreenAndroid: Window size 908 x 770
D [2017-01-02 02:42:04.122] MEmu font_scale = 1
D [2017-01-02 02:42:04.227] GUIControl_WM_NCACTIVATE: Deactivate Bot
D [2017-01-02 02:42:04.482] API: $hWind=0x00901BCE,$iMsg=49694,$wParam=0x00000000,$lParam=0x00CE2E5C
D [2017-01-02 02:42:04.488] Restore bot window to 3364, 269, caller: GUIControl_WM_NCACTIVATE
D [2017-01-02 02:42:04.491] GUIControl_WM_NCACTIVATE: Activate Bot
L [2017-01-02 02:42:04.743]  My Bot v6.5.2.r2602 (MEmu_4) Powered by MyBot.run ~
L [2017-01-02 02:42:04.752] MyBot.run.exe Executable running on WIN_10  X64
L [2017-01-02 02:42:04.753] =================== Bot Start ====================
L [2017-01-02 02:42:04.754] ------------------------  Current Profile: Demo -------------------------
L [2017-01-02 02:42:04.755] Trying to locate Main Screen
D [2017-01-02 02:42:04.990] GetVillageSize measured: 475.166240641479, Zoom factor: 1.00330110242583, Offset: -3, 0
L [2017-01-02 02:42:04.992] Main Screen Located
D [2017-01-02 02:42:05.163] GetVillageSize measured: 475.00837207033, Zoom factor: 1.00296776706249, Offset: -2, 1
D [2017-01-02 02:42:05.163] Center Village by: -2, 1
D [2017-01-02 02:42:06.795] GetVillageSize measured: 475.166240641479, Zoom factor: 1.00330110242583, Offset: -3, 0
D [2017-01-02 02:42:06.799] Centered Village Offset: -3, 0, change: -1, -1
L [2017-01-02 02:42:07.813] Detecting your Buildings..
L [2017-01-02 02:42:08.815] Detecting your Village Theme
L [2017-01-02 02:42:09.087] Snow Theme detected
L [2017-01-02 02:42:10.281] Language setting is English: Correct.
L [2017-01-02 02:42:11.283] Trying to locate Main Screen
D [2017-01-02 02:42:11.511] GetVillageSize measured: 475.166240641479, Zoom factor: 1.00330110242583, Offset: -3, 0
L [2017-01-02 02:42:11.521] Main Screen Located
L [2017-01-02 02:42:13.676] Total Army Camp capacity: 200/200 (100%)
D [2017-01-02 02:42:14.355] MEmu time lag is 0 sec/min (avg for 124 sec)
L [2017-01-02 02:42:14.869] Halt Attack, Stay Online/Collect/Donate...
D [2017-01-02 02:42:16.393] GetVillageSize measured: 475.166240641479, Zoom factor: 1.00330110242583, Offset: -3, 0
L [2017-01-02 02:42:17.110] Village Report
L [2017-01-02 02:42:17.195]  [T]: 1 832
L [2017-01-02 02:42:17.291]  [G]: 2 878 794 [E]: 4 743 044 [D]: 50 676 [GEM]: 816
D [2017-01-02 02:42:18.026] GetVillageSize measured: 475.166240641479, Zoom factor: 1.00330110242583, Offset: -3, 0
D [2017-01-02 02:42:18.029] _RunFunction: Collect BEGIN
L [2017-01-02 02:42:18.818] Collecting Resources
D [2017-01-02 02:42:19.343] API: $hWind=0x00901BCE,$iMsg=49694,$wParam=0x00000000,$lParam=0x00CE2E5C
D [2017-01-02 02:42:23.258] GetVillageSize cannot find stone
L [2017-01-02 02:42:23.259] Zooming Out
D [2017-01-02 02:42:25.097] GetVillageSize measured: 475.00837207033, Zoom factor: 1.00296776706249, Offset: -2, 1
D [2017-01-02 02:42:26.098] Center Village by: -2, 1
D [2017-01-02 02:42:27.717] GetVillageSize measured: 475.166240641479, Zoom factor: 1.00330110242583, Offset: -3, 0
D [2017-01-02 02:42:28.719] Centered Village Offset: -3, 0, change: -1, -1
L [2017-01-02 02:42:28.722] Searching for a Loot Cart..
D [2017-01-02 02:42:28.791] AdbScreencap: 58/65/68 ms (all/10/1),63,0,l=0,t=0,w=860,h=732, A2BA763506CC16E10C4692E772606E9BFF19DBDD: w=860,h=732,f=1
L [2017-01-02 02:42:29.237] No Loot Cart found, Yard is clean!
D [2017-01-02 02:42:30.959] _RunFunction: Collect END
D [2017-01-02 02:42:30.959] _RunFunction: CleanYard BEGIN
D [2017-01-02 02:42:30.960] _RunFunction: CleanYard END
D [2017-01-02 02:42:30.960] _RunFunction: CheckTombs BEGIN
D [2017-01-02 02:42:31.162] _RunFunction: CheckTombs END
D [2017-01-02 02:42:31.163] _RunFunction: ReArm BEGIN
D [2017-01-02 02:42:31.363] _RunFunction: ReArm END
L [2017-01-02 02:42:31.365] Waiting, Add random delay of 50 seconds.
D [2017-01-02 02:42:34.396] API: $hWind=0x00901BCE,$iMsg=49694,$wParam=0x00000000,$lParam=0x00CE2E5C
D [2017-01-02 02:42:49.411] API: $hWind=0x00901BCE,$iMsg=49694,$wParam=0x00000000,$lParam=0x00CE2E5C
D [2017-01-02 02:43:04.461] API: $hWind=0x00901BCE,$iMsg=49694,$wParam=0x00000000,$lParam=0x00CE2E5C
D [2017-01-02 02:43:19.496] API: $hWind=0x00901BCE,$iMsg=49694,$wParam=0x00000000,$lParam=0x00CE2E5C
D [2017-01-02 02:43:21.415] _RunFunction: BoostQueen BEGIN
D [2017-01-02 02:43:21.415] _RunFunction: BoostQueen END
D [2017-01-02 02:43:21.426] MEmu time lag is 0 sec/min (avg for 67 sec)
D [2017-01-02 02:43:21.427] _RunFunction: BoostWarden BEGIN
D [2017-01-02 02:43:21.427] _RunFunction: BoostWarden END
D [2017-01-02 02:43:21.427] _RunFunction: RequestCC BEGIN
D [2017-01-02 02:43:23.261] GetVillageSize measured: 475.166240641479, Zoom factor: 1.00330110242583, Offset: -3, 0
D [2017-01-02 02:43:23.272] _RunFunction: RequestCC END
D [2017-01-02 02:43:23.272] _RunFunction: BoostBarracks BEGIN
D [2017-01-02 02:43:23.273] _RunFunction: BoostBarracks END
D [2017-01-02 02:43:23.273] _RunFunction: ReplayShare BEGIN
D [2017-01-02 02:43:23.474] _RunFunction: ReplayShare END
D [2017-01-02 02:43:23.475] _RunFunction: BoostKing BEGIN
D [2017-01-02 02:43:23.475] _RunFunction: BoostKing END
D [2017-01-02 02:43:23.476] _RunFunction: DonateCC,Train BEGIN
L [2017-01-02 02:43:23.556] Checking for Donate Requests in Clan Chat
L [2017-01-02 02:43:25.330] Using OCR to read Latin derived alphabets..
L [2017-01-02 02:43:26.168] Chat Request: Dragao Terremoto
L [2017-01-02 02:43:26.264] Chat Troops: 20/25, Spells: 1/1
L [2017-01-02 02:43:26.265] Getting total Spells Available To be ready for Donation...
L [2017-01-02 02:43:28.323]  - 3 Lightning Spells Brewed
L [2017-01-02 02:43:28.324]  - 1 Poison Spell Brewed
L [2017-01-02 02:43:29.349] Total DElixir Spells Available and can be donated : 1
L [2017-01-02 02:43:30.785] Clan Castle spells are full, skip spell donation...
L [2017-01-02 02:43:32.488] Dragon Keyword found: drag
L [2017-01-02 02:43:32.489] Sorry Chief! Dragons don't fit in the remaining space!
D [2017-01-02 02:43:34.502] API: $hWind=0x00901BCE,$iMsg=49694,$wParam=0x00000000,$lParam=0x00CE2E5C
D [2017-01-02 02:43:35.129] GetVillageSize measured: 475.166240641479, Zoom factor: 1.00330110242583, Offset: -3, 0
L [2017-01-02 02:43:36.917]  - Army Window Opened!
L [2017-01-02 02:43:38.508] Total Army Camp capacity: 200/200 (100%)
L [2017-01-02 02:43:38.691]  - Barbarian King available
L [2017-01-02 02:43:38.869] Total Spell(s) Capacity: 7/7
L [2017-01-02 02:43:39.484] - Castle full/no clan.
L [2017-01-02 02:43:39.652]  - Army Camp: 200/200
L [2017-01-02 02:43:39.653]  - Spells: 7/7
L [2017-01-02 02:43:39.653]  - Clan Castle: 25/25
L [2017-01-02 02:43:39.654] Chief, are your Army ready for battle? Yes, they are!
L [2017-01-02 02:43:39.655] You are in halt attack mode and your Army is prepared!
D [2017-01-02 02:43:40.657] _RunFunction: DonateCC,Train END
D [2017-01-02 02:43:40.657] _RunFunction: BoostSpellFactory BEGIN
D [2017-01-02 02:43:40.658] _RunFunction: BoostSpellFactory END
D [2017-01-02 02:43:40.658] _RunFunction: NotifyReport BEGIN
D [2017-01-02 02:43:42.332] checkObstacles: Found gray Window to close
L [2017-01-02 02:43:43.344] Waiting for Main Screen
D [2017-01-02 02:43:43.574] GetVillageSize measured: 475.166240641479, Zoom factor: 1.00330110242583, Offset: -3, 0
D [2017-01-02 02:43:43.786] _RunFunction: NotifyReport END
D [2017-01-02 02:43:43.786] _RunFunction: UpgradeHeroes BEGIN
D [2017-01-02 02:43:43.988] _RunFunction: UpgradeHeroes END
D [2017-01-02 02:43:43.988] _RunFunction: Laboratory BEGIN
D [2017-01-02 02:43:44.412] GetVillageSize measured: 475.166240641479, Zoom factor: 1.00330110242583, Offset: -3, 0
D [2017-01-02 02:43:44.415] _RunFunction: Laboratory END
D [2017-01-02 02:43:44.416] _RunFunction: UpgradeBuilding BEGIN
D [2017-01-02 02:43:44.617] _RunFunction: UpgradeBuilding END
D [2017-01-02 02:43:45.341] GetVillageSize measured: 475.166240641479, Zoom factor: 1.00330110242583, Offset: -3, 0
L [2017-01-02 02:43:46.747] Trying to locate Main Screen
D [2017-01-02 02:43:46.974] GetVillageSize measured: 475.166240641479, Zoom factor: 1.00330110242583, Offset: -3, 0
L [2017-01-02 02:43:46.976] Main Screen Located
L [2017-01-02 02:43:49.091] Total Army Camp capacity: 200/200 (100%)
D [2017-01-02 02:43:49.472] API: $hWind=0x00901BCE,$iMsg=49694,$wParam=0x00000000,$lParam=0x00CE2E5C
L [2017-01-02 02:43:50.242] Halt Attack, Stay Online/Collect/Donate...
D [2017-01-02 02:43:51.764] GetVillageSize measured: 475.166240641479, Zoom factor: 1.00330110242583, Offset: -3, 0
L [2017-01-02 02:43:52.483] Village Report
L [2017-01-02 02:43:52.568]  [T]: 1 832
L [2017-01-02 02:43:52.664]  [G]: 2 882 174 [E]: 4 746 424 [D]: 50 676 [GEM]: 816
D [2017-01-02 02:43:53.392] GetVillageSize measured: 475.166240641479, Zoom factor: 1.00330110242583, Offset: -3, 0
D [2017-01-02 02:43:53.396] _RunFunction: ReArm BEGIN
D [2017-01-02 02:43:53.598] _RunFunction: ReArm END
D [2017-01-02 02:43:53.599] _RunFunction: CheckTombs BEGIN
D [2017-01-02 02:43:53.800] _RunFunction: CheckTombs END
D [2017-01-02 02:43:53.800] _RunFunction: CleanYard BEGIN
D [2017-01-02 02:43:53.800] _RunFunction: CleanYard END
D [2017-01-02 02:43:53.801] _RunFunction: Collect BEGIN
L [2017-01-02 02:43:54.574] Collecting Resources
D [2017-01-02 02:43:56.413] GetVillageSize measured: 475.166240641479, Zoom factor: 1.00330110242583, Offset: -3, 0
L [2017-01-02 02:43:56.418] Searching for a Loot Cart..
L [2017-01-02 02:43:56.877] No Loot Cart found, Yard is clean!
D [2017-01-02 02:43:58.568] _RunFunction: Collect END
L [2017-01-02 02:43:58.569] Waiting, Add random delay of 27 seconds.
D [2017-01-02 02:44:04.521] API: $hWind=0x00901BCE,$iMsg=49694,$wParam=0x00000000,$lParam=0x00CE2E5C
D [2017-01-02 02:44:19.530] API: $hWind=0x00901BCE,$iMsg=49694,$wParam=0x00000000,$lParam=0x00CE2E5C
D [2017-01-02 02:44:25.578] _RunFunction: BoostWarden BEGIN
D [2017-01-02 02:44:25.578] _RunFunction: BoostWarden END
D [2017-01-02 02:44:25.590] MEmu time lag is 0 sec/min (avg for 64 sec)
D [2017-01-02 02:44:25.590] _RunFunction: RequestCC BEGIN
D [2017-01-02 02:44:26.816] GetVillageSize measured: 475.166240641479, Zoom factor: 1.00330110242583, Offset: -3, 0
D [2017-01-02 02:44:26.820] _RunFunction: RequestCC END
D [2017-01-02 02:44:26.821] _RunFunction: BoostQueen BEGIN
D [2017-01-02 02:44:26.821] _RunFunction: BoostQueen END
D [2017-01-02 02:44:26.822] _RunFunction: DonateCC,Train BEGIN
L [2017-01-02 02:44:26.836] Checking for Donate Requests in Clan Chat
L [2017-01-02 02:44:28.619] Using OCR to read Latin derived alphabets..
L [2017-01-02 02:44:29.444] Chat Request: Dragao Terremoto
L [2017-01-02 02:44:29.524] Chat Troops: 20/25, Spells: 1/1
L [2017-01-02 02:44:29.525] Clan Castle spells are full, skip spell donation...
L [2017-01-02 02:44:31.244] Dragon Keyword found: drag
L [2017-01-02 02:44:31.245] Sorry Chief! Dragons don't fit in the remaining space!
D [2017-01-02 02:44:33.866] GetVillageSize measured: 475.166240641479, Zoom factor: 1.00330110242583, Offset: -3, 0
D [2017-01-02 02:44:34.544] API: $hWind=0x00901BCE,$iMsg=49694,$wParam=0x00000000,$lParam=0x00CE2E5C
L [2017-01-02 02:44:35.838]  - Army Window Opened!
L [2017-01-02 02:44:37.393] Total Army Camp capacity: 200/200 (100%)
D [2017-01-02 02:44:37.471] AdbScreencap: 58/60/56 ms (all/10/1),52,0,l=811,t=126,w=2,h=2, A2BA763506CC16E10C4692E772606E9BFF19DBDD: w=860,h=732,f=1
L [2017-01-02 02:44:37.573]  - Barbarian King available
L [2017-01-02 02:44:37.758] Total Spell(s) Capacity: 7/7
L [2017-01-02 02:44:38.297] - Castle full/no clan.
L [2017-01-02 02:44:38.458]  - Army Camp: 200/200
L [2017-01-02 02:44:38.469]  - Spells: 7/7
L [2017-01-02 02:44:38.469]  - Clan Castle: 25/25
L [2017-01-02 02:44:38.470] Chief, are your Army ready for battle? Yes, they are!
L [2017-01-02 02:44:38.472] You are in halt attack mode and your Army is prepared!
D [2017-01-02 02:44:39.473] _RunFunction: DonateCC,Train END
D [2017-01-02 02:44:39.474] _RunFunction: BoostBarracks BEGIN
D [2017-01-02 02:44:39.474] _RunFunction: BoostBarracks END
D [2017-01-02 02:44:39.474] _RunFunction: BoostSpellFactory BEGIN
D [2017-01-02 02:44:39.475] _RunFunction: BoostSpellFactory END
D [2017-01-02 02:44:39.475] _RunFunction: BoostKing BEGIN
D [2017-01-02 02:44:39.476] _RunFunction: BoostKing END
D [2017-01-02 02:44:39.476] _RunFunction: NotifyReport BEGIN
D [2017-01-02 02:44:41.149] checkObstacles: Found gray Window to close
L [2017-01-02 02:44:42.161] Waiting for Main Screen
D [2017-01-02 02:44:42.405] GetVillageSize measured: 475.166240641479, Zoom factor: 1.00330110242583, Offset: -3, 0
D [2017-01-02 02:44:42.610] _RunFunction: NotifyReport END
D [2017-01-02 02:44:42.610] _RunFunction: ReplayShare BEGIN
D [2017-01-02 02:44:42.811] _RunFunction: ReplayShare END
D [2017-01-02 02:44:42.811] _RunFunction: UpgradeHeroes BEGIN
D [2017-01-02 02:44:43.013] _RunFunction: UpgradeHeroes END
D [2017-01-02 02:44:43.014] _RunFunction: UpgradeBuilding BEGIN
D [2017-01-02 02:44:43.215] _RunFunction: UpgradeBuilding END
D [2017-01-02 02:44:43.218] _RunFunction: Laboratory BEGIN
D [2017-01-02 02:44:43.673] GetVillageSize measured: 475.166240641479, Zoom factor: 1.00330110242583, Offset: -3, 0
D [2017-01-02 02:44:43.677] _RunFunction: Laboratory END
D [2017-01-02 02:44:44.391] GetVillageSize measured: 475.166240641479, Zoom factor: 1.00330110242583, Offset: -3, 0
L [2017-01-02 02:44:45.800] Trying to locate Main Screen
D [2017-01-02 02:44:46.026] GetVillageSize measured: 475.166240641479, Zoom factor: 1.00330110242583, Offset: -3, 0
L [2017-01-02 02:44:46.036] Main Screen Located
L [2017-01-02 02:44:48.180] Total Army Camp capacity: 200/200 (100%)
L [2017-01-02 02:44:49.340] Halt Attack, Stay Online/Collect/Donate...
D [2017-01-02 02:44:49.652] API: $hWind=0x00901BCE,$iMsg=49694,$wParam=0x00000000,$lParam=0x00CE2E5C
D [2017-01-02 02:44:50.854] GetVillageSize measured: 475.166240641479, Zoom factor: 1.00330110242583, Offset: -3, 0
L [2017-01-02 02:44:51.571] Village Report
L [2017-01-02 02:44:51.665]  [T]: 1 832
L [2017-01-02 02:44:51.758]  [G]: 2 882 174 [E]: 4 746 424 [D]: 50 678 [GEM]: 816
D [2017-01-02 02:44:52.484] GetVillageSize measured: 475.166240641479, Zoom factor: 1.00330110242583, Offset: -3, 0
D [2017-01-02 02:44:52.488] _RunFunction: CleanYard BEGIN
D [2017-01-02 02:44:52.488] _RunFunction: CleanYard END
D [2017-01-02 02:44:52.489] _RunFunction: Collect BEGIN
L [2017-01-02 02:44:53.185] Collecting Resources
D [2017-01-02 02:44:54.381] GetVillageSize measured: 475.166240641479, Zoom factor: 1.00330110242583, Offset: -3, 0
L [2017-01-02 02:44:54.396] Searching for a Loot Cart..
L [2017-01-02 02:44:54.854] No Loot Cart found, Yard is clean!
D [2017-01-02 02:44:56.546] _RunFunction: Collect END
D [2017-01-02 02:44:56.547] _RunFunction: CheckTombs BEGIN
D [2017-01-02 02:44:56.747] _RunFunction: CheckTombs END
D [2017-01-02 02:44:56.748] _RunFunction: ReArm BEGIN
D [2017-01-02 02:44:56.949] _RunFunction: ReArm END
L [2017-01-02 02:44:56.950] Waiting, Add random delay of 31 seconds.
D [2017-01-02 02:45:04.590] API: $hWind=0x00901BCE,$iMsg=49694,$wParam=0x00000000,$lParam=0x00CE2E5C
D [2017-01-02 02:45:19.663] API: $hWind=0x00901BCE,$iMsg=49694,$wParam=0x00000000,$lParam=0x00CE2E5C
D [2017-01-02 02:45:28.030] _RunFunction: BoostBarracks BEGIN
D [2017-01-02 02:45:28.031] _RunFunction: BoostBarracks END
D [2017-01-02 02:45:28.042] MEmu time lag is 0 sec/min (avg for 62 sec)
D [2017-01-02 02:45:28.042] _RunFunction: BoostWarden BEGIN
D [2017-01-02 02:45:28.042] _RunFunction: BoostWarden END
D [2017-01-02 02:45:28.043] _RunFunction: NotifyReport BEGIN
D [2017-01-02 02:45:28.768] GetVillageSize measured: 475.166240641479, Zoom factor: 1.00330110242583, Offset: -3, 0
D [2017-01-02 02:45:28.972] _RunFunction: NotifyReport END
D [2017-01-02 02:45:28.973] _RunFunction: BoostSpellFactory BEGIN
D [2017-01-02 02:45:28.973] _RunFunction: BoostSpellFactory END
D [2017-01-02 02:45:28.974] _RunFunction: DonateCC,Train BEGIN
L [2017-01-02 02:45:29.052] Checking for Donate Requests in Clan Chat
L [2017-01-02 02:45:30.831] Using OCR to read Latin derived alphabets..
L [2017-01-02 02:45:31.664] Chat Request: Dragao Terremoto
L [2017-01-02 02:45:31.730] Chat Troops: 20/25, Spells: 1/1
L [2017-01-02 02:45:31.731] Clan Castle spells are full, skip spell donation...
L [2017-01-02 02:45:33.458] Dragon Keyword found: drag
L [2017-01-02 02:45:33.459] Sorry Chief! Dragons don't fit in the remaining space!
D [2017-01-02 02:45:34.705] API: $hWind=0x00901BCE,$iMsg=49694,$wParam=0x00000000,$lParam=0x00CE2E5C
D [2017-01-02 02:45:36.078] GetVillageSize measured: 475.166240641479, Zoom factor: 1.00330110242583, Offset: -3, 0
L [2017-01-02 02:45:37.865]  - Army Window Opened!
L [2017-01-02 02:45:39.449] Total Army Camp capacity: 200/200 (100%)
L [2017-01-02 02:45:39.638]  - Barbarian King available
L [2017-01-02 02:45:39.815] Total Spell(s) Capacity: 7/7
L [2017-01-02 02:45:40.432] - Castle full/no clan.
L [2017-01-02 02:45:40.591]  - Army Camp: 200/200
L [2017-01-02 02:45:40.592]  - Spells: 7/7
L [2017-01-02 02:45:40.593]  - Clan Castle: 25/25
L [2017-01-02 02:45:40.594] Chief, are your Army ready for battle? Yes, they are!
L [2017-01-02 02:45:40.594] You are in halt attack mode and your Army is prepared!
D [2017-01-02 02:45:41.596] _RunFunction: DonateCC,Train END
D [2017-01-02 02:45:41.596] _RunFunction: RequestCC BEGIN
D [2017-01-02 02:45:43.758] checkObstacles: Found gray Window to close
L [2017-01-02 02:45:44.856] Waiting for Main Screen
D [2017-01-02 02:45:45.120] GetVillageSize measured: 475.166240641479, Zoom factor: 1.00330110242583, Offset: -3, 0
D [2017-01-02 02:45:45.125] _RunFunction: RequestCC END
D [2017-01-02 02:45:45.125] _RunFunction: BoostKing BEGIN
D [2017-01-02 02:45:45.126] _RunFunction: BoostKing END
D [2017-01-02 02:45:45.126] _RunFunction: BoostQueen BEGIN
D [2017-01-02 02:45:45.127] _RunFunction: BoostQueen END
D [2017-01-02 02:45:45.127] _RunFunction: ReplayShare BEGIN
D [2017-01-02 02:45:45.328] _RunFunction: ReplayShare END
D [2017-01-02 02:45:45.328] _RunFunction: UpgradeHeroes BEGIN
D [2017-01-02 02:45:45.530] _RunFunction: UpgradeHeroes END
D [2017-01-02 02:45:45.530] _RunFunction: UpgradeBuilding BEGIN
D [2017-01-02 02:45:45.731] _RunFunction: UpgradeBuilding END
D [2017-01-02 02:45:45.732] _RunFunction: Laboratory BEGIN
D [2017-01-02 02:45:46.149] GetVillageSize measured: 475.166240641479, Zoom factor: 1.00330110242583, Offset: -3, 0
D [2017-01-02 02:45:46.152] _RunFunction: Laboratory END
D [2017-01-02 02:45:46.919] GetVillageSize measured: 475.166240641479, Zoom factor: 1.00330110242583, Offset: -3, 0
L [2017-01-02 02:45:48.326] Trying to locate Main Screen
D [2017-01-02 02:45:48.560] GetVillageSize measured: 475.166240641479, Zoom factor: 1.00330110242583, Offset: -3, 0
L [2017-01-02 02:45:48.562] Main Screen Located
D [2017-01-02 02:45:49.664] API: $hWind=0x00901BCE,$iMsg=49694,$wParam=0x00000000,$lParam=0x00CE2E5C
L [2017-01-02 02:45:50.665] Total Army Camp capacity: 200/200 (100%)
L [2017-01-02 02:45:51.825] Halt Attack, Stay Online/Collect/Donate...
D [2017-01-02 02:45:53.351] GetVillageSize measured: 475.00837207033, Zoom factor: 1.00296776706249, Offset: -2, 1
D [2017-01-02 02:45:53.351] Center Village by: -2, 1
D [2017-01-02 02:45:54.979] GetVillageSize measured: 475.166240641479, Zoom factor: 1.00330110242583, Offset: -3, 0
D [2017-01-02 02:45:54.981] Centered Village Offset: -3, 0, change: -1, -1
L [2017-01-02 02:45:55.696] Village Report
L [2017-01-02 02:45:55.781]  [T]: 1 832
L [2017-01-02 02:45:55.877]  [G]: 2 882 174 [E]: 4 746 424 [D]: 50 678 [GEM]: 816
D [2017-01-02 02:45:56.602] GetVillageSize measured: 475.166240641479, Zoom factor: 1.00330110242583, Offset: -3, 0
D [2017-01-02 02:45:56.606] _RunFunction: CleanYard BEGIN
D [2017-01-02 02:45:56.606] _RunFunction: CleanYard END
D [2017-01-02 02:45:56.606] _RunFunction: ReArm BEGIN
D [2017-01-02 02:45:56.807] _RunFunction: ReArm END
D [2017-01-02 02:45:56.808] _RunFunction: Collect BEGIN
L [2017-01-02 02:45:57.568] Collecting Resources
D [2017-01-02 02:45:59.387] GetVillageSize measured: 475.166240641479, Zoom factor: 1.00330110242583, Offset: -3, 0
L [2017-01-02 02:45:59.391] Searching for a Loot Cart..
L [2017-01-02 02:45:59.847] No Loot Cart found, Yard is clean!
D [2017-01-02 02:46:01.531] _RunFunction: Collect END
D [2017-01-02 02:46:01.532] _RunFunction: CheckTombs BEGIN
D [2017-01-02 02:46:01.733] _RunFunction: CheckTombs END
L [2017-01-02 02:46:01.734] Waiting, Add random delay of 23 seconds.
D [2017-01-02 02:46:04.663] API: $hWind=0x00901BCE,$iMsg=49694,$wParam=0x00000000,$lParam=0x00CE2E5C
D [2017-01-02 02:46:19.678] API: $hWind=0x00901BCE,$iMsg=49694,$wParam=0x00000000,$lParam=0x00CE2E5C
D [2017-01-02 02:46:24.820] _RunFunction: BoostSpellFactory BEGIN
D [2017-01-02 02:46:24.820] _RunFunction: BoostSpellFactory END
D [2017-01-02 02:46:24.821] _RunFunction: DonateCC,Train BEGIN
L [2017-01-02 02:46:24.889] Checking for Donate Requests in Clan Chat
D [2017-01-02 02:46:26.313] AdbScreencap: 58/53/55 ms (all/10/1),52,0,l=293,t=98,w=2,h=15, A2BA763506CC16E10C4692E772606E9BFF19DBDD: w=860,h=732,f=1
L [2017-01-02 02:46:26.646] Using OCR to read Latin derived alphabets..
L [2017-01-02 02:46:27.480] Chat Request: Dragao Terremoto
L [2017-01-02 02:46:27.546] Chat Troops: 20/25, Spells: 1/1
L [2017-01-02 02:46:27.547] Clan Castle spells are full, skip spell donation...
L [2017-01-02 02:46:29.292] Dragon Keyword found: drag
L [2017-01-02 02:46:29.292] Sorry Chief! Dragons don't fit in the remaining space!
D [2017-01-02 02:46:31.983] GetVillageSize measured: 475.166240641479, Zoom factor: 1.00330110242583, Offset: -3, 0
L [2017-01-02 02:46:33.813]  - Army Window Opened!
D [2017-01-02 02:46:34.747] API: $hWind=0x00901BCE,$iMsg=49694,$wParam=0x00000000,$lParam=0x00CE2E5C
L [2017-01-02 02:46:35.387] Total Army Camp capacity: 200/200 (100%)
L [2017-01-02 02:46:35.563]  - Barbarian King available
L [2017-01-02 02:46:35.739] Total Spell(s) Capacity: 7/7
L [2017-01-02 02:46:36.315] - Castle full/no clan.
L [2017-01-02 02:46:36.480]  - Army Camp: 200/200
L [2017-01-02 02:46:36.490]  - Spells: 7/7
L [2017-01-02 02:46:36.490]  - Clan Castle: 25/25
L [2017-01-02 02:46:36.491] Chief, are your Army ready for battle? Yes, they are!
L [2017-01-02 02:46:36.492] You are in halt attack mode and your Army is prepared!
D [2017-01-02 02:46:37.493] _RunFunction: DonateCC,Train END
D [2017-01-02 02:46:37.515] MEmu time lag is 0 sec/min (avg for 69 sec)
D [2017-01-02 02:46:37.516] _RunFunction: BoostWarden BEGIN
D [2017-01-02 02:46:37.516] _RunFunction: BoostWarden END
D [2017-01-02 02:46:37.516] _RunFunction: RequestCC BEGIN
D [2017-01-02 02:46:39.718] checkObstacles: Found gray Window to close
L [2017-01-02 02:46:40.731] Waiting for Main Screen
D [2017-01-02 02:46:40.964] GetVillageSize measured: 475.166240641479, Zoom factor: 1.00330110242583, Offset: -3, 0
D [2017-01-02 02:46:40.977] _RunFunction: RequestCC END
D [2017-01-02 02:46:40.977] _RunFunction: NotifyReport BEGIN
D [2017-01-02 02:46:41.703] GetVillageSize measured: 475.166240641479, Zoom factor: 1.00330110242583, Offset: -3, 0
D [2017-01-02 02:46:41.909] _RunFunction: NotifyReport END
D [2017-01-02 02:46:41.909] _RunFunction: BoostQueen BEGIN
D [2017-01-02 02:46:41.909] _RunFunction: BoostQueen END
D [2017-01-02 02:46:41.910] _RunFunction: BoostBarracks BEGIN
D [2017-01-02 02:46:41.910] _RunFunction: BoostBarracks END
D [2017-01-02 02:46:41.911] _RunFunction: BoostKing BEGIN
D [2017-01-02 02:46:41.911] _RunFunction: BoostKing END
D [2017-01-02 02:46:41.912] _RunFunction: ReplayShare BEGIN
D [2017-01-02 02:46:42.113] _RunFunction: ReplayShare END
D [2017-01-02 02:46:42.114] _RunFunction: UpgradeHeroes BEGIN
D [2017-01-02 02:46:42.316] _RunFunction: UpgradeHeroes END
D [2017-01-02 02:46:42.317] _RunFunction: UpgradeBuilding BEGIN
D [2017-01-02 02:46:42.518] _RunFunction: UpgradeBuilding END
D [2017-01-02 02:46:42.519] _RunFunction: Laboratory BEGIN
D [2017-01-02 02:46:42.983] GetVillageSize measured: 475.166240641479, Zoom factor: 1.00330110242583, Offset: -3, 0
D [2017-01-02 02:46:42.987] _RunFunction: Laboratory END
D [2017-01-02 02:46:43.706] GetVillageSize measured: 475.166240641479, Zoom factor: 1.00330110242583, Offset: -3, 0
L [2017-01-02 02:46:45.114] Trying to locate Main Screen
D [2017-01-02 02:46:45.351] GetVillageSize measured: 475.166240641479, Zoom factor: 1.00330110242583, Offset: -3, 0
L [2017-01-02 02:46:45.363] Main Screen Located
L [2017-01-02 02:46:47.476] Total Army Camp capacity: 200/200 (100%)
L [2017-01-02 02:46:48.666] Halt Attack, Stay Online/Collect/Donate...
D [2017-01-02 02:46:49.781] API: $hWind=0x00901BCE,$iMsg=49694,$wParam=0x00000000,$lParam=0x00CE2E5C
D [2017-01-02 02:46:50.180] GetVillageSize measured: 475.166240641479, Zoom factor: 1.00330110242583, Offset: -3, 0
L [2017-01-02 02:46:50.898] Village Report
L [2017-01-02 02:46:50.983]  [T]: 1 832
L [2017-01-02 02:46:51.082]  [G]: 2 882 174 [E]: 4 746 424 [D]: 50 680 [GEM]: 816
D [2017-01-02 02:46:51.800] GetVillageSize measured: 475.166240641479, Zoom factor: 1.00330110242583, Offset: -3, 0
D [2017-01-02 02:46:51.804] _RunFunction: Collect BEGIN
L [2017-01-02 02:46:52.501] Collecting Resources
D [2017-01-02 02:46:54.009] GetVillageSize measured: 475.166240641479, Zoom factor: 1.00330110242583, Offset: -3, 0
L [2017-01-02 02:46:54.014] Searching for a Loot Cart..
L [2017-01-02 02:46:54.475] No Loot Cart found, Yard is clean!
D [2017-01-02 02:46:56.179] _RunFunction: Collect END
D [2017-01-02 02:46:56.180] _RunFunction: CleanYard BEGIN
D [2017-01-02 02:46:56.181] _RunFunction: CleanYard END
D [2017-01-02 02:46:56.181] _RunFunction: ReArm BEGIN
D [2017-01-02 02:46:56.384] _RunFunction: ReArm END
D [2017-01-02 02:46:56.385] _RunFunction: CheckTombs BEGIN
D [2017-01-02 02:46:56.586] _RunFunction: CheckTombs END
L [2017-01-02 02:46:56.586] Waiting, Add random delay of 60 seconds.
D [2017-01-02 02:47:04.757] API: $hWind=0x00901BCE,$iMsg=49694,$wParam=0x00000000,$lParam=0x00CE2E5C
D [2017-01-02 02:47:14.785] Enable GUI Controls
D [2017-01-02 02:47:16.385] Redraw MyBot Window
L [2017-01-02 02:47:16.672] ==================== Bot Stop ====================
