D [2017-01-02 15:01:20.168] GUIControl_WM_NCACTIVATE: Deactivate Bot
D [2017-01-02 15:01:27.518] API: $hWind=0x00901BCE,$iMsg=49694,$wParam=0x00000000,$lParam=0x000A2214
D [2017-01-02 15:01:42.511] API: $hWind=0x00901BCE,$iMsg=49694,$wParam=0x00000000,$lParam=0x000A2214
D [2017-01-02 15:01:57.507] API: $hWind=0x00901BCE,$iMsg=49694,$wParam=0x00000000,$lParam=0x000A2214
D [2017-01-02 15:02:12.509] API: $hWind=0x00901BCE,$iMsg=49694,$wParam=0x00000000,$lParam=0x000A2214
D [2017-01-02 15:02:27.504] API: $hWind=0x00901BCE,$iMsg=49694,$wParam=0x00000000,$lParam=0x000A2214
D [2017-01-02 15:02:42.603] API: $hWind=0x00901BCE,$iMsg=49694,$wParam=0x00000000,$lParam=0x000A2214
D [2017-01-02 15:02:57.603] API: $hWind=0x00901BCE,$iMsg=49694,$wParam=0x00000000,$lParam=0x000A2214
D [2017-01-02 15:03:12.608] API: $hWind=0x00901BCE,$iMsg=49694,$wParam=0x00000000,$lParam=0x000A2214
D [2017-01-02 15:03:27.606] API: $hWind=0x00901BCE,$iMsg=49694,$wParam=0x00000000,$lParam=0x000A2214
D [2017-01-02 15:03:42.602] API: $hWind=0x00901BCE,$iMsg=49694,$wParam=0x00000000,$lParam=0x000A2214
D [2017-01-02 15:03:57.601] API: $hWind=0x00901BCE,$iMsg=49694,$wParam=0x00000000,$lParam=0x000A2214
D [2017-01-02 15:04:12.598] API: $hWind=0x00901BCE,$iMsg=49694,$wParam=0x00000000,$lParam=0x000A2214
D [2017-01-02 15:04:27.698] API: $hWind=0x00901BCE,$iMsg=49694,$wParam=0x00000000,$lParam=0x000A2214
D [2017-01-02 15:04:42.693] API: $hWind=0x00901BCE,$iMsg=49694,$wParam=0x00000000,$lParam=0x000A2214
D [2017-01-02 15:04:57.691] API: $hWind=0x00901BCE,$iMsg=49694,$wParam=0x00000000,$lParam=0x000A2214
D [2017-01-02 15:05:12.786] API: $hWind=0x00901BCE,$iMsg=49694,$wParam=0x00000000,$lParam=0x000A2214
D [2017-01-02 15:05:14.620] Restore bot window to 3364, 269, caller: GUIControl_WM_NCACTIVATE
D [2017-01-02 15:05:14.664] GUIControl_WM_NCACTIVATE: Activate Bot
L [2017-01-02 15:05:14.739] Closing My Bot v6.5.2.r2602 (MEmu_4), please wait ...
L [2017-01-02 15:05:14.844] Closing My Bot v6.5.2.r2602 (MEmu_4) now ...
D [2017-01-02 15:05:15.090] Save Config C:\CDR\MyBot6_5x\Profiles\Demo\config.ini
D [2017-01-02 15:05:16.939] GUIControl_WM_NCACTIVATE: Deactivate Bot
D [2017-01-02 15:05:17.264] Save Building Config C:\CDR\MyBot6_5x\Profiles\Demo\building.ini
D [2017-01-02 15:05:18.119] ADB shell not terminated, PID = 3548
D [2017-01-02 15:05:18.121] MBRfunctions.dll closed.
D [2017-01-02 15:05:18.244] Bot Host Window Handle un-registered: 0x000A2214
