D [2017-01-01 21:44:41.191] Save Config C:\CDR\MyBot6_5x\Profiles\Demo\config.ini
D [2017-01-01 21:44:43.345] Save Building Config C:\CDR\MyBot6_5x\Profiles\Demo\building.ini
D [2017-01-01 21:44:43.920] Read Building Config C:\CDR\MyBot6_5x\Profiles\Demo\building.ini
D [2017-01-01 21:44:43.933] Read Config C:\CDR\MyBot6_5x\Profiles\Demo\config.ini
D [2017-01-01 21:44:44.009] Apply Config
D [2017-01-01 21:44:44.290] GUIControl_WM_NCACTIVATE: Deactivate Bot
D [2017-01-01 21:44:44.293] Disable GUI Controls
D [2017-01-01 21:44:45.838] Redraw MyBot Window
D [2017-01-01 21:44:45.873] Android Window Handle: 0x00672DE0
D [2017-01-01 21:44:45.873] InitiateLayout: MEmu_4 Android-ClientSize: 860 x 732
D [2017-01-01 21:44:45.874] CheckScreenAndroid: Window size 908 x 770
D [2017-01-01 21:44:46.128] MEmu font_scale = 1
L [2017-01-01 21:44:46.738]  My Bot v6.5.2.r2601 (MEmu_4) Powered by MyBot.run ~
D [2017-01-01 21:44:46.743] GUIControl_WM_NCACTIVATE: Deactivate Bot
L [2017-01-01 21:44:46.746] MyBot.run.exe Executable running on WIN_10  X64
L [2017-01-01 21:44:46.747] =================== Bot Start ====================
L [2017-01-01 21:44:46.747] ------------------------  Current Profile: Demo -------------------------
L [2017-01-01 21:44:46.749] Trying to locate Main Screen
D [2017-01-01 21:44:47.001] GetVillageSize measured: 458.767355770117, Zoom factor: 0.968675285474313, Offset: 12, -10
D [2017-01-01 21:44:47.001] Center Village by: 12, -10
D [2017-01-01 21:44:48.648] GetVillageSize measured: 457.985626055893, Zoom factor: 0.967024683607016, Offset: -3, -1
D [2017-01-01 21:44:48.649] Village Offset updated to -3, -1, 0.967024683607016
D [2017-01-01 21:44:48.650] Centered Village Offset: -3, -1, change: -15, 9
L [2017-01-01 21:44:48.651] Main Screen Located
D [2017-01-01 21:44:48.821] GetVillageSize measured: 457.985626055893, Zoom factor: 0.967024683607016, Offset: -3, -1
L [2017-01-01 21:44:49.836] Detecting your Buildings..
D [2017-01-01 21:44:50.548] API: $hWind=0x0011269E,$iMsg=49694,$wParam=0x00000000,$lParam=0x004B2F0A
L [2017-01-01 21:44:50.837] Detecting your Village Theme
L [2017-01-01 21:44:51.144] Snow Theme detected
L [2017-01-01 21:44:52.344] Language setting is English: Correct.
L [2017-01-01 21:44:53.345] Trying to locate Main Screen
D [2017-01-01 21:44:53.588] GetVillageSize measured: 457.985626055893, Zoom factor: 0.967024683607016, Offset: -3, -1
L [2017-01-01 21:44:53.598] Main Screen Located
L [2017-01-01 21:44:55.781] Total Army Camp capacity: 198/200 (99%)
D [2017-01-01 21:44:56.513] MEmu time lag is 0 sec/min (avg for 489 sec)
D [2017-01-01 21:44:57.552] GetVillageSize measured: 457.985626055893, Zoom factor: 0.967024683607016, Offset: -3, -1
L [2017-01-01 21:44:58.268] Village Report
L [2017-01-01 21:44:58.362]  [T]: 1 831
L [2017-01-01 21:44:58.456]  [G]: 2 513 530 [E]: 4 782 571 [D]: 52 278 [GEM]: 816
D [2017-01-01 21:44:59.210] GetVillageSize measured: 457.985626055893, Zoom factor: 0.967024683607016, Offset: -3, -1
D [2017-01-01 21:44:59.214] _RunFunction: ReArm BEGIN
D [2017-01-01 21:44:59.416] _RunFunction: ReArm END
D [2017-01-01 21:44:59.416] _RunFunction: CleanYard BEGIN
D [2017-01-01 21:44:59.416] _RunFunction: CleanYard END
D [2017-01-01 21:44:59.417] _RunFunction: CheckTombs BEGIN
D [2017-01-01 21:44:59.618] _RunFunction: CheckTombs END
D [2017-01-01 21:44:59.618] _RunFunction: Collect BEGIN
L [2017-01-01 21:45:00.420] Collecting Resources
D [2017-01-01 21:45:01.627] GetVillageSize measured: 457.985626055893, Zoom factor: 0.967024683607016, Offset: -3, -1
L [2017-01-01 21:45:01.632] Searching for a Loot Cart..
L [2017-01-01 21:45:02.067] No Loot Cart found, Yard is clean!
D [2017-01-01 21:45:03.772] _RunFunction: Collect END
L [2017-01-01 21:45:03.773] Waiting, Add random delay of 36 seconds.
D [2017-01-01 21:45:05.593] API: $hWind=0x0011269E,$iMsg=49694,$wParam=0x00000000,$lParam=0x004B2F0A
D [2017-01-01 21:45:20.603] API: $hWind=0x0011269E,$iMsg=49694,$wParam=0x00000000,$lParam=0x004B2F0A
D [2017-01-01 21:45:35.586] API: $hWind=0x0011269E,$iMsg=49694,$wParam=0x00000000,$lParam=0x004B2F0A
D [2017-01-01 21:45:39.827] _RunFunction: RequestCC BEGIN
D [2017-01-01 21:45:41.093] GetVillageSize measured: 457.985626055893, Zoom factor: 0.967024683607016, Offset: -3, -1
D [2017-01-01 21:45:41.097] _RunFunction: RequestCC END
D [2017-01-01 21:45:41.099] _RunFunction: NotifyReport BEGIN
D [2017-01-01 21:45:41.902] GetVillageSize measured: 457.985626055893, Zoom factor: 0.967024683607016, Offset: -3, -1
D [2017-01-01 21:45:42.107] _RunFunction: NotifyReport END
D [2017-01-01 21:45:42.108] _RunFunction: BoostKing BEGIN
D [2017-01-01 21:45:42.108] _RunFunction: BoostKing END
D [2017-01-01 21:45:42.110] _RunFunction: BoostWarden BEGIN
D [2017-01-01 21:45:42.111] _RunFunction: BoostWarden END
D [2017-01-01 21:45:42.111] _RunFunction: BoostQueen BEGIN
D [2017-01-01 21:45:42.112] _RunFunction: BoostQueen END
D [2017-01-01 21:45:42.112] _RunFunction: ReplayShare BEGIN
D [2017-01-01 21:45:42.325] _RunFunction: ReplayShare END
D [2017-01-01 21:45:42.326] _RunFunction: DonateCC,Train BEGIN
L [2017-01-01 21:45:42.400] Checking for Donate Requests in Clan Chat
L [2017-01-01 21:45:44.380] Using OCR to read Latin derived alphabets..
L [2017-01-01 21:45:45.380] Chat Request: Defesa
L [2017-01-01 21:45:45.447] Chat Troops: 0/35, Spells: 1/1
L [2017-01-01 21:45:45.449] Clan Castle spells are full, skip spell donation...
D [2017-01-01 21:45:47.215] AdbScreencap: 63/76/90 ms (all/10/1),86,0,l=427,t=259,w=30,h=14, 44EC2BC49A0DEAEFE10F3160B3790E7730331FBA: w=860,h=732,f=1
L [2017-01-01 21:45:47.226] Archer Keyword found: defesa
D [2017-01-01 21:45:50.682] API: $hWind=0x0011269E,$iMsg=49694,$wParam=0x00000000,$lParam=0x004B2F0A
L [2017-01-01 21:45:53.822] Donating 6 Archers
D [2017-01-01 21:45:55.637] Restore bot window to 3364, 269, caller: GUIControl_WM_NCACTIVATE
D [2017-01-01 21:45:55.641] GUIControl_WM_NCACTIVATE: Activate Bot
L [2017-01-01 21:45:55.757] Bot was Paused!
D [2017-01-01 21:45:56.974] GUIControl_WM_NCACTIVATE: Deactivate Bot
D [2017-01-01 21:46:05.632] API: $hWind=0x0011269E,$iMsg=49694,$wParam=0x00000000,$lParam=0x004B2F0A
D [2017-01-01 21:46:20.733] API: $hWind=0x0011269E,$iMsg=49694,$wParam=0x00000000,$lParam=0x004B2F0A
D [2017-01-01 21:46:35.734] API: $hWind=0x0011269E,$iMsg=49694,$wParam=0x00000000,$lParam=0x004B2F0A
D [2017-01-01 21:46:50.727] API: $hWind=0x0011269E,$iMsg=49694,$wParam=0x00000000,$lParam=0x004B2F0A
D [2017-01-01 21:47:05.775] API: $hWind=0x0011269E,$iMsg=49694,$wParam=0x00000000,$lParam=0x004B2F0A
D [2017-01-01 21:47:20.780] API: $hWind=0x0011269E,$iMsg=49694,$wParam=0x00000000,$lParam=0x004B2F0A
D [2017-01-01 21:47:26.320] Restore bot window to 3364, 269, caller: GUIControl_WM_NCACTIVATE
D [2017-01-01 21:47:26.323] GUIControl_WM_NCACTIVATE: Activate Bot
L [2017-01-01 21:47:26.434] Bot was Resumed.
D [2017-01-01 21:47:26.914] GetVillageSize measured: 457.985626055893, Zoom factor: 0.967024683607016, Offset: -3, -1
L [2017-01-01 21:47:28.782]  - Army Window Opened!
L [2017-01-01 21:47:30.416] Total Army Camp capacity: 200/200 (100%)
D [2017-01-01 21:47:30.610] GUIControl_WM_NCACTIVATE: Deactivate Bot
L [2017-01-01 21:47:30.639]  - Barbarian King available
L [2017-01-01 21:47:30.839] Total Spell(s) Capacity: 7/7
D [2017-01-01 21:47:30.966] GUIControl_WM_NCACTIVATE: Deactivate Bot
L [2017-01-01 21:47:31.505] - Castle full/no clan.
L [2017-01-01 21:47:31.726]  - Army Camp: 200/200
L [2017-01-01 21:47:31.728]  - Spells: 7/7
L [2017-01-01 21:47:31.729]  - Clan Castle: 25/25
L [2017-01-01 21:47:31.730] Chief, are your Army ready for battle? Yes, they are!
L [2017-01-01 21:47:32.485]  - 10 Barbarians Available
L [2017-01-01 21:47:32.485]  - 115 Archers Available
L [2017-01-01 21:47:32.486]  - 15 Giants Available
L [2017-01-01 21:47:32.833]  - 3 Lightning Spells Brewed
L [2017-01-01 21:47:32.834]  - 1 Poison Spell Brewed
L [2017-01-01 21:47:32.835]  - Your Army is Full, let's make troops before Attack!
D [2017-01-01 21:47:35.731] API: $hWind=0x0011269E,$iMsg=49694,$wParam=0x00000000,$lParam=0x004B2F0A
L [2017-01-01 21:47:39.114]  - Opened the Train Troops
L [2017-01-01 21:47:39.117] Ice Wizard Troop not detected!
L [2017-01-01 21:47:43.565]  - Opened the Brew Spells
D [2017-01-01 21:47:50.788] API: $hWind=0x0011269E,$iMsg=49694,$wParam=0x00000000,$lParam=0x004B2F0A
L [2017-01-01 21:47:52.565]  - Opened the Train Troops
L [2017-01-01 21:47:52.907]  - Your army is: 200
L [2017-01-01 21:47:52.908]  - Checking: FULL Queue and Not Full Army
L [2017-01-01 21:47:54.565]  - Conditions NOT met: FULL queue and Not Full Army
L [2017-01-01 21:47:54.566]  - Checking: Empty Queue and Not Full Army
L [2017-01-01 21:47:58.423]  - Army Window Closed!
D [2017-01-01 21:48:00.167] _RunFunction: DonateCC,Train END
D [2017-01-01 21:48:00.179] MEmu time lag is 0 sec/min (avg for 183 sec)
D [2017-01-01 21:48:00.179] _RunFunction: BoostBarracks BEGIN
D [2017-01-01 21:48:00.179] _RunFunction: BoostBarracks END
D [2017-01-01 21:48:00.180] _RunFunction: BoostSpellFactory BEGIN
D [2017-01-01 21:48:00.181] _RunFunction: BoostSpellFactory END
D [2017-01-01 21:48:00.182] _RunFunction: Laboratory BEGIN
D [2017-01-01 21:48:00.617] GetVillageSize measured: 457.985626055893, Zoom factor: 0.967024683607016, Offset: -3, -1
D [2017-01-01 21:48:00.621] _RunFunction: Laboratory END
D [2017-01-01 21:48:00.621] _RunFunction: UpgradeHeroes BEGIN
D [2017-01-01 21:48:00.822] _RunFunction: UpgradeHeroes END
D [2017-01-01 21:48:00.823] _RunFunction: UpgradeBuilding BEGIN
D [2017-01-01 21:48:01.024] _RunFunction: UpgradeBuilding END
D [2017-01-01 21:48:01.762] GetVillageSize measured: 457.985626055893, Zoom factor: 0.967024683607016, Offset: -3, -1
L [2017-01-01 21:48:03.937] Total Army Camp capacity: 200/200 (100%)
L [2017-01-01 21:48:04.534] Going to Attack...
D [2017-01-01 21:48:05.863] API: $hWind=0x0011269E,$iMsg=49694,$wParam=0x00000000,$lParam=0x004B2F0A
L [2017-01-01 21:48:09.708] ==================================================
L [2017-01-01 21:48:09.709] Aim:           [G+E]: 279000 [D]:    0 for: Dead Base
L [2017-01-01 21:48:09.709] ==================================================
D [2017-01-01 21:48:11.184] GetVillageSize measured: 483.598114600674, Zoom factor: 1.02110478399074, Offset: 4, -12
D [2017-01-01 21:48:11.185] Village Offset (VillageSearch) updated to 4, -12, 1.02110478399074
L [2017-01-01 21:48:11.188]   1> [G]:  80000 [E]: 141251 [D]:  257 [T]:22
D [2017-01-01 21:48:20.591] AdbScreencap: 63/72/60 ms (all/10/1),52,0,l=252,t=424,w=2,h=2, 44EC2BC49A0DEAEFE10F3160B3790E7730331FBA: w=860,h=732,f=1
D [2017-01-01 21:48:20.858] API: $hWind=0x0011269E,$iMsg=49694,$wParam=0x00000000,$lParam=0x004B2F0A
D [2017-01-01 21:48:22.113] GetVillageSize measured: 490.625829790776, Zoom factor: 1.03594362100122, Offset: 9, 9
D [2017-01-01 21:48:22.113] Village Offset (VillageSearch) updated to 9, 9, 1.03594362100122
L [2017-01-01 21:48:23.034]   2> [G]: 189312 [E]: 140108 [D]:  768 [T]:18
L [2017-01-01 21:48:23.042]       Not a Dead Base
D [2017-01-01 21:48:30.859] GetVillageSize measured: 487.190438013048, Zoom factor: 1.02868988101918, Offset: 18, 7
D [2017-01-01 21:48:30.859] Village Offset (VillageSearch) updated to 18, 7, 1.02868988101918
L [2017-01-01 21:48:30.861]   3> [G]: 136056 [E]:  20305 [D]:  453 [T]:16
D [2017-01-01 21:48:35.894] API: $hWind=0x0011269E,$iMsg=49694,$wParam=0x00000000,$lParam=0x004B2F0A
D [2017-01-01 21:48:43.676] GetVillageSize measured: 477.194992395467, Zoom factor: 1.00758475874909, Offset: 8, 9
D [2017-01-01 21:48:43.677] Village Offset (VillageSearch) updated to 8, 9, 1.00758475874909
L [2017-01-01 21:48:43.679]   4> [G]:  84264 [E]:  46750 [D]:  120 [T]:29
D [2017-01-01 21:48:50.858] API: $hWind=0x0011269E,$iMsg=49694,$wParam=0x00000000,$lParam=0x004B2F0A
D [2017-01-01 21:48:53.010] GetVillageSize cannot find stone
D [2017-01-01 21:48:53.685] GetVillageSize measured: 476.413956806172, Zoom factor: 1.00593562250845, Offset: 6, 9
D [2017-01-01 21:48:54.686] Village Offset (VillageSearch) updated to 6, 9, 1.00593562250845
L [2017-01-01 21:48:54.688]   5> [G]:  45898 [E]:   1499 [D]:  552 [T]:28
D [2017-01-01 21:49:03.423] GetVillageSize measured: 476.57144557659, Zoom factor: 1.00626815593247, Offset: -19, 8
D [2017-01-01 21:49:04.424] Village Offset (VillageSearch) updated to -19, 8, 1.00626815593247
L [2017-01-01 21:49:04.426]   6> [G]:  70627 [E]: 180174 [D]:  941 [T]:25
D [2017-01-01 21:49:04.437] MEmu time lag is 0 sec/min (avg for 64 sec)
D [2017-01-01 21:49:05.954] API: $hWind=0x0011269E,$iMsg=49694,$wParam=0x00000000,$lParam=0x004B2F0A
D [2017-01-01 21:49:13.697] GetVillageSize measured: 481.411496307763, Zoom factor: 1.01648779659513, Offset: 9, 9
D [2017-01-01 21:49:14.698] Village Offset (VillageSearch) updated to 9, 9, 1.01648779659513
D [2017-01-01 21:49:15.373] GetVillageSize measured: 481.411496307763, Zoom factor: 1.01648779659513, Offset: 9, 9
L [2017-01-01 21:49:16.376]   7> [G]: 137796 [E]: 106554 [D]:  320 [T]:13
D [2017-01-01 21:49:20.946] API: $hWind=0x0011269E,$iMsg=49694,$wParam=0x00000000,$lParam=0x004B2F0A
D [2017-01-01 21:49:25.551] AdbScreencap: 63/55/56 ms (all/10/1),52,0,l=24,t=605,w=2,h=2, 44EC2BC49A0DEAEFE10F3160B3790E7730331FBA: w=860,h=732,f=1
D [2017-01-01 21:49:27.301] GetVillageSize measured: 476.413956806172, Zoom factor: 1.00593562250845, Offset: -15, 9
D [2017-01-01 21:49:28.302] Village Offset (VillageSearch) updated to -15, 9, 1.00593562250845
L [2017-01-01 21:49:28.305]   8> [G]:  65242 [E]: 142922 [D]:  389 [T]:15
D [2017-01-01 21:49:35.898] API: $hWind=0x0011269E,$iMsg=49694,$wParam=0x00000000,$lParam=0x004B2F0A
D [2017-01-01 21:49:38.312] GetVillageSize measured: 477.194992395467, Zoom factor: 1.00758475874909, Offset: -3, 9
D [2017-01-01 21:49:39.313] Village Offset (VillageSearch) updated to -3, 9, 1.00758475874909
L [2017-01-01 21:49:39.315]   9> [G]: 136564 [E]: 129199 [D]:  690 [T]:26
D [2017-01-01 21:49:49.016] GetVillageSize measured: 476.413956806172, Zoom factor: 1.00593562250845, Offset: 0, 9
D [2017-01-01 21:49:50.017] Village Offset (VillageSearch) updated to 0, 9, 1.00593562250845
L [2017-01-01 21:49:50.703]  10> [G]: 531304 [E]: 449799 [D]: 1735 [T]:27
L [2017-01-01 21:49:50.712]       Not a Dead Base
D [2017-01-01 21:49:50.913] API: $hWind=0x0011269E,$iMsg=49694,$wParam=0x00000000,$lParam=0x004B2F0A
D [2017-01-01 21:50:01.516] GetVillageSize measured: 482.192695906125, Zoom factor: 1.01813727913663, Offset: 10, 8
D [2017-01-01 21:50:02.517] Village Offset (VillageSearch) updated to 10, 8, 1.01813727913663
L [2017-01-01 21:50:02.530]  11> [G]: 198030 [E]:  66470 [D]:  475 [T]:14
D [2017-01-01 21:50:05.999] API: $hWind=0x0011269E,$iMsg=49694,$wParam=0x00000000,$lParam=0x004B2F0A
D [2017-01-01 21:50:11.932] GetVillageSize measured: 476.413956806172, Zoom factor: 1.00593562250845, Offset: 0, 9
D [2017-01-01 21:50:12.933] Village Offset (VillageSearch) updated to 0, 9, 1.00593562250845
L [2017-01-01 21:50:12.936]  12> [G]: 202489 [E]:  73619 [D]:  719 [T]:19
D [2017-01-01 21:50:12.948] MEmu time lag is 0 sec/min (avg for 68 sec)
D [2017-01-01 21:50:21.033] API: $hWind=0x0011269E,$iMsg=49694,$wParam=0x00000000,$lParam=0x004B2F0A
D [2017-01-01 21:50:22.531] GetVillageSize measured: 476.413956806172, Zoom factor: 1.00593562250845, Offset: -4, 9
D [2017-01-01 21:50:23.531] Village Offset (VillageSearch) updated to -4, 9, 1.00593562250845
L [2017-01-01 21:50:23.533]  13> [G]: 138732 [E]:  58458 [D]:  600 [T]:15
D [2017-01-01 21:50:34.217] GetVillageSize measured: 476.413956806172, Zoom factor: 1.00593562250845, Offset: 5, 9
D [2017-01-01 21:50:35.218] Village Offset (VillageSearch) updated to 5, 9, 1.00593562250845
L [2017-01-01 21:50:35.220]  14> [G]:  42127 [E]: 114894 [D]:  440 [T]:19
D [2017-01-01 21:50:36.037] API: $hWind=0x0011269E,$iMsg=49694,$wParam=0x00000000,$lParam=0x004B2F0A
D [2017-01-01 21:50:45.189] GetVillageSize measured: 476.413956806172, Zoom factor: 1.00593562250845, Offset: 7, 9
D [2017-01-01 21:50:46.190] Village Offset (VillageSearch) updated to 7, 9, 1.00593562250845
L [2017-01-01 21:50:46.809]  15> [G]: 195662 [E]: 373796 [D]: 1395 [T]:17
L [2017-01-01 21:50:46.817]       Not a Dead Base
D [2017-01-01 21:50:51.024] API: $hWind=0x0011269E,$iMsg=49694,$wParam=0x00000000,$lParam=0x004B2F0A
D [2017-01-01 21:50:51.130] AdbScreencap: 63/66/56 ms (all/10/1),52,0,l=69,t=607,w=2,h=2, 44EC2BC49A0DEAEFE10F3160B3790E7730331FBA: w=860,h=732,f=1
D [2017-01-01 21:50:54.482] GetVillageSize measured: 476.413956806172, Zoom factor: 1.00593562250845, Offset: 16, 9
D [2017-01-01 21:50:55.483] Village Offset (VillageSearch) updated to 16, 9, 1.00593562250845
L [2017-01-01 21:50:55.488]  16> [G]: 117832 [E]: 108947 [D]: 1477 [T]:26
D [2017-01-01 21:51:03.607] GetVillageSize measured: 476.413956806172, Zoom factor: 1.00593562250845, Offset: -11, 9
D [2017-01-01 21:51:04.608] Village Offset (VillageSearch) updated to -11, 9, 1.00593562250845
L [2017-01-01 21:51:04.610]  17> [G]: 107184 [E]:  66084 [D]:  355 [T]:22
D [2017-01-01 21:51:06.025] API: $hWind=0x0011269E,$iMsg=49694,$wParam=0x00000000,$lParam=0x004B2F0A
D [2017-01-01 21:51:14.560] GetVillageSize measured: 477.194992395467, Zoom factor: 1.00758475874909, Offset: -13, 9
D [2017-01-01 21:51:15.561] Village Offset (VillageSearch) updated to -13, 9, 1.00758475874909
L [2017-01-01 21:51:16.426]  18> [G]: 343129 [E]: 335967 [D]:  866 [T]:17
L [2017-01-01 21:51:16.433]       Dead Base Found!
L [2017-01-01 21:51:17.867] ================ Search Complete =================
L [2017-01-01 21:51:17.876] Initiating attack for: Dead Base
L [2017-01-01 21:51:18.984] 0 » 10 Barbarians
L [2017-01-01 21:51:18.984] 1 » 115 Archers
L [2017-01-01 21:51:18.985] 2 » 15 Giants
L [2017-01-01 21:51:18.986] 3 » 1 Clan Castle
L [2017-01-01 21:51:18.986] 4 » 1 King
L [2017-01-01 21:51:18.987]  ====== Start Attack ====== 
L [2017-01-01 21:51:20.989] Attacking Multi finger fight style
D [2017-01-01 21:51:21.092] API: $hWind=0x0011269E,$iMsg=49694,$wParam=0x00000000,$lParam=0x004B2F0A
L [2017-01-01 21:51:21.991] ===============Multi Finger Attack================
L [2017-01-01 21:51:21.992] Attacking Eight Finger Blossom fight style.
L [2017-01-01 21:51:21.993] Calculating attack vectors for all troop deployments, please be patient...
L [2017-01-01 21:51:26.564] Dropping Clan Castle
L [2017-01-01 21:51:27.509] Dropping King
L [2017-01-01 21:51:28.784] Finished Attacking, waiting for the battle to end
D [2017-01-01 21:51:28.886] GUIControl_WM_NCACTIVATE: Deactivate Bot
L [2017-01-01 21:51:28.889] Dropping left over troops
L [2017-01-01 21:51:28.892] Checking remaining unused troops for: Dead Base
D [2017-01-01 21:51:29.102] GUIControl_WM_NCACTIVATE: Deactivate Bot
L [2017-01-01 21:51:29.795] 2 » 3 Giants
L [2017-01-01 21:51:30.978] Dropping last wave of 3 Giants
D [2017-01-01 21:51:36.119] API: $hWind=0x0011269E,$iMsg=49694,$wParam=0x00000000,$lParam=0x004B2F0A
D [2017-01-01 21:51:41.131] GUIControl_WM_NCACTIVATE: Deactivate Bot
L [2017-01-01 21:51:41.822] Checking remaining unused troops for: Dead Base
D [2017-01-01 21:51:42.578] GUIControl_WM_NCACTIVATE: Deactivate Bot
L [2017-01-01 21:51:42.710] Finished Attacking, waiting for the battle to end
L [2017-01-01 21:51:42.868] Checking if the battle has finished
L [2017-01-01 21:51:45.041] detected [G]: 62832 [E]: 59340 [DE]: 461 |  Exit in 18 sec.
L [2017-01-01 21:51:45.060] Gold & Elixir & DE change detected, waiting...
D [2017-01-01 21:51:46.834] AdbScreencap: 63/64/67 ms (all/10/1),63,0,l=16,t=642,w=2,h=2, 44EC2BC49A0DEAEFE10F3160B3790E7730331FBA: w=860,h=732,f=1
L [2017-01-01 21:51:48.386] King is getting weak, Activating King's power
L [2017-01-01 21:51:48.633] detected [G]: 28393 [E]: 53395 [DE]: 461 |  Exit in 18 sec.
L [2017-01-01 21:51:48.660] Gold & Elixir & DE change detected, waiting...
D [2017-01-01 21:51:51.073] API: $hWind=0x0011269E,$iMsg=49694,$wParam=0x00000000,$lParam=0x004B2F0A
L [2017-01-01 21:51:52.073] detected [G]: 744 [E]: 27237 [DE]: 461 |  Exit in 18 sec.
L [2017-01-01 21:51:52.090] Gold & Elixir & DE change detected, waiting...
L [2017-01-01 21:51:55.471] detected [G]: 744 [E]: 2248 [DE]: 461 |  Exit in 18 sec.
L [2017-01-01 21:51:57.186] detected [G]: 744 [E]: 2248 [DE]: 461 |  Exit in 16 sec.
L [2017-01-01 21:51:58.876] detected [G]: 744 [E]: 1953 [DE]: 461 |  Exit in 14 sec.
L [2017-01-01 21:51:58.892] Gold & Elixir & DE change detected, waiting...
L [2017-01-01 21:52:02.265] detected [G]: 744 [E]: 1686 [DE]: 461 |  Exit in 18 sec.
L [2017-01-01 21:52:02.281] Gold & Elixir & DE change detected, waiting...
L [2017-01-01 21:52:05.631] detected [G]: 744 [E]: 1686 [DE]: 461 |  Exit in 18 sec.
D [2017-01-01 21:52:06.151] API: $hWind=0x0011269E,$iMsg=49694,$wParam=0x00000000,$lParam=0x004B2F0A
L [2017-01-01 21:52:07.336] detected [G]: 744 [E]: 1686 [DE]: 461 |  Exit in 16 sec.
L [2017-01-01 21:52:09.084] detected [G]: 744 [E]: 1686 [DE]: 461 |  Exit in 14 sec.
L [2017-01-01 21:52:10.787] detected [G]: 744 [E]: 1686 [DE]: 461 |  Exit in 13 sec.
L [2017-01-01 21:52:12.526] detected [G]: 744 [E]: 1686 [DE]: 461 |  Exit in 11 sec.
L [2017-01-01 21:52:14.220] detected [G]: 744 [E]: 1686 [DE]: 461 |  Exit in  9 sec.
L [2017-01-01 21:52:15.979] detected [G]: 744 [E]: 1686 [DE]: 461 |  Exit in  8 sec.
L [2017-01-01 21:52:17.661] detected [G]: 742 [E]: 1686 [DE]: 461 |  Exit in  6 sec.
L [2017-01-01 21:52:17.678] Gold & Elixir & DE change detected, waiting...
L [2017-01-01 21:52:21.036] detected [G]: 735 [E]: 1686 [DE]: 461 |  Exit in 18 sec.
L [2017-01-01 21:52:21.053] Gold & Elixir & DE change detected, waiting...
D [2017-01-01 21:52:21.155] API: $hWind=0x0011269E,$iMsg=49694,$wParam=0x00000000,$lParam=0x004B2F0A
L [2017-01-01 21:52:24.423] detected [G]: 728 [E]: 1686 [DE]: 461 |  Exit in 18 sec.
L [2017-01-01 21:52:24.439] Gold & Elixir & DE change detected, waiting...
L [2017-01-01 21:52:27.829] detected [G]: 724 [E]: 1686 [DE]: 461 |  Exit in 18 sec.
L [2017-01-01 21:52:27.845] Gold & Elixir & DE change detected, waiting...
L [2017-01-01 21:52:31.195] detected [G]: 724 [E]: 1686 [DE]: 461 |  Exit in 18 sec.
L [2017-01-01 21:52:32.894] detected [G]: 724 [E]: 1686 [DE]: 461 |  Exit in 16 sec.
L [2017-01-01 21:52:34.585] detected [G]: 724 [E]: 1686 [DE]: 461 |  Exit in 14 sec.
D [2017-01-01 21:52:36.210] API: $hWind=0x0011269E,$iMsg=49694,$wParam=0x00000000,$lParam=0x004B2F0A
L [2017-01-01 21:52:36.294] detected [G]: 724 [E]: 1686 [DE]: 461 |  Exit in 13 sec.
L [2017-01-01 21:52:37.986] detected [G]: 724 [E]: 1686 [DE]: 461 |  Exit in 11 sec.
L [2017-01-01 21:52:39.701] detected [G]: 724 [E]: 1686 [DE]: 461 |  Exit in  9 sec.
L [2017-01-01 21:52:41.395] detected [G]: 724 [E]: 1686 [DE]: 461 |  Exit in  8 sec.
L [2017-01-01 21:52:43.090] detected [G]: 724 [E]: 1686 [DE]: 461 |  Exit in  6 sec.
L [2017-01-01 21:52:44.791] detected [G]: 724 [E]: 1686 [DE]: 461 |  Exit in  4 sec.
L [2017-01-01 21:52:46.472] detected [G]: 724 [E]: 1686 [DE]: 461 |  Exit in  3 sec.
L [2017-01-01 21:52:48.156] detected [G]: 724 [E]: 1686 [DE]: 461 |  Exit in  1 sec.
L [2017-01-01 21:52:49.852] detected [G]: 724 [E]: 1686 [DE]: 461 |  Exit in  0 sec.
L [2017-01-01 21:52:49.871] Gold & Elixir & DE no change detected, exit
L [2017-01-01 21:52:49.957] Returning Home
D [2017-01-01 21:52:51.188] API: $hWind=0x0011269E,$iMsg=49694,$wParam=0x00000000,$lParam=0x004B2F0A
D [2017-01-01 21:52:52.702] MEmu time lag is 0 sec/min (avg for 159 sec)
L [2017-01-01 21:52:56.345] Loot: [G]: 342 405 [E]: 334 281 [DE]: 405 [T]: 5
L [2017-01-01 21:52:56.359] Bonus Percentage: 99%
L [2017-01-01 21:52:56.778] Bonus [G]: 16 830 out of 17 000 [E]: 16 830 out of 17 000
L [2017-01-01 21:52:57.996] Your league level is: Gold I
L [2017-01-01 21:52:58.059] Stars earned: 1
L [2017-01-01 21:53:05.369] Trying to locate Main Screen
D [2017-01-01 21:53:05.585] GetVillageSize measured: 481.411496307763, Zoom factor: 1.01648779659513, Offset: 25, 9
D [2017-01-01 21:53:05.585] Center Village by: 25, 9
D [2017-01-01 21:53:06.157] API: $hWind=0x0011269E,$iMsg=49694,$wParam=0x00000000,$lParam=0x004B2F0A
D [2017-01-01 21:53:07.230] GetVillageSize measured: 480.787319352344, Zoom factor: 1.01516986326166, Offset: -3, -2
D [2017-01-01 21:53:07.231] Village Offset updated to -3, -2, 1.01516986326166
D [2017-01-01 21:53:07.232] Centered Village Offset: -3, -2, change: -28, -11
L [2017-01-01 21:53:07.233] Zooming Out
D [2017-01-01 21:53:09.019] GetVillageSize measured: 481.411496307763, Zoom factor: 1.01648779659513, Offset: -2, -1
D [2017-01-01 21:53:09.019] Center Village by: -2, -1
D [2017-01-01 21:53:10.550] AdbScreencap: 63/69/58 ms (all/10/1),53,0,l=0,t=0,w=860,h=732, 44EC2BC49A0DEAEFE10F3160B3790E7730331FBA: w=860,h=732,f=1
D [2017-01-01 21:53:10.663] GetVillageSize measured: 480.787319352344, Zoom factor: 1.01516986326166, Offset: -3, -2
D [2017-01-01 21:53:10.665] Centered Village Offset: -3, -2, change: -1, -1
L [2017-01-01 21:53:10.665] Main Screen Located
L [2017-01-01 21:53:12.765] Total Army Camp capacity: 20/200 (10%)
D [2017-01-01 21:53:14.518] GetVillageSize measured: 480.787319352344, Zoom factor: 1.01516986326166, Offset: -3, -2
L [2017-01-01 21:53:15.235] Village Report
L [2017-01-01 21:53:15.322]  [T]: 1 836
L [2017-01-01 21:53:15.419]  [G]: 2 862 325 [E]: 5 132 242 [D]: 52 683 [GEM]: 816
D [2017-01-01 21:53:16.174] GetVillageSize measured: 480.787319352344, Zoom factor: 1.01516986326166, Offset: -3, -2
D [2017-01-01 21:53:16.178] _RunFunction: CleanYard BEGIN
D [2017-01-01 21:53:16.178] _RunFunction: CleanYard END
D [2017-01-01 21:53:16.179] _RunFunction: ReArm BEGIN
D [2017-01-01 21:53:16.380] _RunFunction: ReArm END
D [2017-01-01 21:53:16.380] _RunFunction: CheckTombs BEGIN
D [2017-01-01 21:53:16.581] _RunFunction: CheckTombs END
D [2017-01-01 21:53:16.582] _RunFunction: Collect BEGIN
L [2017-01-01 21:53:17.346] Collecting Resources
D [2017-01-01 21:53:21.179] API: $hWind=0x0011269E,$iMsg=49694,$wParam=0x00000000,$lParam=0x004B2F0A
D [2017-01-01 21:53:23.126] GetVillageSize measured: 480.787319352344, Zoom factor: 1.01516986326166, Offset: -3, -2
L [2017-01-01 21:53:23.131] Searching for a Loot Cart..
L [2017-01-01 21:53:23.591] No Loot Cart found, Yard is clean!
D [2017-01-01 21:53:25.307] _RunFunction: Collect END
L [2017-01-01 21:53:25.308] Waiting, Add random delay of 32 seconds.
D [2017-01-01 21:53:36.197] API: $hWind=0x0011269E,$iMsg=49694,$wParam=0x00000000,$lParam=0x004B2F0A
D [2017-01-01 21:53:51.239] API: $hWind=0x0011269E,$iMsg=49694,$wParam=0x00000000,$lParam=0x004B2F0A
D [2017-01-01 21:53:57.320] _RunFunction: DonateCC,Train BEGIN
L [2017-01-01 21:53:57.389] Checking for Donate Requests in Clan Chat
L [2017-01-01 21:53:59.233] Using OCR to read Latin derived alphabets..
L [2017-01-01 21:54:00.073] Chat Request: Preciso de reforços
L [2017-01-01 21:54:00.145] Chat Troops: 19/20
L [2017-01-01 21:54:01.915] Archer Keyword found: refor
D [2017-01-01 21:54:04.594] GetVillageSize measured: 481.411496307763, Zoom factor: 1.01648779659513, Offset: -3, -2
D [2017-01-01 21:54:04.595] Village Offset updated to -3, -2, 1.01648779659513
D [2017-01-01 21:54:06.256] API: $hWind=0x0011269E,$iMsg=49694,$wParam=0x00000000,$lParam=0x004B2F0A
L [2017-01-01 21:54:06.412]  - Army Window Opened!
L [2017-01-01 21:54:08.056] Total Army Camp capacity: 20/200 (10%)
L [2017-01-01 21:54:08.176] Troops time: 33.00 min
L [2017-01-01 21:54:08.302]  - Barbarian King will recover in 00:13:00
L [2017-01-01 21:54:08.492] Total Spell(s) Capacity: 7/7
L [2017-01-01 21:54:09.099] Requesting Clan Castle Troops
D [2017-01-01 21:54:14.298] Page error count increased to 1, source: IsMainPage
D [2017-01-01 21:54:17.143] AdbScreencap: 63/67/56 ms (all/10/1),52,0,l=149,t=583,w=2,h=2, 44EC2BC49A0DEAEFE10F3160B3790E7730331FBA: w=860,h=732,f=1
D [2017-01-01 21:54:21.293] API: $hWind=0x0011269E,$iMsg=49694,$wParam=0x00000000,$lParam=0x004B2F0A
L [2017-01-01 21:54:23.327]  - Army Camp: 20/200
L [2017-01-01 21:54:23.328]  - Spells: 7/7
L [2017-01-01 21:54:23.328]  - Clan Castle: 0/25
L [2017-01-01 21:54:23.331] Chief, are your Army ready for battle? No, Not yet!
L [2017-01-01 21:54:23.333]  - Troops, not Ready!
L [2017-01-01 21:54:24.027]  - 1 Dragon Available
L [2017-01-01 21:54:24.393]  - 3 Lightning Spells Brewed
L [2017-01-01 21:54:24.394]  - 1 Poison Spell Brewed
L [2017-01-01 21:54:24.395]  - Checking: FULL Queue and Not Full Army
L [2017-01-01 21:54:30.611]  - Opened the Train Troops
L [2017-01-01 21:54:32.186]  - Checking: Empty Queue and Not Full Army
L [2017-01-01 21:54:36.251]  - Opened the Quick Train
D [2017-01-01 21:54:36.353] API: $hWind=0x0011269E,$iMsg=49694,$wParam=0x00000000,$lParam=0x004B2F0A
L [2017-01-01 21:54:37.252] Using Quick Train Tab.
L [2017-01-01 21:54:37.358] Making the Army 1
L [2017-01-01 21:54:38.611] Using Quick Train Tab.
L [2017-01-01 21:54:38.722] Making the Army 2
L [2017-01-01 21:54:39.983] Using Quick Train Tab.
L [2017-01-01 21:54:40.068]  - All ok: Clicked On Army: 3| Pixel was :8B8B8B
L [2017-01-01 21:54:40.069]  - If needed 'edit' the Army 3 before start the BOT!!!
L [2017-01-01 21:54:40.320] Using Quick Train Tab.
L [2017-01-01 21:54:40.406]  - All ok: Clicked On Army: 3| Pixel was :8B8B8B
L [2017-01-01 21:54:40.425]  - If needed 'edit' the Army 3 before start the BOT!!!
L [2017-01-01 21:54:40.741] Using Quick Train Tab.
L [2017-01-01 21:54:40.860]  - All ok: Clicked On Army: 3| Pixel was :8B8B8B
L [2017-01-01 21:54:40.861]  - If needed 'edit' the Army 3 before start the BOT!!!
L [2017-01-01 21:54:42.143]  - Army Window Closed!
D [2017-01-01 21:54:43.843] _RunFunction: DonateCC,Train END
D [2017-01-01 21:54:43.854] MEmu time lag is 0 sec/min (avg for 111 sec)
D [2017-01-01 21:54:43.855] _RunFunction: RequestCC BEGIN
D [2017-01-01 21:54:45.089] GetVillageSize measured: 480.787319352344, Zoom factor: 1.01516986326166, Offset: -3, -2
D [2017-01-01 21:54:45.090] Village Offset updated to -3, -2, 1.01516986326166
D [2017-01-01 21:54:45.093] _RunFunction: RequestCC END
D [2017-01-01 21:54:45.094] _RunFunction: BoostKing BEGIN
D [2017-01-01 21:54:45.094] _RunFunction: BoostKing END
D [2017-01-01 21:54:45.095] _RunFunction: BoostSpellFactory BEGIN
D [2017-01-01 21:54:45.095] _RunFunction: BoostSpellFactory END
D [2017-01-01 21:54:45.096] _RunFunction: BoostBarracks BEGIN
D [2017-01-01 21:54:45.096] _RunFunction: BoostBarracks END
D [2017-01-01 21:54:45.097] _RunFunction: ReplayShare BEGIN
D [2017-01-01 21:54:45.298] _RunFunction: ReplayShare END
D [2017-01-01 21:54:45.298] _RunFunction: BoostWarden BEGIN
D [2017-01-01 21:54:45.298] _RunFunction: BoostWarden END
D [2017-01-01 21:54:45.299] _RunFunction: BoostQueen BEGIN
D [2017-01-01 21:54:45.299] _RunFunction: BoostQueen END
D [2017-01-01 21:54:45.299] _RunFunction: NotifyReport BEGIN
D [2017-01-01 21:54:46.023] GetVillageSize measured: 480.787319352344, Zoom factor: 1.01516986326166, Offset: -3, -2
D [2017-01-01 21:54:46.228] _RunFunction: NotifyReport END
D [2017-01-01 21:54:46.229] _RunFunction: UpgradeHeroes BEGIN
D [2017-01-01 21:54:46.431] _RunFunction: UpgradeHeroes END
D [2017-01-01 21:54:46.431] _RunFunction: Laboratory BEGIN
D [2017-01-01 21:54:46.867] GetVillageSize measured: 480.787319352344, Zoom factor: 1.01516986326166, Offset: -3, -2
D [2017-01-01 21:54:46.871] _RunFunction: Laboratory END
D [2017-01-01 21:54:46.871] _RunFunction: UpgradeBuilding BEGIN
D [2017-01-01 21:54:47.072] _RunFunction: UpgradeBuilding END
D [2017-01-01 21:54:47.791] GetVillageSize measured: 480.787319352344, Zoom factor: 1.01516986326166, Offset: -3, -2
L [2017-01-01 21:54:48.196] ====== Waiting for full army ======
L [2017-01-01 21:54:50.031] Total Army Camp capacity: 20/200 (10%)
L [2017-01-01 21:54:50.120] Troops time: 33.00 min
L [2017-01-01 21:54:50.241]  - Barbarian King will recover in 00:12:00
L [2017-01-01 21:54:50.540] Total Spell(s) Capacity: 7/7
L [2017-01-01 21:54:51.095] - Castle full/no clan.
D [2017-01-01 21:54:51.328] API: $hWind=0x0011269E,$iMsg=49694,$wParam=0x00000000,$lParam=0x004B2F0A
D [2017-01-01 21:55:03.134] GetVillageSize measured: 480.787319352344, Zoom factor: 1.01516986326166, Offset: -3, -2
L [2017-01-01 21:55:03.339] Waiting, Add random delay of 23 seconds.
D [2017-01-01 21:55:06.368] API: $hWind=0x0011269E,$iMsg=49694,$wParam=0x00000000,$lParam=0x004B2F0A
D [2017-01-01 21:55:21.362] API: $hWind=0x0011269E,$iMsg=49694,$wParam=0x00000000,$lParam=0x004B2F0A
D [2017-01-01 21:55:26.646] GetVillageSize measured: 480.787319352344, Zoom factor: 1.01516986326166, Offset: -3, -2
L [2017-01-01 21:55:28.500]  - Army Window Opened!
L [2017-01-01 21:55:30.100] Total Army Camp capacity: 40/200 (20%)
L [2017-01-01 21:55:30.187] Troops time: 32.00 min
L [2017-01-01 21:55:30.306]  - Barbarian King will recover in 00:11:00
L [2017-01-01 21:55:30.489] Total Spell(s) Capacity: 7/7
L [2017-01-01 21:55:31.087] - Castle full/no clan.
L [2017-01-01 21:55:31.254]  - Army Camp: 40/200
L [2017-01-01 21:55:31.255]  - Spells: 7/7
L [2017-01-01 21:55:31.256]  - Clan Castle: 25/25
L [2017-01-01 21:55:31.257] Chief, are your Army ready for battle? No, Not yet!
L [2017-01-01 21:55:31.257]  - Troops, not Ready!
L [2017-01-01 21:55:32.572]  - 2 Dragons Available
L [2017-01-01 21:55:32.918]  - 3 Lightning Spells Brewed
L [2017-01-01 21:55:32.919]  - 1 Poison Spell Brewed
L [2017-01-01 21:55:32.920]  - Checking: FULL Queue and Not Full Army
D [2017-01-01 21:55:36.179] AdbScreencap: 63/67/67 ms (all/10/1),63,0,l=815,t=135,w=2,h=2, 44EC2BC49A0DEAEFE10F3160B3790E7730331FBA: w=860,h=732,f=1
D [2017-01-01 21:55:36.392] API: $hWind=0x0011269E,$iMsg=49694,$wParam=0x00000000,$lParam=0x004B2F0A
L [2017-01-01 21:55:39.179]  - Opened the Train Troops
L [2017-01-01 21:55:40.798]  - Conditions NOT met: FULL queue and Not Full Army
L [2017-01-01 21:55:40.798]  - Checking: Empty Queue and Not Full Army
L [2017-01-01 21:55:42.771]  - Your army is: 200
L [2017-01-01 21:55:42.772]  - Checking: FULL Queue and Not Full Army
L [2017-01-01 21:55:44.413]  - Conditions NOT met: FULL queue and Not Full Army
L [2017-01-01 21:55:44.414]  - Checking: Empty Queue and Not Full Army
L [2017-01-01 21:55:47.163]  - Army Window Closed!
D [2017-01-01 21:55:48.283] GetVillageSize measured: 480.787319352344, Zoom factor: 1.01516986326166, Offset: -3, -2
D [2017-01-01 21:55:49.150] GetVillageSize measured: 480.787319352344, Zoom factor: 1.01516986326166, Offset: -3, -2
L [2017-01-01 21:55:49.357] Time Idle: 00:01:01
D [2017-01-01 21:55:51.359] API: $hWind=0x0011269E,$iMsg=49694,$wParam=0x00000000,$lParam=0x004B2F0A
D [2017-01-01 21:55:51.361] MEmu time lag is 0 sec/min (avg for 67 sec)
L [2017-01-01 21:55:51.562] ====== Waiting for full army ======
L [2017-01-01 21:55:53.370] Total Army Camp capacity: 40/200 (20%)
L [2017-01-01 21:55:53.467] Troops time: 32.00 min
L [2017-01-01 21:55:53.598]  - Barbarian King will recover in 00:11:00
L [2017-01-01 21:55:53.877] Total Spell(s) Capacity: 7/7
L [2017-01-01 21:55:54.401] - Castle full/no clan.
D [2017-01-01 21:56:06.410] API: $hWind=0x0011269E,$iMsg=49694,$wParam=0x00000000,$lParam=0x004B2F0A
D [2017-01-01 21:56:06.463] GetVillageSize measured: 480.787319352344, Zoom factor: 1.01516986326166, Offset: -3, -2
D [2017-01-01 21:56:06.667] _RunFunction: CleanYard BEGIN
D [2017-01-01 21:56:06.668] _RunFunction: CleanYard END
D [2017-01-01 21:56:06.668] _RunFunction: CheckTombs BEGIN
D [2017-01-01 21:56:06.869] _RunFunction: CheckTombs END
D [2017-01-01 21:56:06.869] _RunFunction: Collect BEGIN
L [2017-01-01 21:56:07.665] Collecting Resources
D [2017-01-01 21:56:09.539] GetVillageSize measured: 480.787319352344, Zoom factor: 1.01516986326166, Offset: -3, -2
L [2017-01-01 21:56:09.543] Searching for a Loot Cart..
L [2017-01-01 21:56:10.004] No Loot Cart found, Yard is clean!
D [2017-01-01 21:56:11.714] _RunFunction: Collect END
D [2017-01-01 21:56:11.715] _RunFunction: DonateCC BEGIN
L [2017-01-01 21:56:11.784] Checking for Donate Requests in Clan Chat
L [2017-01-01 21:56:13.562] Using OCR to read Latin derived alphabets..
L [2017-01-01 21:56:14.405] Chat Request: Preciso de reforços
L [2017-01-01 21:56:14.475] Chat Troops: 19/20
L [2017-01-01 21:56:16.505] Archer Keyword found: refor
D [2017-01-01 21:56:19.451] GetVillageSize measured: 480.787319352344, Zoom factor: 1.01516986326166, Offset: -3, -2
D [2017-01-01 21:56:19.455] _RunFunction: DonateCC END
L [2017-01-01 21:56:19.688] Waiting, Add random delay of 15 seconds.
D [2017-01-01 21:56:21.413] API: $hWind=0x0011269E,$iMsg=49694,$wParam=0x00000000,$lParam=0x004B2F0A
D [2017-01-01 21:56:34.968] GetVillageSize measured: 480.787319352344, Zoom factor: 1.01516986326166, Offset: -3, -2
D [2017-01-01 21:56:36.431] API: $hWind=0x0011269E,$iMsg=49694,$wParam=0x00000000,$lParam=0x004B2F0A
L [2017-01-01 21:56:36.815]  - Army Window Opened!
L [2017-01-01 21:56:38.438] Total Army Camp capacity: 40/200 (20%)
L [2017-01-01 21:56:38.548] Troops time: 31.00 min
L [2017-01-01 21:56:38.681]  - Barbarian King will recover in 00:10:00
L [2017-01-01 21:56:38.883] Total Spell(s) Capacity: 7/7
L [2017-01-01 21:56:39.578] - Castle full/no clan.
L [2017-01-01 21:56:39.740]  - Army Camp: 40/200
L [2017-01-01 21:56:39.741]  - Spells: 7/7
L [2017-01-01 21:56:39.741]  - Clan Castle: 25/25
L [2017-01-01 21:56:39.742] Chief, are your Army ready for battle? No, Not yet!
L [2017-01-01 21:56:39.743]  - Troops, not Ready!
L [2017-01-01 21:56:40.380]  - 2 Dragons Available
L [2017-01-01 21:56:40.763]  - 3 Lightning Spells Brewed
L [2017-01-01 21:56:40.764]  - 1 Poison Spell Brewed
L [2017-01-01 21:56:40.765]  - Checking: FULL Queue and Not Full Army
D [2017-01-01 21:56:44.726] AdbScreencap: 63/69/67 ms (all/10/1),62,0,l=815,t=135,w=2,h=2, 44EC2BC49A0DEAEFE10F3160B3790E7730331FBA: w=860,h=732,f=1
L [2017-01-01 21:56:47.022]  - Opened the Train Troops
L [2017-01-01 21:56:48.601]  - Conditions NOT met: FULL queue and Not Full Army
L [2017-01-01 21:56:48.602]  - Checking: Empty Queue and Not Full Army
L [2017-01-01 21:56:50.612]  - Your army is: 200
L [2017-01-01 21:56:50.619]  - Checking: FULL Queue and Not Full Army
D [2017-01-01 21:56:51.497] API: $hWind=0x0011269E,$iMsg=49694,$wParam=0x00000000,$lParam=0x004B2F0A
L [2017-01-01 21:56:52.281]  - Conditions NOT met: FULL queue and Not Full Army
L [2017-01-01 21:56:52.288]  - Checking: Empty Queue and Not Full Army
L [2017-01-01 21:56:54.964]  - Army Window Closed!
D [2017-01-01 21:56:56.082] GetVillageSize measured: 480.787319352344, Zoom factor: 1.01516986326166, Offset: -3, -2
D [2017-01-01 21:56:56.911] GetVillageSize measured: 480.787319352344, Zoom factor: 1.01516986326166, Offset: -3, -2
L [2017-01-01 21:56:57.117] Time Idle: 00:02:06
D [2017-01-01 21:56:59.133] MEmu time lag is 0 sec/min (avg for 67 sec)
L [2017-01-01 21:56:59.335] ====== Waiting for full army ======
L [2017-01-01 21:57:01.148] Total Army Camp capacity: 40/200 (20%)
L [2017-01-01 21:57:01.239] Troops time: 30.00 min
L [2017-01-01 21:57:01.370]  - Barbarian King will recover in 00:10:00
L [2017-01-01 21:57:01.662] Total Spell(s) Capacity: 7/7
L [2017-01-01 21:57:02.169] - Castle full/no clan.
D [2017-01-01 21:57:06.485] API: $hWind=0x0011269E,$iMsg=49694,$wParam=0x00000000,$lParam=0x004B2F0A
D [2017-01-01 21:57:14.193] GetVillageSize measured: 480.787319352344, Zoom factor: 1.01516986326166, Offset: -3, -2
L [2017-01-01 21:57:14.399] Waiting, Add random delay of 8 seconds.
D [2017-01-01 21:57:21.465] API: $hWind=0x0011269E,$iMsg=49694,$wParam=0x00000000,$lParam=0x004B2F0A
D [2017-01-01 21:57:22.712] GetVillageSize measured: 480.787319352344, Zoom factor: 1.01516986326166, Offset: -3, -2
L [2017-01-01 21:57:24.579]  - Army Window Opened!
L [2017-01-01 21:57:26.199] Total Army Camp capacity: 40/200 (20%)
L [2017-01-01 21:57:26.314] Troops time: 30.00 min
L [2017-01-01 21:57:26.461]  - Barbarian King will recover in 00:09:00
L [2017-01-01 21:57:26.678] Total Spell(s) Capacity: 7/7
L [2017-01-01 21:57:27.270] - Castle full/no clan.
L [2017-01-01 21:57:27.431]  - Army Camp: 40/200
L [2017-01-01 21:57:27.432]  - Spells: 7/7
L [2017-01-01 21:57:27.433]  - Clan Castle: 25/25
L [2017-01-01 21:57:27.434] Chief, are your Army ready for battle? No, Not yet!
L [2017-01-01 21:57:27.435]  - Troops, not Ready!
L [2017-01-01 21:57:28.046]  - 2 Dragons Available
L [2017-01-01 21:57:28.414]  - 3 Lightning Spells Brewed
L [2017-01-01 21:57:28.423]  - 1 Poison Spell Brewed
L [2017-01-01 21:57:28.424]  - Checking: FULL Queue and Not Full Army
L [2017-01-01 21:57:34.618]  - Opened the Train Troops
L [2017-01-01 21:57:36.228]  - Conditions NOT met: FULL queue and Not Full Army
L [2017-01-01 21:57:36.229]  - Checking: Empty Queue and Not Full Army
D [2017-01-01 21:57:36.484] API: $hWind=0x0011269E,$iMsg=49694,$wParam=0x00000000,$lParam=0x004B2F0A
L [2017-01-01 21:57:38.195]  - Your army is: 200
L [2017-01-01 21:57:38.196]  - Checking: FULL Queue and Not Full Army
L [2017-01-01 21:57:39.880]  - Conditions NOT met: FULL queue and Not Full Army
L [2017-01-01 21:57:39.881]  - Checking: Empty Queue and Not Full Army
L [2017-01-01 21:57:42.546]  - Army Window Closed!
D [2017-01-01 21:57:43.670] GetVillageSize measured: 480.787319352344, Zoom factor: 1.01516986326166, Offset: -3, -2
D [2017-01-01 21:57:44.509] GetVillageSize measured: 480.787319352344, Zoom factor: 1.01516986326166, Offset: -3, -2
L [2017-01-01 21:57:44.713] Time Idle: 00:02:52
L [2017-01-01 21:57:46.875] ====== Waiting for full army ======
D [2017-01-01 21:57:47.777] AdbScreencap: 63/59/66 ms (all/10/1),62,0,l=110,t=166,w=82,h=16, 44EC2BC49A0DEAEFE10F3160B3790E7730331FBA: w=860,h=732,f=1
L [2017-01-01 21:57:48.668] Total Army Camp capacity: 40/200 (20%)
L [2017-01-01 21:57:48.768] Troops time: 30.00 min
L [2017-01-01 21:57:48.887]  - Barbarian King will recover in 00:09:00
L [2017-01-01 21:57:49.181] Total Spell(s) Capacity: 7/7
L [2017-01-01 21:57:49.726] - Castle full/no clan.
D [2017-01-01 21:57:51.510] API: $hWind=0x0011269E,$iMsg=49694,$wParam=0x00000000,$lParam=0x004B2F0A
D [2017-01-01 21:57:59.614] MEmu time lag is 0 sec/min (avg for 60 sec)
D [2017-01-01 21:58:01.739] GetVillageSize measured: 480.787319352344, Zoom factor: 1.01516986326166, Offset: -3, -2
L [2017-01-01 21:58:01.943] Waiting, Add random delay of 18 seconds.
D [2017-01-01 21:58:06.582] API: $hWind=0x0011269E,$iMsg=49694,$wParam=0x00000000,$lParam=0x004B2F0A
D [2017-01-01 21:58:18.876] Restore bot window to 3364, 269, caller: GUIControl_WM_NCACTIVATE
D [2017-01-01 21:58:18.881] GUIControl_WM_NCACTIVATE: Activate Bot
D [2017-01-01 21:58:19.193] Enable GUI Controls
D [2017-01-01 21:58:20.656] Redraw MyBot Window
L [2017-01-01 21:58:20.946] ==================== Bot Stop ====================
