D [2017-01-02 17:06:25.341] Save Config C:\CDR\MyBot6_5x\Profiles\Demo\config.ini
D [2017-01-02 17:06:27.236] Save Building Config C:\CDR\MyBot6_5x\Profiles\Demo\building.ini
D [2017-01-02 17:06:27.794] Read Building Config C:\CDR\MyBot6_5x\Profiles\Demo\building.ini
D [2017-01-02 17:06:27.806] Read Config C:\CDR\MyBot6_5x\Profiles\Demo\config.ini
D [2017-01-02 17:06:27.884] Apply Config
D [2017-01-02 17:06:28.164] Disable GUI Controls
D [2017-01-02 17:06:29.650] Redraw MyBot Window
D [2017-01-02 17:06:29.681] Android Window Handle: 0x018E0990
D [2017-01-02 17:06:29.682] InitiateLayout: MEmu_4 Android-ClientSize: 860 x 732
D [2017-01-02 17:06:29.683] CheckScreenAndroid: Window size 908 x 770
D [2017-01-02 17:06:29.934] MEmu font_scale = 1
D [2017-01-02 17:06:30.039] GUIControl_WM_NCACTIVATE: Deactivate Bot
D [2017-01-02 17:06:30.296] Restore bot window to 3364, 269, caller: GUIControl_WM_NCACTIVATE
D [2017-01-02 17:06:30.300] GUIControl_WM_NCACTIVATE: Activate Bot
L [2017-01-02 17:06:30.552]  My Bot v6.5.2.r2602 (MEmu_4) Powered by MyBot.run ~
L [2017-01-02 17:06:30.560] MyBot.run.exe Executable running on WIN_10  X64
L [2017-01-02 17:06:30.560] =================== Bot Start ====================
L [2017-01-02 17:06:30.561] ------------------------  Current Profile: Demo -------------------------
L [2017-01-02 17:06:30.562] Trying to locate Main Screen
D [2017-01-02 17:06:31.585] GetVillageSize measured: 455.17484597837, Zoom factor: 0.961089794910696, Offset: -2, -2
D [2017-01-02 17:06:31.585] Center Village by: -2, -2
D [2017-01-02 17:06:32.183] API: $hWind=0x002C08DC,$iMsg=49694,$wParam=0x00000000,$lParam=0x00830874
D [2017-01-02 17:06:33.052] GUIControl_WM_NCACTIVATE: Deactivate Bot
D [2017-01-02 17:06:33.218] GetVillageSize measured: 455.17484597837, Zoom factor: 0.961089794910696, Offset: -2, -2
D [2017-01-02 17:06:33.218] Village Offset updated to -2, -2, 0.961089794910696
D [2017-01-02 17:06:33.222] Centered Village Offset: -2, -2, change: 0, 0
L [2017-01-02 17:06:33.223] Main Screen Located
D [2017-01-02 17:06:33.379] GetVillageSize measured: 455.17484597837, Zoom factor: 0.961089794910696, Offset: -2, -2
D [2017-01-02 17:06:33.398] GUIControl_WM_NCACTIVATE: Deactivate Bot
L [2017-01-02 17:06:34.395] Detecting your Buildings..
L [2017-01-02 17:06:35.397] Detecting your Village Theme
L [2017-01-02 17:06:35.700] Snow Theme detected
L [2017-01-02 17:06:38.445] Language setting is English: Correct.
L [2017-01-02 17:06:39.452] Trying to locate Main Screen
D [2017-01-02 17:06:39.686] GetVillageSize measured: 455.17484597837, Zoom factor: 0.961089794910696, Offset: -2, -2
L [2017-01-02 17:06:39.688] Main Screen Located
D [2017-01-02 17:06:43.563] GetVillageSize measured: 455.17484597837, Zoom factor: 0.961089794910696, Offset: -2, -2
L [2017-01-02 17:06:44.280] Village Report
L [2017-01-02 17:06:44.370]  [T]: 1 850
L [2017-01-02 17:06:44.470]  [G]: 2 899 988 [E]: 3 826 936 [D]: 50 829 [GEM]: 816
D [2017-01-02 17:06:45.220] GetVillageSize measured: 455.17484597837, Zoom factor: 0.961089794910696, Offset: -2, -2
D [2017-01-02 17:06:45.224] _RunFunction: CleanYard BEGIN
D [2017-01-02 17:06:45.225] _RunFunction: CleanYard END
D [2017-01-02 17:06:45.225] _RunFunction: CheckTombs BEGIN
D [2017-01-02 17:06:45.426] _RunFunction: CheckTombs END
D [2017-01-02 17:06:45.427] _RunFunction: Collect BEGIN
L [2017-01-02 17:06:46.219] Collecting Resources
D [2017-01-02 17:06:47.238] API: $hWind=0x002C08DC,$iMsg=49694,$wParam=0x00000000,$lParam=0x00830874
D [2017-01-02 17:06:48.009] GetVillageSize measured: 455.17484597837, Zoom factor: 0.961089794910696, Offset: -2, -2
L [2017-01-02 17:06:48.013] Searching for a Loot Cart..
L [2017-01-02 17:06:48.426] No Loot Cart found, Yard is clean!
D [2017-01-02 17:06:50.124] _RunFunction: Collect END
D [2017-01-02 17:06:50.124] _RunFunction: ReArm BEGIN
L [2017-01-02 17:06:50.125] Checking if Village needs Rearming..
L [2017-01-02 17:06:52.135] Rearm not needed!
D [2017-01-02 17:06:53.871] GetVillageSize measured: 455.17484597837, Zoom factor: 0.961089794910696, Offset: -2, -2
D [2017-01-02 17:06:54.077] _RunFunction: ReArm END
L [2017-01-02 17:06:54.077] Waiting, Add random delay of 37 seconds.
D [2017-01-02 17:07:02.242] API: $hWind=0x002C08DC,$iMsg=49694,$wParam=0x00000000,$lParam=0x00830874
D [2017-01-02 17:07:17.258] API: $hWind=0x002C08DC,$iMsg=49694,$wParam=0x00000000,$lParam=0x00830874
D [2017-01-02 17:07:21.490] Restore bot window to 3364, 269, caller: GUIControl_WM_NCACTIVATE
D [2017-01-02 17:07:21.493] GUIControl_WM_NCACTIVATE: Activate Bot
D [2017-01-02 17:07:22.203] GUIControl_WM_NCACTIVATE: Deactivate Bot
D [2017-01-02 17:07:27.645] Restore bot window to 3364, 269, caller: GUIControl_WM_NCACTIVATE
D [2017-01-02 17:07:27.647] GUIControl_WM_NCACTIVATE: Activate Bot
D [2017-01-02 17:07:30.163] GUIControl_WM_NCACTIVATE: Deactivate Bot
D [2017-01-02 17:07:31.174] _RunFunction: NotifyReport BEGIN
D [2017-01-02 17:07:31.897] GetVillageSize measured: 455.17484597837, Zoom factor: 0.961089794910696, Offset: -2, -2
D [2017-01-02 17:07:32.104] _RunFunction: NotifyReport END
D [2017-01-02 17:07:32.104] _RunFunction: BoostSpellFactory BEGIN
D [2017-01-02 17:07:32.105] _RunFunction: BoostSpellFactory END
D [2017-01-02 17:07:32.105] _RunFunction: DonateCC,Train BEGIN
D [2017-01-02 17:07:32.278] API: $hWind=0x002C08DC,$iMsg=49694,$wParam=0x00000000,$lParam=0x00830874
L [2017-01-02 17:07:33.846] Total Army Camp capacity: 200/200 (100%)
D [2017-01-02 17:07:34.422] GUIControl_WM_NCACTIVATE: Deactivate Bot
L [2017-01-02 17:07:34.426] » Donation disabled, available troops 100%, limit 95%
D [2017-01-02 17:07:35.650] GetVillageSize measured: 455.17484597837, Zoom factor: 0.961089794910696, Offset: -2, -2
L [2017-01-02 17:07:37.503]  - Army Window Opened!
L [2017-01-02 17:07:39.060] Total Army Camp capacity: 200/200 (100%)
L [2017-01-02 17:07:39.250]  - Barbarian King available
L [2017-01-02 17:07:39.437] Total Spell(s) Capacity: 7/7
L [2017-01-02 17:07:40.032] - Castle full/no clan.
L [2017-01-02 17:07:40.210]  - Army Camp: 200/200
L [2017-01-02 17:07:40.210]  - Spells: 7/7
L [2017-01-02 17:07:40.211]  - Clan Castle: 25/25
L [2017-01-02 17:07:40.212] Chief, are your Army ready for battle? Yes, they are!
L [2017-01-02 17:07:40.839]  - 10 Dragons Available
L [2017-01-02 17:07:41.173]  - 3 Lightning Spells Brewed
L [2017-01-02 17:07:41.182]  - 1 Poison Spell Brewed
L [2017-01-02 17:07:41.183]  - Your Army is Full, let's make troops before Attack!
L [2017-01-02 17:07:47.256]  - Opened the Train Troops
L [2017-01-02 17:07:47.260] Ice Wizard Troop not detected!
D [2017-01-02 17:07:47.361] API: $hWind=0x002C08DC,$iMsg=49694,$wParam=0x00000000,$lParam=0x00830874
L [2017-01-02 17:07:51.638]  - Opened the Brew Spells
D [2017-01-02 17:08:02.346] API: $hWind=0x002C08DC,$iMsg=49694,$wParam=0x00000000,$lParam=0x00830874
L [2017-01-02 17:08:10.394] File not found: C:\Users\Imation\Pictures\MEmu Photo\A2BA763506CC16E10C4692E772606E9BFF19DBDD
D [2017-01-02 17:08:10.402] ADB retry screencap in 1000 ms. (restarting ADB session)
D [2017-01-02 17:08:11.405] ADB shell not terminated, PID = 6400
D [2017-01-02 17:08:11.405] C:\Users\Imation\Pictures\MEmu Photo\ exists
D [2017-01-02 17:08:11.406] Searching MEmu Window: Title = 'MEmu_4', Class = '[CLASS:subWin; INSTANCE:1]', Text = ''
D [2017-01-02 17:08:11.409] ObjGet("winmgmts:\\.\root\cimv2")
D [2017-01-02 17:08:11.409] WMI Query: Select * from Win32_Process where ExecutablePath like "%E:\\Program Files\\Microvirt\\MEmu\\MEmu.exe%"
D [2017-01-02 17:08:11.440] 6692 = E:\Program Files\Microvirt\MEmu\MEmu.exe ("E:\Program Files\Microvirt\MEmu\MEmu.exe" MEmu_3)
D [2017-01-02 17:08:11.441] Process by CommandLine not found: E:\Program Files\Microvirt\MEmu\MEmu.exe MEmu_4
D [2017-01-02 17:08:11.442] MEmu (MEmu_4) Window not found in list
D [2017-01-02 17:08:11.442] Android Emulator not launched
D [2017-01-02 17:08:11.445] AndroidInvalidState: No Window Handle
D [2017-01-02 17:08:11.445] ConnectAndroidAdb: Reboot Android as it's not running
L [2017-01-02 17:08:11.446] Stopping MEmu....
D [2017-01-02 17:08:11.453] CloseAndroid, caller: RebootAndroid
D [2017-01-02 17:08:11.453] Searching MEmu Window: Title = 'MEmu_4', Class = '[CLASS:subWin; INSTANCE:1]', Text = ''
D [2017-01-02 17:08:11.455] ObjGet("winmgmts:\\.\root\cimv2")
D [2017-01-02 17:08:11.456] WMI Query: Select * from Win32_Process where ExecutablePath like "%E:\\Program Files\\Microvirt\\MEmu\\MEmu.exe%"
D [2017-01-02 17:08:11.487] 6692 = E:\Program Files\Microvirt\MEmu\MEmu.exe ("E:\Program Files\Microvirt\MEmu\MEmu.exe" MEmu_3)
D [2017-01-02 17:08:11.488] Process by CommandLine not found: E:\Program Files\Microvirt\MEmu\MEmu.exe MEmu_4
D [2017-01-02 17:08:11.489] MEmu (MEmu_4) Window not found in list
D [2017-01-02 17:08:12.521] Android Emulator not launched
L [2017-01-02 17:08:12.523] Please wait for full MEmu shutdown...
D [2017-01-02 17:08:12.531] Searching MEmu Window: Title = 'MEmu_4', Class = '[CLASS:subWin; INSTANCE:1]', Text = ''
D [2017-01-02 17:08:12.534] ObjGet("winmgmts:\\.\root\cimv2")
D [2017-01-02 17:08:12.534] WMI Query: Select * from Win32_Process where ExecutablePath like "%E:\\Program Files\\Microvirt\\MEmu\\MEmu.exe%"
D [2017-01-02 17:08:12.567] 6692 = E:\Program Files\Microvirt\MEmu\MEmu.exe ("E:\Program Files\Microvirt\MEmu\MEmu.exe" MEmu_3)
D [2017-01-02 17:08:12.568] Process by CommandLine not found: E:\Program Files\Microvirt\MEmu\MEmu.exe MEmu_4
D [2017-01-02 17:08:12.568] MEmu (MEmu_4) Window not found in list
D [2017-01-02 17:08:12.569] Android Emulator not launched
D [2017-01-02 17:08:12.573] ObjGet("winmgmts:\\.\root\cimv2")
D [2017-01-02 17:08:12.573] WMI Query: Select * from Win32_Process where ExecutablePath like "%E:\\Program Files\\Microvirt\\MEmu\\MEmu.exe%"
D [2017-01-02 17:08:12.607] 6692 = E:\Program Files\Microvirt\MEmu\MEmu.exe ("E:\Program Files\Microvirt\MEmu\MEmu.exe" MEmu_3)
D [2017-01-02 17:08:12.607] Process by CommandLine not found: E:\Program Files\Microvirt\MEmu\MEmu.exe MEmu_4
D [2017-01-02 17:08:12.608] MEmu (MEmu_4) process not found
L [2017-01-02 17:08:15.659] MEmu stopped successfully
D [2017-01-02 17:08:16.695] InitAndroid(False): MEmu
D [2017-01-02 17:08:16.822] MEmu phone_layout is 2
D [2017-01-02 17:08:16.823] Searching MEmu Window: Title = 'MEmu_4', Class = '[CLASS:subWin; INSTANCE:1]', Text = ''
D [2017-01-02 17:08:16.825] ObjGet("winmgmts:\\.\root\cimv2")
D [2017-01-02 17:08:16.825] WMI Query: Select * from Win32_Process where ExecutablePath like "%E:\\Program Files\\Microvirt\\MEmu\\MEmu.exe%"
D [2017-01-02 17:08:16.854] 6692 = E:\Program Files\Microvirt\MEmu\MEmu.exe ("E:\Program Files\Microvirt\MEmu\MEmu.exe" MEmu_3)
D [2017-01-02 17:08:16.855] Process by CommandLine not found: E:\Program Files\Microvirt\MEmu\MEmu.exe MEmu_4
D [2017-01-02 17:08:16.856] MEmu (MEmu_4) Window not found in list
D [2017-01-02 17:08:16.856] Android Emulator not launched
D [2017-01-02 17:08:16.858] Using Window sizes of MEmu 2.6.2
D [2017-01-02 17:08:16.861] MEmu Tool Bar state is undetermined as treated as visible
D [2017-01-02 17:08:16.861] MEmu Screen Height updated from 768 to 732
D [2017-01-02 17:08:16.862] MEmu Window Width updated from 911 to 908
D [2017-01-02 17:08:16.862] MEmu Window Height updated from 804 to 770
D [2017-01-02 17:08:16.863] Android: MEmu
D [2017-01-02 17:08:16.864] Android Config: 0
D [2017-01-02 17:08:16.864] Android Version: 2.8.6.0
D [2017-01-02 17:08:16.864] Android Instance: MEmu_4
D [2017-01-02 17:08:16.865] Android Window Title: MEmu_4
D [2017-01-02 17:08:16.865] Android Program Path: E:\Program Files\Microvirt\MEmu\MEmu.exe
D [2017-01-02 17:08:16.865] Android Program Parameter: MEmu_4
D [2017-01-02 17:08:16.866] Android Program FileVersionInfo: 1033,,Microvirt Software Technology Co. Ltd.,MEmu App Player,2.8.6.0,MEmu.exe,Copyright (C) 2016 Microvirt Software Technology Co. Ltd. All rights reserved,,MEmu.exe,MEmu App Player,2.8.6.0,,
D [2017-01-02 17:08:16.866] Android SecureME setting: 3
D [2017-01-02 17:08:16.867] Android ADB Path: E:\Program Files\Microvirt\MEmu\adb.exe
D [2017-01-02 17:08:16.867] Android ADB Device: 127.0.0.1:21543
D [2017-01-02 17:08:16.867] Android ADB Shared Folder: /mnt/shell/emulated/0/Pictures/
D [2017-01-02 17:08:16.868] Android ADB Shared Folder on Host: C:\Users\Imation\Pictures\MEmu Photo\
D [2017-01-02 17:08:16.868] Android ADB Shared SubFolder: 
D [2017-01-02 17:08:16.868] Android Mouse Device: Microvirt Virtual Input
D [2017-01-02 17:08:16.869] Android ADB screencap command enabled: True
D [2017-01-02 17:08:16.869] Android ADB input command enabled: True
D [2017-01-02 17:08:16.869] Android ADB Mouse Click enabled: False
D [2017-01-02 17:08:16.869] Android ADB Click Drag enabled: True
D [2017-01-02 17:08:16.870] Bot Background Mode for screen capture: enabled
D [2017-01-02 17:08:16.870] No Focus Tampering: False
D [2017-01-02 17:08:16.870] Searching MEmu Window: Title = 'MEmu_4', Class = '[CLASS:subWin; INSTANCE:1]', Text = ''
D [2017-01-02 17:08:16.873] ObjGet("winmgmts:\\.\root\cimv2")
D [2017-01-02 17:08:16.873] WMI Query: Select * from Win32_Process where ExecutablePath like "%E:\\Program Files\\Microvirt\\MEmu\\MEmu.exe%"
D [2017-01-02 17:08:16.903] 6692 = E:\Program Files\Microvirt\MEmu\MEmu.exe ("E:\Program Files\Microvirt\MEmu\MEmu.exe" MEmu_3)
D [2017-01-02 17:08:16.904] Process by CommandLine not found: E:\Program Files\Microvirt\MEmu\MEmu.exe MEmu_4
D [2017-01-02 17:08:16.905] MEmu (MEmu_4) Window not found in list
D [2017-01-02 17:08:16.905] Android Emulator not launched
D [2017-01-02 17:08:16.907] InitAndroid(False): MEmu END, initialization successful = True, result = True
D [2017-01-02 17:08:16.909] Found 0 WerFault Windows with title 'MEmu.exe'
D [2017-01-02 17:08:16.910] Found 1 WerFault Windows with title ''
D [2017-01-02 17:08:16.913] ObjGet("winmgmts:\\.\root\cimv2")
D [2017-01-02 17:08:16.913] WMI Query: Select * from Win32_Process where Handle = 10476
D [2017-01-02 17:08:16.939] 10476 = C:\WINDOWS\Explorer.EXE
D [2017-01-02 17:08:16.940] Process 10476 is not WerFault, C:\WINDOWS\Explorer.EXE
D [2017-01-02 17:08:16.940] Searching MEmu Window: Title = 'MEmu_4', Class = '[CLASS:subWin; INSTANCE:1]', Text = ''
D [2017-01-02 17:08:16.943] ObjGet("winmgmts:\\.\root\cimv2")
D [2017-01-02 17:08:16.943] WMI Query: Select * from Win32_Process where ExecutablePath like "%E:\\Program Files\\Microvirt\\MEmu\\MEmu.exe%"
D [2017-01-02 17:08:16.973] 6692 = E:\Program Files\Microvirt\MEmu\MEmu.exe ("E:\Program Files\Microvirt\MEmu\MEmu.exe" MEmu_3)
D [2017-01-02 17:08:16.973] Process by CommandLine not found: E:\Program Files\Microvirt\MEmu\MEmu.exe MEmu_4
D [2017-01-02 17:08:16.974] MEmu (MEmu_4) Window not found in list
D [2017-01-02 17:08:16.975] Android Emulator not launched
D [2017-01-02 17:08:16.978] ObjGet("winmgmts:\\.\root\cimv2")
D [2017-01-02 17:08:16.979] WMI Query: Select * from Win32_Process where ExecutablePath like "%E:\\Program Files\\Microvirt\\MEmu\\MEmu.exe%"
D [2017-01-02 17:08:17.008] 6692 = E:\Program Files\Microvirt\MEmu\MEmu.exe ("E:\Program Files\Microvirt\MEmu\MEmu.exe" MEmu_3)
D [2017-01-02 17:08:17.009] Process by CommandLine not found: E:\Program Files\Microvirt\MEmu\MEmu.exe MEmu_4
D [2017-01-02 17:08:17.010] MEmu (MEmu_4) process not found
D [2017-01-02 17:08:17.012] ObjGet("winmgmts:\\.\root\cimv2")
D [2017-01-02 17:08:17.012] WMI Query: Select * from Win32_Process where CommandLine like "%9dbdab87-e98e-45a9-9533-47d882edf1a5%"
D [2017-01-02 17:08:17.043] Process by CommandLine not found: 9dbdab87-e98e-45a9-9533-47d882edf1a5
D [2017-01-02 17:08:17.043] Cannot find MEmu Service PID
L [2017-01-02 17:08:17.044] Starting MEmu and Clash Of Clans
D [2017-01-02 17:08:17.045] Searching MEmu Window: Title = 'MEmu_4', Class = '[CLASS:subWin; INSTANCE:1]', Text = ''
D [2017-01-02 17:08:17.047] ObjGet("winmgmts:\\.\root\cimv2")
D [2017-01-02 17:08:17.047] WMI Query: Select * from Win32_Process where ExecutablePath like "%E:\\Program Files\\Microvirt\\MEmu\\MEmu.exe%"
D [2017-01-02 17:08:17.078] 6692 = E:\Program Files\Microvirt\MEmu\MEmu.exe ("E:\Program Files\Microvirt\MEmu\MEmu.exe" MEmu_3)
D [2017-01-02 17:08:17.079] Process by CommandLine not found: E:\Program Files\Microvirt\MEmu\MEmu.exe MEmu_4
D [2017-01-02 17:08:17.080] MEmu (MEmu_4) Window not found in list
D [2017-01-02 17:08:17.080] Android Emulator not launched
D [2017-01-02 17:08:17.082] ShellExecute: E:\Program Files\Microvirt\MEmu\MEmu.exe MEmu_4
D [2017-01-02 17:08:17.410] API: $hWind=0x002C08DC,$iMsg=49694,$wParam=0x00000000,$lParam=0x00830874
D [2017-01-02 17:08:18.105] $PID= 9204
L [2017-01-02 17:08:18.105] Please wait while MEmu and CoC start...
L [2017-01-02 17:08:31.326] MEmu Loaded, took 13.22 seconds to begin.
D [2017-01-02 17:08:31.332] Searching MEmu Window: Title = 'MEmu_4', Class = '[CLASS:subWin; INSTANCE:1]', Text = ''
D [2017-01-02 17:08:31.335] ObjGet("winmgmts:\\.\root\cimv2")
D [2017-01-02 17:08:31.336] WMI Query: Select * from Win32_Process where ExecutablePath like "%E:\\Program Files\\Microvirt\\MEmu\\MEmu.exe%"
D [2017-01-02 17:08:31.368] 6692 = E:\Program Files\Microvirt\MEmu\MEmu.exe ("E:\Program Files\Microvirt\MEmu\MEmu.exe" MEmu_3)
D [2017-01-02 17:08:31.370] 9204 = E:\Program Files\Microvirt\MEmu\MEmu.exe ("E:\Program Files\Microvirt\MEmu\MEmu.exe" MEmu_4)
D [2017-01-02 17:08:31.370] Found Process 9204 by CommandLine: E:\Program Files\Microvirt\MEmu\MEmu.exe MEmu_4
D [2017-01-02 17:08:31.421] Found MEmu Window 'MEmu_4' (0x002D0F4A) by PID 9204 ('E:\Program Files\Microvirt\MEmu\MEmu.exe MEmu_4')
D [2017-01-02 17:08:31.425] setAndroidPID: $pid=9204
D [2017-01-02 17:08:31.427] Android PID=9204 initialized: MEmu_4, MEmu
D [2017-01-02 17:08:31.428] debugMBRFunctions: $debugSearchArea=0, $debugRedArea=0, $debugOcr=0
D [2017-01-02 17:08:31.930] Move Android Window 'MEmu_4' to position: 2452, 268
L [2017-01-02 17:08:31.932] MEmu (MEmu_4) running in window mode
D [2017-01-02 17:08:31.941] InitiateLayout: MEmu_4 Android-ClientSize: 860 x 732
D [2017-01-02 17:08:31.942] InitAndroid(False): MEmu
D [2017-01-02 17:08:32.082] MEmu phone_layout is 2
D [2017-01-02 17:08:32.083] Using Window sizes of MEmu 2.6.2
D [2017-01-02 17:08:32.084] MEmu Tool Bar is visible
D [2017-01-02 17:08:32.084] MEmu Screen Height updated from 768 to 732
D [2017-01-02 17:08:32.084] MEmu Window Width updated from 911 to 908
D [2017-01-02 17:08:32.085] MEmu Window Height updated from 804 to 770
D [2017-01-02 17:08:32.086] Android: MEmu
D [2017-01-02 17:08:32.086] Android Config: 0
D [2017-01-02 17:08:32.087] Android Version: 2.8.6.0
D [2017-01-02 17:08:32.087] Android Instance: MEmu_4
D [2017-01-02 17:08:32.087] Android Window Title: MEmu_4
D [2017-01-02 17:08:32.088] Android Program Path: E:\Program Files\Microvirt\MEmu\MEmu.exe
D [2017-01-02 17:08:32.088] Android Program Parameter: MEmu_4
D [2017-01-02 17:08:32.089] Android Program FileVersionInfo: 1033,,Microvirt Software Technology Co. Ltd.,MEmu App Player,2.8.6.0,MEmu.exe,Copyright (C) 2016 Microvirt Software Technology Co. Ltd. All rights reserved,,MEmu.exe,MEmu App Player,2.8.6.0,,
D [2017-01-02 17:08:32.089] Android SecureME setting: 3
D [2017-01-02 17:08:32.089] Android ADB Path: E:\Program Files\Microvirt\MEmu\adb.exe
D [2017-01-02 17:08:32.090] Android ADB Device: 127.0.0.1:21543
D [2017-01-02 17:08:32.090] Android ADB Shared Folder: /mnt/shell/emulated/0/Pictures/
D [2017-01-02 17:08:32.090] Android ADB Shared Folder on Host: C:\Users\Imation\Pictures\MEmu Photo\
D [2017-01-02 17:08:32.091] Android ADB Shared SubFolder: 
D [2017-01-02 17:08:32.091] Android Mouse Device: Microvirt Virtual Input
D [2017-01-02 17:08:32.092] Android ADB screencap command enabled: True
D [2017-01-02 17:08:32.092] Android ADB input command enabled: True
D [2017-01-02 17:08:32.092] Android ADB Mouse Click enabled: False
D [2017-01-02 17:08:32.093] Android ADB Click Drag enabled: True
D [2017-01-02 17:08:32.093] Bot Background Mode for screen capture: enabled
D [2017-01-02 17:08:32.093] No Focus Tampering: False
D [2017-01-02 17:08:32.094] InitAndroid(False): MEmu END, initialization successful = True, result = True
D [2017-01-02 17:08:32.094] C:\Users\Imation\Pictures\MEmu Photo\ exists
D [2017-01-02 17:08:32.375] API: $hWind=0x002C08DC,$iMsg=49694,$wParam=0x00000000,$lParam=0x00830874
D [2017-01-02 17:08:32.610] ADB shell launched, PID = 6496: root@android:/ # PS1=mybot.run:Android Steady Shell PID=1404
/system/xbin/renice -20 1404
/system/xbin/renice -20
D [2017-01-02 17:08:32.767] Using /mnt/shell/emulated/0/Pictures/ for Android shared folder
D [2017-01-02 17:08:33.044] MEmu getevent -p: add device 1: /dev/input/event7
  name:     "Microvirt Virtual Input"
  events:
    KEY (0001): 0001  0002  0003  0004  0005  0006  0007  0008 
                0009  000a  000b  000c  000d  000e  000f  0010 
                0011  0012  0013  0014  0015  0016  0017  0018 
                0019  001a  001b  001c  001d  001e  001f  0020 
                0021  0022  0023  0024  0025  0026  0027  0028 
                0029  002a  002b  002c  002d  002e  002f  0030 
                0031  0032  0033  0034  0035  0036  0037  0038 
                0039  003a  003b  003c  003d  003e  003f  0040 
                0041  0042  0043  0044  0045  0046  0047  0048 
                0049  004a  004b  004c  004d  004e  004f  0050 
                0051  0052  0053  0054  0055  0056  0057  0058 
                0059  005a  005b  005c  005d  005e  005f  0060 
                0061  0062  0063  0064  0065  0066  0067  0068 
                0069  006a  006b  006c  006d  006e  006f  0070 
                0071  0072  0073  0074  0075  0076  0077  0078 
                0079  007a  007b  007c  007d  007e  007f  0080 
                0081  0082  0083  0084  0085  0086  0087  0088 
                0089  008a  008b  008c  008d  008e  008f  0090 
                0091  0092  0093  0094  0095  0096  0097  0098 
                0099  009a  009b  009c  009d  009e  009f  00a0 
                00a1  00a2  00a3  00a4  00a5  00a6  00a7  00a8 
                00a9  00aa  00ab  00ac  00ad  00ae  00af  00b0 
                00b1  00b2  00b3  00b4  00b5  00b6  00b7  00b8 
                00b9  00ba  00bb  00bc  00bd  00be  00bf  00c0 
                00c1  00c2  00c3  00c4  00c5  00c6  00c7  00c8 
                00c9  00ca  00cb  00cc  00cd  00ce  00cf  00d0 
                00d1  00d2  00d3  00d4  00d5  00d6  00d7  00d8 
                00d9  00da  00db  00dc  00dd  00de  00df  00e0 
                00e1  00e2  00e3  00e4  00e5  00e6  00e7  00e8 
                00e9  00ea  00eb  00ec  00ed  00ee  00ef  00f0 
                00f1  00f2  00f3  00f4  00f5  00f6  00f7  00f8 
                00f9  00fa  00fb  00fc  00fd  00fe  00ff  0110 
                0145  014a 
    REL (0002): 0006  0008 
    ABS (0003): 0035  : value 0, min 0, max 860, fuzz 0, flat 0, resolution 0
                0036  : value 0, min 0, max 732, fuzz 0, flat 0, resolution 0
                003a  : value 0, min 0, max 0, fuzz 0, flat 0, resolution 0
  input props:
    <none>
could not get driver version for /dev/input/mouse3, Not a typewriter
add device 2: /dev/input/event6
  name:     "microvirt via VirtualBox PS/2 mouse"
  events:
    KEY (0001): 0110  0111  0112  0113  0114 
    REL (0002): 0000  0001  0006  0008 
  input props:
    <none>
could not get driver version for /dev/input/mouse2, Not a typewriter
add device 3: /dev/input/event5
  name:     "MemuHyperv mouse integration"
  events:
    KEY (0001): 0110 
    ABS (0003): 0000  : value 0, min 0, max 65535, fuzz 0, flat 0, resolution 0
                0001  : value 0, min 0, max 65535, fuzz 0, flat 0, resolution 0
  input props:
    <none>
add device 4: /dev/input/event1
  name:     "Sleep Button"
  events:
    KEY (0001): 008e 
  input props:
    <none>
add device 5: /dev/input/event0
  name:     "Power Button"
  events:
    KEY (0001): 0074 
  input props:
    <none>
could not get driver version for /dev/input/mouse0, Not a typewriter
add device 6: /dev/input/event3
  name:     "ImExPS/2 Generic Explorer Mouse"
  events:
    KEY (0001): 0110  0111  0112  0113  0114 
    REL (0002): 0000  0001  0006  0008 
  input props:
    <none>
add device 7: /dev/input/event2
  name:     "AT Translated Set 2 keyboard"
  events:
    KEY (0001): 0001  0002  0003  0004  0005  0006  0007  0008 
                0009  000a  000b  000c  000d  000e  000f  0010 
                0011  0012  0013  0014  0015  0016  0017  0018 
                0019  001a  001b  001c  001d  001e  001f  0020 
                0021  0022  0023  0024  0025  0026  0027  0028 
                0029  002a  002b  002c  002d  002e  002f  0030 
                0031  0032  0033  0034  0035  0036  0037  0038 
                0039  003a  003b  003c  003d  003e  003f  0040 
                0041  0042  0043  0044  0045  0046  0047  0048 
                0049  004a  004b  004c  004d  004e  004f  0050 
                0051  0052  0053  0055  0056  0057  0058  0059 
                005a  005b  005c  005d  005e  005f  0060  0061 
                0062  0063  0064  0066  0067  0068  0069  006a 
                006b  006c  006d  006e  006f  0070  0071  0072 
                0073  0074  0075  0076  0077  0079  007a  007b 
                007c  007d  007e  007f  0080  008c  008e  008f 
                009b  009c  009d  009e  009f  00a3  00a4  00a5 
                00a6  00ac  00ad  00b7  00b8  00b9  00d9  00e2 
    MSC (0004): 0004 
    LED (0011): 0000  0001  0002 
  input props:
    <none>
could not get driver version for /dev/input/mice, Not a typewriter
could not get driver version for /dev/input/mouse1, Not a typewriter
add device 8: /dev/input/event4
  name:     "MemuHyperv USB Tablet"
  events:
    KEY (0001): 0110  0111  0112  0113  0114 
    REL (0002): 0006  0008 
    ABS (0003): 0000  : value 0, min 0, max 32767, fuzz 0, flat 0, resolution 0
                0001  : value 0, min 0, max 32767, fuzz 0, flat 0, resolution 0
    MSC (0004): 0004 
  input props:
    <none>
D [2017-01-02 17:08:33.046] Using /dev/input/event7 for mouse events
D [2017-01-02 17:08:33.046] CheckScreenAndroid: Window size 908 x 770
D [2017-01-02 17:08:33.361] MEmu font_scale = 1
L [2017-01-02 17:08:33.365] Launch Clash of Clans now...
D [2017-01-02 17:08:33.452] ADB shell terminated, PID = 6496
D [2017-01-02 17:08:34.073] C:\Users\Imation\Pictures\MEmu Photo\ exists
D [2017-01-02 17:08:34.280] ADB shell launched, PID = 8408: root@android:/ # PS1=mybot.run:Android Steady Shell PID=1666
/system/xbin/renice -20 1666
/system/xbin/renice -20 1627
D [2017-01-02 17:08:34.436] Using /mnt/shell/emulated/0/Pictures/ for Android shared folder
D [2017-01-02 17:08:34.437] MEmu ADB use /dev/input/event7 for mouse events
D [2017-01-02 17:08:34.437] waitMainScreenMini
L [2017-01-02 17:08:34.438] Waiting for Main Screen after MEmu restart
D [2017-01-02 17:08:35.863] checkObstacles: Found Android Screen
D [2017-01-02 17:08:37.659] checkObstacles: Found Android Screen
D [2017-01-02 17:08:38.799] AdbScreencap: 64/111/132 ms (all/10/1),125,0,l=0,t=0,w=860,h=732, A2BA763506CC16E10C4692E772606E9BFF19DBDD: w=860,h=732,f=1
L [2017-01-02 17:08:38.933] CoC main window took 4.5 seconds
D [2017-01-02 17:08:39.123] GetVillageSize measured: 440.963292185179, Zoom factor: 0.931082470382247, Offset: 4, -9
D [2017-01-02 17:08:39.124] Center Village by: 4, -9
D [2017-01-02 17:08:40.760] GetVillageSize measured: 440.963292185179, Zoom factor: 0.931082470382247, Offset: 2, -9
D [2017-01-02 17:08:40.761] Village Offset updated to 2, -9, 0.931082470382247
D [2017-01-02 17:08:40.762] Centered Village Offset: 2, -9, change: -2, 0
D [2017-01-02 17:08:40.886] ADB shell launched, PID = 2296: root@android:/ # PS1=mybot.run:Android Steady Shell PID=1851
/system/xbin/renice -20 1851
/system/xbin/renice -20 1627
D [2017-01-02 17:08:40.963] Using /mnt/shell/emulated/0/Pictures/ for Android shared folder
D [2017-01-02 17:08:40.964] MEmu ADB use /dev/input/event7 for mouse events
L [2017-01-02 17:08:45.323] DEBUG | ERROR on GetOCRCurrent
D [2017-01-02 17:08:47.432] API: $hWind=0x002C08DC,$iMsg=49694,$wParam=0x00000000,$lParam=0x00830874
L [2017-01-02 17:08:50.235] Cannot find train Window...
D [2017-01-02 17:08:50.236] Page error count increased to 1, source: IsTrainPage
L [2017-01-02 17:08:50.237] Quick Train
L [2017-01-02 17:08:51.238] Using Quick Train Tab.
L [2017-01-02 17:08:55.267]  - Error Clicking On Army! You are not on Quick Train Window
L [2017-01-02 17:08:55.518] Using Quick Train Tab.
D [2017-01-02 17:08:57.229] Restore bot window to 3364, 269, caller: GUIControl_WM_NCACTIVATE
D [2017-01-02 17:08:57.234] GUIControl_WM_NCACTIVATE: Activate Bot
L [2017-01-02 17:08:57.464]  - All ok: Clicked On Army: 2| Pixel was :000000
L [2017-01-02 17:08:57.471]  - If needed 'edit' the Army 2 before start the BOT!!!
D [2017-01-02 17:08:57.472] _RunFunction: DonateCC,Train END
D [2017-01-02 17:08:57.600] Enable GUI Controls
D [2017-01-02 17:08:59.010] Redraw MyBot Window
L [2017-01-02 17:08:59.338] ==================== Bot Stop ====================
