2017-01-01 13:21:00 : ============================= ATTACK LOG ==============================
2017-01-01 13:21:00 :                    --------  LOOT --------       ----- BONUS ------
2017-01-01 13:21:00 :  TIME|TROP.|SEARCH|   GOLD| ELIXIR|DARK EL|TR.|S|  GOLD|ELIXIR|  DE|L.
2017-01-01 13:26:06 : 13:26| 1762|     5| 399782| 294855|    405| 10|2| 17000| 17000|   0|G1||200/200|
2017-01-01 14:03:07 : 14:03| 1772|    70| 301804| 277392|    810|  8|1| 16320| 16320|   0|G1||200/200|
2017-01-01 14:24:32 : 14:24| 1780|    23| 306036| 267203|    402| 18|3| 17000| 17000|   0|G1||200/200|
2017-01-01 14:49:40 : 14:49| 1798|     7| 410025| 281369|      0| 13|2| 15300| 15300|   0|G1||200/200|
2017-01-01 15:18:55 : 15:18| 1811|    23| 179736| 190422|    243|  9|1| 17000| 17000|   0|G1||200/200|
2017-01-01 15:44:50 : 15:44| 1820|     4| 228446| 247405|    120|  9|1| 15810| 15810|   0|G1||200/200|
2017-01-01 16:16:31 : 16:16| 1829|     8| 393340| 246931|    405|  6|1| 16660| 16660|   0|G1||200/200|
2017-01-01 16:48:34 : 16:48| 1835|    20| 234099| 222481|    466| 14|2| 17000| 17000|   0|G1||200/200|
2017-01-01 17:22:02 : 17:22| 1849|    40| 199764| 323613|    120|-20|0|     0|     0|   0|--||200/200|
2017-01-01 17:45:54 : 17:45| 1829|     1| 248677| 245802|    462| 10|1| 14280| 14280|   0|G1||200/200|
2017-01-01 18:17:30 : 18:17| 1807|     3| 246559| 292177|    345|  8|1| 16150| 16150|   0|G1||200/200|
2017-01-01 18:51:38 : 18:51| 1815|    20| 272323| 282559|    789|-21|0|     0|     0|   0|--||200/200|
2017-01-01 19:18:11 : 19:18| 1794|    15| 270701| 293612|    810|  6|1| 13770| 13770|   0|G1||200/200|
2017-01-01 19:52:54 : 19:52| 1800|    20| 130500| 184271|     96|  7|1| 17000| 17000|   0|G1||200/200|
2017-01-01 20:20:33 : 20:20| 1807|    11| 181562| 263653|    345|  5|1| 15640| 15640|   0|G1||200/200|
2017-01-01 20:57:36 : 20:57| 1812|    57| 140132| 206941|    141|  9|1| 17000| 17000|   0|G1||200/200|
2017-01-01 21:16:43 : 21:16| 1821|     2| 419413| 339263|    814| 10|2| 15640| 15640|   0|G1||200/200|
2017-01-01 21:52:58 : 21:52| 1831|    18| 342405| 334281|    405|  5|1| 16830| 16830|   0|G1||200/200|
2017-01-02 01:11:57 : ============================= ATTACK LOG ==============================
2017-01-02 01:11:57 :                    --------  LOOT --------       ----- BONUS ------
2017-01-02 01:11:57 :  TIME|TROP.|SEARCH|   GOLD| ELIXIR|DARK EL|TR.|S|  GOLD|ELIXIR|  DE|L.
2017-01-02 01:23:10 : ============================= ATTACK LOG ==============================
2017-01-02 01:23:10 :                    --------  LOOT --------       ----- BONUS ------
2017-01-02 01:23:10 :  TIME|TROP.|SEARCH|   GOLD| ELIXIR|DARK EL|TR.|S|  GOLD|ELIXIR|  DE|L.
2017-01-02 17:00:54 : ============================= ATTACK LOG ==============================
2017-01-02 17:00:54 :                    --------  LOOT --------       ----- BONUS ------
2017-01-02 17:00:54 :  TIME|TROP.|SEARCH|   GOLD| ELIXIR|DARK EL|TR.|S|  GOLD|ELIXIR|  DE|L.
2017-01-02 17:05:01 : ============================= ATTACK LOG ==============================
2017-01-02 17:05:01 :                    --------  LOOT --------       ----- BONUS ------
2017-01-02 17:05:01 :  TIME|TROP.|SEARCH|   GOLD| ELIXIR|DARK EL|TR.|S|  GOLD|ELIXIR|  DE|L.
2017-01-02 17:27:30 : ============================= ATTACK LOG ==============================
2017-01-02 17:27:30 :                    --------  LOOT --------       ----- BONUS ------
2017-01-02 17:27:30 :  TIME|TROP.|SEARCH|   GOLD| ELIXIR|DARK EL|TR.|S|  GOLD|ELIXIR|  DE|L.
2017-01-02 17:34:00 : 17:34| 1850|     9| 344300| 317547|    525|  8|1|     0|     0|   0|--||200/200|
2017-01-02 17:44:52 : 17:44| 1858|    49| 356324| 363057|    693|  6|1| 15300| 15300|   0|G1||200/200|
2017-01-02 18:08:53 : 18:08| 1864|     5| 202555| 204386|    810|  8|1| 17000| 17000|   0|G1||200/200|
2017-01-02 18:40:23 : 18:40| 1872|    17| 379803| 468362|    504|  7|1| 15130| 15130|   0|G1||200/200|
2017-01-02 19:07:28 : 19:07| 1879|     7| 219304| 177033|    120|  5|1| 15810| 15810|   0|G1||200/200|
2017-01-02 19:42:29 : 19:42| 1884|    66| 354885| 332055|    810|  7|1| 15470| 15470|   0|G1||200/200|
2017-01-02 20:07:03 : 20:07| 1891|    43| 325334| 303100|    130|  9|1| 14450| 14450|   0|G1||200/200|
