D [2016-12-31 05:51:38.177] Save Config C:\CDR\MyBot6_5x\Profiles\Gary\config.ini
D [2016-12-31 05:51:40.106] Save Building Config C:\CDR\MyBot6_5x\Profiles\Gary\building.ini
D [2016-12-31 05:51:40.667] Read Building Config C:\CDR\MyBot6_5x\Profiles\Gary\building.ini
D [2016-12-31 05:51:40.680] Read Config C:\CDR\MyBot6_5x\Profiles\Gary\config.ini
D [2016-12-31 05:51:40.756] Apply Config
D [2016-12-31 05:51:41.023] Disable GUI Controls
D [2016-12-31 05:51:41.380] GUIControl_WM_NCACTIVATE: Deactivate Bot
D [2016-12-31 05:51:42.568] Redraw MyBot Window
D [2016-12-31 05:51:42.605] Android Window Handle: 0x0005187C
D [2016-12-31 05:51:42.606] InitiateLayout: MEmu_1 Android-ClientSize: 860 x 732
D [2016-12-31 05:51:42.607] CheckScreenAndroid: Window size 908 x 770
D [2016-12-31 05:51:42.881] MEmu font_scale = 1
L [2016-12-31 05:51:43.989]  My Bot v6.5.2.r2601 (MEmu_1) Powered by MyBot.run ~
D [2016-12-31 05:51:43.994] GUIControl_WM_NCACTIVATE: Deactivate Bot
L [2016-12-31 05:51:43.997] MyBot.run.exe Executable running on WIN_10  X64
L [2016-12-31 05:51:43.998] =================== Bot Start ====================
L [2016-12-31 05:51:43.998] ------------------------  Current Profile: Gary -------------------------
L [2016-12-31 05:51:43.000] Trying to locate Main Screen
D [2016-12-31 05:51:44.305] GetVillageSize measured: 480.005953201996, Zoom factor: 1.01352002904998, Offset: 9, -1
D [2016-12-31 05:51:44.306] Center Village by: 9, -1
D [2016-12-31 05:51:45.911] GetVillageSize cannot find stone
D [2016-12-31 05:51:45.911] Centered Village Offset: 0, 0, change: -9, 1
L [2016-12-31 05:51:45.912] Zooming Out
D [2016-12-31 05:51:47.225] API: $hWind=0x00072E72,$iMsg=49694,$wParam=0x00000000,$lParam=0x004304AA
D [2016-12-31 05:51:47.758] GetVillageSize measured: 480.005953201996, Zoom factor: 1.01352002904998, Offset: 42, 10
D [2016-12-31 05:51:48.759] Center Village by: 42, 10
D [2016-12-31 05:51:50.439] GetVillageSize measured: 480.005953201996, Zoom factor: 1.01352002904998, Offset: 38, -38
D [2016-12-31 05:51:51.440] Village Offset updated to 38, -38, 1.01352002904998
D [2016-12-31 05:51:51.445] Centered Village Offset: 38, -38, change: -4, -48
D [2016-12-31 05:51:51.886] GetVillageSize measured: 480.005953201996, Zoom factor: 1.01352002904998, Offset: 38, -38
L [2016-12-31 05:51:52.889] Main Screen Located
D [2016-12-31 05:51:53.716] GetVillageSize measured: 480.005953201996, Zoom factor: 1.01352002904998, Offset: 38, -38
D [2016-12-31 05:51:54.156] GUIControl_WM_NCACTIVATE: Deactivate Bot
L [2016-12-31 05:51:54.849] Detecting your Buildings..
D [2016-12-31 05:51:54.956] GUIControl_WM_NCACTIVATE: Deactivate Bot
L [2016-12-31 05:51:55.851] Detecting your Village Theme
L [2016-12-31 05:51:56.220] Normal Theme detected
L [2016-12-31 05:51:57.403] Language setting is English: Correct.
L [2016-12-31 05:51:58.405] Trying to locate Main Screen
D [2016-12-31 05:51:58.704] GetVillageSize measured: 480.005953201996, Zoom factor: 1.01352002904998, Offset: -23, -38
D [2016-12-31 05:51:58.704] Center Village by: -23, -38
D [2016-12-31 05:52:00.483] GetVillageSize measured: 480.164180780751, Zoom factor: 1.01385412244851, Offset: 3, 4
D [2016-12-31 05:52:00.484] Village Offset updated to 3, 4, 1.01385412244851
D [2016-12-31 05:52:00.485] Centered Village Offset: 3, 4, change: 26, 42
L [2016-12-31 05:52:00.485] Main Screen Located
D [2016-12-31 05:52:02.306] API: $hWind=0x00072E72,$iMsg=49694,$wParam=0x00000000,$lParam=0x004304AA
L [2016-12-31 05:52:05.342] Total Army Camp capacity: 240/240 (100%)
D [2016-12-31 05:52:06.135] MEmu time lag is 0 sec/min (avg for 9249 sec)
D [2016-12-31 05:52:07.330] GetVillageSize measured: 480.164180780751, Zoom factor: 1.01385412244851, Offset: 3, 4
D [2016-12-31 05:52:07.645] GUIControl_WM_NCACTIVATE: Deactivate Bot
L [2016-12-31 05:52:08.050] Village Report
L [2016-12-31 05:52:08.236]  [T]: 2 367
L [2016-12-31 05:52:08.334]  [G]: 5 206 004 [E]: 3 784 763 [D]: 166 613 [GEM]: 1 369
D [2016-12-31 05:52:08.461] GUIControl_WM_NCACTIVATE: Deactivate Bot
D [2016-12-31 05:52:09.114] GetVillageSize measured: 480.164180780751, Zoom factor: 1.01385412244851, Offset: 3, 4
D [2016-12-31 05:52:09.118] _RunFunction: CleanYard BEGIN
D [2016-12-31 05:52:09.118] _RunFunction: CleanYard END
D [2016-12-31 05:52:09.119] _RunFunction: ReArm BEGIN
D [2016-12-31 05:52:09.320] _RunFunction: ReArm END
D [2016-12-31 05:52:09.320] _RunFunction: Collect BEGIN
L [2016-12-31 05:52:10.262] Collecting Resources
D [2016-12-31 05:52:17.195] GetVillageSize measured: 480.164180780751, Zoom factor: 1.01385412244851, Offset: 3, 4
L [2016-12-31 05:52:17.199] Searching for a Loot Cart..
D [2016-12-31 05:52:17.766] API: $hWind=0x00072E72,$iMsg=49694,$wParam=0x00000000,$lParam=0x004304AA
L [2016-12-31 05:52:17.770] No Loot Cart found, Yard is clean!
D [2016-12-31 05:52:19.573] _RunFunction: Collect END
D [2016-12-31 05:52:19.574] _RunFunction: CheckTombs BEGIN
D [2016-12-31 05:52:19.775] _RunFunction: CheckTombs END
L [2016-12-31 05:52:19.776] Waiting, Add random delay of 52 seconds.
D [2016-12-31 05:52:32.342] API: $hWind=0x00072E72,$iMsg=49694,$wParam=0x00000000,$lParam=0x004304AA
D [2016-12-31 05:52:47.281] API: $hWind=0x00072E72,$iMsg=49694,$wParam=0x00000000,$lParam=0x004304AA
D [2016-12-31 05:53:02.311] API: $hWind=0x00072E72,$iMsg=49694,$wParam=0x00000000,$lParam=0x004304AA
D [2016-12-31 05:53:11.811] _RunFunction: ReplayShare BEGIN
D [2016-12-31 05:53:12.012] _RunFunction: ReplayShare END
D [2016-12-31 05:53:12.034] MEmu time lag is 0 sec/min (avg for 65 sec)
D [2016-12-31 05:53:12.034] _RunFunction: BoostQueen BEGIN
D [2016-12-31 05:53:12.035] _RunFunction: BoostQueen END
D [2016-12-31 05:53:12.035] _RunFunction: BoostSpellFactory BEGIN
D [2016-12-31 05:53:12.036] _RunFunction: BoostSpellFactory END
D [2016-12-31 05:53:12.036] _RunFunction: RequestCC BEGIN
D [2016-12-31 05:53:13.292] GetVillageSize measured: 480.164180780751, Zoom factor: 1.01385412244851, Offset: 3, 4
D [2016-12-31 05:53:13.296] _RunFunction: RequestCC END
D [2016-12-31 05:53:13.297] _RunFunction: BoostWarden BEGIN
D [2016-12-31 05:53:13.297] _RunFunction: BoostWarden END
D [2016-12-31 05:53:13.298] _RunFunction: NotifyReport BEGIN
D [2016-12-31 05:53:14.116] GetVillageSize measured: 480.164180780751, Zoom factor: 1.01385412244851, Offset: 3, 4
D [2016-12-31 05:53:14.322] _RunFunction: NotifyReport END
D [2016-12-31 05:53:14.323] _RunFunction: DonateCC,Train BEGIN
L [2016-12-31 05:53:14.403] Checking for Donate Requests in Clan Chat
D [2016-12-31 05:53:17.360] API: $hWind=0x00072E72,$iMsg=49694,$wParam=0x00000000,$lParam=0x004304AA
D [2016-12-31 05:53:18.590] GetVillageSize measured: 480.164180780751, Zoom factor: 1.01385412244851, Offset: 3, 4
D [2016-12-31 05:53:19.628] GUIControl_WM_NCACTIVATE: Deactivate Bot
L [2016-12-31 05:53:20.465]  - Army Window Opened!
D [2016-12-31 05:53:20.721] GUIControl_WM_NCACTIVATE: Deactivate Bot
D [2016-12-31 05:53:21.252] Restore bot window to 909, 2, caller: GUIControl_WM_NCACTIVATE
D [2016-12-31 05:53:21.256] GUIControl_WM_NCACTIVATE: Activate Bot
D [2016-12-31 05:53:21.909] _RunFunction: DonateCC,Train END
D [2016-12-31 05:53:22.052] Enable GUI Controls
D [2016-12-31 05:53:22.131] GUIControl_WM_NCACTIVATE: Deactivate Bot
D [2016-12-31 05:53:23.701] Redraw MyBot Window
L [2016-12-31 05:53:24.013] ==================== Bot Stop ====================
D [2016-12-31 05:53:24.018] GUIControl_WM_NCACTIVATE: Deactivate Bot
