D [2016-12-31 06:11:00.282] Save Config C:\CDR\MyBot6_5x\Profiles\Gary\config.ini
D [2016-12-31 06:11:02.321] Save Building Config C:\CDR\MyBot6_5x\Profiles\Gary\building.ini
D [2016-12-31 06:11:02.902] Read Building Config C:\CDR\MyBot6_5x\Profiles\Gary\building.ini
D [2016-12-31 06:11:02.916] Read Config C:\CDR\MyBot6_5x\Profiles\Gary\config.ini
D [2016-12-31 06:11:02.997] Apply Config
D [2016-12-31 06:11:03.311] Disable GUI Controls
D [2016-12-31 06:11:03.828] API: $hWind=0x00072E72,$iMsg=49694,$wParam=0x00000000,$lParam=0x004304AA
D [2016-12-31 06:11:04.897] Redraw MyBot Window
D [2016-12-31 06:11:04.934] Android Window Handle: 0x0005187C
D [2016-12-31 06:11:04.935] InitiateLayout: MEmu_1 Android-ClientSize: 860 x 732
D [2016-12-31 06:11:04.936] CheckScreenAndroid: Window size 908 x 770
D [2016-12-31 06:11:05.199] MEmu font_scale = 1
D [2016-12-31 06:11:05.303] GUIControl_WM_NCACTIVATE: Deactivate Bot
D [2016-12-31 06:11:05.562] Restore bot window to 909, 2, caller: GUIControl_WM_NCACTIVATE
D [2016-12-31 06:11:05.564] GUIControl_WM_NCACTIVATE: Activate Bot
L [2016-12-31 06:11:05.816]  My Bot v6.5.2.r2601 (MEmu_1) Powered by MyBot.run ~
L [2016-12-31 06:11:05.825] MyBot.run.exe Executable running on WIN_10  X64
L [2016-12-31 06:11:05.825] =================== Bot Start ====================
L [2016-12-31 06:11:05.826] ------------------------  Current Profile: Gary -------------------------
L [2016-12-31 06:11:05.828] Trying to locate Main Screen
D [2016-12-31 06:11:06.098] GetVillageSize measured: 487.190438013048, Zoom factor: 1.02868988101918, Offset: 10, 9
D [2016-12-31 06:11:06.098] Village Offset updated to 10, 9, 1.02868988101918
L [2016-12-31 06:11:06.100] Zooming Out
D [2016-12-31 06:11:07.914] GetVillageSize measured: 486.409077215769, Zoom factor: 1.02704005811037, Offset: 10, 9
D [2016-12-31 06:11:07.914] Village Offset updated to 10, 9, 1.02704005811037
L [2016-12-31 06:11:07.917] Main Screen Located
D [2016-12-31 06:11:08.155] GetVillageSize measured: 487.190438013048, Zoom factor: 1.02868988101918, Offset: 10, 9
D [2016-12-31 06:11:08.156] Village Offset updated to 10, 9, 1.02868988101918
L [2016-12-31 06:11:09.173] Detecting your Buildings..
L [2016-12-31 06:11:10.175] Detecting your Village Theme
L [2016-12-31 06:11:10.564] Snow Theme detected
L [2016-12-31 06:11:11.736] Language setting is English: Correct.
L [2016-12-31 06:11:12.739] Trying to locate Main Screen
D [2016-12-31 06:11:13.042] GetVillageSize measured: 487.190438013048, Zoom factor: 1.02868988101918, Offset: 10, 9
L [2016-12-31 06:11:13.044] Main Screen Located
L [2016-12-31 06:11:15.371] Total Army Camp capacity: 240/240 (100%)
D [2016-12-31 06:11:16.049] MEmu time lag is 0 sec/min (avg for 190 sec)
D [2016-12-31 06:11:17.118] GetVillageSize measured: 487.190438013048, Zoom factor: 1.02868988101918, Offset: 10, 9
L [2016-12-31 06:11:17.834] Village Report
L [2016-12-31 06:11:17.930]  [T]: 2 367
L [2016-12-31 06:11:18.026]  [G]: 5 173 017 [E]: 3 843 773 [D]: 167 305 [GEM]: 1 369
D [2016-12-31 06:11:18.825] GetVillageSize measured: 487.190438013048, Zoom factor: 1.02868988101918, Offset: 10, 9
D [2016-12-31 06:11:18.830] _RunFunction: Collect BEGIN
D [2016-12-31 06:11:18.847] API: $hWind=0x00072E72,$iMsg=49694,$wParam=0x00000000,$lParam=0x004304AA
L [2016-12-31 06:11:19.581] Collecting Resources
D [2016-12-31 06:11:26.546] GetVillageSize measured: 487.190438013048, Zoom factor: 1.02868988101918, Offset: 10, 9
L [2016-12-31 06:11:26.550] Searching for a Loot Cart..
L [2016-12-31 06:11:27.064] No Loot Cart found, Yard is clean!
D [2016-12-31 06:11:28.830] _RunFunction: Collect END
D [2016-12-31 06:11:28.830] _RunFunction: CleanYard BEGIN
D [2016-12-31 06:11:28.830] _RunFunction: CleanYard END
D [2016-12-31 06:11:28.831] _RunFunction: CheckTombs BEGIN
D [2016-12-31 06:11:29.031] _RunFunction: CheckTombs END
D [2016-12-31 06:11:29.032] _RunFunction: ReArm BEGIN
D [2016-12-31 06:11:29.234] _RunFunction: ReArm END
L [2016-12-31 06:11:29.235] Waiting, Add random delay of 17 seconds.
D [2016-12-31 06:11:33.877] API: $hWind=0x00072E72,$iMsg=49694,$wParam=0x00000000,$lParam=0x004304AA
D [2016-12-31 06:11:46.303] _RunFunction: ReplayShare BEGIN
D [2016-12-31 06:11:46.504] _RunFunction: ReplayShare END
D [2016-12-31 06:11:46.504] _RunFunction: BoostBarracks BEGIN
D [2016-12-31 06:11:46.505] _RunFunction: BoostBarracks END
D [2016-12-31 06:11:46.506] _RunFunction: BoostWarden BEGIN
D [2016-12-31 06:11:46.506] _RunFunction: BoostWarden END
D [2016-12-31 06:11:46.506] _RunFunction: RequestCC BEGIN
D [2016-12-31 06:11:47.788] GetVillageSize measured: 487.190438013048, Zoom factor: 1.02868988101918, Offset: 10, 9
D [2016-12-31 06:11:47.792] _RunFunction: RequestCC END
D [2016-12-31 06:11:47.793] _RunFunction: BoostSpellFactory BEGIN
D [2016-12-31 06:11:47.793] _RunFunction: BoostSpellFactory END
D [2016-12-31 06:11:47.794] _RunFunction: BoostQueen BEGIN
D [2016-12-31 06:11:47.794] _RunFunction: BoostQueen END
D [2016-12-31 06:11:47.795] _RunFunction: NotifyReport BEGIN
D [2016-12-31 06:11:48.619] GetVillageSize measured: 487.190438013048, Zoom factor: 1.02868988101918, Offset: 10, 9
D [2016-12-31 06:11:48.824] _RunFunction: NotifyReport END
D [2016-12-31 06:11:48.824] _RunFunction: BoostKing BEGIN
D [2016-12-31 06:11:48.825] _RunFunction: BoostKing END
D [2016-12-31 06:11:48.825] _RunFunction: DonateCC,Train BEGIN
D [2016-12-31 06:11:48.870] API: $hWind=0x00072E72,$iMsg=49694,$wParam=0x00000000,$lParam=0x004304AA
L [2016-12-31 06:11:48.910] Checking for Donate Requests in Clan Chat
D [2016-12-31 06:11:50.374] AdbScreencap: 90/92/87 ms (all/10/1),84,0,l=188,t=23,w=2,h=2, 23AEA134B5E5638F5C87BF7B4993E73524D48266: w=860,h=732,f=1
D [2016-12-31 06:11:52.985] GetVillageSize measured: 487.190438013048, Zoom factor: 1.02868988101918, Offset: 10, 9
L [2016-12-31 06:11:54.857]  - Army Window Opened!
L [2016-12-31 06:11:56.535] Total Army Camp capacity: 240/240 (100%)
L [2016-12-31 06:11:56.765]  - Barbarian King available
L [2016-12-31 06:11:56.774]  - Archer Queen available
L [2016-12-31 06:11:56.999] Total Spell(s) Capacity: 11/11
L [2016-12-31 06:11:57.696] - Castle full/no clan.
L [2016-12-31 06:11:57.866]  - Army Camp: 240/240
L [2016-12-31 06:11:57.878]  - Spells: 11/11
L [2016-12-31 06:11:57.878]  - Clan Castle: 35/35
L [2016-12-31 06:11:57.879] Chief, are your Army ready for battle? Yes, they are!
L [2016-12-31 06:11:58.565]  - 16 Barbarians Available
L [2016-12-31 06:11:58.579]  - 80 Archers Available
L [2016-12-31 06:11:58.580]  - 16 Giants Available
L [2016-12-31 06:11:58.581]  - 16 Wizards Available
L [2016-12-31 06:11:59.036]  - 3 Rage Spells Brewed
L [2016-12-31 06:11:59.037]  - 2 Jump Spells Brewed
L [2016-12-31 06:11:59.038]  - 1 Poison Spell Brewed
L [2016-12-31 06:11:59.039]  - Your Army is Full, let's make troops before Attack!
D [2016-12-31 06:12:04.061] API: $hWind=0x00072E72,$iMsg=49694,$wParam=0x00000000,$lParam=0x004304AA
L [2016-12-31 06:12:05.231]  - Opened the Train Troops
L [2016-12-31 06:12:05.234] Ice Wizard Troop not detected!
L [2016-12-31 06:12:09.668]  - Opened the Brew Spells
L [2016-12-31 06:12:18.482]  - Opened the Train Troops
L [2016-12-31 06:12:18.843]  - Your army is: 240
L [2016-12-31 06:12:18.843]  - Checking: FULL Queue and Not Full Army
D [2016-12-31 06:12:19.031] API: $hWind=0x00072E72,$iMsg=49694,$wParam=0x00000000,$lParam=0x004304AA
L [2016-12-31 06:12:20.548]  - Conditions met: FULL Queue and Not Full Army
L [2016-12-31 06:12:22.666]  - Opened the Quick Train
L [2016-12-31 06:12:23.667] Using Quick Train Tab.
L [2016-12-31 06:12:23.766]  - All ok: Clicked On Army: 1| Pixel was :909090
L [2016-12-31 06:12:23.767]  - If needed 'edit' the Army 1 before start the BOT!!!
L [2016-12-31 06:12:24.018] Using Quick Train Tab.
L [2016-12-31 06:12:24.116]  - All ok: Clicked On Army: 2| Pixel was :8D8D8D
L [2016-12-31 06:12:24.117]  - If needed 'edit' the Army 2 before start the BOT!!!
L [2016-12-31 06:12:24.368] Using Quick Train Tab.
L [2016-12-31 06:12:24.465]  - All ok: Clicked On Army: 3| Pixel was :8D8D8D
L [2016-12-31 06:12:24.466]  - If needed 'edit' the Army 3 before start the BOT!!!
L [2016-12-31 06:12:24.751] Using Quick Train Tab.
L [2016-12-31 06:12:24.881]  - All ok: Clicked On Army: 3| Pixel was :8D8D8D
L [2016-12-31 06:12:24.882]  - If needed 'edit' the Army 3 before start the BOT!!!
L [2016-12-31 06:12:25.133] Using Quick Train Tab.
L [2016-12-31 06:12:25.145]  - All ok: Clicked On Army: 3| Pixel was :8D8D8D
L [2016-12-31 06:12:25.146]  - If needed 'edit' the Army 3 before start the BOT!!!
L [2016-12-31 06:12:25.398]  - Do nothing and hope Quick Train fills it
L [2016-12-31 06:12:25.399]  - Checking: Empty Queue and Not Full Army
L [2016-12-31 06:12:31.639]  - Opened the Train Troops
D [2016-12-31 06:12:34.018] API: $hWind=0x00072E72,$iMsg=49694,$wParam=0x00000000,$lParam=0x004304AA
L [2016-12-31 06:12:35.467]  - Army Window Closed!
D [2016-12-31 06:12:37.179] _RunFunction: DonateCC,Train END
D [2016-12-31 06:12:37.180] _RunFunction: Laboratory BEGIN
D [2016-12-31 06:12:37.684] GetVillageSize measured: 487.190438013048, Zoom factor: 1.02868988101918, Offset: 10, 9
D [2016-12-31 06:12:37.688] _RunFunction: Laboratory END
D [2016-12-31 06:12:37.699] MEmu time lag is 0 sec/min (avg for 81 sec)
D [2016-12-31 06:12:37.699] _RunFunction: UpgradeBuilding BEGIN
D [2016-12-31 06:12:37.900] _RunFunction: UpgradeBuilding END
D [2016-12-31 06:12:37.900] _RunFunction: UpgradeHeroes BEGIN
D [2016-12-31 06:12:38.102] _RunFunction: UpgradeHeroes END
D [2016-12-31 06:12:38.874] GetVillageSize measured: 487.190438013048, Zoom factor: 1.02868988101918, Offset: 10, 9
L [2016-12-31 06:12:41.135] Total Army Camp capacity: 240/240 (100%)
L [2016-12-31 06:12:41.747] Going to Attack...
L [2016-12-31 06:12:46.797] ==================================================
L [2016-12-31 06:12:46.798] Aim:           [G+E]: 319000 [D]:    0 for: Dead Base
L [2016-12-31 06:12:46.799] ==================================================
D [2016-12-31 06:12:47.584] AdbScreencap: 89/53/45 ms (all/10/1),42,0,l=24,t=605,w=2,h=2, 23AEA134B5E5638F5C87BF7B4993E73524D48266: w=860,h=732,f=1
D [2016-12-31 06:12:49.101] API: $hWind=0x00072E72,$iMsg=49694,$wParam=0x00000000,$lParam=0x004304AA
D [2016-12-31 06:13:04.049] API: $hWind=0x00072E72,$iMsg=49694,$wParam=0x00000000,$lParam=0x004304AA
D [2016-12-31 06:13:05.181] AdbScreencap: 89/49/45 ms (all/10/1),42,0,l=24,t=605,w=2,h=2, 23AEA134B5E5638F5C87BF7B4993E73524D48266: w=860,h=732,f=1
D [2016-12-31 06:13:11.787] GUIControl_WM_NCACTIVATE: Deactivate Bot
D [2016-12-31 06:13:11.941] Restore bot window to 909, 2, caller: GUIControl_WM_NCACTIVATE
D [2016-12-31 06:13:11.944] GUIControl_WM_NCACTIVATE: Activate Bot
D [2016-12-31 06:13:17.557] GetVillageSize measured: 476.413956806172, Zoom factor: 1.00593562250845, Offset: 12, 9
D [2016-12-31 06:13:17.558] Village Offset (VillageSearch) updated to 12, 9, 1.00593562250845
L [2016-12-31 06:13:18.269]   1> [G]: 173967 [E]: 457076 [D]: 1504 [T]:16
L [2016-12-31 06:13:18.277]       Not a Dead Base
D [2016-12-31 06:13:19.290] API: $hWind=0x00072E72,$iMsg=49694,$wParam=0x00000000,$lParam=0x004304AA
D [2016-12-31 06:13:33.734] AdbScreencap: 89/48/55 ms (all/10/1),51,0,l=252,t=424,w=2,h=2, 23AEA134B5E5638F5C87BF7B4993E73524D48266: w=860,h=732,f=1
D [2016-12-31 06:13:34.248] API: $hWind=0x00072E72,$iMsg=49694,$wParam=0x00000000,$lParam=0x004304AA
D [2016-12-31 06:13:41.266] GetVillageSize measured: 476.413956806172, Zoom factor: 1.00593562250845, Offset: 12, 9
L [2016-12-31 06:13:41.959]   2> [G]: 350253 [E]: 111149 [D]:  521 [T]:24
L [2016-12-31 06:13:41.967]       Not a Dead Base
D [2016-12-31 06:13:41.978] MEmu time lag is 0 sec/min (avg for 64 sec)
D [2016-12-31 06:13:49.251] API: $hWind=0x00072E72,$iMsg=49694,$wParam=0x00000000,$lParam=0x004304AA
D [2016-12-31 06:13:59.401] GetVillageSize measured: 477.194992395467, Zoom factor: 1.00758475874909, Offset: 7, 9
D [2016-12-31 06:13:59.402] Village Offset (VillageSearch) updated to 7, 9, 1.00758475874909
L [2016-12-31 06:14:00.075]   3> [G]: 349047 [E]: 249908 [D]: 1371 [T]:22
L [2016-12-31 06:14:00.084]       Not a Dead Base
D [2016-12-31 06:14:04.337] API: $hWind=0x00072E72,$iMsg=49694,$wParam=0x00000000,$lParam=0x004304AA
D [2016-12-31 06:14:05.931] AdbScreencap: 89/63/78 ms (all/10/1),73,0,l=24,t=605,w=2,h=2, 23AEA134B5E5638F5C87BF7B4993E73524D48266: w=860,h=732,f=1
D [2016-12-31 06:14:17.055] GetVillageSize measured: 477.194992395467, Zoom factor: 1.00758475874909, Offset: 8, 9
D [2016-12-31 06:14:17.055] Village Offset (VillageSearch) updated to 8, 9, 1.00758475874909
L [2016-12-31 06:14:17.742]   4> [G]: 453781 [E]: 146819 [D]: 1645 [T]:27
L [2016-12-31 06:14:17.752]       Not a Dead Base
D [2016-12-31 06:14:19.325] API: $hWind=0x00072E72,$iMsg=49694,$wParam=0x00000000,$lParam=0x004304AA
D [2016-12-31 06:14:31.693] AdbScreencap: 89/93/68 ms (all/10/1),62,0,l=0,t=0,w=860,h=732, 23AEA134B5E5638F5C87BF7B4993E73524D48266: w=860,h=732,f=1
D [2016-12-31 06:14:31.805] GetVillageSize measured: 477.194992395467, Zoom factor: 1.00758475874909, Offset: 15, 9
D [2016-12-31 06:14:31.806] Village Offset (VillageSearch) updated to 15, 9, 1.00758475874909
L [2016-12-31 06:14:32.507]   5> [G]: 142174 [E]: 486296 [D]: 3417 [T]:30
L [2016-12-31 06:14:32.516]       Not a Dead Base
D [2016-12-31 06:14:34.335] API: $hWind=0x00072E72,$iMsg=49694,$wParam=0x00000000,$lParam=0x004304AA
D [2016-12-31 06:14:49.390] API: $hWind=0x00072E72,$iMsg=49694,$wParam=0x00000000,$lParam=0x004304AA
D [2016-12-31 06:14:51.713] GetVillageSize measured: 487.814620545196, Zoom factor: 1.03000782612777, Offset: 0, 9
D [2016-12-31 06:14:51.714] Village Offset (VillageSearch) updated to 0, 9, 1.03000782612777
L [2016-12-31 06:14:51.716]   6> [G]:  97139 [E]:  69552 [D]:  593 [T]:32
D [2016-12-31 06:14:51.734] MEmu time lag is 0 sec/min (avg for 69 sec)
D [2016-12-31 06:15:03.989] AdbScreencap: 89/49/55 ms (all/10/1),51,0,l=252,t=424,w=2,h=2, 23AEA134B5E5638F5C87BF7B4993E73524D48266: w=860,h=732,f=1
D [2016-12-31 06:15:04.344] API: $hWind=0x00072E72,$iMsg=49694,$wParam=0x00000000,$lParam=0x004304AA
L [2016-12-31 06:15:17.296] Bot was Paused!
D [2016-12-31 06:15:18.509] GUIControl_WM_NCACTIVATE: Deactivate Bot
D [2016-12-31 06:15:19.417] API: $hWind=0x00072E72,$iMsg=49694,$wParam=0x00000000,$lParam=0x004304AA
D [2016-12-31 06:15:34.417] API: $hWind=0x00072E72,$iMsg=49694,$wParam=0x00000000,$lParam=0x004304AA
D [2016-12-31 06:15:49.416] API: $hWind=0x00072E72,$iMsg=49694,$wParam=0x00000000,$lParam=0x004304AA
D [2016-12-31 06:16:04.443] API: $hWind=0x00072E72,$iMsg=49694,$wParam=0x00000000,$lParam=0x004304AA
D [2016-12-31 06:16:13.411] Restore bot window to 909, 2, caller: GUIControl_WM_NCACTIVATE
D [2016-12-31 06:16:13.413] GUIControl_WM_NCACTIVATE: Activate Bot
L [2016-12-31 06:16:13.547] Cloud wait time 1.2 minute(s)
L [2016-12-31 06:16:13.702] Initiating attack for: Dead Base
L [2016-12-31 06:16:13.751]  ====== Start Attack ====== 
L [2016-12-31 06:16:13.752] Checking if the battle has finished
L [2016-12-31 06:16:14.017] Returning Home
D [2016-12-31 06:16:14.149] Enable GUI Controls
D [2016-12-31 06:16:15.637] Redraw MyBot Window
L [2016-12-31 06:16:15.927] ==================== Bot Stop ====================
