D [2016-12-31 05:53:53.030] Save Config C:\CDR\MyBot6_5x\Profiles\Gary\config.ini
D [2016-12-31 05:53:55.196] Save Building Config C:\CDR\MyBot6_5x\Profiles\Gary\building.ini
D [2016-12-31 05:53:55.798] Read Building Config C:\CDR\MyBot6_5x\Profiles\Gary\building.ini
D [2016-12-31 05:53:55.811] Read Config C:\CDR\MyBot6_5x\Profiles\Gary\config.ini
D [2016-12-31 05:53:55.898] Apply Config
D [2016-12-31 05:53:56.170] Disable GUI Controls
D [2016-12-31 05:53:57.805] Redraw MyBot Window
D [2016-12-31 05:53:57.849] Android Window Handle: 0x0005187C
D [2016-12-31 05:53:57.850] InitiateLayout: MEmu_1 Android-ClientSize: 860 x 732
D [2016-12-31 05:53:57.851] CheckScreenAndroid: Window size 908 x 770
D [2016-12-31 05:53:58.116] MEmu font_scale = 1
D [2016-12-31 05:53:58.220] GUIControl_WM_NCACTIVATE: Deactivate Bot
D [2016-12-31 05:53:58.485] Restore bot window to 909, 2, caller: GUIControl_WM_NCACTIVATE
D [2016-12-31 05:53:58.487] GUIControl_WM_NCACTIVATE: Activate Bot
L [2016-12-31 05:53:58.739]  My Bot v6.5.2.r2601 (MEmu_1) Powered by MyBot.run ~
L [2016-12-31 05:53:58.747] MyBot.run.exe Executable running on WIN_10  X64
L [2016-12-31 05:53:58.747] =================== Bot Start ====================
L [2016-12-31 05:53:58.748] ------------------------  Current Profile: Gary -------------------------
L [2016-12-31 05:53:58.749] Trying to locate Main Screen
D [2016-12-31 05:53:59.151] GetVillageSize measured: 479.381985241978, Zoom factor: 1.01220253700484, Offset: 40, 11
D [2016-12-31 05:53:59.151] Center Village by: 40, 11
D [2016-12-31 05:54:00.934] GetVillageSize measured: 480.005953201996, Zoom factor: 1.01352002904998, Offset: -3, -2
D [2016-12-31 05:54:00.934] Village Offset updated to -3, -2, 1.01352002904998
D [2016-12-31 05:54:00.936] Centered Village Offset: -3, -2, change: -43, -13
L [2016-12-31 05:54:00.939] Zooming Out
D [2016-12-31 05:54:02.448] API: $hWind=0x00072E72,$iMsg=49694,$wParam=0x00000000,$lParam=0x004304AA
D [2016-12-31 05:54:02.807] GetVillageSize measured: 479.381985241978, Zoom factor: 1.01220253700484, Offset: -4, -2
D [2016-12-31 05:54:02.807] Center Village by: -4, -2
D [2016-12-31 05:54:04.537] GetVillageSize measured: 479.381985241978, Zoom factor: 1.01220253700484, Offset: 1, 0
D [2016-12-31 05:54:04.538] Village Offset updated to 1, 0, 1.01220253700484
D [2016-12-31 05:54:04.540] Centered Village Offset: 1, 0, change: 5, 2
L [2016-12-31 05:54:04.541] Main Screen Located
D [2016-12-31 05:54:04.724] GetVillageSize measured: 479.381985241978, Zoom factor: 1.01220253700484, Offset: 1, 0
L [2016-12-31 05:54:05.740] Detecting your Buildings..
L [2016-12-31 05:54:06.741] Detecting your Village Theme
L [2016-12-31 05:54:07.098] Snow Theme detected
L [2016-12-31 05:54:08.335] Language setting is English: Correct.
L [2016-12-31 05:54:09.336] Trying to locate Main Screen
D [2016-12-31 05:54:09.606] GetVillageSize measured: 479.381985241978, Zoom factor: 1.01220253700484, Offset: 1, 0
L [2016-12-31 05:54:09.608] Main Screen Located
L [2016-12-31 05:54:12.004] Total Army Camp capacity: 240/240 (100%)
D [2016-12-31 05:54:12.736] MEmu time lag is 0 sec/min (avg for 60 sec)
D [2016-12-31 05:54:13.887] GetVillageSize measured: 479.381985241978, Zoom factor: 1.01220253700484, Offset: 1, 0
L [2016-12-31 05:54:14.605] Village Report
L [2016-12-31 05:54:14.714]  [T]: 2 367
L [2016-12-31 05:54:14.815]  [G]: 5 243 017 [E]: 3 844 173 [D]: 167 296 [GEM]: 1 369
D [2016-12-31 05:54:15.583] GetVillageSize measured: 479.381985241978, Zoom factor: 1.01220253700484, Offset: 1, 0
D [2016-12-31 05:54:15.587] _RunFunction: CheckTombs BEGIN
D [2016-12-31 05:54:15.788] _RunFunction: CheckTombs END
D [2016-12-31 05:54:15.788] _RunFunction: ReArm BEGIN
D [2016-12-31 05:54:15.990] _RunFunction: ReArm END
D [2016-12-31 05:54:15.991] _RunFunction: Collect BEGIN
L [2016-12-31 05:54:16.938] Collecting Resources
D [2016-12-31 05:54:17.446] API: $hWind=0x00072E72,$iMsg=49694,$wParam=0x00000000,$lParam=0x004304AA
D [2016-12-31 05:54:18.238] AdbScreencap: 90/101/108 ms (all/10/1),104,0,l=252,t=424,w=2,h=2, 23AEA134B5E5638F5C87BF7B4993E73524D48266: w=860,h=732,f=1
D [2016-12-31 05:54:19.342] GetVillageSize measured: 479.381985241978, Zoom factor: 1.01220253700484, Offset: 1, 0
L [2016-12-31 05:54:19.360] Searching for a Loot Cart..
L [2016-12-31 05:54:19.918] No Loot Cart found, Yard is clean!
D [2016-12-31 05:54:21.669] _RunFunction: Collect END
D [2016-12-31 05:54:21.670] _RunFunction: CleanYard BEGIN
D [2016-12-31 05:54:21.670] _RunFunction: CleanYard END
L [2016-12-31 05:54:21.671] Waiting, Add random delay of 38 seconds.
D [2016-12-31 05:54:32.469] API: $hWind=0x00072E72,$iMsg=49694,$wParam=0x00000000,$lParam=0x004304AA
D [2016-12-31 05:54:46.498] GUIControl_WM_NCACTIVATE: Deactivate Bot
D [2016-12-31 05:54:47.509] API: $hWind=0x00072E72,$iMsg=49694,$wParam=0x00000000,$lParam=0x004304AA
D [2016-12-31 05:54:59.700] _RunFunction: NotifyReport BEGIN
D [2016-12-31 05:55:00.529] GetVillageSize measured: 479.381985241978, Zoom factor: 1.01220253700484, Offset: 1, 0
D [2016-12-31 05:55:00.735] _RunFunction: NotifyReport END
D [2016-12-31 05:55:00.736] _RunFunction: RequestCC BEGIN
D [2016-12-31 05:55:02.074] GetVillageSize measured: 479.381985241978, Zoom factor: 1.01220253700484, Offset: 1, 0
D [2016-12-31 05:55:02.078] _RunFunction: RequestCC END
D [2016-12-31 05:55:02.078] _RunFunction: BoostBarracks BEGIN
D [2016-12-31 05:55:02.079] _RunFunction: BoostBarracks END
D [2016-12-31 05:55:02.079] _RunFunction: BoostQueen BEGIN
D [2016-12-31 05:55:02.080] _RunFunction: BoostQueen END
D [2016-12-31 05:55:02.080] _RunFunction: BoostWarden BEGIN
D [2016-12-31 05:55:02.080] _RunFunction: BoostWarden END
D [2016-12-31 05:55:02.081] _RunFunction: DonateCC,Train BEGIN
L [2016-12-31 05:55:02.095] Checking for Donate Requests in Clan Chat
D [2016-12-31 05:55:02.100] GUIControl_WM_NCACTIVATE: Deactivate Bot
D [2016-12-31 05:55:02.528] API: $hWind=0x00072E72,$iMsg=49694,$wParam=0x00000000,$lParam=0x004304AA
D [2016-12-31 05:55:06.314] GetVillageSize measured: 479.381985241978, Zoom factor: 1.01220253700484, Offset: 1, 0
L [2016-12-31 05:55:08.220]  - Army Window Opened!
L [2016-12-31 05:55:10.083] Total Army Camp capacity: 240/240 (100%)
L [2016-12-31 05:55:10.346]  - Barbarian King available
L [2016-12-31 05:55:10.358]  - Archer Queen available
L [2016-12-31 05:55:10.588] Total Spell(s) Capacity: 11/11
L [2016-12-31 05:55:11.251] Requesting Clan Castle Troops
D [2016-12-31 05:55:13.774] Restore bot window to 909, 2, caller: GUIControl_WM_NCACTIVATE
D [2016-12-31 05:55:13.780] GUIControl_WM_NCACTIVATE: Activate Bot
D [2016-12-31 05:55:17.593] API: $hWind=0x00072E72,$iMsg=49694,$wParam=0x00000000,$lParam=0x004304AA
D [2016-12-31 05:55:18.161] Page error count increased to 1, source: IsMainPage
D [2016-12-31 05:55:23.634] GUIControl_WM_NCACTIVATE: Deactivate Bot
L [2016-12-31 05:55:27.585]  - Army Camp: 240/240
L [2016-12-31 05:55:27.587]  - Spells: 11/11
L [2016-12-31 05:55:27.589]  - Clan Castle: 0/35
L [2016-12-31 05:55:27.590] Chief, are your Army ready for battle? Yes, they are!
D [2016-12-31 05:55:27.782] GUIControl_WM_NCACTIVATE: Deactivate Bot
L [2016-12-31 05:55:28.366]  - 16 Barbarians Available
L [2016-12-31 05:55:28.374]  - 80 Archers Available
L [2016-12-31 05:55:28.375]  - 16 Giants Available
L [2016-12-31 05:55:28.376]  - 16 Wizards Available
L [2016-12-31 05:55:28.738]  - 3 Rage Spells Brewed
L [2016-12-31 05:55:28.738]  - 2 Jump Spells Brewed
L [2016-12-31 05:55:28.739]  - 1 Poison Spell Brewed
L [2016-12-31 05:55:28.740]  - Your Army is Full, let's make troops before Attack!
D [2016-12-31 05:55:32.580] API: $hWind=0x00072E72,$iMsg=49694,$wParam=0x00000000,$lParam=0x004304AA
L [2016-12-31 05:55:35.104]  - Opened the Train Troops
L [2016-12-31 05:55:35.106] Ice Wizard Troop not detected!
L [2016-12-31 05:55:39.586]  - Opened the Brew Spells
D [2016-12-31 05:55:47.638] API: $hWind=0x00072E72,$iMsg=49694,$wParam=0x00000000,$lParam=0x004304AA
L [2016-12-31 05:55:48.517]  - Opened the Train Troops
L [2016-12-31 05:55:48.926]  - Your army is: 240
L [2016-12-31 05:55:48.927]  - Checking: FULL Queue and Not Full Army
L [2016-12-31 05:55:50.664]  - Conditions met: FULL Queue and Not Full Army
L [2016-12-31 05:55:52.802]  - Opened the Quick Train
L [2016-12-31 05:55:53.815] Using Quick Train Tab.
D [2016-12-31 05:55:53.957] AdbScreencap: 90/120/141 ms (all/10/1),136,0,l=815,t=135,w=2,h=2, 23AEA134B5E5638F5C87BF7B4993E73524D48266: w=860,h=732,f=1
L [2016-12-31 05:55:53.966]  - All ok: Clicked On Army: 1| Pixel was :929292
L [2016-12-31 05:55:53.978]  - If needed 'edit' the Army 1 before start the BOT!!!
L [2016-12-31 05:55:54.229] Using Quick Train Tab.
L [2016-12-31 05:55:54.241]  - All ok: Clicked On Army: 2| Pixel was :919191
L [2016-12-31 05:55:54.242]  - If needed 'edit' the Army 2 before start the BOT!!!
L [2016-12-31 05:55:54.510] Using Quick Train Tab.
L [2016-12-31 05:55:54.680]  - All ok: Clicked On Army: 3| Pixel was :919191
L [2016-12-31 05:55:54.681]  - If needed 'edit' the Army 3 before start the BOT!!!
L [2016-12-31 05:55:54.932] Using Quick Train Tab.
L [2016-12-31 05:55:54.946]  - All ok: Clicked On Army: 3| Pixel was :919191
L [2016-12-31 05:55:54.947]  - If needed 'edit' the Army 3 before start the BOT!!!
L [2016-12-31 05:55:55.200] Using Quick Train Tab.
L [2016-12-31 05:55:55.365]  - All ok: Clicked On Army: 3| Pixel was :919191
L [2016-12-31 05:55:55.366]  - If needed 'edit' the Army 3 before start the BOT!!!
L [2016-12-31 05:55:55.617]  - Do nothing and hope Quick Train fills it
L [2016-12-31 05:55:55.617]  - Checking: Empty Queue and Not Full Army
L [2016-12-31 05:56:02.067]  - Opened the Train Troops
D [2016-12-31 05:56:02.677] API: $hWind=0x00072E72,$iMsg=49694,$wParam=0x00000000,$lParam=0x004304AA
L [2016-12-31 05:56:06.029]  - Army Window Closed!
D [2016-12-31 05:56:07.793] _RunFunction: DonateCC,Train END
D [2016-12-31 05:56:07.805] MEmu time lag is 0 sec/min (avg for 115 sec)
D [2016-12-31 05:56:07.805] _RunFunction: ReplayShare BEGIN
D [2016-12-31 05:56:08.006] _RunFunction: ReplayShare END
D [2016-12-31 05:56:08.007] _RunFunction: BoostKing BEGIN
D [2016-12-31 05:56:08.007] _RunFunction: BoostKing END
D [2016-12-31 05:56:08.007] _RunFunction: BoostSpellFactory BEGIN
D [2016-12-31 05:56:08.008] _RunFunction: BoostSpellFactory END
D [2016-12-31 05:56:08.008] _RunFunction: UpgradeBuilding BEGIN
D [2016-12-31 05:56:08.210] _RunFunction: UpgradeBuilding END
D [2016-12-31 05:56:08.210] _RunFunction: Laboratory BEGIN
D [2016-12-31 05:56:08.810] GetVillageSize measured: 479.381985241978, Zoom factor: 1.01220253700484, Offset: 1, 0
D [2016-12-31 05:56:08.815] _RunFunction: Laboratory END
D [2016-12-31 05:56:08.815] _RunFunction: UpgradeHeroes BEGIN
D [2016-12-31 05:56:09.016] _RunFunction: UpgradeHeroes END
D [2016-12-31 05:56:09.835] GetVillageSize measured: 479.381985241978, Zoom factor: 1.01220253700484, Offset: 1, 0
L [2016-12-31 05:56:12.239] Total Army Camp capacity: 240/240 (100%)
L [2016-12-31 05:56:12.834] Going to Attack...
D [2016-12-31 05:56:17.658] API: $hWind=0x00072E72,$iMsg=49694,$wParam=0x00000000,$lParam=0x004304AA
L [2016-12-31 05:56:18.199] ==================================================
L [2016-12-31 05:56:18.207] Aim:           [G+E]: 319000 [D]:    0 for: Dead Base
L [2016-12-31 05:56:18.207] ==================================================
D [2016-12-31 05:56:19.761] GetVillageSize measured: 476.413956806172, Zoom factor: 1.00593562250845, Offset: 9, 9
D [2016-12-31 05:56:19.762] Village Offset (VillageSearch) updated to 9, 9, 1.00593562250845
L [2016-12-31 05:56:19.765]   1> [G]:  67231 [E]: 166745 [D]: 1750 [T]:27
D [2016-12-31 05:56:27.871] Restore bot window to 909, 2, caller: GUIControl_WM_NCACTIVATE
D [2016-12-31 05:56:27.877] GUIControl_WM_NCACTIVATE: Activate Bot
D [2016-12-31 05:56:28.510] GetVillageSize measured: 476.413956806172, Zoom factor: 1.00593562250845, Offset: 9, 9
L [2016-12-31 05:56:29.567]   2> [G]: 342411 [E]: 342415 [D]: 2653 [T]:20
L [2016-12-31 05:56:29.678]       Not a Dead Base
D [2016-12-31 05:56:32.796] API: $hWind=0x00072E72,$iMsg=49694,$wParam=0x00000000,$lParam=0x004304AA
D [2016-12-31 05:56:32.899] GUIControl_WM_NCACTIVATE: Deactivate Bot
D [2016-12-31 05:56:37.743] GetVillageSize measured: 476.413956806172, Zoom factor: 1.00593562250845, Offset: 3, 9
D [2016-12-31 05:56:37.743] Village Offset (VillageSearch) updated to 3, 9, 1.00593562250845
L [2016-12-31 05:56:37.745]   3> [G]: 127795 [E]: 168963 [D]: 2785 [T]:29
D [2016-12-31 05:56:38.154] GUIControl_WM_NCACTIVATE: Deactivate Bot
D [2016-12-31 05:56:45.709] GetVillageSize cannot find stone
D [2016-12-31 05:56:46.421] GetVillageSize measured: 482.192695906125, Zoom factor: 1.01813727913663, Offset: 5, 9
D [2016-12-31 05:56:47.422] Village Offset (VillageSearch) updated to 5, 9, 1.01813727913663
D [2016-12-31 05:56:47.826] API: $hWind=0x00072E72,$iMsg=49694,$wParam=0x00000000,$lParam=0x004304AA
D [2016-12-31 05:56:48.115] GetVillageSize measured: 482.192695906125, Zoom factor: 1.01813727913663, Offset: 5, 9
L [2016-12-31 05:56:49.863]   4> [G]: 287130 [E]: 341935 [D]: 4268 [T]:19
L [2016-12-31 05:56:49.871]       Not a Dead Base
D [2016-12-31 05:56:57.119] Restore bot window to 909, 2, caller: GUIControl_WM_NCACTIVATE
D [2016-12-31 05:56:57.122] GUIControl_WM_NCACTIVATE: Activate Bot
D [2016-12-31 05:57:00.121] GetVillageSize measured: 491.406698493947, Zoom factor: 1.03759240486618, Offset: 7, 8
D [2016-12-31 05:57:01.123] Village Offset (VillageSearch) updated to 7, 8, 1.03759240486618
D [2016-12-31 05:57:01.875] GUIControl_WM_NCACTIVATE: Deactivate Bot
L [2016-12-31 05:57:01.879]   5> [G]: 516507 [E]: 288010 [D]: 4321 [T]:22
D [2016-12-31 05:57:01.885] GUIControl_WM_NCACTIVATE: Deactivate Bot
L [2016-12-31 05:57:01.889]       Not a Dead Base
D [2016-12-31 05:57:02.900] API: $hWind=0x00072E72,$iMsg=49694,$wParam=0x00000000,$lParam=0x004304AA
D [2016-12-31 05:57:10.073] GetVillageSize measured: 477.194992395467, Zoom factor: 1.00758475874909, Offset: 7, 9
D [2016-12-31 05:57:11.074] Village Offset (VillageSearch) updated to 7, 9, 1.00758475874909
L [2016-12-31 05:57:11.794]   6> [G]: 526976 [E]: 325277 [D]: 3943 [T]:16
L [2016-12-31 05:57:11.800]       Not a Dead Base
D [2016-12-31 05:57:11.812] MEmu time lag is 0 sec/min (avg for 64 sec)
D [2016-12-31 05:57:17.870] API: $hWind=0x00072E72,$iMsg=49694,$wParam=0x00000000,$lParam=0x004304AA
D [2016-12-31 05:57:19.094] AdbScreencap: 90/79/56 ms (all/10/1),52,0,l=24,t=605,w=2,h=2, 23AEA134B5E5638F5C87BF7B4993E73524D48266: w=860,h=732,f=1
D [2016-12-31 05:57:21.658] GetVillageSize measured: 482.192695906125, Zoom factor: 1.01813727913663, Offset: 3, 8
D [2016-12-31 05:57:22.659] Village Offset (VillageSearch) updated to 3, 8, 1.01813727913663
L [2016-12-31 05:57:23.647]   7> [G]: 122042 [E]: 210670 [D]: 1542 [T]:27
L [2016-12-31 05:57:23.657]       Not a Dead Base
D [2016-12-31 05:57:32.884] API: $hWind=0x00072E72,$iMsg=49694,$wParam=0x00000000,$lParam=0x004304AA
D [2016-12-31 05:57:32.937] GetVillageSize measured: 476.413956806172, Zoom factor: 1.00593562250845, Offset: -1, 9
D [2016-12-31 05:57:33.939] Village Offset (VillageSearch) updated to -1, 9, 1.00593562250845
L [2016-12-31 05:57:33.940]   8> [G]:  51302 [E]: 116743 [D]:  925 [T]:18
D [2016-12-31 05:57:41.766] GetVillageSize measured: 476.413956806172, Zoom factor: 1.00593562250845, Offset: 7, 9
D [2016-12-31 05:57:42.767] Village Offset (VillageSearch) updated to 7, 9, 1.00593562250845
L [2016-12-31 05:57:43.471]   9> [G]: 132379 [E]: 472980 [D]: 3405 [T]:25
L [2016-12-31 05:57:43.478]       Not a Dead Base
D [2016-12-31 05:57:47.994] API: $hWind=0x00072E72,$iMsg=49694,$wParam=0x00000000,$lParam=0x004304AA
D [2016-12-31 05:57:53.407] GetVillageSize measured: 476.413956806172, Zoom factor: 1.00593562250845, Offset: 10, 9
D [2016-12-31 05:57:54.408] Village Offset (VillageSearch) updated to 10, 9, 1.00593562250845
L [2016-12-31 05:57:55.110]  10> [G]: 382742 [E]: 304433 [D]: 5434 [T]:22
L [2016-12-31 05:57:55.116]       Not a Dead Base
D [2016-12-31 05:58:02.941] API: $hWind=0x00072E72,$iMsg=49694,$wParam=0x00000000,$lParam=0x004304AA
D [2016-12-31 05:58:05.182] GetVillageSize measured: 478.600451797684, Zoom factor: 1.01055234955638, Offset: 30, 8
D [2016-12-31 05:58:06.183] Village Offset (VillageSearch) updated to 30, 8, 1.01055234955638
L [2016-12-31 05:58:06.185]  11> [G]:  76246 [E]:  98525 [D]: 3505 [T]:33
D [2016-12-31 05:58:15.309] GetVillageSize measured: 480.005953201996, Zoom factor: 1.01352002904998, Offset: 11, 9
D [2016-12-31 05:58:16.312] Village Offset (VillageSearch) updated to 11, 9, 1.01352002904998
L [2016-12-31 05:58:17.123]  12> [G]: 350961 [E]: 330053 [D]: 1977 [T]:27
L [2016-12-31 05:58:17.130]       Not a Dead Base
D [2016-12-31 05:58:17.152] MEmu time lag is 0 sec/min (avg for 65 sec)
D [2016-12-31 05:58:17.963] API: $hWind=0x00072E72,$iMsg=49694,$wParam=0x00000000,$lParam=0x004304AA
D [2016-12-31 05:58:27.789] GetVillageSize measured: 487.190438013048, Zoom factor: 1.02868988101918, Offset: 5, 9
D [2016-12-31 05:58:28.790] Village Offset (VillageSearch) updated to 5, 9, 1.02868988101918
L [2016-12-31 05:58:29.504]  13> [G]: 313637 [E]: 497305 [D]: 4351 [T]:26
L [2016-12-31 05:58:29.511]       Not a Dead Base
D [2016-12-31 05:58:33.026] API: $hWind=0x00072E72,$iMsg=49694,$wParam=0x00000000,$lParam=0x004304AA
D [2016-12-31 05:58:39.071] GetVillageSize measured: 490.001236849426, Zoom factor: 1.03462480932433, Offset: -12, 8
D [2016-12-31 05:58:40.072] Village Offset (VillageSearch) updated to -12, 8, 1.03462480932433
L [2016-12-31 05:58:40.815]  14> [G]: 463610 [E]: 111792 [D]: 3713 [T]:23
L [2016-12-31 05:58:40.821]       Not a Dead Base
D [2016-12-31 05:58:48.006] API: $hWind=0x00072E72,$iMsg=49694,$wParam=0x00000000,$lParam=0x004304AA
D [2016-12-31 05:58:48.344] AdbScreencap: 90/61/46 ms (all/10/1),41,0,l=24,t=605,w=2,h=2, 23AEA134B5E5638F5C87BF7B4993E73524D48266: w=860,h=732,f=1
D [2016-12-31 05:58:50.867] GetVillageSize measured: 485.003575136208, Zoom factor: 1.02407237719099, Offset: 1, 8
D [2016-12-31 05:58:51.868] Village Offset (VillageSearch) updated to 1, 8, 1.02407237719099
L [2016-12-31 05:58:51.870]  15> [G]: 121002 [E]: 138438 [D]: 3151 [T]:30
D [2016-12-31 05:59:00.355] GetVillageSize measured: 476.413956806172, Zoom factor: 1.00593562250845, Offset: 9, 9
D [2016-12-31 05:59:01.357] Village Offset (VillageSearch) updated to 9, 9, 1.00593562250845
L [2016-12-31 05:59:01.359]  16> [G]: 107116 [E]:  59030 [D]:  334 [T]:19
D [2016-12-31 05:59:03.077] API: $hWind=0x00072E72,$iMsg=49694,$wParam=0x00000000,$lParam=0x004304AA
D [2016-12-31 05:59:11.149] GetVillageSize measured: 477.976693880569, Zoom factor: 1.00923530101134, Offset: 9, 9
D [2016-12-31 05:59:12.150] Village Offset (VillageSearch) updated to 9, 9, 1.00923530101134
L [2016-12-31 05:59:12.152]  17> [G]:  76628 [E]: 122230 [D]:  199 [T]:30
D [2016-12-31 05:59:18.103] API: $hWind=0x00072E72,$iMsg=49694,$wParam=0x00000000,$lParam=0x004304AA
D [2016-12-31 05:59:20.242] GetVillageSize measured: 476.413956806172, Zoom factor: 1.00593562250845, Offset: 22, 9
D [2016-12-31 05:59:21.244] Village Offset (VillageSearch) updated to 22, 9, 1.00593562250845
L [2016-12-31 05:59:21.246]  18> [G]: 185492 [E]:  50540 [D]: 2366 [T]:17
D [2016-12-31 05:59:21.257] MEmu time lag is 0 sec/min (avg for 64 sec)
D [2016-12-31 05:59:30.917] GetVillageSize measured: 477.194992395467, Zoom factor: 1.00758475874909, Offset: -4, 9
D [2016-12-31 05:59:31.918] Village Offset (VillageSearch) updated to -4, 9, 1.00758475874909
L [2016-12-31 05:59:31.920]  19> [G]:  83770 [E]: 162032 [D]: 3136 [T]:33
D [2016-12-31 05:59:33.139] API: $hWind=0x00072E72,$iMsg=49694,$wParam=0x00000000,$lParam=0x004304AA
D [2016-12-31 05:59:39.756] GetVillageSize measured: 491.406698493947, Zoom factor: 1.03759240486618, Offset: 11, 8
D [2016-12-31 05:59:40.757] Village Offset (VillageSearch) updated to 11, 8, 1.03759240486618
L [2016-12-31 05:59:41.554]  20> [G]: 388687 [E]: 343891 [D]: 3690 [T]:24
L [2016-12-31 05:59:41.563]       Not a Dead Base
D [2016-12-31 05:59:48.090] API: $hWind=0x00072E72,$iMsg=49694,$wParam=0x00000000,$lParam=0x004304AA
D [2016-12-31 05:59:51.949] GetVillageSize measured: 476.413956806172, Zoom factor: 1.00593562250845, Offset: 6, 9
D [2016-12-31 05:59:52.950] Village Offset (VillageSearch) updated to 6, 9, 1.00593562250845
L [2016-12-31 05:59:53.696]  21> [G]: 128249 [E]: 462514 [D]: 3677 [T]:26
L [2016-12-31 05:59:53.703]       Not a Dead Base
D [2016-12-31 06:00:03.129] API: $hWind=0x00072E72,$iMsg=49694,$wParam=0x00000000,$lParam=0x004304AA
D [2016-12-31 06:00:03.497] GetVillageSize measured: 477.194992395467, Zoom factor: 1.00758475874909, Offset: 8, 9
D [2016-12-31 06:00:04.498] Village Offset (VillageSearch) updated to 8, 9, 1.00758475874909
L [2016-12-31 06:00:05.232]  22> [G]: 278990 [E]: 205570 [D]: 1887 [T]:26
L [2016-12-31 06:00:05.238]       Not a Dead Base
D [2016-12-31 06:00:10.736] AdbScreencap: 90/64/50 ms (all/10/1),42,0,l=252,t=424,w=2,h=2, 23AEA134B5E5638F5C87BF7B4993E73524D48266: w=860,h=732,f=1
D [2016-12-31 06:00:13.372] GetVillageSize measured: 476.413956806172, Zoom factor: 1.00593562250845, Offset: 4, 9
D [2016-12-31 06:00:14.373] Village Offset (VillageSearch) updated to 4, 9, 1.00593562250845
L [2016-12-31 06:00:15.084]  23> [G]: 471991 [E]: 271881 [D]: 3645 [T]:16
L [2016-12-31 06:00:15.091]       Not a Dead Base
D [2016-12-31 06:00:18.116] API: $hWind=0x00072E72,$iMsg=49694,$wParam=0x00000000,$lParam=0x004304AA
D [2016-12-31 06:00:25.684] GetVillageSize measured: 476.413956806172, Zoom factor: 1.00593562250845, Offset: 9, 9
D [2016-12-31 06:00:26.684] Village Offset (VillageSearch) updated to 9, 9, 1.00593562250845
L [2016-12-31 06:00:27.393]  24> [G]: 482506 [E]: 233242 [D]: 3717 [T]:33
L [2016-12-31 06:00:27.399]       Not a Dead Base
D [2016-12-31 06:00:27.432] MEmu time lag is 0 sec/min (avg for 66 sec)
D [2016-12-31 06:00:33.157] API: $hWind=0x00072E72,$iMsg=49694,$wParam=0x00000000,$lParam=0x004304AA
D [2016-12-31 06:00:36.979] GetVillageSize measured: 487.814620545196, Zoom factor: 1.03000782612777, Offset: 0, 9
D [2016-12-31 06:00:37.981] Village Offset (VillageSearch) updated to 0, 9, 1.03000782612777
L [2016-12-31 06:00:37.982]  25> [G]: 131087 [E]:  94754 [D]: 4187 [T]:19
D [2016-12-31 06:00:48.002] GetVillageSize measured: 476.413956806172, Zoom factor: 1.00593562250845, Offset: 10, 9
D [2016-12-31 06:00:48.205] API: $hWind=0x00072E72,$iMsg=49694,$wParam=0x00000000,$lParam=0x004304AA
D [2016-12-31 06:00:49.003] Village Offset (VillageSearch) updated to 10, 9, 1.00593562250845
L [2016-12-31 06:00:49.805]  26> [G]: 477140 [E]: 477139 [D]: 2255 [T]:29
L [2016-12-31 06:00:49.812]       Not a Dead Base
D [2016-12-31 06:00:59.421] GetVillageSize measured: 476.413956806172, Zoom factor: 1.00593562250845, Offset: 7, 9
D [2016-12-31 06:01:00.422] Village Offset (VillageSearch) updated to 7, 9, 1.00593562250845
L [2016-12-31 06:01:01.141]  27> [G]: 228875 [E]: 167525 [D]: 1778 [T]:26
L [2016-12-31 06:01:01.148]       Not a Dead Base
D [2016-12-31 06:01:03.168] API: $hWind=0x00072E72,$iMsg=49694,$wParam=0x00000000,$lParam=0x004304AA
D [2016-12-31 06:01:10.257] GetVillageSize measured: 476.413956806172, Zoom factor: 1.00593562250845, Offset: -21, 9
D [2016-12-31 06:01:11.259] Village Offset (VillageSearch) updated to -21, 9, 1.00593562250845
L [2016-12-31 06:01:11.981]  28> [G]:  98563 [E]: 294853 [D]: 2926 [T]:22
L [2016-12-31 06:01:11.991]       Not a Dead Base
D [2016-12-31 06:01:18.190] API: $hWind=0x00072E72,$iMsg=49694,$wParam=0x00000000,$lParam=0x004304AA
D [2016-12-31 06:01:21.476] GetVillageSize measured: 476.413956806172, Zoom factor: 1.00593562250845, Offset: 16, 9
D [2016-12-31 06:01:22.478] Village Offset (VillageSearch) updated to 16, 9, 1.00593562250845
L [2016-12-31 06:01:23.184]  29> [G]: 365337 [E]: 174013 [D]: 2333 [T]:18
L [2016-12-31 06:01:23.191]       Not a Dead Base
D [2016-12-31 06:01:31.434] GetVillageSize measured: 476.413956806172, Zoom factor: 1.00593562250845, Offset: 9, 9
D [2016-12-31 06:01:32.434] Village Offset (VillageSearch) updated to 9, 9, 1.00593562250845
L [2016-12-31 06:01:33.156]  30> [G]: 229835 [E]: 367147 [D]:  423 [T]:34
L [2016-12-31 06:01:33.164]       Not a Dead Base
D [2016-12-31 06:01:33.175] API: $hWind=0x00072E72,$iMsg=49694,$wParam=0x00000000,$lParam=0x004304AA
D [2016-12-31 06:01:33.178] MEmu time lag is 0 sec/min (avg for 65 sec)
D [2016-12-31 06:01:39.155] AdbScreencap: 90/81/140 ms (all/10/1),136,0,l=779,t=605,w=2,h=2, 23AEA134B5E5638F5C87BF7B4993E73524D48266: w=860,h=732,f=1
D [2016-12-31 06:01:42.815] GetVillageSize measured: 490.782920521595, Zoom factor: 1.03627531397503, Offset: 4, 8
D [2016-12-31 06:01:43.816] Village Offset (VillageSearch) updated to 4, 8, 1.03627531397503
L [2016-12-31 06:01:43.818]  31> [G]:  68527 [E]:  94099 [D]: 1712 [T]:19
D [2016-12-31 06:01:48.274] API: $hWind=0x00072E72,$iMsg=49694,$wParam=0x00000000,$lParam=0x004304AA
D [2016-12-31 06:01:52.902] GetVillageSize measured: 476.413956806172, Zoom factor: 1.00593562250845, Offset: 9, 9
D [2016-12-31 06:01:53.903] Village Offset (VillageSearch) updated to 9, 9, 1.00593562250845
L [2016-12-31 06:01:54.614]  32> [G]: 480342 [E]: 479696 [D]: 1105 [T]:17
L [2016-12-31 06:01:54.621]       Not a Dead Base
L [2016-12-31 06:01:54.688] Returning Home
L [2016-12-31 06:01:59.961] Total Army Camp capacity: 240/240 (100%)
L [2016-12-31 06:02:02.552] Trying to locate Main Screen
D [2016-12-31 06:02:02.906] GetVillageSize measured: 476.413956806172, Zoom factor: 1.00593562250845, Offset: 9, 9
L [2016-12-31 06:02:02.908] Main Screen Located
D [2016-12-31 06:02:03.224] API: $hWind=0x00072E72,$iMsg=49694,$wParam=0x00000000,$lParam=0x004304AA
L [2016-12-31 06:02:05.192] Total Army Camp capacity: 240/240 (100%)
L [2016-12-31 06:02:05.879] Restarted due search limit
L [2016-12-31 06:02:07.991] Total Army Camp capacity: 240/240 (100%)
L [2016-12-31 06:02:08.601] Going to Attack...
L [2016-12-31 06:02:13.812] ================= Restart To Search ==================
D [2016-12-31 06:02:15.271] GetVillageSize measured: 476.413956806172, Zoom factor: 1.00593562250845, Offset: 17, 9
D [2016-12-31 06:02:15.272] Village Offset (VillageSearch) updated to 17, 9, 1.00593562250845
L [2016-12-31 06:02:15.970]  33> [G]: 196809 [E]: 496285 [D]: 1836 [T]:19
L [2016-12-31 06:02:15.975]       Not a Dead Base
D [2016-12-31 06:02:18.295] API: $hWind=0x00072E72,$iMsg=49694,$wParam=0x00000000,$lParam=0x004304AA
D [2016-12-31 06:02:25.915] GetVillageSize cannot find stone
D [2016-12-31 06:02:26.597] GetVillageSize measured: 476.413956806172, Zoom factor: 1.00593562250845, Offset: 11, 9
D [2016-12-31 06:02:27.599] Village Offset (VillageSearch) updated to 11, 9, 1.00593562250845
L [2016-12-31 06:02:27.600]  34> [G]:  78989 [E]:  97178 [D]:  794 [T]:24
D [2016-12-31 06:02:33.305] API: $hWind=0x00072E72,$iMsg=49694,$wParam=0x00000000,$lParam=0x004304AA
D [2016-12-31 06:02:38.204] GetVillageSize measured: 476.413956806172, Zoom factor: 1.00593562250845, Offset: 9, 9
D [2016-12-31 06:02:39.205] Village Offset (VillageSearch) updated to 9, 9, 1.00593562250845
L [2016-12-31 06:02:39.906]  35> [G]: 277805 [E]: 361878 [D]: 3836 [T]:19
L [2016-12-31 06:02:39.911]       Not a Dead Base
D [2016-12-31 06:02:39.923] MEmu time lag is 0 sec/min (avg for 66 sec)
D [2016-12-31 06:02:48.194] AdbScreencap: 90/93/66 ms (all/10/1),62,0,l=24,t=605,w=2,h=2, 23AEA134B5E5638F5C87BF7B4993E73524D48266: w=860,h=732,f=1
D [2016-12-31 06:02:48.296] API: $hWind=0x00072E72,$iMsg=49694,$wParam=0x00000000,$lParam=0x004304AA
D [2016-12-31 06:02:50.056] GetVillageSize measured: 477.194992395467, Zoom factor: 1.00758475874909, Offset: 11, 9
D [2016-12-31 06:02:51.058] Village Offset (VillageSearch) updated to 11, 9, 1.00758475874909
L [2016-12-31 06:02:51.793]  36> [G]: 181867 [E]: 443261 [D]: 2888 [T]:27
L [2016-12-31 06:02:51.800]       Not a Dead Base
D [2016-12-31 06:02:59.767] GetVillageSize measured: 476.413956806172, Zoom factor: 1.00593562250845, Offset: -2, 9
D [2016-12-31 06:03:00.769] Village Offset (VillageSearch) updated to -2, 9, 1.00593562250845
L [2016-12-31 06:03:01.481]  37> [G]: 426364 [E]: 467800 [D]: 3608 [T]:25
L [2016-12-31 06:03:01.486]       Not a Dead Base
D [2016-12-31 06:03:03.305] API: $hWind=0x00072E72,$iMsg=49694,$wParam=0x00000000,$lParam=0x004304AA
D [2016-12-31 06:03:10.080] GetVillageSize measured: 477.194992395467, Zoom factor: 1.00758475874909, Offset: 8, 9
D [2016-12-31 06:03:11.082] Village Offset (VillageSearch) updated to 8, 9, 1.00758475874909
L [2016-12-31 06:03:11.781]  38> [G]: 249569 [E]: 184457 [D]: 4504 [T]:26
L [2016-12-31 06:03:11.787]       Not a Dead Base
D [2016-12-31 06:03:18.329] API: $hWind=0x00072E72,$iMsg=49694,$wParam=0x00000000,$lParam=0x004304AA
D [2016-12-31 06:03:21.464] GetVillageSize measured: 477.194992395467, Zoom factor: 1.00758475874909, Offset: 18, 9
D [2016-12-31 06:03:22.464] Village Offset (VillageSearch) updated to 18, 9, 1.00758475874909
L [2016-12-31 06:03:23.232]  39> [G]: 466076 [E]: 121912 [D]: 3674 [T]:27
L [2016-12-31 06:03:23.238]       Not a Dead Base
D [2016-12-31 06:03:33.326] API: $hWind=0x00072E72,$iMsg=49694,$wParam=0x00000000,$lParam=0x004304AA
D [2016-12-31 06:03:33.922] GetVillageSize measured: 476.413956806172, Zoom factor: 1.00593562250845, Offset: 0, 9
D [2016-12-31 06:03:34.923] Village Offset (VillageSearch) updated to 0, 9, 1.00593562250845
L [2016-12-31 06:03:34.926]  40> [G]: 188228 [E]:  60541 [D]: 2240 [T]:33
D [2016-12-31 06:03:43.386] GetVillageSize measured: 480.005953201996, Zoom factor: 1.01352002904998, Offset: 10, 9
D [2016-12-31 06:03:44.387] Village Offset (VillageSearch) updated to 10, 9, 1.01352002904998
D [2016-12-31 06:03:45.076] GetVillageSize measured: 480.005953201996, Zoom factor: 1.01352002904998, Offset: 10, 9
L [2016-12-31 06:03:46.079]  41> [G]:  29508 [E]:  77445 [D]: 1349 [T]:24
D [2016-12-31 06:03:46.090] MEmu time lag is 0 sec/min (avg for 66 sec)
D [2016-12-31 06:03:48.310] API: $hWind=0x00072E72,$iMsg=49694,$wParam=0x00000000,$lParam=0x004304AA
D [2016-12-31 06:03:55.742] GetVillageSize measured: 477.194992395467, Zoom factor: 1.00758475874909, Offset: 12, 9
D [2016-12-31 06:03:56.743] Village Offset (VillageSearch) updated to 12, 9, 1.00758475874909
L [2016-12-31 06:03:57.441]  42> [G]: 137005 [E]: 251590 [D]: 4018 [T]:16
L [2016-12-31 06:03:57.449]       Not a Dead Base
D [2016-12-31 06:04:03.313] API: $hWind=0x00072E72,$iMsg=49694,$wParam=0x00000000,$lParam=0x004304AA
D [2016-12-31 06:04:06.328] GetVillageSize measured: 487.972452678493, Zoom factor: 1.03034108455354, Offset: 4, 8
D [2016-12-31 06:04:07.329] Village Offset (VillageSearch) updated to 4, 8, 1.03034108455354
L [2016-12-31 06:04:07.331]  43> [G]: 137014 [E]: 137236 [D]: 5004 [T]:28
D [2016-12-31 06:04:14.501] AdbScreencap: 90/74/65 ms (all/10/1),62,0,l=24,t=605,w=2,h=2, 23AEA134B5E5638F5C87BF7B4993E73524D48266: w=860,h=732,f=1
D [2016-12-31 06:04:16.235] GetVillageSize measured: 477.194992395467, Zoom factor: 1.00758475874909, Offset: 2, 9
D [2016-12-31 06:04:17.236] Village Offset (VillageSearch) updated to 2, 9, 1.00758475874909
L [2016-12-31 06:04:17.238]  44> [G]: 177965 [E]:  91538 [D]: 1233 [T]:25
D [2016-12-31 06:04:18.353] API: $hWind=0x00072E72,$iMsg=49694,$wParam=0x00000000,$lParam=0x004304AA
D [2016-12-31 06:04:25.711] GetVillageSize measured: 476.413956806172, Zoom factor: 1.00593562250845, Offset: 22, 9
D [2016-12-31 06:04:26.712] Village Offset (VillageSearch) updated to 22, 9, 1.00593562250845
L [2016-12-31 06:04:27.416]  45> [G]: 201072 [E]: 395931 [D]:  984 [T]:27
L [2016-12-31 06:04:27.424]       Not a Dead Base
D [2016-12-31 06:04:33.412] API: $hWind=0x00072E72,$iMsg=49694,$wParam=0x00000000,$lParam=0x004304AA
D [2016-12-31 06:04:35.752] GetVillageSize measured: 477.194992395467, Zoom factor: 1.00758475874909, Offset: 18, 9
D [2016-12-31 06:04:36.754] Village Offset (VillageSearch) updated to 18, 9, 1.00758475874909
L [2016-12-31 06:04:37.488]  46> [G]: 568420 [E]: 140518 [D]: 3160 [T]:32
L [2016-12-31 06:04:37.495]       Not a Dead Base
D [2016-12-31 06:04:48.085] GetVillageSize measured: 476.413956806172, Zoom factor: 1.00593562250845, Offset: 12, 9
D [2016-12-31 06:04:48.488] API: $hWind=0x00072E72,$iMsg=49694,$wParam=0x00000000,$lParam=0x004304AA
D [2016-12-31 06:04:49.086] Village Offset (VillageSearch) updated to 12, 9, 1.00593562250845
L [2016-12-31 06:04:49.821]  47> [G]:  41268 [E]: 308953 [D]: 2606 [T]:29
L [2016-12-31 06:04:49.828]       Not a Dead Base
D [2016-12-31 06:04:49.839] MEmu time lag is 0 sec/min (avg for 63 sec)
D [2016-12-31 06:04:57.964] GetVillageSize measured: 477.194992395467, Zoom factor: 1.00758475874909, Offset: 2, 9
D [2016-12-31 06:04:58.964] Village Offset (VillageSearch) updated to 2, 9, 1.00758475874909
L [2016-12-31 06:04:59.699]  48> [G]: 251391 [E]: 138650 [D]: 4404 [T]:17
L [2016-12-31 06:04:59.706]       Not a Dead Base
D [2016-12-31 06:05:03.476] API: $hWind=0x00072E72,$iMsg=49694,$wParam=0x00000000,$lParam=0x004304AA
D [2016-12-31 06:05:09.734] GetVillageSize measured: 477.976693880569, Zoom factor: 1.00923530101134, Offset: 9, 9
D [2016-12-31 06:05:10.736] Village Offset (VillageSearch) updated to 9, 9, 1.00923530101134
L [2016-12-31 06:05:11.472]  49> [G]: 200918 [E]: 259316 [D]: 2280 [T]:25
L [2016-12-31 06:05:11.480]       Not a Dead Base
D [2016-12-31 06:05:18.461] API: $hWind=0x00072E72,$iMsg=49694,$wParam=0x00000000,$lParam=0x004304AA
D [2016-12-31 06:05:20.623] GetVillageSize measured: 477.194992395467, Zoom factor: 1.00758475874909, Offset: 13, 9
D [2016-12-31 06:05:21.624] Village Offset (VillageSearch) updated to 13, 9, 1.00758475874909
L [2016-12-31 06:05:21.626]  50> [G]:  96892 [E]: 122903 [D]: 3687 [T]:25
D [2016-12-31 06:05:21.626] Cleared 1 MEmu page errors
D [2016-12-31 06:05:29.254] GetVillageSize measured: 480.005953201996, Zoom factor: 1.01352002904998, Offset: -2, 9
D [2016-12-31 06:05:30.256] Village Offset (VillageSearch) updated to -2, 9, 1.01352002904998
L [2016-12-31 06:05:30.956]  51> [G]: 415905 [E]: 510566 [D]: 1928 [T]:25
L [2016-12-31 06:05:30.963]       Not a Dead Base
D [2016-12-31 06:05:33.491] API: $hWind=0x00072E72,$iMsg=49694,$wParam=0x00000000,$lParam=0x004304AA
D [2016-12-31 06:05:38.190] AdbScreencap: 90/60/77 ms (all/10/1),73,0,l=252,t=424,w=2,h=2, 23AEA134B5E5638F5C87BF7B4993E73524D48266: w=860,h=732,f=1
D [2016-12-31 06:05:40.362] GetVillageSize measured: 476.413956806172, Zoom factor: 1.00593562250845, Offset: -2, 9
D [2016-12-31 06:05:41.363] Village Offset (VillageSearch) updated to -2, 9, 1.00593562250845
L [2016-12-31 06:05:41.365]  52> [G]: 192686 [E]:  14087 [D]: 1113 [T]:27
D [2016-12-31 06:05:48.499] API: $hWind=0x00072E72,$iMsg=49694,$wParam=0x00000000,$lParam=0x004304AA
D [2016-12-31 06:05:51.137] GetVillageSize measured: 477.194992395467, Zoom factor: 1.00758475874909, Offset: 17, 9
D [2016-12-31 06:05:52.138] Village Offset (VillageSearch) updated to 17, 9, 1.00758475874909
L [2016-12-31 06:05:52.825]  53> [G]:  81714 [E]: 364124 [D]: 4727 [T]:33
L [2016-12-31 06:05:52.832]       Not a Dead Base
D [2016-12-31 06:05:52.843] MEmu time lag is 0 sec/min (avg for 63 sec)
D [2016-12-31 06:06:01.416] GetVillageSize measured: 477.194992395467, Zoom factor: 1.00758475874909, Offset: 1, 9
D [2016-12-31 06:06:02.418] Village Offset (VillageSearch) updated to 1, 9, 1.00758475874909
L [2016-12-31 06:06:03.109]  54> [G]: 137224 [E]: 221279 [D]: 4327 [T]:24
L [2016-12-31 06:06:03.117]       Not a Dead Base
D [2016-12-31 06:06:03.520] API: $hWind=0x00072E72,$iMsg=49694,$wParam=0x00000000,$lParam=0x004304AA
D [2016-12-31 06:06:13.324] GetVillageSize measured: 477.976693880569, Zoom factor: 1.00923530101134, Offset: 7, 9
D [2016-12-31 06:06:14.325] Village Offset (VillageSearch) updated to 7, 9, 1.00923530101134
L [2016-12-31 06:06:15.014]  55> [G]: 498302 [E]: 163362 [D]: 1417 [T]:18
L [2016-12-31 06:06:15.021]       Not a Dead Base
D [2016-12-31 06:06:18.564] API: $hWind=0x00072E72,$iMsg=49694,$wParam=0x00000000,$lParam=0x004304AA
D [2016-12-31 06:06:24.319] GetVillageSize measured: 476.413956806172, Zoom factor: 1.00593562250845, Offset: -11, 9
D [2016-12-31 06:06:25.320] Village Offset (VillageSearch) updated to -11, 9, 1.00593562250845
L [2016-12-31 06:06:26.029]  56> [G]: 184725 [E]: 349911 [D]: 2669 [T]:19
L [2016-12-31 06:06:26.036]       Not a Dead Base
D [2016-12-31 06:06:33.581] API: $hWind=0x00072E72,$iMsg=49694,$wParam=0x00000000,$lParam=0x004304AA
D [2016-12-31 06:06:35.290] GetVillageSize measured: 477.194992395467, Zoom factor: 1.00758475874909, Offset: 8, 9
D [2016-12-31 06:06:36.291] Village Offset (VillageSearch) updated to 8, 9, 1.00758475874909
L [2016-12-31 06:06:37.075]  57> [G]: 370211 [E]: 469545 [D]: 2810 [T]:22
L [2016-12-31 06:06:37.087]       Not a Dead Base
D [2016-12-31 06:06:46.833] GetVillageSize measured: 476.413956806172, Zoom factor: 1.00593562250845, Offset: 3, 9
D [2016-12-31 06:06:47.835] Village Offset (VillageSearch) updated to 3, 9, 1.00593562250845
L [2016-12-31 06:06:47.836]  58> [G]: 148019 [E]:  66555 [D]: 1198 [T]:31
D [2016-12-31 06:06:48.652] API: $hWind=0x00072E72,$iMsg=49694,$wParam=0x00000000,$lParam=0x004304AA
D [2016-12-31 06:06:58.802] GetVillageSize measured: 476.413956806172, Zoom factor: 1.00593562250845, Offset: 5, 9
D [2016-12-31 06:06:59.803] Village Offset (VillageSearch) updated to 5, 9, 1.00593562250845
L [2016-12-31 06:07:00.520]  59> [G]: 357801 [E]: 391469 [D]: 1295 [T]:23
L [2016-12-31 06:07:00.528]       Not a Dead Base
D [2016-12-31 06:07:00.540] MEmu time lag is 0 sec/min (avg for 67 sec)
D [2016-12-31 06:07:03.617] API: $hWind=0x00072E72,$iMsg=49694,$wParam=0x00000000,$lParam=0x004304AA
D [2016-12-31 06:07:09.492] GetVillageSize measured: 476.413956806172, Zoom factor: 1.00593562250845, Offset: 6, 9
D [2016-12-31 06:07:10.493] Village Offset (VillageSearch) updated to 6, 9, 1.00593562250845
L [2016-12-31 06:07:11.200]  60> [G]: 167562 [E]: 296720 [D]: 3899 [T]:17
L [2016-12-31 06:07:11.208]       Not a Dead Base
D [2016-12-31 06:07:17.114] AdbScreencap: 90/119/119 ms (all/10/1),115,0,l=24,t=605,w=2,h=2, 23AEA134B5E5638F5C87BF7B4993E73524D48266: w=860,h=732,f=1
D [2016-12-31 06:07:18.650] API: $hWind=0x00072E72,$iMsg=49694,$wParam=0x00000000,$lParam=0x004304AA
D [2016-12-31 06:07:19.303] GetVillageSize measured: 477.194992395467, Zoom factor: 1.00758475874909, Offset: 8, 9
D [2016-12-31 06:07:20.304] Village Offset (VillageSearch) updated to 8, 9, 1.00758475874909
L [2016-12-31 06:07:21.035]  61> [G]: 345327 [E]: 392954 [D]: 3890 [T]:20
L [2016-12-31 06:07:21.044]       Not a Dead Base
D [2016-12-31 06:07:29.534] GetVillageSize measured: 476.413956806172, Zoom factor: 1.00593562250845, Offset: -2, 9
D [2016-12-31 06:07:30.535] Village Offset (VillageSearch) updated to -2, 9, 1.00593562250845
L [2016-12-31 06:07:31.261]  62> [G]: 356934 [E]: 220879 [D]: 1848 [T]:21
L [2016-12-31 06:07:31.268]       Not a Dead Base
D [2016-12-31 06:07:33.689] API: $hWind=0x00072E72,$iMsg=49694,$wParam=0x00000000,$lParam=0x004304AA
D [2016-12-31 06:07:41.381] GetVillageSize measured: 476.413956806172, Zoom factor: 1.00593562250845, Offset: 3, 9
D [2016-12-31 06:07:42.382] Village Offset (VillageSearch) updated to 3, 9, 1.00593562250845
L [2016-12-31 06:07:42.383]  63> [G]:  25601 [E]: 172704 [D]: 1523 [T]:22
D [2016-12-31 06:07:48.697] API: $hWind=0x00072E72,$iMsg=49694,$wParam=0x00000000,$lParam=0x004304AA
D [2016-12-31 06:07:52.840] GetVillageSize measured: 477.194992395467, Zoom factor: 1.00758475874909, Offset: -5, 9
D [2016-12-31 06:07:53.841] Village Offset (VillageSearch) updated to -5, 9, 1.00758475874909
L [2016-12-31 06:07:53.843]  64> [G]: 126731 [E]: 122690 [D]: 2294 [T]:19
L [2016-12-31 06:07:53.901] Returning Home
L [2016-12-31 06:07:58.750] Total Army Camp capacity: 240/240 (100%)
L [2016-12-31 06:08:00.893] Trying to locate Main Screen
D [2016-12-31 06:08:01.211] GetVillageSize measured: 476.413956806172, Zoom factor: 1.00593562250845, Offset: 9, 9
D [2016-12-31 06:08:01.212] Center Village by: 9, 9
D [2016-12-31 06:08:02.886] GetVillageSize measured: 476.413956806172, Zoom factor: 1.00593562250845, Offset: 0, -2
D [2016-12-31 06:08:02.886] Village Offset updated to 0, -2, 1.00593562250845
D [2016-12-31 06:08:02.887] Centered Village Offset: 0, -2, change: -9, -11
L [2016-12-31 06:08:02.888] Main Screen Located
D [2016-12-31 06:08:03.699] API: $hWind=0x00072E72,$iMsg=49694,$wParam=0x00000000,$lParam=0x004304AA
L [2016-12-31 06:08:05.283] Total Army Camp capacity: 240/240 (100%)
D [2016-12-31 06:08:05.992] MEmu time lag is 0 sec/min (avg for 65 sec)
L [2016-12-31 06:08:05.993] Restarted due search limit
L [2016-12-31 06:08:08.041] Total Army Camp capacity: 240/240 (100%)
L [2016-12-31 06:08:08.665] Going to Attack...
L [2016-12-31 06:08:13.891] ================= Restart To Search ==================
D [2016-12-31 06:08:15.384] GetVillageSize measured: 492.188217751547, Zoom factor: 1.03924256235982, Offset: 19, 8
D [2016-12-31 06:08:15.384] Village Offset (VillageSearch) updated to 19, 8, 1.03924256235982
L [2016-12-31 06:08:16.120]  65> [G]: 203766 [E]: 214577 [D]: 1932 [T]:23
L [2016-12-31 06:08:16.127]       Not a Dead Base
D [2016-12-31 06:08:18.680] API: $hWind=0x00072E72,$iMsg=49694,$wParam=0x00000000,$lParam=0x004304AA
D [2016-12-31 06:08:24.713] GetVillageSize measured: 478.600451797684, Zoom factor: 1.01055234955638, Offset: 4, 9
D [2016-12-31 06:08:24.714] Village Offset (VillageSearch) updated to 4, 9, 1.01055234955638
L [2016-12-31 06:08:25.438]  66> [G]:  95349 [E]: 307760 [D]: 1473 [T]:22
L [2016-12-31 06:08:25.446]       Not a Dead Base
D [2016-12-31 06:08:30.388] AdbScreencap: 90/71/66 ms (all/10/1),63,0,l=24,t=605,w=2,h=2, 23AEA134B5E5638F5C87BF7B4993E73524D48266: w=860,h=732,f=1
D [2016-12-31 06:08:33.255] GetVillageSize measured: 477.194992395467, Zoom factor: 1.00758475874909, Offset: -3, 9
D [2016-12-31 06:08:33.255] Village Offset (VillageSearch) updated to -3, 9, 1.00758475874909
L [2016-12-31 06:08:33.257]  67> [G]:  46843 [E]:  22545 [D]:   96 [T]:18
D [2016-12-31 06:08:33.667] API: $hWind=0x00072E72,$iMsg=49694,$wParam=0x00000000,$lParam=0x004304AA
D [2016-12-31 06:08:40.906] GetVillageSize measured: 477.194992395467, Zoom factor: 1.00758475874909, Offset: 18, 9
D [2016-12-31 06:08:40.906] Village Offset (VillageSearch) updated to 18, 9, 1.00758475874909
L [2016-12-31 06:08:41.602]  68> [G]: 277607 [E]: 183087 [D]: 2418 [T]:23
L [2016-12-31 06:08:41.608]       Not a Dead Base
D [2016-12-31 06:08:48.773] API: $hWind=0x00072E72,$iMsg=49694,$wParam=0x00000000,$lParam=0x004304AA
D [2016-12-31 06:08:49.842] GetVillageSize measured: 476.413956806172, Zoom factor: 1.00593562250845, Offset: 10, 9
D [2016-12-31 06:08:49.842] Village Offset (VillageSearch) updated to 10, 9, 1.00593562250845
L [2016-12-31 06:08:50.545]  69> [G]: 183243 [E]: 345224 [D]: 2760 [T]:16
L [2016-12-31 06:08:50.551]       Not a Dead Base
D [2016-12-31 06:08:57.622] Restore bot window to 909, 2, caller: GUIControl_WM_NCACTIVATE
D [2016-12-31 06:08:57.626] GUIControl_WM_NCACTIVATE: Activate Bot
D [2016-12-31 06:08:59.746] GetVillageSize measured: 476.413956806172, Zoom factor: 1.00593562250845, Offset: 10, 9
L [2016-12-31 06:08:59.749] Initiating attack for: Dead Base
L [2016-12-31 06:08:59.823]  ====== Start Attack ====== 
L [2016-12-31 06:08:59.825] Checking if the battle has finished
L [2016-12-31 06:09:00.030] Returning Home
D [2016-12-31 06:09:00.163] Enable GUI Controls
D [2016-12-31 06:09:01.681] Redraw MyBot Window
L [2016-12-31 06:09:01.976] ==================== Bot Stop ====================
