D [2016-12-30 20:08:04.733] Save Config C:\CDR\MyBot6_5x\Profiles\Gary\config.ini
D [2016-12-30 20:08:04.859] Updating Android Window 'MEmu_1' position: 1, 1
D [2016-12-30 20:08:06.648] Save Building Config C:\CDR\MyBot6_5x\Profiles\Gary\building.ini
D [2016-12-30 20:08:07.215] Read Building Config C:\CDR\MyBot6_5x\Profiles\Gary\building.ini
D [2016-12-30 20:08:07.228] Read Config C:\CDR\MyBot6_5x\Profiles\Gary\config.ini
D [2016-12-30 20:08:07.311] Apply Config
D [2016-12-30 20:08:07.557] Disable GUI Controls
D [2016-12-30 20:08:09.139] Redraw MyBot Window
D [2016-12-30 20:08:09.171] Android Window Handle: 0x0005187C
D [2016-12-30 20:08:09.171] InitiateLayout: MEmu_1 Android-ClientSize: 860 x 732
D [2016-12-30 20:08:09.172] CheckScreenAndroid: Window size 908 x 770
D [2016-12-30 20:08:09.425] MEmu font_scale = 1
D [2016-12-30 20:08:09.529] GUIControl_WM_NCACTIVATE: Deactivate Bot
D [2016-12-30 20:08:09.790] Restore bot window to 909, 2, caller: GUIControl_WM_NCACTIVATE
D [2016-12-30 20:08:09.793] GUIControl_WM_NCACTIVATE: Activate Bot
L [2016-12-30 20:08:10.046]  My Bot v6.5.1.r2515 (MEmu_1) Powered by MyBot.run ~
L [2016-12-30 20:08:10.053] MyBot.run.exe Executable running on WIN_10  X64
L [2016-12-30 20:08:10.054] =================== Bot Start ====================
L [2016-12-30 20:08:10.055] ------------------------  Current Profile: Gary -------------------------
L [2016-12-30 20:08:10.056] Trying to locate Main Screen
D [2016-12-30 20:08:11.287] GetVillageSize measured: 492.188217751547, Zoom factor: 1.03924256235982, Offset: 4, 18
D [2016-12-30 20:08:11.288] Center Village by: 4, 18
D [2016-12-30 20:08:12.926] GetVillageSize measured: 491.406698493947, Zoom factor: 1.03759240486618, Offset: 0, -4
D [2016-12-30 20:08:12.926] Village Offset updated to 0, -4, 1.03759240486618
D [2016-12-30 20:08:12.930] Centered Village Offset: 0, -4, change: -4, -22
L [2016-12-30 20:08:12.930] Zooming Out
D [2016-12-30 20:08:14.724] GetVillageSize measured: 484.379807083015, Zoom factor: 1.02275530724389, Offset: -4, 1
D [2016-12-30 20:08:14.725] Center Village by: -4, 1
D [2016-12-30 20:08:15.655] API: $hWind=0x01CC18FC,$iMsg=49694,$wParam=0x00000000,$lParam=0x0001185A
D [2016-12-30 20:08:16.371] GetVillageSize measured: 483.598114600674, Zoom factor: 1.02110478399074, Offset: 1, 0
D [2016-12-30 20:08:16.372] Village Offset updated to 1, 0, 1.02110478399074
D [2016-12-30 20:08:16.373] Centered Village Offset: 1, 0, change: 5, -1
L [2016-12-30 20:08:16.374] Main Screen Located
D [2016-12-30 20:08:16.556] GetVillageSize measured: 483.598114600674, Zoom factor: 1.02110478399074, Offset: 1, 0
L [2016-12-30 20:08:17.587] Detecting your Buildings..
L [2016-12-30 20:08:18.599] Detecting your Village Theme
L [2016-12-30 20:08:18.949] Snow Theme detected
L [2016-12-30 20:08:22.088] Language setting is English: Correct.
L [2016-12-30 20:08:23.097] Trying to locate Main Screen
D [2016-12-30 20:08:23.361] GetVillageSize measured: 483.598114600674, Zoom factor: 1.02110478399074, Offset: 1, 0
L [2016-12-30 20:08:23.364] Main Screen Located
D [2016-12-30 20:08:27.452] GetVillageSize measured: 483.598114600674, Zoom factor: 1.02110478399074, Offset: 1, 0
L [2016-12-30 20:08:28.185] Village Report
L [2016-12-30 20:08:28.288]  [T]: 2 481
L [2016-12-30 20:08:28.391]  [G]: 2 086 651 [E]: 1 944 520 [D]: 138 970 [GEM]: 1 339
D [2016-12-30 20:08:29.157] GetVillageSize measured: 483.598114600674, Zoom factor: 1.02110478399074, Offset: 1, 0
D [2016-12-30 20:08:29.162] _RunFunction: CleanYard BEGIN
D [2016-12-30 20:08:29.162] _RunFunction: CleanYard END
D [2016-12-30 20:08:29.163] _RunFunction: CheckTombs BEGIN
D [2016-12-30 20:08:29.364] _RunFunction: CheckTombs END
D [2016-12-30 20:08:29.365] _RunFunction: Collect BEGIN
L [2016-12-30 20:08:30.193] Collecting Resources
D [2016-12-30 20:08:30.706] API: $hWind=0x01CC18FC,$iMsg=49694,$wParam=0x00000000,$lParam=0x0001185A
D [2016-12-30 20:08:32.631] GetVillageSize measured: 483.598114600674, Zoom factor: 1.02110478399074, Offset: 1, 0
L [2016-12-30 20:08:32.636] Searching for a Loot Cart..
L [2016-12-30 20:08:33.219] No Loot Cart found, Yard is clean!
D [2016-12-30 20:08:35.004] _RunFunction: Collect END
D [2016-12-30 20:08:35.004] _RunFunction: ReArm BEGIN
L [2016-12-30 20:08:35.005] Checking if Village needs Rearming..
L [2016-12-30 20:08:37.583] Rearm not needed!
D [2016-12-30 20:08:39.377] GetVillageSize measured: 483.598114600674, Zoom factor: 1.02110478399074, Offset: 1, 0
D [2016-12-30 20:08:39.581] _RunFunction: ReArm END
L [2016-12-30 20:08:39.582] Waiting, Add random delay of 35 seconds.
D [2016-12-30 20:08:45.745] API: $hWind=0x01CC18FC,$iMsg=49694,$wParam=0x00000000,$lParam=0x0001185A
D [2016-12-30 20:09:00.778] API: $hWind=0x01CC18FC,$iMsg=49694,$wParam=0x00000000,$lParam=0x0001185A
D [2016-12-30 20:09:14.604] _RunFunction: NotifyReport BEGIN
D [2016-12-30 20:09:15.396] GetVillageSize measured: 483.598114600674, Zoom factor: 1.02110478399074, Offset: 1, 0
D [2016-12-30 20:09:15.600] _RunFunction: NotifyReport END
D [2016-12-30 20:09:15.600] _RunFunction: DonateCC,Train BEGIN
D [2016-12-30 20:09:15.716] API: $hWind=0x01CC18FC,$iMsg=49694,$wParam=0x00000000,$lParam=0x0001185A
L [2016-12-30 20:09:15.719] Checking for Donate Requests in Clan Chat
D [2016-12-30 20:09:19.739] GetVillageSize measured: 483.598114600674, Zoom factor: 1.02110478399074, Offset: 1, 0
L [2016-12-30 20:09:21.660]  - Army Window Opened!
L [2016-12-30 20:09:23.374] Total Army Camp capacity: 240/240 (100%)
L [2016-12-30 20:09:23.595]  - Barbarian King available
L [2016-12-30 20:09:23.604]  - Archer Queen available
L [2016-12-30 20:09:23.788] Total Spell(s) Capacity: 10/11
L [2016-12-30 20:09:24.566]  - Army Camp: 240/240
L [2016-12-30 20:09:24.575]  - Spells: 11/11
L [2016-12-30 20:09:24.575]  - Clan Castle: 35/35
L [2016-12-30 20:09:24.577] Chief, are your Army ready for battle? Yes, they are!
L [2016-12-30 20:09:25.389]  - 16 Barbarians Available
L [2016-12-30 20:09:25.451]  - 80 Archers Available
L [2016-12-30 20:09:25.453]  - 16 Giants Available
L [2016-12-30 20:09:25.462]  - 16 Wizards Available
L [2016-12-30 20:09:25.825]  - 3 Rage Spells Brewed
L [2016-12-30 20:09:25.825]  - 2 Jump Spells Brewed
L [2016-12-30 20:09:25.826]  - 1 Poison Spell Brewed
L [2016-12-30 20:09:25.827]  - Your Army is Full, let's make troops before Attack!
D [2016-12-30 20:09:30.861] API: $hWind=0x01CC18FC,$iMsg=49694,$wParam=0x00000000,$lParam=0x0001185A
L [2016-12-30 20:09:32.093]  - Opened the Train Troops
L [2016-12-30 20:09:33.673]  - Delete Troops Queued 
L [2016-12-30 20:09:36.046]  - Opened the Brew Spells
L [2016-12-30 20:09:37.757]  - Delete Spells Queued 
L [2016-12-30 20:09:44.508]  - Opened the Train Troops
L [2016-12-30 20:09:44.895]  - Your army is: 240
L [2016-12-30 20:09:44.896]  - Checking: FULL Queue and Not Full Army
D [2016-12-30 20:09:45.837] API: $hWind=0x01CC18FC,$iMsg=49694,$wParam=0x00000000,$lParam=0x0001185A
L [2016-12-30 20:09:46.686]  - Conditions met: FULL Queue and Not Full Army
L [2016-12-30 20:09:48.872]  - Opened the Quick Train
L [2016-12-30 20:09:49.882]  - TrainArmyNumber: 1
L [2016-12-30 20:09:50.010]  - All ok: Clicked On Army: 1| Pixel was :909090
L [2016-12-30 20:09:50.011]  - If needed 'edit' the Army 1 before start the BOT!!!
L [2016-12-30 20:09:50.262]  - TrainArmyNumber: 2
L [2016-12-30 20:09:50.272]  - All ok: Clicked On Army: 2| Pixel was :8D8D8D
L [2016-12-30 20:09:50.272]  - If needed 'edit' the Army 2 before start the BOT!!!
L [2016-12-30 20:09:50.523]  - TrainArmyNumber: 3
L [2016-12-30 20:09:50.681]  - All ok: Clicked On Army: 3| Pixel was :8D8D8D
L [2016-12-30 20:09:50.681]  - If needed 'edit' the Army 3 before start the BOT!!!
L [2016-12-30 20:09:50.932]  - TrainArmyNumber: 3
L [2016-12-30 20:09:50.942]  - All ok: Clicked On Army: 3| Pixel was :8D8D8D
L [2016-12-30 20:09:50.943]  - If needed 'edit' the Army 3 before start the BOT!!!
L [2016-12-30 20:09:51.194]  - TrainArmyNumber: 3
L [2016-12-30 20:09:51.343]  - All ok: Clicked On Army: 3| Pixel was :8D8D8D
L [2016-12-30 20:09:51.344]  - If needed 'edit' the Army 3 before start the BOT!!!
L [2016-12-30 20:09:51.608]  - Do nothing and hope Quick Train fills it
L [2016-12-30 20:09:51.608]  - Checking: Empty Queue and Not Full Army
D [2016-12-30 20:09:52.654] AdbScreencap: 88/115/77 ms (all/10/1),73,0,l=815,t=135,w=2,h=2, 562E4E49AC686A0A4A60554374F50AB32CF2A243: w=860,h=732,f=1
L [2016-12-30 20:09:57.892]  - Opened the Train Troops
D [2016-12-30 20:10:00.871] API: $hWind=0x01CC18FC,$iMsg=49694,$wParam=0x00000000,$lParam=0x0001185A
L [2016-12-30 20:10:01.771]  - Army Window Closed!
D [2016-12-30 20:10:03.502] _RunFunction: DonateCC,Train END
D [2016-12-30 20:10:03.513] MEmu time lag is 0 sec/min (avg for 97 sec)
D [2016-12-30 20:10:03.513] _RunFunction: ReplayShare BEGIN
D [2016-12-30 20:10:03.714] _RunFunction: ReplayShare END
D [2016-12-30 20:10:03.715] _RunFunction: BoostQueen BEGIN
D [2016-12-30 20:10:03.715] _RunFunction: BoostQueen END
D [2016-12-30 20:10:03.716] _RunFunction: BoostWarden BEGIN
D [2016-12-30 20:10:03.716] _RunFunction: BoostWarden END
D [2016-12-30 20:10:03.717] _RunFunction: BoostSpellFactory BEGIN
D [2016-12-30 20:10:03.717] _RunFunction: BoostSpellFactory END
D [2016-12-30 20:10:03.717] _RunFunction: RequestCC BEGIN
D [2016-12-30 20:10:05.037] GetVillageSize measured: 483.598114600674, Zoom factor: 1.02110478399074, Offset: 1, 0
D [2016-12-30 20:10:05.041] _RunFunction: RequestCC END
D [2016-12-30 20:10:05.041] _RunFunction: BoostKing BEGIN
D [2016-12-30 20:10:05.042] _RunFunction: BoostKing END
D [2016-12-30 20:10:05.043] _RunFunction: BoostBarracks BEGIN
D [2016-12-30 20:10:05.043] _RunFunction: BoostBarracks END
D [2016-12-30 20:10:05.043] _RunFunction: UpgradeBuilding BEGIN
D [2016-12-30 20:10:05.244] _RunFunction: UpgradeBuilding END
D [2016-12-30 20:10:05.245] _RunFunction: UpgradeHeroes BEGIN
D [2016-12-30 20:10:05.446] _RunFunction: UpgradeHeroes END
D [2016-12-30 20:10:05.446] _RunFunction: Laboratory BEGIN
D [2016-12-30 20:10:05.937] GetVillageSize measured: 483.598114600674, Zoom factor: 1.02110478399074, Offset: 1, 0
D [2016-12-30 20:10:05.941] _RunFunction: Laboratory END
D [2016-12-30 20:10:06.747] GetVillageSize measured: 483.598114600674, Zoom factor: 1.02110478399074, Offset: 1, 0
L [2016-12-30 20:10:09.042] Total Army Camp capacity: 240/240 (100%)
L [2016-12-30 20:10:09.676] Going to Attack...
L [2016-12-30 20:10:14.849] ==================================================
L [2016-12-30 20:10:14.858] Aim:           [G+E]: 319000 [D]:    0 for: Dead Base
L [2016-12-30 20:10:14.858] ==================================================
D [2016-12-30 20:10:15.849] API: $hWind=0x01CC18FC,$iMsg=49694,$wParam=0x00000000,$lParam=0x0001185A
D [2016-12-30 20:10:16.343] GetVillageSize measured: 476.413956806172, Zoom factor: 1.00593562250845, Offset: -6, 9
D [2016-12-30 20:10:16.344] Village Offset (VillageSearch) updated to -6, 9, 1.00593562250845
L [2016-12-30 20:10:17.080]   1> [G]: 503413 [E]: 343643 [D]: 1584 [T]:22
L [2016-12-30 20:10:17.089]       Not a Dead Base
D [2016-12-30 20:10:27.354] GetVillageSize measured: 476.413956806172, Zoom factor: 1.00593562250845, Offset: -5, 9
D [2016-12-30 20:10:27.354] Village Offset (VillageSearch) updated to -5, 9, 1.00593562250845
L [2016-12-30 20:10:27.356]   2> [G]:  82067 [E]:  78657 [D]: 2754 [T]:21
D [2016-12-30 20:10:28.016] GUIControl_WM_NCACTIVATE: Deactivate Bot
D [2016-12-30 20:10:30.819] API: $hWind=0x01CC18FC,$iMsg=49694,$wParam=0x00000000,$lParam=0x0001185A
D [2016-12-30 20:10:37.308] GetVillageSize measured: 476.413956806172, Zoom factor: 1.00593562250845, Offset: 10, 9
D [2016-12-30 20:10:37.309] Village Offset (VillageSearch) updated to 10, 9, 1.00593562250845
L [2016-12-30 20:10:38.004]   3> [G]: 400190 [E]: 234833 [D]: 3087 [T]:22
D [2016-12-30 20:10:38.009] GUIControl_WM_NCACTIVATE: Deactivate Bot
L [2016-12-30 20:10:38.012]       Not a Dead Base
D [2016-12-30 20:10:45.861] API: $hWind=0x01CC18FC,$iMsg=49694,$wParam=0x00000000,$lParam=0x0001185A
D [2016-12-30 20:10:47.374] GetVillageSize measured: 491.406698493947, Zoom factor: 1.03759240486618, Offset: 15, 7
D [2016-12-30 20:10:47.374] Village Offset (VillageSearch) updated to 15, 7, 1.03759240486618
L [2016-12-30 20:10:48.087]   4> [G]: 150309 [E]: 383017 [D]: 3022 [T]:18
L [2016-12-30 20:10:48.093]       Not a Dead Base
D [2016-12-30 20:10:58.112] GetVillageSize measured: 476.57144557659, Zoom factor: 1.00626815593247, Offset: 1, 8
D [2016-12-30 20:10:58.112] Village Offset (VillageSearch) updated to 1, 8, 1.00626815593247
L [2016-12-30 20:10:58.794]   5> [G]: 243466 [E]: 509223 [D]: 7004 [T]:33
L [2016-12-30 20:10:58.801]       Not a Dead Base
D [2016-12-30 20:11:00.922] API: $hWind=0x01CC18FC,$iMsg=49694,$wParam=0x00000000,$lParam=0x0001185A
D [2016-12-30 20:11:09.058] AdbScreencap: 82/78/68 ms (all/10/1),62,0,l=0,t=0,w=860,h=732, 562E4E49AC686A0A4A60554374F50AB32CF2A243: w=860,h=732,f=1
D [2016-12-30 20:11:09.114] GetVillageSize cannot find stone
D [2016-12-30 20:11:09.813] GetVillageSize measured: 477.194992395467, Zoom factor: 1.00758475874909, Offset: 12, 9
D [2016-12-30 20:11:10.816] Village Offset (VillageSearch) updated to 12, 9, 1.00758475874909
D [2016-12-30 20:11:11.350] Restore bot window to 909, 2, caller: GUIControl_WM_NCACTIVATE
D [2016-12-30 20:11:11.354] GUIControl_WM_NCACTIVATE: Activate Bot
L [2016-12-30 20:11:11.653]   6> [G]: 500271 [E]: 451777 [D]: 3296 [T]:33
L [2016-12-30 20:11:11.660]       Dead Base Found!
L [2016-12-30 20:11:13.098] ================ Search Complete =================
L [2016-12-30 20:11:13.109] Initiating attack for: Dead Base
D [2016-12-30 20:11:13.868] GUIControl_WM_NCACTIVATE: Deactivate Bot
D [2016-12-30 20:11:13.954] GUIControl_WM_NCACTIVATE: Deactivate Bot
L [2016-12-30 20:11:14.399] 0 » 16 Barbarians
L [2016-12-30 20:11:14.400] 1 » 80 Archers
L [2016-12-30 20:11:14.401] 2 » 16 Giants
L [2016-12-30 20:11:14.402] 3 » 16 Wizards
L [2016-12-30 20:11:14.402] 4 » 1 Clan Castle
L [2016-12-30 20:11:14.403] 5 » 1 King
L [2016-12-30 20:11:14.404] 6 » 1 Queen
L [2016-12-30 20:11:14.405]  ====== Start Attack ====== 
D [2016-12-30 20:11:15.941] API: $hWind=0x01CC18FC,$iMsg=49694,$wParam=0x00000000,$lParam=0x0001185A
L [2016-12-30 20:11:16.407] Calculating Smart Attack Strategy
L [2016-12-30 20:11:16.616] Calculated  (in 0.2 seconds) :
L [2016-12-30 20:11:16.617] Attacking Multi finger fight style
L [2016-12-30 20:11:17.618] ===============Multi Finger Attack================
L [2016-12-30 20:11:17.626] Attacking Eight Finger Blossom fight style.
L [2016-12-30 20:11:17.627] Calculating attack vectors for all troop deployments, please be patient...
L [2016-12-30 20:11:25.701] Dropping Clan Castle
L [2016-12-30 20:11:26.764] Dropping King
L [2016-12-30 20:11:27.771] Dropping Queen
L [2016-12-30 20:11:28.812] Finished Attacking, waiting for the battle to end
L [2016-12-30 20:11:28.920] Dropping left over troops
L [2016-12-30 20:11:28.922] Checking remaining unused troops for: Dead Base
L [2016-12-30 20:11:29.822] Finished Attacking, waiting for the battle to end
L [2016-12-30 20:11:29.980] Checking if the battle has finished
D [2016-12-30 20:11:30.905] API: $hWind=0x01CC18FC,$iMsg=49694,$wParam=0x00000000,$lParam=0x0001185A
L [2016-12-30 20:11:32.175] detected [G]: 78160 [E]: 197586 [DE]: 2732 |  Exit in 18 sec.
L [2016-12-30 20:11:32.202] Gold & Elixir & DE change detected, waiting...
L [2016-12-30 20:11:35.515] detected [G]: 784 [E]: 57826 [DE]: 1342 |  Exit in 18 sec.
L [2016-12-30 20:11:35.540] Gold & Elixir & DE change detected, waiting...
L [2016-12-30 20:11:38.824] detected [G]: 784 [E]: 740 [DE]: 774 |  Exit in 18 sec.
L [2016-12-30 20:11:38.848] Gold & Elixir & DE change detected, waiting...
L [2016-12-30 20:11:42.095] detected [G]: 784 [E]: 740 [DE]: 26 |  Exit in 18 sec.
L [2016-12-30 20:11:42.118] Gold & Elixir & DE change detected, waiting...
L [2016-12-30 20:11:45.359] detected [G]: 696 [E]: 740 [DE]: 26 |  Exit in 18 sec.
L [2016-12-30 20:11:45.383] Gold & Elixir & DE change detected, waiting...
D [2016-12-30 20:11:45.994] API: $hWind=0x01CC18FC,$iMsg=49694,$wParam=0x00000000,$lParam=0x0001185A
L [2016-12-30 20:11:48.631] detected [G]:  [E]:  [DE]:  |  Exit now 
L [2016-12-30 20:11:48.639] Gold & Elixir & DE = 0, end battle 
L [2016-12-30 20:11:49.640] Battle has finished
L [2016-12-30 20:11:49.800] Returning Home
D [2016-12-30 20:11:51.380] MEmu time lag is 0 sec/min (avg for 107 sec)
L [2016-12-30 20:11:54.960] Loot: [G]: 499 644 [E]: 451 037 [DE]: 3 270 [T]: 11
L [2016-12-30 20:11:54.982] Bonus Percentage: 89%
L [2016-12-30 20:11:55.555] Bonus [G]: 62 300 out of 70 000 [E]: 62 300 out of 70 000 [DE]: 284 out of 319.101 123 595 506
L [2016-12-30 20:11:57.221] Your league level is: Crystal I
L [2016-12-30 20:11:57.278] Stars earned: 1
D [2016-12-30 20:12:00.919] API: $hWind=0x01CC18FC,$iMsg=49694,$wParam=0x00000000,$lParam=0x0001185A
L [2016-12-30 20:12:04.561] Trying to locate Main Screen
D [2016-12-30 20:12:04.824] GetVillageSize measured: 477.194992395467, Zoom factor: 1.00758475874909, Offset: 9, 9
D [2016-12-30 20:12:04.825] Center Village by: 9, 9
D [2016-12-30 20:12:06.449] GetVillageSize measured: 477.194992395467, Zoom factor: 1.00758475874909, Offset: -1, -2
D [2016-12-30 20:12:06.449] Village Offset updated to -1, -2, 1.00758475874909
D [2016-12-30 20:12:06.451] Centered Village Offset: -1, -2, change: -10, -11
L [2016-12-30 20:12:06.451] Main Screen Located
D [2016-12-30 20:12:10.605] AdbScreencap: 77/69/66 ms (all/10/1),62,0,l=110,t=166,w=82,h=16, 562E4E49AC686A0A4A60554374F50AB32CF2A243: w=860,h=732,f=1
L [2016-12-30 20:12:11.139] Total Army Camp capacity: 231/240 (96%)
D [2016-12-30 20:12:12.865] GetVillageSize measured: 477.194992395467, Zoom factor: 1.00758475874909, Offset: -1, -2
L [2016-12-30 20:12:13.596] Village Report
L [2016-12-30 20:12:13.699]  [T]: 2 492
L [2016-12-30 20:12:13.796]  [G]: 2 642 595 [E]: 2 457 857 [D]: 142 542 [GEM]: 1 339
D [2016-12-30 20:12:14.554] GetVillageSize measured: 477.194992395467, Zoom factor: 1.00758475874909, Offset: -1, -2
D [2016-12-30 20:12:14.558] _RunFunction: ReArm BEGIN
D [2016-12-30 20:12:14.759] _RunFunction: ReArm END
D [2016-12-30 20:12:14.760] _RunFunction: Collect BEGIN
L [2016-12-30 20:12:15.582] Collecting Resources
D [2016-12-30 20:12:16.040] API: $hWind=0x01CC18FC,$iMsg=49694,$wParam=0x00000000,$lParam=0x0001185A
D [2016-12-30 20:12:17.835] GetVillageSize measured: 477.194992395467, Zoom factor: 1.00758475874909, Offset: -1, -2
L [2016-12-30 20:12:17.840] Searching for a Loot Cart..
L [2016-12-30 20:12:18.341] No Loot Cart found, Yard is clean!
D [2016-12-30 20:12:20.078] _RunFunction: Collect END
D [2016-12-30 20:12:20.080] _RunFunction: CleanYard BEGIN
D [2016-12-30 20:12:20.081] _RunFunction: CleanYard END
D [2016-12-30 20:12:20.082] _RunFunction: CheckTombs BEGIN
D [2016-12-30 20:12:20.284] _RunFunction: CheckTombs END
L [2016-12-30 20:12:20.285] Waiting, Add random delay of 36 seconds.
D [2016-12-30 20:12:24.286] Restore bot window to 909, 2, caller: GUIControl_WM_NCACTIVATE
D [2016-12-30 20:12:24.292] GUIControl_WM_NCACTIVATE: Activate Bot
D [2016-12-30 20:12:24.556] Enable GUI Controls
D [2016-12-30 20:12:25.951] Redraw MyBot Window
L [2016-12-30 20:12:26.236] ==================== Bot Stop ====================
