D [2016-12-30 22:07:09.832] Save Config C:\CDR\MyBot6_5x\Profiles\Gary\config.ini
D [2016-12-30 22:07:10.845] GUIControl_WM_NCACTIVATE: Deactivate Bot
D [2016-12-30 22:07:12.082] Save Building Config C:\CDR\MyBot6_5x\Profiles\Gary\building.ini
D [2016-12-30 22:07:12.718] Read Building Config C:\CDR\MyBot6_5x\Profiles\Gary\building.ini
D [2016-12-30 22:07:12.733] Read Config C:\CDR\MyBot6_5x\Profiles\Gary\config.ini
D [2016-12-30 22:07:12.816] Apply Config
D [2016-12-30 22:07:13.137] Disable GUI Controls
D [2016-12-30 22:07:14.803] Redraw MyBot Window
D [2016-12-30 22:07:14.841] Android Window Handle: 0x0005187C
D [2016-12-30 22:07:14.842] InitiateLayout: MEmu_1 Android-ClientSize: 860 x 732
D [2016-12-30 22:07:14.843] CheckScreenAndroid: Window size 908 x 770
D [2016-12-30 22:07:15.107] MEmu font_scale = 1
L [2016-12-30 22:07:15.713]  My Bot v6.5.2.r2601 (MEmu_1) Powered by MyBot.run ~
D [2016-12-30 22:07:15.719] GUIControl_WM_NCACTIVATE: Deactivate Bot
L [2016-12-30 22:07:15.722] MyBot.run.exe Executable running on WIN_10  X64
L [2016-12-30 22:07:15.722] =================== Bot Start ====================
L [2016-12-30 22:07:15.723] ------------------------  Current Profile: Gary -------------------------
L [2016-12-30 22:07:15.724] Trying to locate Main Screen
D [2016-12-30 22:07:16.119] GetVillageSize measured: 476.413956806172, Zoom factor: 1.00593562250845, Offset: 9, 9
D [2016-12-30 22:07:16.119] Center Village by: 9, 9
D [2016-12-30 22:07:17.848] GetVillageSize cannot find stone
D [2016-12-30 22:07:17.848] Centered Village Offset: 0, 0, change: -9, -9
L [2016-12-30 22:07:17.849] Zooming Out
D [2016-12-30 22:07:19.736] GetVillageSize measured: 475.789575298868, Zoom factor: 1.00461725726901, Offset: -1, -1
D [2016-12-30 22:07:20.737] Center Village by: -1, -1
D [2016-12-30 22:07:20.975] API: $hWind=0x00072E72,$iMsg=49694,$wParam=0x00000000,$lParam=0x004304AA
D [2016-12-30 22:07:22.555] GetVillageSize measured: 476.413956806172, Zoom factor: 1.00593562250845, Offset: 0, -1
D [2016-12-30 22:07:23.556] Village Offset updated to 0, -1, 1.00593562250845
D [2016-12-30 22:07:23.558] Centered Village Offset: 0, -1, change: 1, 0
L [2016-12-30 22:07:23.559] Main Screen Located
D [2016-12-30 22:07:23.812] GetVillageSize measured: 476.413956806172, Zoom factor: 1.00593562250845, Offset: 0, -1
L [2016-12-30 22:07:24.827] Detecting your Buildings..
L [2016-12-30 22:07:25.830] Detecting your Village Theme
L [2016-12-30 22:07:26.166] Snow Theme detected
L [2016-12-30 22:07:27.383] Language setting is English: Correct.
L [2016-12-30 22:07:28.384] Trying to locate Main Screen
D [2016-12-30 22:07:28.699] GetVillageSize cannot find stone
L [2016-12-30 22:07:28.700] Zooming Out
D [2016-12-30 22:07:30.471] AdbScreencap: 90/111/132 ms (all/10/1),126,0,l=0,t=0,w=860,h=732, 23AEA134B5E5638F5C87BF7B4993E73524D48266: w=860,h=732,f=1
D [2016-12-30 22:07:30.587] GetVillageSize measured: 475.789575298868, Zoom factor: 1.00461725726901, Offset: -1, -1
D [2016-12-30 22:07:31.588] Center Village by: -1, -1
D [2016-12-30 22:07:33.402] GetVillageSize measured: 476.413956806172, Zoom factor: 1.00593562250845, Offset: 0, -1
D [2016-12-30 22:07:34.404] Centered Village Offset: 0, -1, change: 1, 0
L [2016-12-30 22:07:34.404] Main Screen Located
D [2016-12-30 22:07:35.000] API: $hWind=0x00072E72,$iMsg=49694,$wParam=0x00000000,$lParam=0x004304AA
L [2016-12-30 22:07:36.664] Total Army Camp capacity: 240/240 (100%)
D [2016-12-30 22:07:37.440] MEmu time lag is 0 sec/min (avg for 815 sec)
D [2016-12-30 22:07:38.639] GetVillageSize measured: 476.413956806172, Zoom factor: 1.00593562250845, Offset: 0, -1
L [2016-12-30 22:07:39.354] Village Report
L [2016-12-30 22:07:39.533]  [T]: 2 526
L [2016-12-30 22:07:39.635]  [G]: 3 568 550 [E]: 2 645 523 [D]: 149 597 [GEM]: 1 369
D [2016-12-30 22:07:40.416] GetVillageSize measured: 476.413956806172, Zoom factor: 1.00593562250845, Offset: 0, -1
D [2016-12-30 22:07:40.421] _RunFunction: CheckTombs BEGIN
D [2016-12-30 22:07:40.622] _RunFunction: CheckTombs END
D [2016-12-30 22:07:40.622] _RunFunction: CleanYard BEGIN
D [2016-12-30 22:07:40.623] _RunFunction: CleanYard END
D [2016-12-30 22:07:40.623] _RunFunction: Collect BEGIN
L [2016-12-30 22:07:41.479] Collecting Resources
D [2016-12-30 22:07:48.860] GetVillageSize measured: 476.413956806172, Zoom factor: 1.00593562250845, Offset: 0, -1
L [2016-12-30 22:07:48.864] Searching for a Loot Cart..
L [2016-12-30 22:07:49.433] No Loot Cart found, Yard is clean!
D [2016-12-30 22:07:51.058] API: $hWind=0x00072E72,$iMsg=49694,$wParam=0x00000000,$lParam=0x004304AA
D [2016-12-30 22:07:51.252] _RunFunction: Collect END
D [2016-12-30 22:07:51.253] _RunFunction: ReArm BEGIN
D [2016-12-30 22:07:51.454] _RunFunction: ReArm END
L [2016-12-30 22:07:51.454] Waiting, Add random delay of 22 seconds.
D [2016-12-30 22:08:06.073] API: $hWind=0x00072E72,$iMsg=49694,$wParam=0x00000000,$lParam=0x004304AA
D [2016-12-30 22:08:13.526] _RunFunction: RequestCC BEGIN
D [2016-12-30 22:08:14.905] GetVillageSize measured: 476.413956806172, Zoom factor: 1.00593562250845, Offset: 0, -1
D [2016-12-30 22:08:14.916] _RunFunction: RequestCC END
D [2016-12-30 22:08:14.916] _RunFunction: BoostKing BEGIN
D [2016-12-30 22:08:14.916] _RunFunction: BoostKing END
D [2016-12-30 22:08:14.917] _RunFunction: NotifyReport BEGIN
D [2016-12-30 22:08:15.798] GetVillageSize measured: 476.413956806172, Zoom factor: 1.00593562250845, Offset: 0, -1
D [2016-12-30 22:08:16.008] _RunFunction: NotifyReport END
D [2016-12-30 22:08:16.008] _RunFunction: BoostWarden BEGIN
D [2016-12-30 22:08:16.009] _RunFunction: BoostWarden END
D [2016-12-30 22:08:16.009] _RunFunction: DonateCC,Train BEGIN
L [2016-12-30 22:08:16.023] Checking for Donate Requests in Clan Chat
L [2016-12-30 22:08:18.024] Using OCR to read Latin derived alphabets..
L [2016-12-30 22:08:18.979] Chat Request: Mago e aceleração
L [2016-12-30 22:08:19.098] Chat Troops: 0/25, Spells: 1/1
L [2016-12-30 22:08:19.099] Clan Castle spells are full, skip spell donation...
D [2016-12-30 22:08:21.060] API: $hWind=0x00072E72,$iMsg=49694,$wParam=0x00000000,$lParam=0x004304AA
D [2016-12-30 22:08:24.092] GetVillageSize measured: 476.413956806172, Zoom factor: 1.00593562250845, Offset: 0, -1
L [2016-12-30 22:08:26.056]  - Army Window Opened!
L [2016-12-30 22:08:27.810] Total Army Camp capacity: 240/240 (100%)
L [2016-12-30 22:08:28.259]  - Barbarian King will recover in 00:35:00
L [2016-12-30 22:08:28.431]  - Archer Queen will recover in 00:06:00
L [2016-12-30 22:08:28.677] Total Spell(s) Capacity: 11/11
L [2016-12-30 22:08:29.637]  - Army Camp: 240/240
L [2016-12-30 22:08:29.638]  - Spells: 11/11
L [2016-12-30 22:08:29.639]  - Clan Castle: 31/35
L [2016-12-30 22:08:29.640] Chief, are your Army ready for battle? No, Not yet!
L [2016-12-30 22:08:29.641]  - Heroes, not Ready!
L [2016-12-30 22:08:30.391]  - 16 Barbarians Available
L [2016-12-30 22:08:30.407]  - 80 Archers Available
L [2016-12-30 22:08:30.407]  - 16 Giants Available
L [2016-12-30 22:08:30.408]  - 16 Wizards Available
L [2016-12-30 22:08:30.818]  - 4 Rage Spells Brewed
L [2016-12-30 22:08:30.819]  - 1 Jump Spell Brewed
L [2016-12-30 22:08:30.819]  - 1 Poison Spell Brewed
L [2016-12-30 22:08:30.820]   making donated troops
D [2016-12-30 22:08:36.112] API: $hWind=0x00072E72,$iMsg=49694,$wParam=0x00000000,$lParam=0x004304AA
L [2016-12-30 22:08:37.324]  - Opened the Train Troops
L [2016-12-30 22:08:37.333] Ice Wizard Troop not detected!
L [2016-12-30 22:08:40.157]  - Current Capacity: 480/240
L [2016-12-30 22:08:40.167]  - Checking: FULL Queue and Not Full Army
L [2016-12-30 22:08:42.067]  - Conditions met: FULL Queue and Not Full Army
L [2016-12-30 22:08:44.353]  - Opened the Quick Train
L [2016-12-30 22:08:45.356] Using Quick Train Tab.
L [2016-12-30 22:08:45.557]  - All ok: Clicked On Army: 1| Pixel was :909090
L [2016-12-30 22:08:45.568]  - If needed 'edit' the Army 1 before start the BOT!!!
L [2016-12-30 22:08:45.819] Using Quick Train Tab.
L [2016-12-30 22:08:45.832]  - All ok: Clicked On Army: 2| Pixel was :8D8D8D
L [2016-12-30 22:08:45.833]  - If needed 'edit' the Army 2 before start the BOT!!!
L [2016-12-30 22:08:46.098] Using Quick Train Tab.
L [2016-12-30 22:08:46.112]  - All ok: Clicked On Army: 3| Pixel was :8D8D8D
L [2016-12-30 22:08:46.113]  - If needed 'edit' the Army 3 before start the BOT!!!
L [2016-12-30 22:08:46.364] Using Quick Train Tab.
L [2016-12-30 22:08:46.440]  - All ok: Clicked On Army: 3| Pixel was :8D8D8D
L [2016-12-30 22:08:46.441]  - If needed 'edit' the Army 3 before start the BOT!!!
L [2016-12-30 22:08:46.692] Using Quick Train Tab.
L [2016-12-30 22:08:46.831]  - All ok: Clicked On Army: 3| Pixel was :8D8D8D
L [2016-12-30 22:08:46.832]  - If needed 'edit' the Army 3 before start the BOT!!!
L [2016-12-30 22:08:47.084]  - Do nothing and hope Quick Train fills it
L [2016-12-30 22:08:47.084]  - Checking: Empty Queue and Not Full Army
D [2016-12-30 22:08:51.062] API: $hWind=0x00072E72,$iMsg=49694,$wParam=0x00000000,$lParam=0x004304AA
L [2016-12-30 22:08:53.531]  - Opened the Train Troops
L [2016-12-30 22:08:55.441]  - Your army is: 240
L [2016-12-30 22:08:55.442]  - Checking: FULL Queue and Not Full Army
L [2016-12-30 22:08:57.241]  - Conditions met: FULL Queue and Not Full Army
L [2016-12-30 22:08:59.390]  - Opened the Quick Train
L [2016-12-30 22:09:00.392] Using Quick Train Tab.
L [2016-12-30 22:09:00.532]  - All ok: Clicked On Army: 1| Pixel was :909090
L [2016-12-30 22:09:00.541]  - If needed 'edit' the Army 1 before start the BOT!!!
L [2016-12-30 22:09:00.793] Using Quick Train Tab.
L [2016-12-30 22:09:00.808]  - All ok: Clicked On Army: 2| Pixel was :8D8D8D
L [2016-12-30 22:09:00.809]  - If needed 'edit' the Army 2 before start the BOT!!!
L [2016-12-30 22:09:01.077] Using Quick Train Tab.
D [2016-12-30 22:09:01.198] AdbScreencap: 93/129/120 ms (all/10/1),115,0,l=815,t=135,w=2,h=2, 23AEA134B5E5638F5C87BF7B4993E73524D48266: w=860,h=732,f=1
L [2016-12-30 22:09:01.208]  - All ok: Clicked On Army: 3| Pixel was :8D8D8D
L [2016-12-30 22:09:01.209]  - If needed 'edit' the Army 3 before start the BOT!!!
L [2016-12-30 22:09:01.460] Using Quick Train Tab.
L [2016-12-30 22:09:01.471]  - All ok: Clicked On Army: 3| Pixel was :8D8D8D
L [2016-12-30 22:09:01.472]  - If needed 'edit' the Army 3 before start the BOT!!!
L [2016-12-30 22:09:01.723] Using Quick Train Tab.
L [2016-12-30 22:09:01.855]  - All ok: Clicked On Army: 3| Pixel was :8D8D8D
L [2016-12-30 22:09:01.855]  - If needed 'edit' the Army 3 before start the BOT!!!
L [2016-12-30 22:09:02.106]  - Do nothing and hope Quick Train fills it
L [2016-12-30 22:09:02.107]  - Checking: Empty Queue and Not Full Army
D [2016-12-30 22:09:06.164] API: $hWind=0x00072E72,$iMsg=49694,$wParam=0x00000000,$lParam=0x004304AA
L [2016-12-30 22:09:08.446]  - Opened the Train Troops
L [2016-12-30 22:09:11.101]  - Army Window Closed!
D [2016-12-30 22:09:12.905] _RunFunction: DonateCC,Train END
D [2016-12-30 22:09:12.917] MEmu time lag is 0 sec/min (avg for 95 sec)
D [2016-12-30 22:09:12.918] _RunFunction: BoostSpellFactory BEGIN
D [2016-12-30 22:09:12.919] _RunFunction: BoostSpellFactory END
D [2016-12-30 22:09:12.919] _RunFunction: ReplayShare BEGIN
D [2016-12-30 22:09:13.121] _RunFunction: ReplayShare END
D [2016-12-30 22:09:13.122] _RunFunction: BoostBarracks BEGIN
D [2016-12-30 22:09:13.123] _RunFunction: BoostBarracks END
D [2016-12-30 22:09:13.123] _RunFunction: BoostQueen BEGIN
D [2016-12-30 22:09:13.124] _RunFunction: BoostQueen END
D [2016-12-30 22:09:13.124] _RunFunction: Laboratory BEGIN
D [2016-12-30 22:09:13.614] GetVillageSize measured: 476.413956806172, Zoom factor: 1.00593562250845, Offset: 0, -1
D [2016-12-30 22:09:13.619] _RunFunction: Laboratory END
D [2016-12-30 22:09:13.621] _RunFunction: UpgradeHeroes BEGIN
D [2016-12-30 22:09:13.822] _RunFunction: UpgradeHeroes END
D [2016-12-30 22:09:13.822] _RunFunction: UpgradeBuilding BEGIN
D [2016-12-30 22:09:14.023] _RunFunction: UpgradeBuilding END
D [2016-12-30 22:09:14.857] GetVillageSize measured: 476.413956806172, Zoom factor: 1.00593562250845, Offset: 0, -1
L [2016-12-30 22:09:15.262] ====== Waiting for full army ======
L [2016-12-30 22:09:17.289] Total Army Camp capacity: 240/240 (100%)
L [2016-12-30 22:09:17.704]  - Barbarian King will recover in 00:34:00
L [2016-12-30 22:09:17.875]  - Archer Queen will recover in 00:05:00
L [2016-12-30 22:09:18.305] Total Spell(s) Capacity: 11/11
D [2016-12-30 22:09:21.126] API: $hWind=0x00072E72,$iMsg=49694,$wParam=0x00000000,$lParam=0x004304AA
D [2016-12-30 22:09:31.686] GetVillageSize measured: 476.413956806172, Zoom factor: 1.00593562250845, Offset: 0, -1
L [2016-12-30 22:09:31.892] Waiting, Add random delay of 60 seconds.
D [2016-12-30 22:09:36.137] API: $hWind=0x00072E72,$iMsg=49694,$wParam=0x00000000,$lParam=0x004304AA
D [2016-12-30 22:09:51.148] API: $hWind=0x00072E72,$iMsg=49694,$wParam=0x00000000,$lParam=0x004304AA
D [2016-12-30 22:10:06.150] API: $hWind=0x00072E72,$iMsg=49694,$wParam=0x00000000,$lParam=0x004304AA
D [2016-12-30 22:10:21.168] API: $hWind=0x00072E72,$iMsg=49694,$wParam=0x00000000,$lParam=0x004304AA
D [2016-12-30 22:10:32.382] GetVillageSize measured: 476.413956806172, Zoom factor: 1.00593562250845, Offset: 0, -1
L [2016-12-30 22:10:34.545]  - Army Window Opened!
D [2016-12-30 22:10:36.220] API: $hWind=0x00072E72,$iMsg=49694,$wParam=0x00000000,$lParam=0x004304AA
L [2016-12-30 22:10:36.419] Total Army Camp capacity: 240/240 (100%)
L [2016-12-30 22:10:36.874]  - Barbarian King will recover in 00:33:00
L [2016-12-30 22:10:37.077]  - Archer Queen will recover in 00:04:00
L [2016-12-30 22:10:37.315] Total Spell(s) Capacity: 11/11
L [2016-12-30 22:10:38.225]  - Army Camp: 240/240
L [2016-12-30 22:10:38.232]  - Spells: 11/11
L [2016-12-30 22:10:38.233]  - Clan Castle: 31/35
L [2016-12-30 22:10:38.234] Chief, are your Army ready for battle? No, Not yet!
L [2016-12-30 22:10:38.234]  - Heroes, not Ready!
L [2016-12-30 22:10:39.041]  - 16 Barbarians Available
L [2016-12-30 22:10:39.057]  - 80 Archers Available
L [2016-12-30 22:10:39.058]  - 16 Giants Available
L [2016-12-30 22:10:39.059]  - 16 Wizards Available
L [2016-12-30 22:10:39.486]  - 4 Rage Spells Brewed
L [2016-12-30 22:10:39.487]  - 1 Jump Spell Brewed
L [2016-12-30 22:10:39.487]  - 1 Poison Spell Brewed
L [2016-12-30 22:10:39.488]  - Checking: FULL Queue and Not Full Army
L [2016-12-30 22:10:45.957]  - Opened the Train Troops
L [2016-12-30 22:10:47.619]  - Conditions met: FULL Queue and Not Full Army
L [2016-12-30 22:10:49.873]  - Opened the Quick Train
L [2016-12-30 22:10:50.881] Using Quick Train Tab.
L [2016-12-30 22:10:51.022]  - All ok: Clicked On Army: 1| Pixel was :909090
L [2016-12-30 22:10:51.031]  - If needed 'edit' the Army 1 before start the BOT!!!
D [2016-12-30 22:10:51.233] API: $hWind=0x00072E72,$iMsg=49694,$wParam=0x00000000,$lParam=0x004304AA
L [2016-12-30 22:10:51.283] Using Quick Train Tab.
L [2016-12-30 22:10:51.294]  - All ok: Clicked On Army: 2| Pixel was :8D8D8D
L [2016-12-30 22:10:51.294]  - If needed 'edit' the Army 2 before start the BOT!!!
L [2016-12-30 22:10:51.559] Using Quick Train Tab.
L [2016-12-30 22:10:51.708]  - All ok: Clicked On Army: 3| Pixel was :8D8D8D
L [2016-12-30 22:10:51.709]  - If needed 'edit' the Army 3 before start the BOT!!!
L [2016-12-30 22:10:51.960] Using Quick Train Tab.
L [2016-12-30 22:10:51.971]  - All ok: Clicked On Army: 3| Pixel was :8D8D8D
L [2016-12-30 22:10:51.972]  - If needed 'edit' the Army 3 before start the BOT!!!
L [2016-12-30 22:10:52.223] Using Quick Train Tab.
L [2016-12-30 22:10:52.375]  - All ok: Clicked On Army: 3| Pixel was :8D8D8D
L [2016-12-30 22:10:52.376]  - If needed 'edit' the Army 3 before start the BOT!!!
L [2016-12-30 22:10:52.641]  - Do nothing and hope Quick Train fills it
L [2016-12-30 22:10:52.642]  - Checking: Empty Queue and Not Full Army
L [2016-12-30 22:10:59.027]  - Opened the Train Troops
L [2016-12-30 22:11:00.986]  - Your army is: 240
L [2016-12-30 22:11:00.987]  - Checking: FULL Queue and Not Full Army
L [2016-12-30 22:11:02.909]  - Conditions met: FULL Queue and Not Full Army
L [2016-12-30 22:11:05.181]  - Opened the Quick Train
L [2016-12-30 22:11:06.182] Using Quick Train Tab.
D [2016-12-30 22:11:06.195] API: $hWind=0x00072E72,$iMsg=49694,$wParam=0x00000000,$lParam=0x004304AA
L [2016-12-30 22:11:06.305]  - All ok: Clicked On Army: 1| Pixel was :909090
L [2016-12-30 22:11:06.305]  - If needed 'edit' the Army 1 before start the BOT!!!
L [2016-12-30 22:11:06.558] Using Quick Train Tab.
L [2016-12-30 22:11:06.570]  - All ok: Clicked On Army: 2| Pixel was :8D8D8D
L [2016-12-30 22:11:06.570]  - If needed 'edit' the Army 2 before start the BOT!!!
L [2016-12-30 22:11:06.821] Using Quick Train Tab.
L [2016-12-30 22:11:06.960]  - All ok: Clicked On Army: 3| Pixel was :8D8D8D
L [2016-12-30 22:11:06.961]  - If needed 'edit' the Army 3 before start the BOT!!!
L [2016-12-30 22:11:07.212] Using Quick Train Tab.
L [2016-12-30 22:11:07.226]  - All ok: Clicked On Army: 3| Pixel was :8D8D8D
L [2016-12-30 22:11:07.226]  - If needed 'edit' the Army 3 before start the BOT!!!
L [2016-12-30 22:11:07.477] Using Quick Train Tab.
L [2016-12-30 22:11:07.681]  - All ok: Clicked On Army: 3| Pixel was :8D8D8D
L [2016-12-30 22:11:07.701]  - If needed 'edit' the Army 3 before start the BOT!!!
L [2016-12-30 22:11:07.952]  - Do nothing and hope Quick Train fills it
L [2016-12-30 22:11:07.952]  - Checking: Empty Queue and Not Full Army
L [2016-12-30 22:11:14.309]  - Opened the Train Troops
D [2016-12-30 22:11:15.956] AdbScreencap: 96/133/140 ms (all/10/1),136,0,l=815,t=135,w=2,h=2, 23AEA134B5E5638F5C87BF7B4993E73524D48266: w=860,h=732,f=1
L [2016-12-30 22:11:17.001]  - Army Window Closed!
D [2016-12-30 22:11:17.321] Restore bot window to 909, 2, caller: GUIControl_WM_NCACTIVATE
D [2016-12-30 22:11:17.324] GUIControl_WM_NCACTIVATE: Activate Bot
L [2016-12-30 22:11:17.439] Bot was Paused!
D [2016-12-30 22:11:18.578] GUIControl_WM_NCACTIVATE: Deactivate Bot
D [2016-12-30 22:11:21.272] API: $hWind=0x00072E72,$iMsg=49694,$wParam=0x00000000,$lParam=0x004304AA
D [2016-12-30 22:11:30.646] Restore bot window to 909, 2, caller: GUIControl_WM_NCACTIVATE
D [2016-12-30 22:11:30.649] GUIControl_WM_NCACTIVATE: Activate Bot
L [2016-12-30 22:11:30.761] Bot was Resumed.
D [2016-12-30 22:11:31.707] GetVillageSize measured: 476.413956806172, Zoom factor: 1.00593562250845, Offset: 0, -1
D [2016-12-30 22:11:32.680] GetVillageSize measured: 476.413956806172, Zoom factor: 1.00593562250845, Offset: 0, -1
L [2016-12-30 22:11:32.885] Time Idle: 00:02:17
D [2016-12-30 22:11:35.163] MEmu time lag is 0 sec/min (avg for 142 sec)
L [2016-12-30 22:11:35.365] ====== Waiting for full army ======
D [2016-12-30 22:11:35.524] GUIControl_WM_NCACTIVATE: Deactivate Bot
D [2016-12-30 22:11:35.937] GUIControl_WM_NCACTIVATE: Deactivate Bot
D [2016-12-30 22:11:36.344] API: $hWind=0x00072E72,$iMsg=49694,$wParam=0x00000000,$lParam=0x004304AA
L [2016-12-30 22:11:37.551] Total Army Camp capacity: 240/240 (100%)
L [2016-12-30 22:11:38.033]  - Barbarian King will recover in 00:32:00
L [2016-12-30 22:11:38.197]  - Archer Queen will recover in 00:03:00
L [2016-12-30 22:11:38.690] Total Spell(s) Capacity: 11/11
D [2016-12-30 22:11:51.267] API: $hWind=0x00072E72,$iMsg=49694,$wParam=0x00000000,$lParam=0x004304AA
D [2016-12-30 22:11:51.840] GetVillageSize measured: 476.413956806172, Zoom factor: 1.00593562250845, Offset: 0, -1
L [2016-12-30 22:11:52.048] Waiting, Add random delay of 56 seconds.
D [2016-12-30 22:12:06.361] API: $hWind=0x00072E72,$iMsg=49694,$wParam=0x00000000,$lParam=0x004304AA
D [2016-12-30 22:12:21.372] API: $hWind=0x00072E72,$iMsg=49694,$wParam=0x00000000,$lParam=0x004304AA
D [2016-12-30 22:12:36.347] API: $hWind=0x00072E72,$iMsg=49694,$wParam=0x00000000,$lParam=0x004304AA
D [2016-12-30 22:12:48.495] GetVillageSize measured: 476.413956806172, Zoom factor: 1.00593562250845, Offset: 0, -1
L [2016-12-30 22:12:50.433]  - Army Window Opened!
D [2016-12-30 22:12:51.415] API: $hWind=0x00072E72,$iMsg=49694,$wParam=0x00000000,$lParam=0x004304AA
L [2016-12-30 22:12:52.210] Total Army Camp capacity: 240/240 (100%)
L [2016-12-30 22:12:52.673]  - Barbarian King will recover in 00:31:00
L [2016-12-30 22:12:52.874]  - Archer Queen will recover in 00:02:00
L [2016-12-30 22:12:53.154] Total Spell(s) Capacity: 11/11
L [2016-12-30 22:12:53.908] - Castle full/no clan.
L [2016-12-30 22:12:54.123]  - Army Camp: 240/240
L [2016-12-30 22:12:54.124]  - Spells: 11/11
L [2016-12-30 22:12:54.124]  - Clan Castle: 35/35
L [2016-12-30 22:12:54.125] Chief, are your Army ready for battle? No, Not yet!
L [2016-12-30 22:12:54.126]  - Heroes, not Ready!
L [2016-12-30 22:12:54.919]  - 16 Barbarians Available
L [2016-12-30 22:12:54.941]  - 80 Archers Available
L [2016-12-30 22:12:54.942]  - 16 Giants Available
L [2016-12-30 22:12:54.943]  - 16 Wizards Available
L [2016-12-30 22:12:55.377]  - 4 Rage Spells Brewed
L [2016-12-30 22:12:55.378]  - 1 Jump Spell Brewed
L [2016-12-30 22:12:55.379]  - 1 Poison Spell Brewed
L [2016-12-30 22:12:55.380]  - Checking: FULL Queue and Not Full Army
L [2016-12-30 22:13:01.806]  - Opened the Train Troops
L [2016-12-30 22:13:03.460]  - Conditions met: FULL Queue and Not Full Army
L [2016-12-30 22:13:05.649]  - Opened the Quick Train
D [2016-12-30 22:13:06.363] API: $hWind=0x00072E72,$iMsg=49694,$wParam=0x00000000,$lParam=0x004304AA
L [2016-12-30 22:13:06.659] Using Quick Train Tab.
L [2016-12-30 22:13:06.844]  - All ok: Clicked On Army: 1| Pixel was :909090
L [2016-12-30 22:13:06.854]  - If needed 'edit' the Army 1 before start the BOT!!!
L [2016-12-30 22:13:07.105] Using Quick Train Tab.
L [2016-12-30 22:13:07.124]  - All ok: Clicked On Army: 2| Pixel was :8D8D8D
L [2016-12-30 22:13:07.124]  - If needed 'edit' the Army 2 before start the BOT!!!
L [2016-12-30 22:13:07.392] Using Quick Train Tab.
L [2016-12-30 22:13:07.573]  - All ok: Clicked On Army: 3| Pixel was :8D8D8D
L [2016-12-30 22:13:07.574]  - If needed 'edit' the Army 3 before start the BOT!!!
L [2016-12-30 22:13:07.826] Using Quick Train Tab.
L [2016-12-30 22:13:07.841]  - All ok: Clicked On Army: 3| Pixel was :8D8D8D
L [2016-12-30 22:13:07.841]  - If needed 'edit' the Army 3 before start the BOT!!!
L [2016-12-30 22:13:08.093] Using Quick Train Tab.
L [2016-12-30 22:13:08.273]  - All ok: Clicked On Army: 3| Pixel was :8D8D8D
L [2016-12-30 22:13:08.274]  - If needed 'edit' the Army 3 before start the BOT!!!
L [2016-12-30 22:13:08.525]  - Do nothing and hope Quick Train fills it
L [2016-12-30 22:13:08.525]  - Checking: Empty Queue and Not Full Army
L [2016-12-30 22:13:14.899]  - Opened the Train Troops
L [2016-12-30 22:13:16.817]  - Your army is: 240
L [2016-12-30 22:13:16.818]  - Checking: FULL Queue and Not Full Army
L [2016-12-30 22:13:18.617]  - Conditions met: FULL Queue and Not Full Army
L [2016-12-30 22:13:20.767]  - Opened the Quick Train
D [2016-12-30 22:13:21.378] API: $hWind=0x00072E72,$iMsg=49694,$wParam=0x00000000,$lParam=0x004304AA
L [2016-12-30 22:13:21.768] Using Quick Train Tab.
L [2016-12-30 22:13:21.917]  - All ok: Clicked On Army: 1| Pixel was :909090
L [2016-12-30 22:13:21.927]  - If needed 'edit' the Army 1 before start the BOT!!!
L [2016-12-30 22:13:22.178] Using Quick Train Tab.
L [2016-12-30 22:13:22.191]  - All ok: Clicked On Army: 2| Pixel was :8D8D8D
L [2016-12-30 22:13:22.192]  - If needed 'edit' the Army 2 before start the BOT!!!
L [2016-12-30 22:13:22.458] Using Quick Train Tab.
L [2016-12-30 22:13:22.588]  - All ok: Clicked On Army: 3| Pixel was :8D8D8D
L [2016-12-30 22:13:22.589]  - If needed 'edit' the Army 3 before start the BOT!!!
L [2016-12-30 22:13:22.840] Using Quick Train Tab.
L [2016-12-30 22:13:22.853]  - All ok: Clicked On Army: 3| Pixel was :8D8D8D
L [2016-12-30 22:13:22.854]  - If needed 'edit' the Army 3 before start the BOT!!!
L [2016-12-30 22:13:23.105] Using Quick Train Tab.
L [2016-12-30 22:13:23.236]  - All ok: Clicked On Army: 3| Pixel was :8D8D8D
L [2016-12-30 22:13:23.237]  - If needed 'edit' the Army 3 before start the BOT!!!
L [2016-12-30 22:13:23.488]  - Do nothing and hope Quick Train fills it
L [2016-12-30 22:13:23.489]  - Checking: Empty Queue and Not Full Army
L [2016-12-30 22:13:29.880]  - Opened the Train Troops
L [2016-12-30 22:13:32.535]  - Army Window Closed!
D [2016-12-30 22:13:33.724] GetVillageSize measured: 476.413956806172, Zoom factor: 1.00593562250845, Offset: 0, -1
D [2016-12-30 22:13:34.679] GetVillageSize measured: 476.413956806172, Zoom factor: 1.00593562250845, Offset: 0, -1
L [2016-12-30 22:13:34.886] Time Idle: 00:04:17
D [2016-12-30 22:13:36.393] API: $hWind=0x00072E72,$iMsg=49694,$wParam=0x00000000,$lParam=0x004304AA
D [2016-12-30 22:13:36.454] AdbScreencap: 99/116/103 ms (all/10/1),98,0,l=815,t=135,w=2,h=2, 23AEA134B5E5638F5C87BF7B4993E73524D48266: w=860,h=732,f=1
D [2016-12-30 22:13:36.990] MEmu time lag is 0 sec/min (avg for 121 sec)
L [2016-12-30 22:13:37.194] ====== Waiting for full army ======
L [2016-12-30 22:13:39.255] Total Army Camp capacity: 240/240 (100%)
L [2016-12-30 22:13:39.756]  - Barbarian King will recover in 00:30:00
L [2016-12-30 22:13:39.914]  - Archer Queen will recover in 00:01:00
L [2016-12-30 22:13:40.345] Total Spell(s) Capacity: 11/11
L [2016-12-30 22:13:41.146] - Castle full/no clan.
D [2016-12-30 22:13:51.403] API: $hWind=0x00072E72,$iMsg=49694,$wParam=0x00000000,$lParam=0x004304AA
D [2016-12-30 22:13:53.644] GetVillageSize measured: 476.413956806172, Zoom factor: 1.00593562250845, Offset: 0, -1
L [2016-12-30 22:13:53.852] Waiting, Add random delay of 14 seconds.
D [2016-12-30 22:14:06.477] API: $hWind=0x00072E72,$iMsg=49694,$wParam=0x00000000,$lParam=0x004304AA
D [2016-12-30 22:14:08.305] GetVillageSize measured: 476.413956806172, Zoom factor: 1.00593562250845, Offset: 0, -1
L [2016-12-30 22:14:10.161]  - Army Window Opened!
L [2016-12-30 22:14:12.073] Total Army Camp capacity: 240/240 (100%)
L [2016-12-30 22:14:12.478]  - Barbarian King will recover in 00:29:00
L [2016-12-30 22:14:12.614]  - Archer Queen will recover in 00:00:43
D [2016-12-30 22:14:12.868] Restore bot window to 909, 2, caller: GUIControl_WM_NCACTIVATE
D [2016-12-30 22:14:12.870] GUIControl_WM_NCACTIVATE: Activate Bot
L [2016-12-30 22:14:12.876] Total Spell(s) Capacity: 11/11
D [2016-12-30 22:14:13.968] GUIControl_WM_NCACTIVATE: Deactivate Bot
L [2016-12-30 22:14:17.455] - Castle full/no clan.
D [2016-12-30 22:14:17.642] GUIControl_WM_NCACTIVATE: Deactivate Bot
L [2016-12-30 22:14:18.308]  - Army Camp: 240/240
L [2016-12-30 22:14:18.519]  - Spells: 11/11
L [2016-12-30 22:14:18.640]  - Clan Castle: 35/35
L [2016-12-30 22:14:18.759] Chief, are your Army ready for battle? No, Not yet!
L [2016-12-30 22:14:18.818]  - Heroes, not Ready!
D [2016-12-30 22:14:22.005] API: $hWind=0x00072E72,$iMsg=49694,$wParam=0x00000000,$lParam=0x004304AA
L [2016-12-30 22:14:23.092]  - 16 Barbarians Available
L [2016-12-30 22:14:23.291]  - 80 Archers Available
L [2016-12-30 22:14:23.327]  - 16 Giants Available
L [2016-12-30 22:14:23.438]  - 16 Wizards Available
L [2016-12-30 22:14:25.049]  - 4 Rage Spells Brewed
L [2016-12-30 22:14:25.142]  - 1 Jump Spell Brewed
L [2016-12-30 22:14:25.159]  - 1 Poison Spell Brewed
L [2016-12-30 22:14:25.193]  - Checking: FULL Queue and Not Full Army
L [2016-12-30 22:14:31.563]  - Opened the Train Troops
L [2016-12-30 22:14:33.183]  - Conditions met: FULL Queue and Not Full Army
L [2016-12-30 22:14:35.281]  - Opened the Quick Train
L [2016-12-30 22:14:36.282] Using Quick Train Tab.
L [2016-12-30 22:14:36.370]  - All ok: Clicked On Army: 1| Pixel was :909090
L [2016-12-30 22:14:36.371]  - If needed 'edit' the Army 1 before start the BOT!!!
L [2016-12-30 22:14:36.621] Using Quick Train Tab.
L [2016-12-30 22:14:36.699]  - All ok: Clicked On Army: 2| Pixel was :8D8D8D
L [2016-12-30 22:14:36.699]  - If needed 'edit' the Army 2 before start the BOT!!!
L [2016-12-30 22:14:36.951] Using Quick Train Tab.
L [2016-12-30 22:14:37.076]  - All ok: Clicked On Army: 3| Pixel was :8D8D8D
L [2016-12-30 22:14:37.108]  - If needed 'edit' the Army 3 before start the BOT!!!
L [2016-12-30 22:14:37.360] Using Quick Train Tab.
L [2016-12-30 22:14:37.372]  - All ok: Clicked On Army: 3| Pixel was :8D8D8D
L [2016-12-30 22:14:37.373]  - If needed 'edit' the Army 3 before start the BOT!!!
D [2016-12-30 22:14:37.474] API: $hWind=0x00072E72,$iMsg=49694,$wParam=0x00000000,$lParam=0x004304AA
L [2016-12-30 22:14:37.643] Using Quick Train Tab.
L [2016-12-30 22:14:37.741]  - All ok: Clicked On Army: 3| Pixel was :8D8D8D
L [2016-12-30 22:14:37.741]  - If needed 'edit' the Army 3 before start the BOT!!!
L [2016-12-30 22:14:37.992]  - Do nothing and hope Quick Train fills it
L [2016-12-30 22:14:37.994]  - Checking: Empty Queue and Not Full Army
L [2016-12-30 22:14:44.420]  - Opened the Train Troops
L [2016-12-30 22:14:46.348]  - Your army is: 240
L [2016-12-30 22:14:46.348]  - Checking: FULL Queue and Not Full Army
L [2016-12-30 22:14:48.053]  - Conditions met: FULL Queue and Not Full Army
L [2016-12-30 22:14:50.214]  - Opened the Quick Train
L [2016-12-30 22:14:51.223] Using Quick Train Tab.
L [2016-12-30 22:14:51.313]  - All ok: Clicked On Army: 1| Pixel was :909090
L [2016-12-30 22:14:51.325]  - If needed 'edit' the Army 1 before start the BOT!!!
L [2016-12-30 22:14:51.579] Using Quick Train Tab.
L [2016-12-30 22:14:51.683]  - All ok: Clicked On Army: 2| Pixel was :8D8D8D
L [2016-12-30 22:14:51.683]  - If needed 'edit' the Army 2 before start the BOT!!!
L [2016-12-30 22:14:51.936] Using Quick Train Tab.
L [2016-12-30 22:14:52.024]  - All ok: Clicked On Army: 3| Pixel was :8D8D8D
L [2016-12-30 22:14:52.025]  - If needed 'edit' the Army 3 before start the BOT!!!
L [2016-12-30 22:14:52.276] Using Quick Train Tab.
L [2016-12-30 22:14:52.363]  - All ok: Clicked On Army: 3| Pixel was :8D8D8D
L [2016-12-30 22:14:52.364]  - If needed 'edit' the Army 3 before start the BOT!!!
D [2016-12-30 22:14:52.466] API: $hWind=0x00072E72,$iMsg=49694,$wParam=0x00000000,$lParam=0x004304AA
L [2016-12-30 22:14:52.616] Using Quick Train Tab.
L [2016-12-30 22:14:52.725]  - All ok: Clicked On Army: 3| Pixel was :8D8D8D
L [2016-12-30 22:14:52.726]  - If needed 'edit' the Army 3 before start the BOT!!!
L [2016-12-30 22:14:52.977]  - Do nothing and hope Quick Train fills it
L [2016-12-30 22:14:52.979]  - Checking: Empty Queue and Not Full Army
L [2016-12-30 22:14:59.372]  - Opened the Train Troops
L [2016-12-30 22:15:02.057]  - Army Window Closed!
D [2016-12-30 22:15:03.116] Restore bot window to 909, 2, caller: GUIControl_WM_NCACTIVATE
D [2016-12-30 22:15:03.200] GUIControl_WM_NCACTIVATE: Activate Bot
D [2016-12-30 22:15:03.453] GetVillageSize measured: 476.413956806172, Zoom factor: 1.00593562250845, Offset: 0, -1
D [2016-12-30 22:15:04.188] AdbScreencap: 103/125/98 ms (all/10/1),94,0,l=282,t=28,w=2,h=2, 23AEA134B5E5638F5C87BF7B4993E73524D48266: w=860,h=732,f=1
D [2016-12-30 22:15:04.406] GetVillageSize measured: 476.413956806172, Zoom factor: 1.00593562250845, Offset: 0, -1
L [2016-12-30 22:15:04.610] Time Idle: 00:05:44
D [2016-12-30 22:15:06.887] MEmu time lag is 0 sec/min (avg for 89 sec)
L [2016-12-30 22:15:07.089] ====== Waiting for full army ======
D [2016-12-30 22:15:07.474] API: $hWind=0x00072E72,$iMsg=49694,$wParam=0x00000000,$lParam=0x004304AA
L [2016-12-30 22:15:09.196] Total Army Camp capacity: 240/240 (100%)
L [2016-12-30 22:15:09.655]  - Barbarian King will recover in 00:28:00
L [2016-12-30 22:15:09.666]  - Archer Queen available
L [2016-12-30 22:15:10.013] Total Spell(s) Capacity: 11/11
L [2016-12-30 22:15:10.717] - Castle full/no clan.
D [2016-12-30 22:15:22.491] API: $hWind=0x00072E72,$iMsg=49694,$wParam=0x00000000,$lParam=0x004304AA
D [2016-12-30 22:15:31.082] GetVillageSize measured: 476.413956806172, Zoom factor: 1.00593562250845, Offset: 0, -1
L [2016-12-30 22:15:31.286] Waiting, Add random delay of 28 seconds.
D [2016-12-30 22:15:37.504] API: $hWind=0x00072E72,$iMsg=49694,$wParam=0x00000000,$lParam=0x004304AA
D [2016-12-30 22:15:47.076] GUIControl_WM_NCACTIVATE: Deactivate Bot
D [2016-12-30 22:15:52.519] API: $hWind=0x00072E72,$iMsg=49694,$wParam=0x00000000,$lParam=0x004304AA
D [2016-12-30 22:15:59.700] GetVillageSize measured: 476.413956806172, Zoom factor: 1.00593562250845, Offset: 0, -1
L [2016-12-30 22:16:01.753]  - Army Window Opened!
D [2016-12-30 22:16:02.311] GUIControl_WM_NCACTIVATE: Deactivate Bot
L [2016-12-30 22:16:03.594] Total Army Camp capacity: 240/240 (100%)
L [2016-12-30 22:16:04.038]  - Barbarian King will recover in 00:27:00
L [2016-12-30 22:16:04.056]  - Archer Queen available
L [2016-12-30 22:16:04.311] Total Spell(s) Capacity: 11/11
L [2016-12-30 22:16:05.031] - Castle full/no clan.
L [2016-12-30 22:16:05.213]  - Army Camp: 240/240
L [2016-12-30 22:16:05.223]  - Spells: 11/11
L [2016-12-30 22:16:05.224]  - Clan Castle: 35/35
L [2016-12-30 22:16:05.225] Chief, are your Army ready for battle? No, Not yet!
L [2016-12-30 22:16:05.226]  - Heroes, not Ready!
L [2016-12-30 22:16:06.697]  - 16 Barbarians Available
L [2016-12-30 22:16:06.716]  - 80 Archers Available
L [2016-12-30 22:16:06.717]  - 16 Giants Available
L [2016-12-30 22:16:06.718]  - 16 Wizards Available
L [2016-12-30 22:16:07.157]  - 4 Rage Spells Brewed
L [2016-12-30 22:16:07.157]  - 1 Jump Spell Brewed
L [2016-12-30 22:16:07.158]  - 1 Poison Spell Brewed
L [2016-12-30 22:16:07.159]  - Checking: FULL Queue and Not Full Army
D [2016-12-30 22:16:07.552] API: $hWind=0x00072E72,$iMsg=49694,$wParam=0x00000000,$lParam=0x004304AA
L [2016-12-30 22:16:13.746]  - Opened the Train Troops
L [2016-12-30 22:16:15.376]  - Conditions met: FULL Queue and Not Full Army
L [2016-12-30 22:16:17.571]  - Opened the Quick Train
L [2016-12-30 22:16:18.580] Using Quick Train Tab.
L [2016-12-30 22:16:18.719]  - All ok: Clicked On Army: 1| Pixel was :909090
L [2016-12-30 22:16:18.731]  - If needed 'edit' the Army 1 before start the BOT!!!
L [2016-12-30 22:16:18.983] Using Quick Train Tab.
L [2016-12-30 22:16:18.997]  - All ok: Clicked On Army: 2| Pixel was :8D8D8D
L [2016-12-30 22:16:18.998]  - If needed 'edit' the Army 2 before start the BOT!!!
L [2016-12-30 22:16:19.266] Using Quick Train Tab.
L [2016-12-30 22:16:19.387]  - All ok: Clicked On Army: 3| Pixel was :8D8D8D
L [2016-12-30 22:16:19.388]  - If needed 'edit' the Army 3 before start the BOT!!!
L [2016-12-30 22:16:19.640] Using Quick Train Tab.
L [2016-12-30 22:16:19.653]  - All ok: Clicked On Army: 3| Pixel was :8D8D8D
L [2016-12-30 22:16:19.654]  - If needed 'edit' the Army 3 before start the BOT!!!
L [2016-12-30 22:16:19.905] Using Quick Train Tab.
L [2016-12-30 22:16:20.076]  - All ok: Clicked On Army: 3| Pixel was :8D8D8D
L [2016-12-30 22:16:20.076]  - If needed 'edit' the Army 3 before start the BOT!!!
L [2016-12-30 22:16:20.328]  - Do nothing and hope Quick Train fills it
L [2016-12-30 22:16:20.329]  - Checking: Empty Queue and Not Full Army
D [2016-12-30 22:16:22.557] API: $hWind=0x00072E72,$iMsg=49694,$wParam=0x00000000,$lParam=0x004304AA
L [2016-12-30 22:16:26.719]  - Opened the Train Troops
L [2016-12-30 22:16:28.611]  - Your army is: 240
L [2016-12-30 22:16:28.612]  - Checking: FULL Queue and Not Full Army
L [2016-12-30 22:16:30.352]  - Conditions met: FULL Queue and Not Full Army
L [2016-12-30 22:16:32.560]  - Opened the Quick Train
L [2016-12-30 22:16:33.561] Using Quick Train Tab.
L [2016-12-30 22:16:33.714]  - All ok: Clicked On Army: 1| Pixel was :909090
L [2016-12-30 22:16:33.725]  - If needed 'edit' the Army 1 before start the BOT!!!
L [2016-12-30 22:16:33.976] Using Quick Train Tab.
L [2016-12-30 22:16:33.987]  - All ok: Clicked On Army: 2| Pixel was :8D8D8D
L [2016-12-30 22:16:33.988]  - If needed 'edit' the Army 2 before start the BOT!!!
L [2016-12-30 22:16:34.256] Using Quick Train Tab.
L [2016-12-30 22:16:34.406]  - All ok: Clicked On Army: 3| Pixel was :8D8D8D
L [2016-12-30 22:16:34.407]  - If needed 'edit' the Army 3 before start the BOT!!!
L [2016-12-30 22:16:34.659] Using Quick Train Tab.
L [2016-12-30 22:16:34.673]  - All ok: Clicked On Army: 3| Pixel was :8D8D8D
L [2016-12-30 22:16:34.674]  - If needed 'edit' the Army 3 before start the BOT!!!
L [2016-12-30 22:16:34.925] Using Quick Train Tab.
L [2016-12-30 22:16:35.076]  - All ok: Clicked On Army: 3| Pixel was :8D8D8D
L [2016-12-30 22:16:35.077]  - If needed 'edit' the Army 3 before start the BOT!!!
L [2016-12-30 22:16:35.341]  - Do nothing and hope Quick Train fills it
L [2016-12-30 22:16:35.342]  - Checking: Empty Queue and Not Full Army
D [2016-12-30 22:16:37.570] API: $hWind=0x00072E72,$iMsg=49694,$wParam=0x00000000,$lParam=0x004304AA
L [2016-12-30 22:16:41.726]  - Opened the Train Troops
L [2016-12-30 22:16:44.487]  - Army Window Closed!
D [2016-12-30 22:16:45.880] GetVillageSize measured: 476.413956806172, Zoom factor: 1.00593562250845, Offset: 0, -1
D [2016-12-30 22:16:46.879] GetVillageSize measured: 476.413956806172, Zoom factor: 1.00593562250845, Offset: 0, -1
L [2016-12-30 22:16:47.085] Time Idle: 00:07:24
D [2016-12-30 22:16:49.332] MEmu time lag is 0 sec/min (avg for 102 sec)
L [2016-12-30 22:16:49.533] ====== Waiting for full army ======
D [2016-12-30 22:16:50.407] AdbScreencap: 105/146/150 ms (all/10/1),146,0,l=811,t=126,w=2,h=2, 23AEA134B5E5638F5C87BF7B4993E73524D48266: w=860,h=732,f=1
L [2016-12-30 22:16:51.756] Total Army Camp capacity: 240/240 (100%)
L [2016-12-30 22:16:52.221]  - Barbarian King will recover in 00:27:00
L [2016-12-30 22:16:52.230]  - Archer Queen available
D [2016-12-30 22:16:52.578] API: $hWind=0x00072E72,$iMsg=49694,$wParam=0x00000000,$lParam=0x004304AA
L [2016-12-30 22:16:52.693] Total Spell(s) Capacity: 11/11
L [2016-12-30 22:16:53.531] - Castle full/no clan.
D [2016-12-30 22:17:06.209] GetVillageSize measured: 476.413956806172, Zoom factor: 1.00593562250845, Offset: 0, -1
L [2016-12-30 22:17:06.414] Waiting, Add random delay of 49 seconds.
D [2016-12-30 22:17:07.731] API: $hWind=0x00072E72,$iMsg=49694,$wParam=0x00000000,$lParam=0x004304AA
D [2016-12-30 22:17:22.744] API: $hWind=0x00072E72,$iMsg=49694,$wParam=0x00000000,$lParam=0x004304AA
D [2016-12-30 22:17:37.761] API: $hWind=0x00072E72,$iMsg=49694,$wParam=0x00000000,$lParam=0x004304AA
D [2016-12-30 22:17:52.775] API: $hWind=0x00072E72,$iMsg=49694,$wParam=0x00000000,$lParam=0x004304AA
D [2016-12-30 22:17:55.795] GetVillageSize measured: 476.413956806172, Zoom factor: 1.00593562250845, Offset: 0, -1
L [2016-12-30 22:17:57.668]  - Army Window Opened!
L [2016-12-30 22:17:59.500] Total Army Camp capacity: 240/240 (100%)
L [2016-12-30 22:17:59.891]  - Barbarian King will recover in 00:25:00
L [2016-12-30 22:17:59.902]  - Archer Queen available
L [2016-12-30 22:18:00.163] Total Spell(s) Capacity: 11/11
L [2016-12-30 22:18:00.899] - Castle full/no clan.
L [2016-12-30 22:18:01.079]  - Army Camp: 240/240
L [2016-12-30 22:18:01.080]  - Spells: 11/11
L [2016-12-30 22:18:01.080]  - Clan Castle: 35/35
L [2016-12-30 22:18:01.082] Chief, are your Army ready for battle? No, Not yet!
L [2016-12-30 22:18:01.083]  - Heroes, not Ready!
L [2016-12-30 22:18:01.823]  - 16 Barbarians Available
L [2016-12-30 22:18:01.832]  - 80 Archers Available
L [2016-12-30 22:18:01.833]  - 16 Giants Available
L [2016-12-30 22:18:01.835]  - 16 Wizards Available
L [2016-12-30 22:18:02.263]  - 4 Rage Spells Brewed
L [2016-12-30 22:18:02.264]  - 1 Jump Spell Brewed
L [2016-12-30 22:18:02.265]  - 1 Poison Spell Brewed
L [2016-12-30 22:18:02.266]  - Checking: FULL Queue and Not Full Army
D [2016-12-30 22:18:07.738] API: $hWind=0x00072E72,$iMsg=49694,$wParam=0x00000000,$lParam=0x004304AA
L [2016-12-30 22:18:08.922]  - Opened the Train Troops
L [2016-12-30 22:18:10.593]  - Conditions met: FULL Queue and Not Full Army
L [2016-12-30 22:18:12.804]  - Opened the Quick Train
L [2016-12-30 22:18:13.812] Using Quick Train Tab.
L [2016-12-30 22:18:13.963]  - All ok: Clicked On Army: 1| Pixel was :909090
L [2016-12-30 22:18:13.973]  - If needed 'edit' the Army 1 before start the BOT!!!
L [2016-12-30 22:18:14.224] Using Quick Train Tab.
L [2016-12-30 22:18:14.236]  - All ok: Clicked On Army: 2| Pixel was :8D8D8D
L [2016-12-30 22:18:14.237]  - If needed 'edit' the Army 2 before start the BOT!!!
L [2016-12-30 22:18:14.503] Using Quick Train Tab.
L [2016-12-30 22:18:14.633]  - All ok: Clicked On Army: 3| Pixel was :8D8D8D
L [2016-12-30 22:18:14.634]  - If needed 'edit' the Army 3 before start the BOT!!!
L [2016-12-30 22:18:14.885] Using Quick Train Tab.
L [2016-12-30 22:18:14.899]  - All ok: Clicked On Army: 3| Pixel was :8D8D8D
L [2016-12-30 22:18:14.900]  - If needed 'edit' the Army 3 before start the BOT!!!
L [2016-12-30 22:18:15.151] Using Quick Train Tab.
L [2016-12-30 22:18:15.281]  - All ok: Clicked On Army: 3| Pixel was :8D8D8D
L [2016-12-30 22:18:15.282]  - If needed 'edit' the Army 3 before start the BOT!!!
L [2016-12-30 22:18:15.533]  - Do nothing and hope Quick Train fills it
L [2016-12-30 22:18:15.534]  - Checking: Empty Queue and Not Full Army
L [2016-12-30 22:18:22.061]  - Opened the Train Troops
D [2016-12-30 22:18:22.772] API: $hWind=0x00072E72,$iMsg=49694,$wParam=0x00000000,$lParam=0x004304AA
L [2016-12-30 22:18:23.974]  - Your army is: 240
L [2016-12-30 22:18:23.975]  - Checking: FULL Queue and Not Full Army
L [2016-12-30 22:18:25.735]  - Conditions met: FULL Queue and Not Full Army
D [2016-12-30 22:18:27.250] Restore bot window to 909, 2, caller: GUIControl_WM_NCACTIVATE
D [2016-12-30 22:18:27.254] GUIControl_WM_NCACTIVATE: Activate Bot
L [2016-12-30 22:18:28.274]  - Opened the Quick Train
D [2016-12-30 22:18:28.836] GUIControl_WM_NCACTIVATE: Deactivate Bot
L [2016-12-30 22:18:29.362] Using Quick Train Tab.
L [2016-12-30 22:18:29.664]  - All ok: Clicked On Army: 1| Pixel was :909090
D [2016-12-30 22:18:29.735] GUIControl_WM_NCACTIVATE: Deactivate Bot
L [2016-12-30 22:18:29.758]  - If needed 'edit' the Army 1 before start the BOT!!!
L [2016-12-30 22:18:30.009] Using Quick Train Tab.
L [2016-12-30 22:18:30.021]  - All ok: Clicked On Army: 2| Pixel was :8D8D8D
L [2016-12-30 22:18:30.022]  - If needed 'edit' the Army 2 before start the BOT!!!
L [2016-12-30 22:18:30.287] Using Quick Train Tab.
L [2016-12-30 22:18:30.388]  - All ok: Clicked On Army: 3| Pixel was :8D8D8D
L [2016-12-30 22:18:30.389]  - If needed 'edit' the Army 3 before start the BOT!!!
L [2016-12-30 22:18:30.640] Using Quick Train Tab.
L [2016-12-30 22:18:30.748]  - All ok: Clicked On Army: 3| Pixel was :8D8D8D
L [2016-12-30 22:18:30.749]  - If needed 'edit' the Army 3 before start the BOT!!!
L [2016-12-30 22:18:31.000] Using Quick Train Tab.
L [2016-12-30 22:18:31.012]  - All ok: Clicked On Army: 3| Pixel was :8D8D8D
L [2016-12-30 22:18:31.013]  - If needed 'edit' the Army 3 before start the BOT!!!
L [2016-12-30 22:18:31.265]  - Do nothing and hope Quick Train fills it
L [2016-12-30 22:18:31.266]  - Checking: Empty Queue and Not Full Army
L [2016-12-30 22:18:37.604]  - Opened the Train Troops
D [2016-12-30 22:18:37.906] API: $hWind=0x00072E72,$iMsg=49694,$wParam=0x00000000,$lParam=0x004304AA
L [2016-12-30 22:18:40.240]  - Army Window Closed!
D [2016-12-30 22:18:40.452] Restore bot window to 909, 2, caller: GUIControl_WM_NCACTIVATE
D [2016-12-30 22:18:40.455] GUIControl_WM_NCACTIVATE: Activate Bot
D [2016-12-30 22:18:41.465] GetVillageSize measured: 476.413956806172, Zoom factor: 1.00593562250845, Offset: 0, -1
D [2016-12-30 22:18:42.440] GetVillageSize measured: 476.413956806172, Zoom factor: 1.00593562250845, Offset: 0, -1
L [2016-12-30 22:18:42.646] Time Idle: 00:09:17
D [2016-12-30 22:18:42.747] GUIControl_WM_NCACTIVATE: Deactivate Bot
D [2016-12-30 22:18:43.155] GUIControl_WM_NCACTIVATE: Deactivate Bot
D [2016-12-30 22:18:45.582] AdbScreencap: 106/81/88 ms (all/10/1),84,0,l=282,t=28,w=2,h=2, 23AEA134B5E5638F5C87BF7B4993E73524D48266: w=860,h=732,f=1
D [2016-12-30 22:18:48.695] MEmu time lag is 0 sec/min (avg for 119 sec)
L [2016-12-30 22:18:48.896] ====== Waiting for full army ======
L [2016-12-30 22:18:50.819] Total Army Camp capacity: 240/240 (100%)
L [2016-12-30 22:18:51.234]  - Barbarian King will recover in 00:25:00
L [2016-12-30 22:18:51.243]  - Archer Queen available
L [2016-12-30 22:18:51.630] Total Spell(s) Capacity: 11/11
L [2016-12-30 22:18:52.344] - Castle full/no clan.
D [2016-12-30 22:18:52.917] API: $hWind=0x00072E72,$iMsg=49694,$wParam=0x00000000,$lParam=0x004304AA
D [2016-12-30 22:18:53.799] Enable GUI Controls
D [2016-12-30 22:18:55.635] Redraw MyBot Window
L [2016-12-30 22:18:55.943] ==================== Bot Stop ====================
