D [2017-01-01 13:17:11.632] API: $hWind=0x00092130,$iMsg=49694,$wParam=0x00000000,$lParam=0x004B2F0A
D [2017-01-01 13:17:12.140] GUIControl_WM_NCACTIVATE: Deactivate Bot
D [2017-01-01 13:17:26.655] API: $hWind=0x00092130,$iMsg=49694,$wParam=0x00000000,$lParam=0x004B2F0A
D [2017-01-01 13:17:41.674] API: $hWind=0x00092130,$iMsg=49694,$wParam=0x00000000,$lParam=0x004B2F0A
D [2017-01-01 13:17:56.711] API: $hWind=0x00092130,$iMsg=49694,$wParam=0x00000000,$lParam=0x004B2F0A
D [2017-01-01 13:18:11.706] API: $hWind=0x00092130,$iMsg=49694,$wParam=0x00000000,$lParam=0x004B2F0A
D [2017-01-01 13:18:26.701] API: $hWind=0x00092130,$iMsg=49694,$wParam=0x00000000,$lParam=0x004B2F0A
D [2017-01-01 13:18:32.337] Restore bot window to 909, 2, caller: GUIControl_WM_NCACTIVATE
D [2017-01-01 13:18:32.340] GUIControl_WM_NCACTIVATE: Activate Bot
L [2017-01-01 13:18:32.377] Closing My Bot v6.5.2.r2601 (MEmu_1), please wait ...
L [2017-01-01 13:18:32.386] Closing My Bot v6.5.2.r2601 (MEmu_1) now ...
D [2017-01-01 13:18:32.387] Searching MEmu Window: Title = 'MEmu_1', Class = '[CLASS:subWin; INSTANCE:1]', Text = ''
D [2017-01-01 13:18:32.392] ObjGet("winmgmts:\\.\root\cimv2")
D [2017-01-01 13:18:32.393] WMI Query: Select * from Win32_Process where ExecutablePath like "%E:\\Program Files\\Microvirt\\MEmu\\MEmu.exe%"
D [2017-01-01 13:18:32.429] 3004 = E:\Program Files\Microvirt\MEmu\MEmu.exe ("E:\Program Files\Microvirt\MEmu\MEmu.exe" MEmu_2)
D [2017-01-01 13:18:32.430] 7276 = E:\Program Files\Microvirt\MEmu\MEmu.exe ("E:\Program Files\Microvirt\MEmu\MEmu.exe" MEmu_4)
D [2017-01-01 13:18:32.431] Process by CommandLine not found: E:\Program Files\Microvirt\MEmu\MEmu.exe MEmu_1
D [2017-01-01 13:18:32.432] MEmu (MEmu_1) Window not found in list
D [2017-01-01 13:18:33.473] Android Emulator not launched
D [2017-01-01 13:18:33.507] Save Config C:\CDR\MyBot6_5x\Profiles\Gary\config.ini
D [2017-01-01 13:18:35.385] Save Building Config C:\CDR\MyBot6_5x\Profiles\Gary\building.ini
D [2017-01-01 13:18:35.781] GUIControl_WM_NCACTIVATE: Deactivate Bot
D [2017-01-01 13:18:35.928] ADB shell not terminated, PID = 8052
D [2017-01-01 13:18:35.929] MBRfunctions.dll closed.
D [2017-01-01 13:18:36.084] Bot Host Window Handle un-registered: 0x004B2F0A
