2016-12-30 20:11:57 : 20:11| 2481|     6| 499644| 451037|   3270| 11|1| 62300| 62300| 284|c1||240/240|
2016-12-30 21:35:47 : ============================= ATTACK LOG ==============================
2016-12-30 21:35:47 :                    --------  LOOT --------       ----- BONUS ------
2016-12-30 21:35:47 :  TIME|TROP.|SEARCH|   GOLD| ELIXIR|DARK EL|TR.|S|  GOLD|ELIXIR|  DE|L.
2016-12-30 22:26:38 : 22:26| 2526|    17| 401843| 361506|   1670|  5|1| 62300| 62300| 284|c1||236/240|
2016-12-30 22:38:01 : 22:38| 2531|    16| 268395| 376621|   2610|  7|1| 57400| 57400| 262|c1||240/240|
2016-12-30 23:02:48 : 23:02| 2538|    35| 269634| 261634|   2773|  8|1| 65800| 65800| 300|c1||240/240|
2016-12-30 23:36:33 : 23:36| 2546|    66| 204444| 279018|    477|  9|1| 70000| 70000| 320|c1||240/240|
2016-12-31 00:47:37 : 00:47| 2538|    76|  46371| 206116|   2448| 17|2| 70000| 70000| 320|--||240/240|
2016-12-31 01:08:47 : 01:08| 2464|    97|  13826| 200824|    679|-24|0|     0|     0|   0|--||240/240|
2016-12-31 01:13:11 : 01:13| 2440|     8| 158249| 149440|   2880|-27|0|     0|     0|   0|--||237/240|
2016-12-31 01:45:05 : 01:45| 2413|    72|  94906| 206979|    960|-27|0|     0|     0|   0|--||237/240|
2016-12-31 01:58:32 : 01:58| 2386|     2| 162988| 292999|   4050|-20|0|     0|     0|   0|--||240/240|
2016-12-31 03:02:55 : 03:02| 2366|   213| 261891| 219883|    771|  8|1| 70000| 70000| 320|c1||240/240|
2016-12-31 03:08:50 : 03:08| 2374|    14|      0|      0|      0|  0|0| 70000| 70000| 320|--||240/240|
2016-12-31 06:30:46 : 06:30| 2367|    30| 268804| 253798|   2028|  6|1| 56000| 56000| 256|c1||240/240|
2016-12-31 06:34:08 : 06:34| 2373|     2| 337452| 193762|   1080|-24|0|     0|     0|   0|--||240/240|
2016-12-31 07:13:30 : 07:13| 2349|    35| 256568| 183337|     84|  7|1| 57400| 57400| 262|c1||240/240|
2016-12-31 07:36:14 : 07:36| 2356|    32| 307752| 386833|   1585| 17|2| 70000| 70000| 320|c1||240/240|
2016-12-31 08:01:04 : 08:01| 2373|    28| 332172| 381192|   1890| 10|1| 63000| 63000| 288|c1||240/240|
2016-12-31 08:40:15 : 08:40| 2383|    98| 174950| 406202|   1515|-17|0|     0|     0|   0|--||240/240|
2016-12-31 08:48:37 : 08:48| 2366|    23| 271634| 334969|   1920|-21|0|     0|     0|   0|--||240/240|
2016-12-31 09:15:10 : 09:15| 2345|    24| 189836| 277999|   1077|-28|0|     0|     0|   0|--||239/240|
2016-12-31 09:41:50 : 09:41| 2317|    34| 481805| 433650|    663| 16|2| 63000| 63000| 288|c1||237/240|
2016-12-31 10:15:37 : 10:15| 2333|   111| 304345| 295100|   1940|-27|0|     0|     0|   0|--||240/240|
2016-12-31 10:52:45 : 10:52| 2306|   172| 434238| 353668|   4081| 19|2| 69300| 69300| 316|c1||240/240|
2016-12-31 11:27:32 : 11:27| 2345|    57| 348614| 329127|    405|  8|1| 56000| 56000| 256|c1||240/240|
2016-12-31 21:03:51 : ============================= ATTACK LOG ==============================
2016-12-31 21:03:51 :                    --------  LOOT --------       ----- BONUS ------
2016-12-31 21:03:51 :  TIME|TROP.|SEARCH|   GOLD| ELIXIR|DARK EL|TR.|S|  GOLD|ELIXIR|  DE|L.
2016-12-31 21:11:41 : 21:11| 2353|    24| 350271| 341786|   1648|  7|1| 64400| 64400| 294|c1||240/240|
2016-12-31 21:33:08 : 21:33| 2360|    32| 335349| 298408|    810| 11|1| 66500| 66500| 304|c1||240/240|
2016-12-31 21:44:08 : 21:44| 2371|    16| 416813| 106592|   1118| 14|2| 70000| 70000| 320|c1||240/240|
2016-12-31 22:35:52 : 22:35| 2385|    28|  97911| 158620|   2321|-25|0|     0|     0|   0|--||240/240|
2016-12-31 23:32:15 : 23:32| 2360|    54| 279976| 296176|   3204|  6|1| 60900| 60900| 278|c1||239/240|
2017-01-01 00:25:16 : 00:25| 2366|    37| 354802| 276117|    630|  5|1| 57400| 57400| 262|c1||240/240|
2017-01-01 01:24:26 : 01:24| 2371|    64| 249026| 222982|    638|  5|1| 59500| 59500| 272|c1||240/240|
2017-01-01 02:15:03 : 02:15| 2376|    25|      0| 222479|    580|-24|0|     0|     0|   0|--||240/240|
2017-01-01 02:22:27 : 02:22| 2352|    11| 410468| 209958|   2880| 10|1| 67200| 67200| 307|c1||240/240|
2017-01-01 03:26:04 : 03:26| 2362|    90| 438684| 375442|   1350|  9|1| 57400| 57400| 262|c1||240/240|
2017-01-01 04:17:09 : 04:17| 2371|    29| 325291| 249094|   1350|-23|0|     0|     0|   0|--||239/240|
2017-01-01 05:31:10 : 05:31| 2348|   104| 340896| 323735|      0|  5|1| 56700| 56700| 259|c1||240/240|
2017-01-01 06:21:01 : 06:21| 2353|     2| 185332| 193829|   2218|  6|1| 58100| 58100| 265|c1||240/240|
2017-01-01 07:13:31 : 07:13| 2359|    15| 155812| 277910|     87|-23|0|     0|     0|   0|--||240/240|
2017-01-01 07:37:15 : 07:37| 2336|   119| 366974| 364983|   2377|-17|0|     0|     0|   0|--||240/240|
2017-01-01 08:29:44 : 08:29| 2319|    31| 282621| 494209|    192|-29|0|     0|     0|   0|--||240/240|
2017-01-01 09:24:41 : 09:24| 2290|    63| 317438| 317991|    684|  6|1| 55000| 55000| 220|c2||240/240|
2017-01-01 09:41:14 : 09:41| 2296|    52| 127993|  79831|   1007|-29|0|     0|     0|   0|--||240/240|
2017-01-01 10:32:43 : 10:32| 2267|    25|  81825| 362147|      0|-22|0|     0|     0|   0|--||237/240|
2017-01-01 11:27:52 : 11:27| 2245|    47| 296319| 352734|    684|  6|1| 51700| 51700| 206|c2||240/240|
2017-01-01 12:20:25 : 12:20| 2251|   266| 297161| 285868|   2664|  5|1| 55000| 55000| 220|c2||240/240|
2017-01-01 12:35:16 : 12:35| 2256|    61| 361326| 360260|   2670|  9|1| 47850| 47850| 191|c2||240/240|
