D [2016-12-31 19:38:31.336] GUIControl_WM_NCACTIVATE: Deactivate Bot
D [2016-12-31 19:38:37.481] API: $hWind=0x000A18CC,$iMsg=49694,$wParam=0x00000000,$lParam=0x00041398
D [2016-12-31 19:38:52.434] API: $hWind=0x000A18CC,$iMsg=49694,$wParam=0x00000000,$lParam=0x00041398
D [2016-12-31 19:39:07.432] API: $hWind=0x000A18CC,$iMsg=49694,$wParam=0x00000000,$lParam=0x00041398
D [2016-12-31 19:39:22.533] API: $hWind=0x000A18CC,$iMsg=49694,$wParam=0x00000000,$lParam=0x00041398
D [2016-12-31 19:39:37.528] API: $hWind=0x000A18CC,$iMsg=49694,$wParam=0x00000000,$lParam=0x00041398
D [2016-12-31 19:39:52.529] API: $hWind=0x000A18CC,$iMsg=49694,$wParam=0x00000000,$lParam=0x00041398
D [2016-12-31 19:40:07.531] API: $hWind=0x000A18CC,$iMsg=49694,$wParam=0x00000000,$lParam=0x00041398
D [2016-12-31 19:40:22.526] API: $hWind=0x000A18CC,$iMsg=49694,$wParam=0x00000000,$lParam=0x00041398
D [2016-12-31 19:40:37.617] API: $hWind=0x000A18CC,$iMsg=49694,$wParam=0x00000000,$lParam=0x00041398
D [2016-12-31 19:40:52.606] API: $hWind=0x000A18CC,$iMsg=49694,$wParam=0x00000000,$lParam=0x00041398
D [2016-12-31 19:41:07.668] API: $hWind=0x000A18CC,$iMsg=49694,$wParam=0x00000000,$lParam=0x00041398
D [2016-12-31 19:41:22.666] API: $hWind=0x000A18CC,$iMsg=49694,$wParam=0x00000000,$lParam=0x00041398
D [2016-12-31 19:41:37.664] API: $hWind=0x000A18CC,$iMsg=49694,$wParam=0x00000000,$lParam=0x00041398
D [2016-12-31 19:41:52.668] API: $hWind=0x000A18CC,$iMsg=49694,$wParam=0x00000000,$lParam=0x00041398
D [2016-12-31 19:42:07.676] API: $hWind=0x000A18CC,$iMsg=49694,$wParam=0x00000000,$lParam=0x00041398
D [2016-12-31 19:42:22.680] API: $hWind=0x000A18CC,$iMsg=49694,$wParam=0x00000000,$lParam=0x00041398
D [2016-12-31 19:42:37.777] API: $hWind=0x000A18CC,$iMsg=49694,$wParam=0x00000000,$lParam=0x00041398
D [2016-12-31 19:42:52.774] API: $hWind=0x000A18CC,$iMsg=49694,$wParam=0x00000000,$lParam=0x00041398
D [2016-12-31 19:43:07.832] API: $hWind=0x000A18CC,$iMsg=49694,$wParam=0x00000000,$lParam=0x00041398
D [2016-12-31 19:43:22.833] API: $hWind=0x000A18CC,$iMsg=49694,$wParam=0x00000000,$lParam=0x00041398
D [2016-12-31 19:43:37.828] API: $hWind=0x000A18CC,$iMsg=49694,$wParam=0x00000000,$lParam=0x00041398
D [2016-12-31 19:43:52.828] API: $hWind=0x000A18CC,$iMsg=49694,$wParam=0x00000000,$lParam=0x00041398
D [2016-12-31 19:44:07.628] Restore bot window to 1919, 267, caller: GUIControl_WM_NCACTIVATE
D [2016-12-31 19:44:07.630] GUIControl_WM_NCACTIVATE: Activate Bot
L [2016-12-31 19:44:07.682] Closing My Bot v6.5.2.r2601 (MEmu_2), please wait ...
L [2016-12-31 19:44:07.691] Closing My Bot v6.5.2.r2601 (MEmu_2) now ...
D [2016-12-31 19:44:07.726] Save Config C:\CDR\MyBot6_5x\Profiles\Rafa\config.ini
D [2016-12-31 19:44:07.796] API: $hWind=0x000A18CC,$iMsg=49694,$wParam=0x00000000,$lParam=0x00041398
D [2016-12-31 19:44:09.854] Save Building Config C:\CDR\MyBot6_5x\Profiles\Rafa\building.ini
D [2016-12-31 19:44:10.066] GUIControl_WM_NCACTIVATE: Deactivate Bot
D [2016-12-31 19:44:10.494] ADB shell terminated, PID = 10608
D [2016-12-31 19:44:10.495] MBRfunctions.dll closed.
D [2016-12-31 19:44:10.657] Bot Host Window Handle un-registered: 0x00041398
