D [2017-01-02 01:11:13.634] Save Config C:\CDR\MyBot6_5x\Profiles\Rafa\config.ini
D [2017-01-02 01:11:15.459] Save Building Config C:\CDR\MyBot6_5x\Profiles\Rafa\building.ini
D [2017-01-02 01:11:15.942] GUIControl_WM_NCACTIVATE: Deactivate Bot
D [2017-01-02 01:11:15.984] Read Building Config C:\CDR\MyBot6_5x\Profiles\Rafa\building.ini
D [2017-01-02 01:11:15.996] Read Config C:\CDR\MyBot6_5x\Profiles\Rafa\config.ini
D [2017-01-02 01:11:16.068] Apply Config
D [2017-01-02 01:11:16.311] Disable GUI Controls
D [2017-01-02 01:11:17.752] Redraw MyBot Window
D [2017-01-02 01:11:17.782] Android Window Handle: 0x001C1708
D [2017-01-02 01:11:17.785] InitiateLayout: MEmu_2 Android-ClientSize: 860 x 732
D [2017-01-02 01:11:17.785] CheckScreenAndroid: Window size 908 x 770
D [2017-01-02 01:11:18.036] MEmu font_scale = 1
D [2017-01-02 01:11:18.493] API: $hWind=0x003D1D6A,$iMsg=49694,$wParam=0x00000000,$lParam=0x006221BA
L [2017-01-02 01:11:19.249]  My Bot v6.5.2.r2602 (MEmu_2) Powered by MyBot.run ~
D [2017-01-02 01:11:19.256] GUIControl_WM_NCACTIVATE: Deactivate Bot
L [2017-01-02 01:11:19.259] MyBot.run.exe Executable running on WIN_10  X64
L [2017-01-02 01:11:19.260] =================== Bot Start ====================
L [2017-01-02 01:11:19.260] ------------------------  Current Profile: Rafa -------------------------
L [2017-01-02 01:11:19.262] Trying to locate Main Screen
D [2017-01-02 01:11:20.340] GetVillageSize measured: 476.413956806172, Zoom factor: 1.00593562250845, Offset: 21, 9
D [2017-01-02 01:11:20.341] Center Village by: 21, 9
D [2017-01-02 01:11:21.988] GetVillageSize measured: 475.789575298868, Zoom factor: 1.00461725726901, Offset: -1, -1
D [2017-01-02 01:11:21.988] Village Offset updated to -1, -1, 1.00461725726901
D [2017-01-02 01:11:21.992] Centered Village Offset: -1, -1, change: -22, -10
L [2017-01-02 01:11:21.992] Main Screen Located
D [2017-01-02 01:11:22.163] GetVillageSize measured: 475.789575298868, Zoom factor: 1.00461725726901, Offset: -1, -1
L [2017-01-02 01:11:23.178] Detecting your Buildings..
L [2017-01-02 01:11:24.180] Detecting your Village Theme
L [2017-01-02 01:11:24.496] Snow Theme detected
L [2017-01-02 01:11:27.266] Language setting is English: Correct.
L [2017-01-02 01:11:28.272] Trying to locate Main Screen
D [2017-01-02 01:11:28.519] GetVillageSize measured: 475.789575298868, Zoom factor: 1.00461725726901, Offset: -1, -1
L [2017-01-02 01:11:28.521] Main Screen Located
D [2017-01-02 01:11:32.477] GetVillageSize measured: 475.789575298868, Zoom factor: 1.00461725726901, Offset: -1, -1
L [2017-01-02 01:11:33.195] Village Report
L [2017-01-02 01:11:33.281]  [T]: 1 668
L [2017-01-02 01:11:33.374]  [G]: 2 795 161 [E]: 4 221 732 [D]: 21 045 [GEM]: 1 410
D [2017-01-02 01:11:33.507] API: $hWind=0x003D1D6A,$iMsg=49694,$wParam=0x00000000,$lParam=0x006221BA
D [2017-01-02 01:11:34.129] GetVillageSize measured: 475.789575298868, Zoom factor: 1.00461725726901, Offset: -1, -1
D [2017-01-02 01:11:34.133] _RunFunction: CheckTombs BEGIN
D [2017-01-02 01:11:34.334] _RunFunction: CheckTombs END
D [2017-01-02 01:11:34.335] _RunFunction: ReArm BEGIN
L [2017-01-02 01:11:34.335] Checking if Village needs Rearming..
L [2017-01-02 01:11:36.387] Rearm not needed!
D [2017-01-02 01:11:38.203] GetVillageSize measured: 475.789575298868, Zoom factor: 1.00461725726901, Offset: -1, -1
D [2017-01-02 01:11:38.408] _RunFunction: ReArm END
D [2017-01-02 01:11:38.409] _RunFunction: CleanYard BEGIN
D [2017-01-02 01:11:38.409] _RunFunction: CleanYard END
D [2017-01-02 01:11:38.409] _RunFunction: Collect BEGIN
L [2017-01-02 01:11:39.192] Collecting Resources
D [2017-01-02 01:11:44.918] GetVillageSize measured: 475.789575298868, Zoom factor: 1.00461725726901, Offset: -1, -1
L [2017-01-02 01:11:44.922] Searching for a Loot Cart..
L [2017-01-02 01:11:45.397] No Loot Cart found, Yard is clean!
D [2017-01-02 01:11:47.105] _RunFunction: Collect END
L [2017-01-02 01:11:47.105] Waiting, Add random delay of 23 seconds.
D [2017-01-02 01:11:48.524] API: $hWind=0x003D1D6A,$iMsg=49694,$wParam=0x00000000,$lParam=0x006221BA
D [2017-01-02 01:12:03.549] API: $hWind=0x003D1D6A,$iMsg=49694,$wParam=0x00000000,$lParam=0x006221BA
D [2017-01-02 01:12:10.198] _RunFunction: RequestCC BEGIN
L [2017-01-02 01:12:10.200] Requesting Clan Castle Troops
D [2017-01-02 01:12:14.221] Restore bot window to 1919, 267, caller: GUIControl_WM_NCACTIVATE
D [2017-01-02 01:12:14.224] GUIControl_WM_NCACTIVATE: Activate Bot
L [2017-01-02 01:12:14.307] Your Clan Castle is already full or you are not in a clan.
D [2017-01-02 01:12:15.497] GUIControl_WM_NCACTIVATE: Deactivate Bot
D [2017-01-02 01:12:16.127] GetVillageSize measured: 475.789575298868, Zoom factor: 1.00461725726901, Offset: -1, -1
D [2017-01-02 01:12:16.131] _RunFunction: RequestCC END
D [2017-01-02 01:12:16.132] _RunFunction: NotifyReport BEGIN
D [2017-01-02 01:12:16.888] GetVillageSize measured: 475.789575298868, Zoom factor: 1.00461725726901, Offset: -1, -1
D [2017-01-02 01:12:17.093] _RunFunction: NotifyReport END
D [2017-01-02 01:12:17.094] _RunFunction: BoostQueen BEGIN
D [2017-01-02 01:12:17.094] _RunFunction: BoostQueen END
D [2017-01-02 01:12:17.095] _RunFunction: DonateCC,Train BEGIN
D [2017-01-02 01:12:18.319] GetVillageSize measured: 475.789575298868, Zoom factor: 1.00461725726901, Offset: -1, -1
D [2017-01-02 01:12:18.555] API: $hWind=0x003D1D6A,$iMsg=49694,$wParam=0x00000000,$lParam=0x006221BA
L [2017-01-02 01:12:20.194]  - Army Window Opened!
D [2017-01-02 01:12:20.591] GUIControl_WM_NCACTIVATE: Deactivate Bot
L [2017-01-02 01:12:21.779] Total Army Camp capacity: 200/200 (100%)
L [2017-01-02 01:12:21.971]  - Barbarian King available
L [2017-01-02 01:12:22.221] Total Spell(s) Capacity: 7/7
L [2017-01-02 01:12:22.848] - Castle full/no clan.
L [2017-01-02 01:12:23.030]  - Army Camp: 200/200
L [2017-01-02 01:12:23.031]  - Spells: 7/7
L [2017-01-02 01:12:23.031]  - Clan Castle: 25/25
L [2017-01-02 01:12:23.032] Chief, are your Army ready for battle? Yes, they are!
L [2017-01-02 01:12:23.783]  - 16 Barbarians Available
L [2017-01-02 01:12:23.791]  - 84 Archers Available
L [2017-01-02 01:12:23.792]  - 16 Giants Available
L [2017-01-02 01:12:23.793]  - 1 Dragon Available
L [2017-01-02 01:12:24.135]  - 3 Lightning Spells Brewed
L [2017-01-02 01:12:24.136]  - 1 Poison Spell Brewed
L [2017-01-02 01:12:24.137]  - Your Army is Full, let's make troops before Attack!
L [2017-01-02 01:12:30.274]  - Opened the Train Troops
L [2017-01-02 01:12:30.277] Ice Wizard Troop not detected!
D [2017-01-02 01:12:33.696] API: $hWind=0x003D1D6A,$iMsg=49694,$wParam=0x00000000,$lParam=0x006221BA
L [2017-01-02 01:12:34.666]  - Opened the Brew Spells
D [2017-01-02 01:12:38.130] AdbScreencap: 67/73/77 ms (all/10/1),73,0,l=815,t=135,w=2,h=2, 523CCD829D80725A7E16D990F4D4CD5753B0CC5E: w=860,h=732,f=1
L [2017-01-02 01:12:43.560]  - Opened the Train Troops
L [2017-01-02 01:12:43.896]  - Your army is: 200
L [2017-01-02 01:12:43.897]  - Checking: FULL Queue and Not Full Army
L [2017-01-02 01:12:45.603]  - Conditions met: FULL Queue and Not Full Army
L [2017-01-02 01:12:47.678]  - Opened the Quick Train
D [2017-01-02 01:12:48.686] API: $hWind=0x003D1D6A,$iMsg=49694,$wParam=0x00000000,$lParam=0x006221BA
L [2017-01-02 01:12:48.689] Using Quick Train Tab.
L [2017-01-02 01:12:48.756]  - All ok: Clicked On Army: 1| Pixel was :909090
L [2017-01-02 01:12:48.757]  - If needed 'edit' the Army 1 before start the BOT!!!
L [2017-01-02 01:12:49.008] Using Quick Train Tab.
L [2017-01-02 01:12:49.087]  - All ok: Clicked On Army: 2| Pixel was :8D8D8D
L [2017-01-02 01:12:49.088]  - If needed 'edit' the Army 2 before start the BOT!!!
L [2017-01-02 01:12:49.339] Using Quick Train Tab.
L [2017-01-02 01:12:49.457]  - All ok: Clicked On Army: 3| Pixel was :8D8D8D
L [2017-01-02 01:12:49.458]  - If needed 'edit' the Army 3 before start the BOT!!!
L [2017-01-02 01:12:49.710] Using Quick Train Tab.
L [2017-01-02 01:12:49.722]  - All ok: Clicked On Army: 3| Pixel was :8D8D8D
L [2017-01-02 01:12:49.723]  - If needed 'edit' the Army 3 before start the BOT!!!
L [2017-01-02 01:12:49.974] Using Quick Train Tab.
L [2017-01-02 01:12:50.072]  - All ok: Clicked On Army: 3| Pixel was :8D8D8D
L [2017-01-02 01:12:50.073]  - If needed 'edit' the Army 3 before start the BOT!!!
L [2017-01-02 01:12:50.324]  - Do nothing and hope Quick Train fills it
L [2017-01-02 01:12:50.325]  - Checking: Empty Queue and Not Full Army
L [2017-01-02 01:12:56.599]  - Opened the Train Troops
L [2017-01-02 01:13:00.361]  - Army Window Closed!
D [2017-01-02 01:13:02.057] _RunFunction: DonateCC,Train END
D [2017-01-02 01:13:02.069] MEmu time lag is 0 sec/min (avg for 90 sec)
D [2017-01-02 01:13:02.069] _RunFunction: BoostKing BEGIN
D [2017-01-02 01:13:02.070] _RunFunction: BoostKing END
D [2017-01-02 01:13:02.070] _RunFunction: BoostWarden BEGIN
D [2017-01-02 01:13:02.071] _RunFunction: BoostWarden END
D [2017-01-02 01:13:02.071] _RunFunction: BoostSpellFactory BEGIN
D [2017-01-02 01:13:02.071] _RunFunction: BoostSpellFactory END
D [2017-01-02 01:13:02.072] _RunFunction: BoostBarracks BEGIN
D [2017-01-02 01:13:02.072] _RunFunction: BoostBarracks END
D [2017-01-02 01:13:02.073] _RunFunction: ReplayShare BEGIN
D [2017-01-02 01:13:02.275] _RunFunction: ReplayShare END
D [2017-01-02 01:13:02.275] _RunFunction: UpgradeHeroes BEGIN
D [2017-01-02 01:13:02.476] _RunFunction: UpgradeHeroes END
D [2017-01-02 01:13:02.477] _RunFunction: UpgradeBuilding BEGIN
D [2017-01-02 01:13:02.680] _RunFunction: UpgradeBuilding END
D [2017-01-02 01:13:02.681] _RunFunction: Laboratory BEGIN
D [2017-01-02 01:13:03.115] GetVillageSize measured: 475.789575298868, Zoom factor: 1.00461725726901, Offset: -1, -1
D [2017-01-02 01:13:03.120] _RunFunction: Laboratory END
D [2017-01-02 01:13:03.655] API: $hWind=0x003D1D6A,$iMsg=49694,$wParam=0x00000000,$lParam=0x006221BA
D [2017-01-02 01:13:03.858] GetVillageSize measured: 475.789575298868, Zoom factor: 1.00461725726901, Offset: -1, -1
L [2017-01-02 01:13:06.061] Total Army Camp capacity: 200/200 (100%)
L [2017-01-02 01:13:06.640] Going to Attack...
L [2017-01-02 01:13:11.690] ==================================================
L [2017-01-02 01:13:11.697] Aim:           [G+E]: 279000 [D]:    0 for: Dead Base
L [2017-01-02 01:13:11.698] Aim:           [G+E]: 519000 [D]:    0 for: Live Base
L [2017-01-02 01:13:11.699] ==================================================
D [2017-01-02 01:13:13.111] GetVillageSize measured: 476.413956806172, Zoom factor: 1.00593562250845, Offset: -21, 9
D [2017-01-02 01:13:13.112] Village Offset (VillageSearch) updated to -21, 9, 1.00593562250845
L [2017-01-02 01:13:13.731]   1> [G]: 153140 [E]: 128501 [D]:  824 [T]:32
L [2017-01-02 01:13:13.739]       Not a Dead Base
D [2017-01-02 01:13:18.707] API: $hWind=0x003D1D6A,$iMsg=49694,$wParam=0x00000000,$lParam=0x006221BA
D [2017-01-02 01:13:22.272] GetVillageSize measured: 476.413956806172, Zoom factor: 1.00593562250845, Offset: 5, 9
D [2017-01-02 01:13:22.273] Village Offset (VillageSearch) updated to 5, 9, 1.00593562250845
L [2017-01-02 01:13:22.275]   2> [G]:  48000 [E]:  60000 [D]:   97 [T]:16
D [2017-01-02 01:13:32.252] GetVillageSize measured: 477.194992395467, Zoom factor: 1.00758475874909, Offset: 23, 9
D [2017-01-02 01:13:32.253] Village Offset (VillageSearch) updated to 23, 9, 1.00758475874909
L [2017-01-02 01:13:32.885]   3> [G]: 120405 [E]: 215979 [D]: 1290 [T]:25
L [2017-01-02 01:13:32.892]       Not a Dead Base
D [2017-01-02 01:13:33.705] API: $hWind=0x003D1D6A,$iMsg=49694,$wParam=0x00000000,$lParam=0x006221BA
D [2017-01-02 01:13:41.504] GetVillageSize measured: 476.413956806172, Zoom factor: 1.00593562250845, Offset: -2, 9
D [2017-01-02 01:13:41.506] Village Offset (VillageSearch) updated to -2, 9, 1.00593562250845
L [2017-01-02 01:13:42.122]   4> [G]: 149017 [E]: 166164 [D]:  364 [T]:16
L [2017-01-02 01:13:42.128]       Not a Dead Base
D [2017-01-02 01:13:47.814] AdbScreencap: 67/58/45 ms (all/10/1),41,0,l=24,t=605,w=2,h=2, 523CCD829D80725A7E16D990F4D4CD5753B0CC5E: w=860,h=732,f=1
D [2017-01-02 01:13:48.719] API: $hWind=0x003D1D6A,$iMsg=49694,$wParam=0x00000000,$lParam=0x006221BA
D [2017-01-02 01:13:50.715] GetVillageSize measured: 487.190438013048, Zoom factor: 1.02868988101918, Offset: -6, 9
D [2017-01-02 01:13:50.715] Village Offset (VillageSearch) updated to -6, 9, 1.02868988101918
L [2017-01-02 01:13:52.448]   5> [G]: 379964 [E]: 403394 [D]: 1648 [T]:23
L [2017-01-02 01:13:52.456]       Dead Base Found!
L [2017-01-02 01:13:53.906] ================ Search Complete =================
L [2017-01-02 01:13:53.918] Initiating attack for: Dead Base
L [2017-01-02 01:13:55.056] 0 » 16 Barbarians
L [2017-01-02 01:13:55.057] 1 » 84 Archers
L [2017-01-02 01:13:55.058] 2 » 16 Giants
L [2017-01-02 01:13:55.059] 3 » 1 Dragon
L [2017-01-02 01:13:55.060] 4 » 1 Clan Castle
L [2017-01-02 01:13:55.060] 5 » 1 King
L [2017-01-02 01:13:55.061] 6 » 3 Lightning Spells
L [2017-01-02 01:13:55.062] 8 » 1 Earthquake Spell
L [2017-01-02 01:13:55.063]  ====== Start Attack ====== 
L [2017-01-02 01:13:57.066] Calculating Smart Attack Strategy
L [2017-01-02 01:13:57.201] Calculated  (in 0.13 seconds) :
L [2017-01-02 01:13:57.211] Attacking Multi finger fight style
L [2017-01-02 01:13:58.212] ===============Multi Finger Attack================
L [2017-01-02 01:13:58.213] Attacking Eight Finger Blossom fight style.
L [2017-01-02 01:13:58.214] Calculating attack vectors for all troop deployments, please be patient...
D [2017-01-02 01:14:03.726] API: $hWind=0x003D1D6A,$iMsg=49694,$wParam=0x00000000,$lParam=0x006221BA
L [2017-01-02 01:14:03.825] Dropping Clan Castle
L [2017-01-02 01:14:04.788] Dropping King
L [2017-01-02 01:14:06.061] Finished Attacking, waiting for the battle to end
L [2017-01-02 01:14:06.163] Dropping left over troops
L [2017-01-02 01:14:06.164] Checking remaining unused troops for: Dead Base
L [2017-01-02 01:14:07.066] 6 » 3 Lightning Spells
L [2017-01-02 01:14:07.067] 8 » 1 Earthquake Spell
D [2017-01-02 01:14:09.476] GUIControl_WM_NCACTIVATE: Deactivate Bot
L [2017-01-02 01:14:18.447] Checking remaining unused troops for: Dead Base
D [2017-01-02 01:14:18.765] API: $hWind=0x003D1D6A,$iMsg=49694,$wParam=0x00000000,$lParam=0x006221BA
D [2017-01-02 01:14:19.231] GUIControl_WM_NCACTIVATE: Deactivate Bot
L [2017-01-02 01:14:19.360] 6 » 3 Lightning Spells
L [2017-01-02 01:14:19.361] 8 » 1 Earthquake Spell
L [2017-01-02 01:14:30.750] Finished Attacking, waiting for the battle to end
L [2017-01-02 01:14:30.909] Checking if the battle has finished
L [2017-01-02 01:14:33.108] detected [G]: 91413 [E]: 95750 [DE]: 1648 |  Exit in 13 sec.
L [2017-01-02 01:14:33.129] Gold & Elixir & DE change detected, waiting...
D [2017-01-02 01:14:33.844] API: $hWind=0x003D1D6A,$iMsg=49694,$wParam=0x00000000,$lParam=0x006221BA
L [2017-01-02 01:14:36.423] detected [G]: 85386 [E]: 83846 [DE]: 1648 |  Exit in 13 sec.
L [2017-01-02 01:14:36.443] Gold & Elixir & DE change detected, waiting...
L [2017-01-02 01:14:39.732] detected [G]: 85386 [E]: 77762 [DE]: 1648 |  Exit in 13 sec.
D [2017-01-02 01:14:40.481] AdbScreencap: 68/70/45 ms (all/10/1),41,0,l=16,t=642,w=2,h=2, 523CCD829D80725A7E16D990F4D4CD5753B0CC5E: w=860,h=732,f=1
L [2017-01-02 01:14:41.345] detected [G]: 85386 [E]: 77762 [DE]: 1648 |  Exit in 11 sec.
L [2017-01-02 01:14:42.917] detected [G]: 85386 [E]: 76318 [DE]: 1648 |  Exit in 10 sec.
L [2017-01-02 01:14:42.936] Gold & Elixir & DE change detected, waiting...
L [2017-01-02 01:14:46.211] detected [G]: 85386 [E]: 76318 [DE]: 1648 |  Exit in 13 sec.
L [2017-01-02 01:14:47.729] detected [G]: 85386 [E]: 76318 [DE]: 1648 |  Exit in 11 sec.
D [2017-01-02 01:14:48.822] API: $hWind=0x003D1D6A,$iMsg=49694,$wParam=0x00000000,$lParam=0x006221BA
L [2017-01-02 01:14:49.261] detected [G]: 85386 [E]: 76318 [DE]: 1648 |  Exit in 10 sec.
L [2017-01-02 01:14:50.050] King is getting weak, Activating King's power
L [2017-01-02 01:14:50.764] detected [G]: 85386 [E]: 76318 [DE]: 1648 |  Exit in  8 sec.
L [2017-01-02 01:14:52.476] detected [G]: 85386 [E]: 76318 [DE]: 1648 |  Exit in  7 sec.
L [2017-01-02 01:14:54.185] detected [G]: 85386 [E]: 76318 [DE]: 1648 |  Exit in  5 sec.
L [2017-01-02 01:14:55.884] detected [G]: 85386 [E]: 76318 [DE]: 1648 |  Exit in  3 sec.
L [2017-01-02 01:14:57.593] detected [G]: 81584 [E]: 72055 [DE]: 1483 |  Exit in  2 sec.
L [2017-01-02 01:14:57.615] Gold & Elixir & DE change detected, waiting...
L [2017-01-02 01:15:01.015] detected [G]: 53952 [E]: 69496 [DE]: 1087 |  Exit in 13 sec.
L [2017-01-02 01:15:01.033] Gold & Elixir & DE change detected, waiting...
D [2017-01-02 01:15:03.788] API: $hWind=0x003D1D6A,$iMsg=49694,$wParam=0x00000000,$lParam=0x006221BA
L [2017-01-02 01:15:03.845] detected [G]:  [E]:  [DE]:  |  Exit now 
L [2017-01-02 01:15:03.846] Gold & Elixir & DE = 0, end battle 
L [2017-01-02 01:15:04.847] Battle has finished
L [2017-01-02 01:15:05.027] Returning Home
D [2017-01-02 01:15:06.597] MEmu time lag is 0 sec/min (avg for 124 sec)
L [2017-01-02 01:15:10.146] Loot: [G]: 326 012 [E]: 333 898 [DE]: 561 [T]: 7
L [2017-01-02 01:15:10.160] Bonus Percentage: 93%
L [2017-01-02 01:15:10.564] Bonus [G]: 12 555 out of 13 500 [E]: 12 555 out of 13 500
L [2017-01-02 01:15:11.627] Your league level is: Gold II
L [2017-01-02 01:15:11.699] Stars earned: 1
D [2017-01-02 01:15:14.155] Enable GUI Controls
D [2017-01-02 01:15:15.693] Redraw MyBot Window
L [2017-01-02 01:15:15.984] ==================== Bot Stop ====================
