D [2017-01-02 15:01:17.214] GUIControl_WM_NCACTIVATE: Deactivate Bot
D [2017-01-02 15:01:27.481] API: $hWind=0x001008BA,$iMsg=49694,$wParam=0x00000000,$lParam=0x000A2214
D [2017-01-02 15:01:42.474] API: $hWind=0x001008BA,$iMsg=49694,$wParam=0x00000000,$lParam=0x000A2214
D [2017-01-02 15:01:57.473] API: $hWind=0x001008BA,$iMsg=49694,$wParam=0x00000000,$lParam=0x000A2214
D [2017-01-02 15:02:12.572] API: $hWind=0x001008BA,$iMsg=49694,$wParam=0x00000000,$lParam=0x000A2214
D [2017-01-02 15:02:27.568] API: $hWind=0x001008BA,$iMsg=49694,$wParam=0x00000000,$lParam=0x000A2214
D [2017-01-02 15:02:42.565] API: $hWind=0x001008BA,$iMsg=49694,$wParam=0x00000000,$lParam=0x000A2214
D [2017-01-02 15:02:57.567] API: $hWind=0x001008BA,$iMsg=49694,$wParam=0x00000000,$lParam=0x000A2214
D [2017-01-02 15:03:12.565] API: $hWind=0x001008BA,$iMsg=49694,$wParam=0x00000000,$lParam=0x000A2214
D [2017-01-02 15:03:27.570] API: $hWind=0x001008BA,$iMsg=49694,$wParam=0x00000000,$lParam=0x000A2214
D [2017-01-02 15:03:42.571] API: $hWind=0x001008BA,$iMsg=49694,$wParam=0x00000000,$lParam=0x000A2214
D [2017-01-02 15:03:57.668] API: $hWind=0x001008BA,$iMsg=49694,$wParam=0x00000000,$lParam=0x000A2214
D [2017-01-02 15:04:12.665] API: $hWind=0x001008BA,$iMsg=49694,$wParam=0x00000000,$lParam=0x000A2214
D [2017-01-02 15:04:27.668] API: $hWind=0x001008BA,$iMsg=49694,$wParam=0x00000000,$lParam=0x000A2214
D [2017-01-02 15:04:42.664] API: $hWind=0x001008BA,$iMsg=49694,$wParam=0x00000000,$lParam=0x000A2214
D [2017-01-02 15:04:57.662] API: $hWind=0x001008BA,$iMsg=49694,$wParam=0x00000000,$lParam=0x000A2214
D [2017-01-02 15:05:12.738] API: $hWind=0x001008BA,$iMsg=49694,$wParam=0x00000000,$lParam=0x000A2214
D [2017-01-02 15:05:16.940] Restore bot window to 1919, 267, caller: GUIControl_WM_NCACTIVATE
D [2017-01-02 15:05:16.963] GUIControl_WM_NCACTIVATE: Activate Bot
L [2017-01-02 15:05:17.050] Closing My Bot v6.5.2.r2602 (MEmu_2), please wait ...
L [2017-01-02 15:05:17.059] Closing My Bot v6.5.2.r2602 (MEmu_2) now ...
D [2017-01-02 15:05:17.110] Save Config C:\CDR\MyBot6_5x\Profiles\Rafa\config.ini
D [2017-01-02 15:05:18.707] GUIControl_WM_NCACTIVATE: Deactivate Bot
