D [2017-01-02 01:15:18.023] GUIControl_WM_NCACTIVATE: Deactivate Bot
D [2017-01-02 01:15:18.831] API: $hWind=0x003D1D6A,$iMsg=49694,$wParam=0x00000000,$lParam=0x006221BA
D [2017-01-02 01:15:29.507] Restore bot window to 1919, 267, caller: GUIControl_WM_NCACTIVATE
D [2017-01-02 01:15:29.510] GUIControl_WM_NCACTIVATE: Activate Bot
D [2017-01-02 01:15:33.888] API: $hWind=0x003D1D6A,$iMsg=49694,$wParam=0x00000000,$lParam=0x006221BA
D [2017-01-02 01:15:36.685] Redraw MyBot Window
D [2017-01-02 01:15:48.925] API: $hWind=0x003D1D6A,$iMsg=49694,$wParam=0x00000000,$lParam=0x006221BA
D [2017-01-02 01:16:00.725] GUIControl_WM_NCACTIVATE: Deactivate Bot
D [2017-01-02 01:16:03.873] API: $hWind=0x003D1D6A,$iMsg=49694,$wParam=0x00000000,$lParam=0x006221BA
D [2017-01-02 01:16:18.868] API: $hWind=0x003D1D6A,$iMsg=49694,$wParam=0x00000000,$lParam=0x006221BA
D [2017-01-02 01:16:33.906] API: $hWind=0x003D1D6A,$iMsg=49694,$wParam=0x00000000,$lParam=0x006221BA
D [2017-01-02 01:16:48.928] API: $hWind=0x003D1D6A,$iMsg=49694,$wParam=0x00000000,$lParam=0x006221BA
D [2017-01-02 01:17:03.919] API: $hWind=0x003D1D6A,$iMsg=49694,$wParam=0x00000000,$lParam=0x006221BA
D [2017-01-02 01:17:19.015] API: $hWind=0x003D1D6A,$iMsg=49694,$wParam=0x00000000,$lParam=0x006221BA
D [2017-01-02 01:17:34.006] API: $hWind=0x003D1D6A,$iMsg=49694,$wParam=0x00000000,$lParam=0x006221BA
D [2017-01-02 01:17:49.003] API: $hWind=0x003D1D6A,$iMsg=49694,$wParam=0x00000000,$lParam=0x006221BA
D [2017-01-02 01:18:03.994] API: $hWind=0x003D1D6A,$iMsg=49694,$wParam=0x00000000,$lParam=0x006221BA
D [2017-01-02 01:18:15.504] Restore bot window to 1919, 267, caller: GUIControl_WM_NCACTIVATE
D [2017-01-02 01:18:15.512] GUIControl_WM_NCACTIVATE: Activate Bot
D [2017-01-02 01:18:18.983] API: $hWind=0x003D1D6A,$iMsg=49694,$wParam=0x00000000,$lParam=0x006221BA
D [2017-01-02 01:18:27.888] GUIControl_WM_NCACTIVATE: Deactivate Bot
D [2017-01-02 01:18:34.030] API: $hWind=0x003D1D6A,$iMsg=49694,$wParam=0x00000000,$lParam=0x006221BA
D [2017-01-02 01:18:49.025] API: $hWind=0x003D1D6A,$iMsg=49694,$wParam=0x00000000,$lParam=0x006221BA
D [2017-01-02 01:19:04.025] API: $hWind=0x003D1D6A,$iMsg=49694,$wParam=0x00000000,$lParam=0x006221BA
D [2017-01-02 01:19:19.121] API: $hWind=0x003D1D6A,$iMsg=49694,$wParam=0x00000000,$lParam=0x006221BA
D [2017-01-02 01:19:21.450] Restore bot window to 1919, 267, caller: GUIControl_WM_NCACTIVATE
D [2017-01-02 01:19:21.455] GUIControl_WM_NCACTIVATE: Activate Bot
D [2017-01-02 01:19:34.143] API: $hWind=0x003D1D6A,$iMsg=49694,$wParam=0x00000000,$lParam=0x006221BA
D [2017-01-02 01:19:49.147] API: $hWind=0x003D1D6A,$iMsg=49694,$wParam=0x00000000,$lParam=0x006221BA
D [2017-01-02 01:19:52.277] GUIControl_WM_NCACTIVATE: Deactivate Bot
D [2017-01-02 01:20:04.106] API: $hWind=0x003D1D6A,$iMsg=49694,$wParam=0x00000000,$lParam=0x006221BA
D [2017-01-02 01:20:19.164] API: $hWind=0x003D1D6A,$iMsg=49694,$wParam=0x00000000,$lParam=0x006221BA
D [2017-01-02 01:20:20.080] Restore bot window to 1919, 267, caller: GUIControl_WM_NCACTIVATE
D [2017-01-02 01:20:20.084] GUIControl_WM_NCACTIVATE: Activate Bot
D [2017-01-02 01:20:34.166] API: $hWind=0x003D1D6A,$iMsg=49694,$wParam=0x00000000,$lParam=0x006221BA
L [2017-01-02 01:20:36.425] Closing My Bot v6.5.2.r2602 (MEmu_2), please wait ...
L [2017-01-02 01:20:36.433] Closing My Bot v6.5.2.r2602 (MEmu_2) now ...
D [2017-01-02 01:20:36.461] Save Config C:\CDR\MyBot6_5x\Profiles\Rafa\config.ini
D [2017-01-02 01:20:37.682] GUIControl_WM_NCACTIVATE: Deactivate Bot
D [2017-01-02 01:20:37.766] Restore bot window to 1919, 267, caller: GUIControl_WM_NCACTIVATE
D [2017-01-02 01:20:37.772] GUIControl_WM_NCACTIVATE: Activate Bot
D [2017-01-02 01:20:38.645] Save Building Config C:\CDR\MyBot6_5x\Profiles\Rafa\building.ini
D [2017-01-02 01:20:39.254] ADB shell terminated, PID = 11072
D [2017-01-02 01:20:39.255] MBRfunctions.dll closed.
D [2017-01-02 01:20:39.259] GUIControl_WM_NCACTIVATE: Deactivate Bot
D [2017-01-02 01:20:39.417] Bot Host Window Handle un-registered: 0x006221BA
