D [2017-01-02 01:22:18.664] Save Config C:\CDR\MyBot6_5x\Profiles\Rafa\config.ini
D [2017-01-02 01:22:20.780] Save Building Config C:\CDR\MyBot6_5x\Profiles\Rafa\building.ini
D [2017-01-02 01:22:21.392] Read Building Config C:\CDR\MyBot6_5x\Profiles\Rafa\building.ini
D [2017-01-02 01:22:21.406] Read Config C:\CDR\MyBot6_5x\Profiles\Rafa\config.ini
D [2017-01-02 01:22:21.440] GUIControl_WM_NCACTIVATE: Deactivate Bot
D [2017-01-02 01:22:21.494] Apply Config
D [2017-01-02 01:22:21.788] Disable GUI Controls
D [2017-01-02 01:22:23.290] Redraw MyBot Window
D [2017-01-02 01:22:23.328] Android Window Handle: 0x001C1708
D [2017-01-02 01:22:23.329] InitiateLayout: MEmu_2 Android-ClientSize: 860 x 732
D [2017-01-02 01:22:23.334] CheckScreenAndroid: Window size 908 x 770
D [2017-01-02 01:22:23.608] MEmu font_scale = 1
L [2017-01-02 01:22:24.217]  My Bot v6.5.2.r2602 (MEmu_2) Powered by MyBot.run ~
D [2017-01-02 01:22:24.223] GUIControl_WM_NCACTIVATE: Deactivate Bot
L [2017-01-02 01:22:24.233] MyBot.run.exe Executable running on WIN_10  X64
L [2017-01-02 01:22:24.233] =================== Bot Start ====================
L [2017-01-02 01:22:24.234] ------------------------  Current Profile: Rafa -------------------------
L [2017-01-02 01:22:24.235] Trying to locate Main Screen
D [2017-01-02 01:22:25.314] GetVillageSize measured: 482.192695906125, Zoom factor: 1.01813727913663, Offset: 21, 8
D [2017-01-02 01:22:25.315] Center Village by: 21, 8
D [2017-01-02 01:22:26.995] GetVillageSize measured: 482.192695906125, Zoom factor: 1.01813727913663, Offset: -2, 0
D [2017-01-02 01:22:26.995] Village Offset updated to -2, 0, 1.01813727913663
D [2017-01-02 01:22:26.999] Centered Village Offset: -2, 0, change: -23, -8
L [2017-01-02 01:22:26.000] Zooming Out
D [2017-01-02 01:22:28.615] API: $hWind=0x000A29F8,$iMsg=49694,$wParam=0x00000000,$lParam=0x00CE2E5C
D [2017-01-02 01:22:28.832] GetVillageSize measured: 482.192695906125, Zoom factor: 1.01813727913663, Offset: -1, 0
D [2017-01-02 01:22:28.832] Center Village by: -1, 0
D [2017-01-02 01:22:30.494] GetVillageSize measured: 482.192695906125, Zoom factor: 1.01813727913663, Offset: -2, 0
D [2017-01-02 01:22:30.496] Centered Village Offset: -2, 0, change: -1, 0
L [2017-01-02 01:22:30.497] Main Screen Located
D [2017-01-02 01:22:30.698] GetVillageSize measured: 482.192695906125, Zoom factor: 1.01813727913663, Offset: -2, 0
L [2017-01-02 01:22:31.713] Detecting your Buildings..
L [2017-01-02 01:22:32.723] Detecting your Village Theme
L [2017-01-02 01:22:33.064] Snow Theme detected
L [2017-01-02 01:22:35.953] Language setting is English: Correct.
L [2017-01-02 01:22:36.960] Trying to locate Main Screen
D [2017-01-02 01:22:37.244] GetVillageSize measured: 482.192695906125, Zoom factor: 1.01813727913663, Offset: -2, 0
L [2017-01-02 01:22:37.246] Main Screen Located
D [2017-01-02 01:22:41.245] GetVillageSize measured: 482.192695906125, Zoom factor: 1.01813727913663, Offset: -2, 0
L [2017-01-02 01:22:41.961] Village Report
L [2017-01-02 01:22:42.058]  [T]: 1 675
L [2017-01-02 01:22:42.158]  [G]: 3 133 973 [E]: 4 172 909 [D]: 21 368 [GEM]: 1 410
D [2017-01-02 01:22:42.938] GetVillageSize measured: 482.192695906125, Zoom factor: 1.01813727913663, Offset: -2, 0
D [2017-01-02 01:22:42.942] _RunFunction: ReArm BEGIN
L [2017-01-02 01:22:42.942] Checking if Village needs Rearming..
D [2017-01-02 01:22:43.648] API: $hWind=0x000A29F8,$iMsg=49694,$wParam=0x00000000,$lParam=0x00CE2E5C
L [2017-01-02 01:22:44.915] Rearm not needed!
D [2017-01-02 01:22:46.643] GetVillageSize measured: 482.192695906125, Zoom factor: 1.01813727913663, Offset: -2, 0
D [2017-01-02 01:22:46.862] _RunFunction: ReArm END
D [2017-01-02 01:22:46.862] _RunFunction: CleanYard BEGIN
D [2017-01-02 01:22:46.863] _RunFunction: CleanYard END
D [2017-01-02 01:22:46.863] _RunFunction: Collect BEGIN
L [2017-01-02 01:22:47.638] Collecting Resources
D [2017-01-02 01:22:54.209] GetVillageSize measured: 482.192695906125, Zoom factor: 1.01813727913663, Offset: -2, 0
L [2017-01-02 01:22:54.334] Searching for a Loot Cart..
L [2017-01-02 01:22:55.268] No Loot Cart found, Yard is clean!
D [2017-01-02 01:22:56.994] _RunFunction: Collect END
D [2017-01-02 01:22:56.994] _RunFunction: CheckTombs BEGIN
D [2017-01-02 01:22:57.195] _RunFunction: CheckTombs END
L [2017-01-02 01:22:57.196] Waiting, Add random delay of 31 seconds.
D [2017-01-02 01:22:58.814] API: $hWind=0x000A29F8,$iMsg=49694,$wParam=0x00000000,$lParam=0x00CE2E5C
D [2017-01-02 01:23:13.826] API: $hWind=0x000A29F8,$iMsg=49694,$wParam=0x00000000,$lParam=0x00CE2E5C
D [2017-01-02 01:23:28.231] _RunFunction: RequestCC BEGIN
L [2017-01-02 01:23:28.232] Requesting Clan Castle Troops
D [2017-01-02 01:23:28.823] API: $hWind=0x000A29F8,$iMsg=49694,$wParam=0x00000000,$lParam=0x00CE2E5C
L [2017-01-02 01:23:32.227] Your Clan Castle is already full or you are not in a clan.
D [2017-01-02 01:23:34.048] GetVillageSize measured: 482.192695906125, Zoom factor: 1.01813727913663, Offset: -2, 0
D [2017-01-02 01:23:34.053] _RunFunction: RequestCC END
D [2017-01-02 01:23:34.054] _RunFunction: BoostWarden BEGIN
D [2017-01-02 01:23:34.054] _RunFunction: BoostWarden END
D [2017-01-02 01:23:34.055] _RunFunction: DonateCC,Train BEGIN
D [2017-01-02 01:23:35.302] GetVillageSize measured: 482.192695906125, Zoom factor: 1.01813727913663, Offset: -2, 0
L [2017-01-02 01:23:37.260]  - Army Window Opened!
L [2017-01-02 01:23:38.853] Total Army Camp capacity: 200/200 (100%)
L [2017-01-02 01:23:39.047]  - Barbarian King available
L [2017-01-02 01:23:39.232] Total Spell(s) Capacity: 7/7
L [2017-01-02 01:23:39.739] - Castle full/no clan.
L [2017-01-02 01:23:39.899]  - Army Camp: 200/200
L [2017-01-02 01:23:39.900]  - Spells: 7/7
L [2017-01-02 01:23:39.900]  - Clan Castle: 25/25
L [2017-01-02 01:23:39.901] Chief, are your Army ready for battle? Yes, they are!
L [2017-01-02 01:23:40.547]  - 10 Dragons Available
L [2017-01-02 01:23:40.889]  - 3 Lightning Spells Brewed
L [2017-01-02 01:23:40.890]  - 1 Earthquake Spell Brewed
D [2017-01-02 01:23:43.860] API: $hWind=0x000A29F8,$iMsg=49694,$wParam=0x00000000,$lParam=0x00CE2E5C
L [2017-01-02 01:23:47.011]  - Opened the Train Troops
L [2017-01-02 01:23:47.014] Ice Wizard Troop not detected!
L [2017-01-02 01:23:49.080]  - Opened the Army Camp
L [2017-01-02 01:23:49.088]  - Your Army is Full, let's make troops before Attack!
D [2017-01-02 01:23:51.438] AdbScreencap: 71/66/66 ms (all/10/1),62,0,l=815,t=135,w=2,h=2, 523CCD829D80725A7E16D990F4D4CD5753B0CC5E: w=860,h=732,f=1
L [2017-01-02 01:23:55.185]  - Opened the Brew Spells
L [2017-01-02 01:23:57.313]  - Opened the Army Camp
D [2017-01-02 01:23:58.910] API: $hWind=0x000A29F8,$iMsg=49694,$wParam=0x00000000,$lParam=0x00CE2E5C
D [2017-01-02 01:23:59.607] _RunFunction: DonateCC,Train END
D [2017-01-02 01:23:59.619] MEmu time lag is 0 sec/min (avg for 79 sec)
D [2017-01-02 01:23:59.619] _RunFunction: NotifyReport BEGIN
D [2017-01-02 01:24:00.345] GetVillageSize measured: 482.192695906125, Zoom factor: 1.01813727913663, Offset: -2, 0
D [2017-01-02 01:24:00.553] _RunFunction: NotifyReport END
D [2017-01-02 01:24:00.553] _RunFunction: BoostKing BEGIN
D [2017-01-02 01:24:00.554] _RunFunction: BoostKing END
D [2017-01-02 01:24:00.554] _RunFunction: ReplayShare BEGIN
D [2017-01-02 01:24:00.756] _RunFunction: ReplayShare END
D [2017-01-02 01:24:00.756] _RunFunction: BoostQueen BEGIN
D [2017-01-02 01:24:00.757] _RunFunction: BoostQueen END
D [2017-01-02 01:24:00.757] _RunFunction: BoostSpellFactory BEGIN
D [2017-01-02 01:24:00.757] _RunFunction: BoostSpellFactory END
D [2017-01-02 01:24:00.758] _RunFunction: BoostBarracks BEGIN
D [2017-01-02 01:24:00.758] _RunFunction: BoostBarracks END
D [2017-01-02 01:24:00.759] _RunFunction: UpgradeBuilding BEGIN
D [2017-01-02 01:24:00.960] _RunFunction: UpgradeBuilding END
D [2017-01-02 01:24:00.961] _RunFunction: UpgradeHeroes BEGIN
D [2017-01-02 01:24:01.162] _RunFunction: UpgradeHeroes END
D [2017-01-02 01:24:01.163] _RunFunction: Laboratory BEGIN
D [2017-01-02 01:24:01.576] GetVillageSize measured: 482.192695906125, Zoom factor: 1.01813727913663, Offset: -2, 0
D [2017-01-02 01:24:01.581] _RunFunction: Laboratory END
D [2017-01-02 01:24:02.305] GetVillageSize measured: 482.192695906125, Zoom factor: 1.01813727913663, Offset: -2, 0
L [2017-01-02 01:24:04.440] Total Army Camp capacity: 200/200 (100%)
L [2017-01-02 01:24:05.031] Going to Attack...
L [2017-01-02 01:24:10.117] ==================================================
L [2017-01-02 01:24:10.125] Aim:           [G+E]: 279000 [D]:    0 for: Dead Base
L [2017-01-02 01:24:10.126] Aim:           [G+E]: 519000 [D]:    0 for: Live Base
L [2017-01-02 01:24:10.127] ==================================================
D [2017-01-02 01:24:11.548] GetVillageSize measured: 491.406698493947, Zoom factor: 1.03759240486618, Offset: -3, 7
D [2017-01-02 01:24:11.549] Village Offset (VillageSearch) updated to -3, 7, 1.03759240486618
L [2017-01-02 01:24:13.267]   1> [G]: 296795 [E]: 272791 [D]: 1556 [T]:25
L [2017-01-02 01:24:13.274]       Live Base Found!
D [2017-01-02 01:24:14.719] API: $hWind=0x000A29F8,$iMsg=49694,$wParam=0x00000000,$lParam=0x00CE2E5C
L [2017-01-02 01:24:14.723] ================ Search Complete =================
L [2017-01-02 01:24:14.732] Initiating attack for: Live Base
L [2017-01-02 01:24:15.625] 0 » 10 Dragons
L [2017-01-02 01:24:15.626] 1 » 1 Clan Castle
L [2017-01-02 01:24:15.627] 2 » 1 King
L [2017-01-02 01:24:15.628] 3 » 3 Lightning Spells
L [2017-01-02 01:24:15.629] 4 » 1 Earthquake Spell
L [2017-01-02 01:24:15.630]  ====== Start Attack ====== 
D [2017-01-02 01:24:19.800] Restore bot window to 1919, 267, caller: GUIControl_WM_NCACTIVATE
D [2017-01-02 01:24:19.830] GUIControl_WM_NCACTIVATE: Activate Bot
L [2017-01-02 01:24:20.237] Checking if the battle has finished
L [2017-01-02 01:24:20.453] Returning Home
D [2017-01-02 01:24:20.579] Enable GUI Controls
D [2017-01-02 01:24:22.039] Redraw MyBot Window
L [2017-01-02 01:24:22.324] ==================== Bot Stop ====================
