D [2017-01-02 01:25:03.793] Save Config C:\CDR\MyBot6_5x\Profiles\Rafa\config.ini
D [2017-01-02 01:25:05.655] Save Building Config C:\CDR\MyBot6_5x\Profiles\Rafa\building.ini
D [2017-01-02 01:25:06.213] Read Building Config C:\CDR\MyBot6_5x\Profiles\Rafa\building.ini
D [2017-01-02 01:25:06.226] Read Config C:\CDR\MyBot6_5x\Profiles\Rafa\config.ini
D [2017-01-02 01:25:06.305] Apply Config
D [2017-01-02 01:25:06.579] Disable GUI Controls
D [2017-01-02 01:25:07.526] GUIControl_WM_NCACTIVATE: Deactivate Bot
D [2017-01-02 01:25:08.142] Redraw MyBot Window
D [2017-01-02 01:25:08.178] Android Window Handle: 0x001C1708
D [2017-01-02 01:25:08.179] InitiateLayout: MEmu_2 Android-ClientSize: 860 x 732
D [2017-01-02 01:25:08.179] CheckScreenAndroid: Window size 908 x 770
D [2017-01-02 01:25:08.432] MEmu font_scale = 1
L [2017-01-02 01:25:09.390]  My Bot v6.5.2.r2602 (MEmu_2) Powered by MyBot.run ~
D [2017-01-02 01:25:09.395] GUIControl_WM_NCACTIVATE: Deactivate Bot
L [2017-01-02 01:25:09.398] MyBot.run.exe Executable running on WIN_10  X64
L [2017-01-02 01:25:09.399] =================== Bot Start ====================
L [2017-01-02 01:25:09.399] ------------------------  Current Profile: Rafa -------------------------
L [2017-01-02 01:25:09.400] Trying to locate Main Screen
D [2017-01-02 01:25:09.634] GetVillageSize measured: 476.57144557659, Zoom factor: 1.00626815593247, Offset: -3, -1
L [2017-01-02 01:25:09.635] Main Screen Located
D [2017-01-02 01:25:09.797] GetVillageSize measured: 476.57144557659, Zoom factor: 1.00626815593247, Offset: -3, -1
L [2017-01-02 01:25:10.815] Detecting your Buildings..
L [2017-01-02 01:25:11.816] Detecting your Village Theme
L [2017-01-02 01:25:12.106] Snow Theme detected
L [2017-01-02 01:25:13.267] Language setting is English: Correct.
D [2017-01-02 01:25:13.978] API: $hWind=0x000A29F8,$iMsg=49694,$wParam=0x00000000,$lParam=0x00CE2E5C
L [2017-01-02 01:25:14.269] Trying to locate Main Screen
D [2017-01-02 01:25:14.491] GetVillageSize measured: 476.57144557659, Zoom factor: 1.00626815593247, Offset: -3, -1
L [2017-01-02 01:25:14.493] Main Screen Located
L [2017-01-02 01:25:16.646] Total Army Camp capacity: 200/200 (100%)
D [2017-01-02 01:25:17.290] MEmu time lag is 0 sec/min (avg for 77 sec)
D [2017-01-02 01:25:18.323] GetVillageSize measured: 476.57144557659, Zoom factor: 1.00626815593247, Offset: -3, -1
L [2017-01-02 01:25:19.040] Village Report
L [2017-01-02 01:25:19.124]  [T]: 1 675
L [2017-01-02 01:25:19.214]  [G]: 3 135 052 [E]: 4 173 349 [D]: 21 374 [GEM]: 1 410
D [2017-01-02 01:25:19.929] GetVillageSize measured: 476.57144557659, Zoom factor: 1.00626815593247, Offset: -3, -1
D [2017-01-02 01:25:19.933] _RunFunction: CleanYard BEGIN
D [2017-01-02 01:25:19.934] _RunFunction: CleanYard END
D [2017-01-02 01:25:19.934] _RunFunction: ReArm BEGIN
D [2017-01-02 01:25:20.135] _RunFunction: ReArm END
D [2017-01-02 01:25:20.136] _RunFunction: CheckTombs BEGIN
D [2017-01-02 01:25:20.336] _RunFunction: CheckTombs END
D [2017-01-02 01:25:20.337] _RunFunction: Collect BEGIN
L [2017-01-02 01:25:21.103] Collecting Resources
D [2017-01-02 01:25:23.261] GetVillageSize measured: 476.57144557659, Zoom factor: 1.00626815593247, Offset: -3, -1
L [2017-01-02 01:25:23.266] Searching for a Loot Cart..
L [2017-01-02 01:25:23.743] No Loot Cart found, Yard is clean!
D [2017-01-02 01:25:25.421] _RunFunction: Collect END
L [2017-01-02 01:25:25.422] Waiting, Add random delay of 49 seconds.
D [2017-01-02 01:25:28.957] API: $hWind=0x000A29F8,$iMsg=49694,$wParam=0x00000000,$lParam=0x00CE2E5C
D [2017-01-02 01:25:43.997] API: $hWind=0x000A29F8,$iMsg=49694,$wParam=0x00000000,$lParam=0x00CE2E5C
D [2017-01-02 01:25:58.000] API: $hWind=0x000A29F8,$iMsg=49694,$wParam=0x00000000,$lParam=0x00CE2E5C
D [2017-01-02 01:26:14.010] API: $hWind=0x000A29F8,$iMsg=49694,$wParam=0x00000000,$lParam=0x00CE2E5C
D [2017-01-02 01:26:14.516] _RunFunction: DonateCC,Train BEGIN
D [2017-01-02 01:26:15.740] GetVillageSize measured: 476.57144557659, Zoom factor: 1.00626815593247, Offset: -3, -1
L [2017-01-02 01:26:17.547]  - Army Window Opened!
L [2017-01-02 01:26:19.179] Total Army Camp capacity: 200/200 (100%)
L [2017-01-02 01:26:19.365]  - Barbarian King available
L [2017-01-02 01:26:19.541] Total Spell(s) Capacity: 7/7
L [2017-01-02 01:26:20.076] - Castle full/no clan.
L [2017-01-02 01:26:20.240]  - Army Camp: 200/200
L [2017-01-02 01:26:20.250]  - Spells: 7/7
L [2017-01-02 01:26:20.250]  - Clan Castle: 25/25
L [2017-01-02 01:26:20.251] Chief, are your Army ready for battle? Yes, they are!
D [2017-01-02 01:26:20.727] AdbScreencap: 65/70/77 ms (all/10/1),73,0,l=162,t=200,w=120,h=27, 523CCD829D80725A7E16D990F4D4CD5753B0CC5E: w=860,h=732,f=1
L [2017-01-02 01:26:20.891]  - 10 Dragons Available
L [2017-01-02 01:26:21.258]  - 3 Lightning Spells Brewed
L [2017-01-02 01:26:21.259]  - 1 Earthquake Spell Brewed
L [2017-01-02 01:26:27.305]  - Opened the Train Troops
L [2017-01-02 01:26:27.308] Ice Wizard Troop not detected!
D [2017-01-02 01:26:29.102] API: $hWind=0x000A29F8,$iMsg=49694,$wParam=0x00000000,$lParam=0x00CE2E5C
L [2017-01-02 01:26:29.361]  - Opened the Army Camp
L [2017-01-02 01:26:29.367]  - Your Army is Full, let's make troops before Attack!
L [2017-01-02 01:26:35.457]  - Opened the Brew Spells
L [2017-01-02 01:26:37.522]  - Opened the Army Camp
D [2017-01-02 01:26:39.824] _RunFunction: DonateCC,Train END
D [2017-01-02 01:26:39.835] MEmu time lag is 0 sec/min (avg for 82 sec)
D [2017-01-02 01:26:39.836] _RunFunction: ReplayShare BEGIN
D [2017-01-02 01:26:40.036] _RunFunction: ReplayShare END
D [2017-01-02 01:26:40.037] _RunFunction: RequestCC BEGIN
D [2017-01-02 01:26:41.281] GetVillageSize measured: 476.57144557659, Zoom factor: 1.00626815593247, Offset: -3, -1
D [2017-01-02 01:26:41.286] _RunFunction: RequestCC END
D [2017-01-02 01:26:41.286] _RunFunction: BoostSpellFactory BEGIN
D [2017-01-02 01:26:41.287] _RunFunction: BoostSpellFactory END
D [2017-01-02 01:26:41.287] _RunFunction: BoostWarden BEGIN
D [2017-01-02 01:26:41.287] _RunFunction: BoostWarden END
D [2017-01-02 01:26:41.288] _RunFunction: BoostQueen BEGIN
D [2017-01-02 01:26:41.288] _RunFunction: BoostQueen END
D [2017-01-02 01:26:41.289] _RunFunction: NotifyReport BEGIN
D [2017-01-02 01:26:42.041] GetVillageSize measured: 476.57144557659, Zoom factor: 1.00626815593247, Offset: -3, -1
D [2017-01-02 01:26:42.246] _RunFunction: NotifyReport END
D [2017-01-02 01:26:42.247] _RunFunction: BoostKing BEGIN
D [2017-01-02 01:26:42.247] _RunFunction: BoostKing END
D [2017-01-02 01:26:42.248] _RunFunction: BoostBarracks BEGIN
D [2017-01-02 01:26:42.248] _RunFunction: BoostBarracks END
D [2017-01-02 01:26:42.248] _RunFunction: UpgradeHeroes BEGIN
D [2017-01-02 01:26:42.449] _RunFunction: UpgradeHeroes END
D [2017-01-02 01:26:42.450] _RunFunction: UpgradeBuilding BEGIN
D [2017-01-02 01:26:42.652] _RunFunction: UpgradeBuilding END
D [2017-01-02 01:26:42.652] _RunFunction: Laboratory BEGIN
D [2017-01-02 01:26:43.099] GetVillageSize measured: 476.57144557659, Zoom factor: 1.00626815593247, Offset: -3, -1
D [2017-01-02 01:26:43.116] _RunFunction: Laboratory END
D [2017-01-02 01:26:43.851] GetVillageSize measured: 476.57144557659, Zoom factor: 1.00626815593247, Offset: -3, -1
D [2017-01-02 01:26:44.055] API: $hWind=0x000A29F8,$iMsg=49694,$wParam=0x00000000,$lParam=0x00CE2E5C
L [2017-01-02 01:26:46.012] Total Army Camp capacity: 200/200 (100%)
L [2017-01-02 01:26:46.580] Going to Attack...
L [2017-01-02 01:26:51.633] ==================================================
L [2017-01-02 01:26:51.640] Aim:           [G+E]: 279000 [D]:    0 for: Dead Base
L [2017-01-02 01:26:51.640] Aim:           [G+E]: 519000 [D]:    0 for: Live Base
L [2017-01-02 01:26:51.642] ==================================================
D [2017-01-02 01:26:53.052] GetVillageSize measured: 487.190438013048, Zoom factor: 1.02868988101918, Offset: 2, 8
D [2017-01-02 01:26:53.053] Village Offset (VillageSearch) updated to 2, 8, 1.02868988101918
L [2017-01-02 01:26:54.098]   1> [G]: 200572 [E]: 114946 [D]: 1720 [T]:20 [TH]: 8, In
L [2017-01-02 01:26:54.105]       Not a Dead Base
D [2017-01-02 01:26:59.125] API: $hWind=0x000A29F8,$iMsg=49694,$wParam=0x00000000,$lParam=0x00CE2E5C
D [2017-01-02 01:27:04.631] GetVillageSize measured: 485.785101410634, Zoom factor: 1.02572254950047, Offset: -22, 8
D [2017-01-02 01:27:04.632] Village Offset (VillageSearch) updated to -22, 8, 1.02572254950047
L [2017-01-02 01:27:05.544]   2> [G]: 288673 [E]: 447477 [D]: 3616 [T]:22 [TH]: 9, In
L [2017-01-02 01:27:05.551]       Not a Dead Base
D [2017-01-02 01:27:14.113] API: $hWind=0x000A29F8,$iMsg=49694,$wParam=0x00000000,$lParam=0x00CE2E5C
D [2017-01-02 01:27:14.169] GetVillageSize measured: 478.600451797684, Zoom factor: 1.01055234955638, Offset: 8, 9
D [2017-01-02 01:27:14.170] Village Offset (VillageSearch) updated to 8, 9, 1.01055234955638
L [2017-01-02 01:27:14.172]   3> [G]: 255161 [E]:   8364 [D]:  950 [T]:31
D [2017-01-02 01:27:22.329] AdbScreencap: 64/54/47 ms (all/10/1),42,0,l=0,t=0,w=860,h=732, 523CCD829D80725A7E16D990F4D4CD5753B0CC5E: w=860,h=732,f=1
D [2017-01-02 01:27:22.442] GetVillageSize measured: 487.190438013048, Zoom factor: 1.02868988101918, Offset: 4, 8
D [2017-01-02 01:27:22.443] Village Offset (VillageSearch) updated to 4, 8, 1.02868988101918
L [2017-01-02 01:27:23.653]   4> [G]: 401633 [E]: 420116 [D]:  802 [T]:20 [TH]: 8, In
L [2017-01-02 01:27:23.661]       Dead Base Found!
L [2017-01-02 01:27:25.084] ================ Search Complete =================
L [2017-01-02 01:27:25.093] Initiating attack for: Dead Base
L [2017-01-02 01:27:25.975] 0 » 10 Dragons
L [2017-01-02 01:27:25.976] 1 » 1 Clan Castle
L [2017-01-02 01:27:25.977] 2 » 1 King
L [2017-01-02 01:27:25.978] 3 » 3 Lightning Spells
L [2017-01-02 01:27:25.979] 4 » 1 Earthquake Spell
L [2017-01-02 01:27:25.980]  ====== Start Attack ====== 
L [2017-01-02 01:27:27.981] Calculating Smart Attack Strategy
L [2017-01-02 01:27:28.155] Calculated  (in 0.17 seconds) :
L [2017-01-02 01:27:28.156] Attacking Multi finger fight style
D [2017-01-02 01:27:29.158] API: $hWind=0x000A29F8,$iMsg=49694,$wParam=0x00000000,$lParam=0x00CE2E5C
L [2017-01-02 01:27:29.161] ===============Multi Finger Attack================
L [2017-01-02 01:27:29.162] Attacking Eight Finger Blossom fight style.
L [2017-01-02 01:27:29.162] Calculating attack vectors for all troop deployments, please be patient...
L [2017-01-02 01:27:30.303] Dropping Clan Castle
L [2017-01-02 01:27:31.243] Dropping King
L [2017-01-02 01:27:32.500] Finished Attacking, waiting for the battle to end
L [2017-01-02 01:27:32.601] Dropping left over troops
L [2017-01-02 01:27:32.602] Checking remaining unused troops for: Dead Base
L [2017-01-02 01:27:33.398] 3 » 3 Lightning Spells
L [2017-01-02 01:27:33.399] 4 » 1 Earthquake Spell
D [2017-01-02 01:27:44.248] API: $hWind=0x000A29F8,$iMsg=49694,$wParam=0x00000000,$lParam=0x00CE2E5C
L [2017-01-02 01:27:44.548] Checking remaining unused troops for: Dead Base
L [2017-01-02 01:27:45.429] 3 » 3 Lightning Spells
L [2017-01-02 01:27:45.429] 4 » 1 Earthquake Spell
L [2017-01-02 01:27:53.143] King is getting weak, Activating King's power
L [2017-01-02 01:27:56.236] Finished Attacking, waiting for the battle to end
L [2017-01-02 01:27:56.405] Checking if the battle has finished
L [2017-01-02 01:27:58.738] detected [G]: 119941 [E]: 325239 [DE]: 462 |  Exit in 13 sec.
L [2017-01-02 01:27:58.755] Gold & Elixir & DE change detected, waiting...
D [2017-01-02 01:27:59.268] API: $hWind=0x000A29F8,$iMsg=49694,$wParam=0x00000000,$lParam=0x00CE2E5C
L [2017-01-02 01:28:02.141] detected [G]: 111483 [E]: 313589 [DE]: 112 |  Exit in 13 sec.
L [2017-01-02 01:28:02.160] Gold & Elixir & DE change detected, waiting...
L [2017-01-02 01:28:05.546] detected [G]: 111483 [E]: 280707 [DE]: 112 |  Exit in 13 sec.
L [2017-01-02 01:28:05.564] Gold & Elixir & DE change detected, waiting...
L [2017-01-02 01:28:08.950] detected [G]: 111483 [E]: 280707 [DE]: 112 |  Exit in 13 sec.
L [2017-01-02 01:28:10.654] detected [G]: 111483 [E]: 274902 [DE]: 112 |  Exit in 11 sec.
L [2017-01-02 01:28:10.672] Gold & Elixir & DE change detected, waiting...
L [2017-01-02 01:28:14.039] detected [G]: 111483 [E]: 263292 [DE]: 112 |  Exit in 13 sec.
L [2017-01-02 01:28:14.058] Gold & Elixir & DE change detected, waiting...
D [2017-01-02 01:28:14.271] API: $hWind=0x000A29F8,$iMsg=49694,$wParam=0x00000000,$lParam=0x00CE2E5C
L [2017-01-02 01:28:17.416] detected [G]: 111483 [E]: 245875 [DE]: 112 |  Exit in 13 sec.
L [2017-01-02 01:28:17.437] Gold & Elixir & DE change detected, waiting...
L [2017-01-02 01:28:20.781] detected [G]: 111483 [E]: 240069 [DE]: 112 |  Exit in 13 sec.
L [2017-01-02 01:28:22.475] detected [G]: 111483 [E]: 234570 [DE]: 112 |  Exit in 11 sec.
L [2017-01-02 01:28:22.494] Gold & Elixir & DE change detected, waiting...
L [2017-01-02 01:28:25.835] detected [G]: 111483 [E]: 229070 [DE]: 112 |  Exit in 13 sec.
L [2017-01-02 01:28:27.518] detected [G]: 111483 [E]: 229070 [DE]: 112 |  Exit in 11 sec.
L [2017-01-02 01:28:29.192] detected [G]: 111483 [E]: 229070 [DE]: 112 |  Exit in 10 sec.
D [2017-01-02 01:28:29.311] API: $hWind=0x000A29F8,$iMsg=49694,$wParam=0x00000000,$lParam=0x00CE2E5C
L [2017-01-02 01:28:30.874] detected [G]: 111483 [E]: 229070 [DE]: 112 |  Exit in  8 sec.
L [2017-01-02 01:28:32.568] detected [G]: 111483 [E]: 229070 [DE]: 112 |  Exit in  6 sec.
L [2017-01-02 01:28:34.262] detected [G]: 104637 [E]: 220280 [DE]: 112 |  Exit in  4 sec.
L [2017-01-02 01:28:34.281] Gold & Elixir & DE change detected, waiting...
D [2017-01-02 01:28:37.003] AdbScreencap: 63/52/56 ms (all/10/1),52,0,l=48,t=69,w=90,h=16, 523CCD829D80725A7E16D990F4D4CD5753B0CC5E: w=860,h=732,f=1
L [2017-01-02 01:28:37.622] detected [G]: 94368 [E]: 202700 [DE]: 112 |  Exit in 13 sec.
L [2017-01-02 01:28:39.303] detected [G]: 94368 [E]: 202700 [DE]: 112 |  Exit in 11 sec.
L [2017-01-02 01:28:40.988] detected [G]: 94368 [E]: 202700 [DE]: 112 |  Exit in 10 sec.
L [2017-01-02 01:28:42.670] detected [G]: 94368 [E]: 202700 [DE]: 112 |  Exit in  8 sec.
D [2017-01-02 01:28:44.286] API: $hWind=0x000A29F8,$iMsg=49694,$wParam=0x00000000,$lParam=0x00CE2E5C
L [2017-01-02 01:28:44.346] detected [G]: 94368 [E]: 202700 [DE]: 112 |  Exit in  6 sec.
L [2017-01-02 01:28:46.040] detected [G]: 94368 [E]: 202700 [DE]: 112 |  Exit in  4 sec.
L [2017-01-02 01:28:47.725] detected [G]: 94368 [E]: 202700 [DE]: 112 |  Exit in  3 sec.
L [2017-01-02 01:28:49.408] detected [G]: 94368 [E]: 202700 [DE]: 112 |  Exit in  1 sec.
L [2017-01-02 01:28:51.144] detected [G]: 94368 [E]: 202700 [DE]: 112 |  Exit in  0 sec.
L [2017-01-02 01:28:51.165] Gold & Elixir & DE no change detected, exit
L [2017-01-02 01:28:51.212] ====== You have activated NoobZap Mode ======
L [2017-01-02 01:28:51.228] Dark Elixir is below minimum value [256], Exiting Now!
L [2017-01-02 01:28:51.229] Returning Home
D [2017-01-02 01:28:53.980] MEmu time lag is 0 sec/min (avg for 134 sec)
L [2017-01-02 01:28:57.541] Loot: [G]: 307 265 [E]: 217 416 [DE]: 690 [T]: 6
L [2017-01-02 01:28:57.554] Bonus Percentage: 95%
L [2017-01-02 01:28:57.965] Bonus [G]: 12 825 out of 13 500 [E]: 12 825 out of 13 500
L [2017-01-02 01:28:59.030] Your league level is: Gold II
L [2017-01-02 01:28:59.090] Stars earned: 1
D [2017-01-02 01:28:59.368] API: $hWind=0x000A29F8,$iMsg=49694,$wParam=0x00000000,$lParam=0x00CE2E5C
L [2017-01-02 01:29:06.287] Trying to locate Main Screen
D [2017-01-02 01:29:06.509] GetVillageSize measured: 491.406698493947, Zoom factor: 1.03759240486618, Offset: 22, 8
D [2017-01-02 01:29:06.509] Center Village by: 22, 8
D [2017-01-02 01:29:08.126] GetVillageSize measured: 490.782920521595, Zoom factor: 1.03627531397503, Offset: 0, 0
D [2017-01-02 01:29:08.127] Village Offset updated to 0, 0, 1.03627531397503
D [2017-01-02 01:29:08.129] Centered Village Offset: 0, 0, change: -22, -8
L [2017-01-02 01:29:08.129] Zooming Out
D [2017-01-02 01:29:09.895] GetVillageSize measured: 491.406698493947, Zoom factor: 1.03759240486618, Offset: 0, 0
D [2017-01-02 01:29:09.896] Village Offset updated to 0, 0, 1.03759240486618
L [2017-01-02 01:29:09.897] Main Screen Located
D [2017-01-02 01:29:14.374] API: $hWind=0x000A29F8,$iMsg=49694,$wParam=0x00000000,$lParam=0x00CE2E5C
L [2017-01-02 01:29:14.473] Total Army Camp capacity: 60/200 (30%)
D [2017-01-02 01:29:16.147] GetVillageSize measured: 490.782920521595, Zoom factor: 1.03627531397503, Offset: 0, 0
D [2017-01-02 01:29:16.148] Village Offset updated to 0, 0, 1.03627531397503
L [2017-01-02 01:29:16.864] Village Report
L [2017-01-02 01:29:16.948]  [T]: 1 681
L [2017-01-02 01:29:17.043]  [G]: 3 452 822 [E]: 4 403 611 [D]: 22 064 [GEM]: 1 410
D [2017-01-02 01:29:17.775] GetVillageSize measured: 490.782920521595, Zoom factor: 1.03627531397503, Offset: 0, 0
D [2017-01-02 01:29:17.779] _RunFunction: CleanYard BEGIN
D [2017-01-02 01:29:17.780] _RunFunction: CleanYard END
D [2017-01-02 01:29:17.780] _RunFunction: ReArm BEGIN
D [2017-01-02 01:29:17.982] _RunFunction: ReArm END
D [2017-01-02 01:29:17.983] _RunFunction: Collect BEGIN
L [2017-01-02 01:29:18.740] Collecting Resources
D [2017-01-02 01:29:23.770] GetVillageSize measured: 490.782920521595, Zoom factor: 1.03627531397503, Offset: 0, 0
L [2017-01-02 01:29:23.775] Searching for a Loot Cart..
L [2017-01-02 01:29:24.248] No Loot Cart found, Yard is clean!
D [2017-01-02 01:29:26.008] _RunFunction: Collect END
D [2017-01-02 01:29:26.009] _RunFunction: CheckTombs BEGIN
D [2017-01-02 01:29:26.209] _RunFunction: CheckTombs END
L [2017-01-02 01:29:26.211] Waiting, Add random delay of 35 seconds.
D [2017-01-02 01:29:29.340] API: $hWind=0x000A29F8,$iMsg=49694,$wParam=0x00000000,$lParam=0x00CE2E5C
D [2017-01-02 01:29:44.348] API: $hWind=0x000A29F8,$iMsg=49694,$wParam=0x00000000,$lParam=0x00CE2E5C
D [2017-01-02 01:29:59.377] API: $hWind=0x000A29F8,$iMsg=49694,$wParam=0x00000000,$lParam=0x00CE2E5C
D [2017-01-02 01:30:01.294] _RunFunction: ReplayShare BEGIN
D [2017-01-02 01:30:01.495] _RunFunction: ReplayShare END
D [2017-01-02 01:30:01.507] MEmu time lag is 0 sec/min (avg for 67 sec)
D [2017-01-02 01:30:01.507] _RunFunction: BoostQueen BEGIN
D [2017-01-02 01:30:01.508] _RunFunction: BoostQueen END
D [2017-01-02 01:30:01.508] _RunFunction: BoostSpellFactory BEGIN
D [2017-01-02 01:30:01.508] _RunFunction: BoostSpellFactory END
D [2017-01-02 01:30:01.509] _RunFunction: BoostKing BEGIN
D [2017-01-02 01:30:01.509] _RunFunction: BoostKing END
D [2017-01-02 01:30:01.510] _RunFunction: BoostBarracks BEGIN
D [2017-01-02 01:30:01.510] _RunFunction: BoostBarracks END
D [2017-01-02 01:30:01.510] _RunFunction: DonateCC,Train BEGIN
D [2017-01-02 01:30:02.739] GetVillageSize measured: 490.782920521595, Zoom factor: 1.03627531397503, Offset: 0, 0
L [2017-01-02 01:30:04.554]  - Army Window Opened!
L [2017-01-02 01:30:06.207] Total Army Camp capacity: 60/200 (30%)
L [2017-01-02 01:30:06.303] Troops time: 19.00 min
L [2017-01-02 01:30:06.448]  - Barbarian King will recover in 00:15:00
L [2017-01-02 01:30:06.619] Total Spell(s) Capacity: 6/7
L [2017-01-02 01:30:07.154]  - Castle request allready made.
L [2017-01-02 01:30:07.330]  - Army Camp: 60/200
L [2017-01-02 01:30:07.331]  - Spells: 6/7
L [2017-01-02 01:30:07.332]  - Clan Castle: 0/25
L [2017-01-02 01:30:07.333] Chief, are your Army ready for battle? No, Not yet!
L [2017-01-02 01:30:07.334]  - Troops, not Ready!
L [2017-01-02 01:30:07.989]  - 3 Dragons Available
L [2017-01-02 01:30:08.352]  - 2 Lightning Spells Brewed
L [2017-01-02 01:30:08.353]  - 2 Earthquake Spells Brewed
L [2017-01-02 01:30:10.416]  - Opened the Train Troops
L [2017-01-02 01:30:12.477]  - Opened the Brew Spells
D [2017-01-02 01:30:14.404] API: $hWind=0x000A29F8,$iMsg=49694,$wParam=0x00000000,$lParam=0x00CE2E5C
L [2017-01-02 01:30:14.857]  - Opened the Army Camp
D [2017-01-02 01:30:15.757] AdbScreencap: 62/64/76 ms (all/10/1),73,0,l=162,t=200,w=120,h=27, 523CCD829D80725A7E16D990F4D4CD5753B0CC5E: w=860,h=732,f=1
L [2017-01-02 01:30:15.817] Troops To Remove: 
L [2017-01-02 01:30:15.817] Spells To Remove: 
L [2017-01-02 01:30:15.818]   Earthquake Spell: 1x
L [2017-01-02 01:30:18.084] All Extra troops removed
L [2017-01-02 01:30:19.514]  - Army Window Opened!
L [2017-01-02 01:30:21.170] Total Army Camp capacity: 60/200 (30%)
L [2017-01-02 01:30:21.265] Troops time: 19.00 min
L [2017-01-02 01:30:21.397]  - Barbarian King will recover in 00:15:00
L [2017-01-02 01:30:21.570] Total Spell(s) Capacity: 5/7
L [2017-01-02 01:30:22.199]  - Castle request allready made.
L [2017-01-02 01:30:22.378]  - Army Camp: 60/200
L [2017-01-02 01:30:22.379]  - Spells: 5/7
L [2017-01-02 01:30:22.380]  - Clan Castle: 0/25
L [2017-01-02 01:30:22.380] Chief, are your Army ready for battle? No, Not yet!
L [2017-01-02 01:30:22.381]  - Troops, not Ready!
L [2017-01-02 01:30:28.460]  - Opened the Train Troops
D [2017-01-02 01:30:29.477] API: $hWind=0x000A29F8,$iMsg=49694,$wParam=0x00000000,$lParam=0x00CE2E5C
L [2017-01-02 01:30:30.544]  - Opened the Army Camp
L [2017-01-02 01:30:37.640]  - Opened the Brew Spells
L [2017-01-02 01:30:37.674] Brewing 1x Lightning Spell
D [2017-01-02 01:30:40.133] _RunFunction: DonateCC,Train END
D [2017-01-02 01:30:40.133] _RunFunction: BoostWarden BEGIN
D [2017-01-02 01:30:40.134] _RunFunction: BoostWarden END
D [2017-01-02 01:30:40.134] _RunFunction: RequestCC BEGIN
D [2017-01-02 01:30:41.366] GetVillageSize measured: 490.782920521595, Zoom factor: 1.03627531397503, Offset: 0, 0
D [2017-01-02 01:30:41.371] _RunFunction: RequestCC END
D [2017-01-02 01:30:41.371] _RunFunction: NotifyReport BEGIN
D [2017-01-02 01:30:42.118] GetVillageSize measured: 490.782920521595, Zoom factor: 1.03627531397503, Offset: 0, 0
D [2017-01-02 01:30:42.323] _RunFunction: NotifyReport END
D [2017-01-02 01:30:42.324] _RunFunction: Laboratory BEGIN
D [2017-01-02 01:30:42.767] GetVillageSize measured: 490.782920521595, Zoom factor: 1.03627531397503, Offset: 0, 0
D [2017-01-02 01:30:42.773] _RunFunction: Laboratory END
D [2017-01-02 01:30:42.773] _RunFunction: UpgradeHeroes BEGIN
D [2017-01-02 01:30:42.975] _RunFunction: UpgradeHeroes END
D [2017-01-02 01:30:42.975] _RunFunction: UpgradeBuilding BEGIN
D [2017-01-02 01:30:43.177] _RunFunction: UpgradeBuilding END
D [2017-01-02 01:30:43.911] GetVillageSize measured: 490.782920521595, Zoom factor: 1.03627531397503, Offset: 0, 0
L [2017-01-02 01:30:44.319] ====== Waiting for full army ======
D [2017-01-02 01:30:44.521] API: $hWind=0x000A29F8,$iMsg=49694,$wParam=0x00000000,$lParam=0x00CE2E5C
D [2017-01-02 01:30:44.880] GetVillageSize measured: 490.782920521595, Zoom factor: 1.03627531397503, Offset: 0, 0
L [2017-01-02 01:30:45.086] Waiting, Add random delay of 36 seconds.
D [2017-01-02 01:30:59.499] API: $hWind=0x000A29F8,$iMsg=49694,$wParam=0x00000000,$lParam=0x00CE2E5C
D [2017-01-02 01:31:14.527] API: $hWind=0x000A29F8,$iMsg=49694,$wParam=0x00000000,$lParam=0x00CE2E5C
D [2017-01-02 01:31:21.404] GetVillageSize measured: 490.782920521595, Zoom factor: 1.03627531397503, Offset: 0, 0
L [2017-01-02 01:31:23.196]  - Army Window Opened!
L [2017-01-02 01:31:24.819] Total Army Camp capacity: 80/200 (40%)
L [2017-01-02 01:31:24.926] Troops time: 18.00 min
L [2017-01-02 01:31:25.069]  - Barbarian King will recover in 00:14:00
L [2017-01-02 01:31:25.245] Total Spell(s) Capacity: 5/7
L [2017-01-02 01:31:25.631] Spells time: 6.00 min
L [2017-01-02 01:31:25.712] Requesting Clan Castle Troops
D [2017-01-02 01:31:28.739] AdbScreencap: 63/63/55 ms (all/10/1),52,0,l=282,t=28,w=2,h=2, 523CCD829D80725A7E16D990F4D4CD5753B0CC5E: w=860,h=732,f=1
D [2017-01-02 01:31:29.521] API: $hWind=0x000A29F8,$iMsg=49694,$wParam=0x00000000,$lParam=0x00CE2E5C
D [2017-01-02 01:31:30.686] Page error count increased to 1, source: IsMainPage
L [2017-01-02 01:31:39.654]  - Army Camp: 80/200
L [2017-01-02 01:31:39.655]  - Spells: 5/7
L [2017-01-02 01:31:39.655]  - Clan Castle: 0/25
L [2017-01-02 01:31:39.656] Chief, are your Army ready for battle? No, Not yet!
L [2017-01-02 01:31:39.657]  - Troops, not Ready!
L [2017-01-02 01:31:40.297]  - 4 Dragons Available
L [2017-01-02 01:31:40.635]  - 2 Lightning Spells Brewed
L [2017-01-02 01:31:40.636]  - 1 Earthquake Spell Brewed
D [2017-01-02 01:31:44.513] API: $hWind=0x000A29F8,$iMsg=49694,$wParam=0x00000000,$lParam=0x00CE2E5C
L [2017-01-02 01:31:46.716]  - Opened the Train Troops
L [2017-01-02 01:31:48.809]  - Opened the Army Camp
L [2017-01-02 01:31:55.806]  - Opened the Brew Spells
L [2017-01-02 01:31:57.875]  - Opened the Army Camp
D [2017-01-02 01:31:59.574] API: $hWind=0x000A29F8,$iMsg=49694,$wParam=0x00000000,$lParam=0x00CE2E5C
D [2017-01-02 01:31:59.576] GetVillageSize measured: 490.782920521595, Zoom factor: 1.03627531397503, Offset: 0, 0
D [2017-01-02 01:32:00.416] GetVillageSize measured: 490.782920521595, Zoom factor: 1.03627531397503, Offset: 0, 0
L [2017-01-02 01:32:00.621] Time Idle: 00:01:16
L [2017-01-02 01:32:02.099] Troops time: 17.00 min
L [2017-01-02 01:32:02.177]  - Castle request allready made.
L [2017-01-02 01:32:02.700] Smart wait train time = 17.32 Minutes
D [2017-01-02 01:32:07.534] Enable GUI Controls
D [2017-01-02 01:32:09.023] Redraw MyBot Window
L [2017-01-02 01:32:09.031] Enabled bot controls due to long wait time
L [2017-01-02 01:32:09.291] Waiting 17 minutes 19 seconds before starting CoC
D [2017-01-02 01:32:14.547] API: $hWind=0x000A29F8,$iMsg=49694,$wParam=0x00000000,$lParam=0x00CE2E5C
D [2017-01-02 01:32:29.574] API: $hWind=0x000A29F8,$iMsg=49694,$wParam=0x00000000,$lParam=0x00CE2E5C
D [2017-01-02 01:32:44.587] API: $hWind=0x000A29F8,$iMsg=49694,$wParam=0x00000000,$lParam=0x00CE2E5C
D [2017-01-02 01:32:59.605] API: $hWind=0x000A29F8,$iMsg=49694,$wParam=0x00000000,$lParam=0x00CE2E5C
D [2017-01-02 01:33:14.623] API: $hWind=0x000A29F8,$iMsg=49694,$wParam=0x00000000,$lParam=0x00CE2E5C
D [2017-01-02 01:33:29.640] API: $hWind=0x000A29F8,$iMsg=49694,$wParam=0x00000000,$lParam=0x00CE2E5C
D [2017-01-02 01:33:44.659] API: $hWind=0x000A29F8,$iMsg=49694,$wParam=0x00000000,$lParam=0x00CE2E5C
D [2017-01-02 01:33:59.686] API: $hWind=0x000A29F8,$iMsg=49694,$wParam=0x00000000,$lParam=0x00CE2E5C
D [2017-01-02 01:34:14.710] API: $hWind=0x000A29F8,$iMsg=49694,$wParam=0x00000000,$lParam=0x00CE2E5C
D [2017-01-02 01:34:29.725] API: $hWind=0x000A29F8,$iMsg=49694,$wParam=0x00000000,$lParam=0x00CE2E5C
D [2017-01-02 01:34:44.747] API: $hWind=0x000A29F8,$iMsg=49694,$wParam=0x00000000,$lParam=0x00CE2E5C
D [2017-01-02 01:34:59.762] API: $hWind=0x000A29F8,$iMsg=49694,$wParam=0x00000000,$lParam=0x00CE2E5C
D [2017-01-02 01:35:14.795] API: $hWind=0x000A29F8,$iMsg=49694,$wParam=0x00000000,$lParam=0x00CE2E5C
D [2017-01-02 01:35:29.813] API: $hWind=0x000A29F8,$iMsg=49694,$wParam=0x00000000,$lParam=0x00CE2E5C
D [2017-01-02 01:35:44.836] API: $hWind=0x000A29F8,$iMsg=49694,$wParam=0x00000000,$lParam=0x00CE2E5C
D [2017-01-02 01:35:59.855] API: $hWind=0x000A29F8,$iMsg=49694,$wParam=0x00000000,$lParam=0x00CE2E5C
D [2017-01-02 01:36:14.785] API: $hWind=0x000A29F8,$iMsg=49694,$wParam=0x00000000,$lParam=0x00CE2E5C
D [2017-01-02 01:36:29.809] API: $hWind=0x000A29F8,$iMsg=49694,$wParam=0x00000000,$lParam=0x00CE2E5C
D [2017-01-02 01:36:44.837] API: $hWind=0x000A29F8,$iMsg=49694,$wParam=0x00000000,$lParam=0x00CE2E5C
D [2017-01-02 01:36:59.860] API: $hWind=0x000A29F8,$iMsg=49694,$wParam=0x00000000,$lParam=0x00CE2E5C
D [2017-01-02 01:37:14.877] API: $hWind=0x000A29F8,$iMsg=49694,$wParam=0x00000000,$lParam=0x00CE2E5C
D [2017-01-02 01:37:29.891] API: $hWind=0x000A29F8,$iMsg=49694,$wParam=0x00000000,$lParam=0x00CE2E5C
D [2017-01-02 01:37:44.928] API: $hWind=0x000A29F8,$iMsg=49694,$wParam=0x00000000,$lParam=0x00CE2E5C
D [2017-01-02 01:37:59.949] API: $hWind=0x000A29F8,$iMsg=49694,$wParam=0x00000000,$lParam=0x00CE2E5C
D [2017-01-02 01:38:14.975] API: $hWind=0x000A29F8,$iMsg=49694,$wParam=0x00000000,$lParam=0x00CE2E5C
D [2017-01-02 01:38:29.992] API: $hWind=0x000A29F8,$iMsg=49694,$wParam=0x00000000,$lParam=0x00CE2E5C
D [2017-01-02 01:38:45.007] API: $hWind=0x000A29F8,$iMsg=49694,$wParam=0x00000000,$lParam=0x00CE2E5C
D [2017-01-02 01:39:00.030] API: $hWind=0x000A29F8,$iMsg=49694,$wParam=0x00000000,$lParam=0x00CE2E5C
D [2017-01-02 01:39:15.049] API: $hWind=0x000A29F8,$iMsg=49694,$wParam=0x00000000,$lParam=0x00CE2E5C
D [2017-01-02 01:39:29.966] API: $hWind=0x000A29F8,$iMsg=49694,$wParam=0x00000000,$lParam=0x00CE2E5C
D [2017-01-02 01:39:44.994] API: $hWind=0x000A29F8,$iMsg=49694,$wParam=0x00000000,$lParam=0x00CE2E5C
D [2017-01-02 01:40:00.012] API: $hWind=0x000A29F8,$iMsg=49694,$wParam=0x00000000,$lParam=0x00CE2E5C
D [2017-01-02 01:40:15.045] API: $hWind=0x000A29F8,$iMsg=49694,$wParam=0x00000000,$lParam=0x00CE2E5C
D [2017-01-02 01:40:30.079] API: $hWind=0x000A29F8,$iMsg=49694,$wParam=0x00000000,$lParam=0x00CE2E5C
D [2017-01-02 01:40:45.102] API: $hWind=0x000A29F8,$iMsg=49694,$wParam=0x00000000,$lParam=0x00CE2E5C
D [2017-01-02 01:41:00.115] API: $hWind=0x000A29F8,$iMsg=49694,$wParam=0x00000000,$lParam=0x00CE2E5C
D [2017-01-02 01:41:15.131] API: $hWind=0x000A29F8,$iMsg=49694,$wParam=0x00000000,$lParam=0x00CE2E5C
D [2017-01-02 01:41:30.160] API: $hWind=0x000A29F8,$iMsg=49694,$wParam=0x00000000,$lParam=0x00CE2E5C
D [2017-01-02 01:41:45.174] API: $hWind=0x000A29F8,$iMsg=49694,$wParam=0x00000000,$lParam=0x00CE2E5C
D [2017-01-02 01:42:00.194] API: $hWind=0x000A29F8,$iMsg=49694,$wParam=0x00000000,$lParam=0x00CE2E5C
D [2017-01-02 01:42:15.210] API: $hWind=0x000A29F8,$iMsg=49694,$wParam=0x00000000,$lParam=0x00CE2E5C
D [2017-01-02 01:42:30.219] API: $hWind=0x000A29F8,$iMsg=49694,$wParam=0x00000000,$lParam=0x00CE2E5C
D [2017-01-02 01:42:45.244] API: $hWind=0x000A29F8,$iMsg=49694,$wParam=0x00000000,$lParam=0x00CE2E5C
D [2017-01-02 01:43:00.167] API: $hWind=0x000A29F8,$iMsg=49694,$wParam=0x00000000,$lParam=0x00CE2E5C
D [2017-01-02 01:43:15.188] API: $hWind=0x000A29F8,$iMsg=49694,$wParam=0x00000000,$lParam=0x00CE2E5C
D [2017-01-02 01:43:30.204] API: $hWind=0x000A29F8,$iMsg=49694,$wParam=0x00000000,$lParam=0x00CE2E5C
D [2017-01-02 01:43:45.217] API: $hWind=0x000A29F8,$iMsg=49694,$wParam=0x00000000,$lParam=0x00CE2E5C
D [2017-01-02 01:44:00.240] API: $hWind=0x000A29F8,$iMsg=49694,$wParam=0x00000000,$lParam=0x00CE2E5C
D [2017-01-02 01:44:15.259] API: $hWind=0x000A29F8,$iMsg=49694,$wParam=0x00000000,$lParam=0x00CE2E5C
D [2017-01-02 01:44:30.270] API: $hWind=0x000A29F8,$iMsg=49694,$wParam=0x00000000,$lParam=0x00CE2E5C
D [2017-01-02 01:44:45.287] API: $hWind=0x000A29F8,$iMsg=49694,$wParam=0x00000000,$lParam=0x00CE2E5C
D [2017-01-02 01:45:00.310] API: $hWind=0x000A29F8,$iMsg=49694,$wParam=0x00000000,$lParam=0x00CE2E5C
D [2017-01-02 01:45:15.336] API: $hWind=0x000A29F8,$iMsg=49694,$wParam=0x00000000,$lParam=0x00CE2E5C
D [2017-01-02 01:45:30.354] API: $hWind=0x000A29F8,$iMsg=49694,$wParam=0x00000000,$lParam=0x00CE2E5C
D [2017-01-02 01:45:45.370] API: $hWind=0x000A29F8,$iMsg=49694,$wParam=0x00000000,$lParam=0x00CE2E5C
D [2017-01-02 01:46:00.385] API: $hWind=0x000A29F8,$iMsg=49694,$wParam=0x00000000,$lParam=0x00CE2E5C
D [2017-01-02 01:46:15.403] API: $hWind=0x000A29F8,$iMsg=49694,$wParam=0x00000000,$lParam=0x00CE2E5C
D [2017-01-02 01:46:30.430] API: $hWind=0x000A29F8,$iMsg=49694,$wParam=0x00000000,$lParam=0x00CE2E5C
D [2017-01-02 01:46:45.460] API: $hWind=0x000A29F8,$iMsg=49694,$wParam=0x00000000,$lParam=0x00CE2E5C
D [2017-01-02 01:47:00.475] API: $hWind=0x000A29F8,$iMsg=49694,$wParam=0x00000000,$lParam=0x00CE2E5C
D [2017-01-02 01:47:15.490] API: $hWind=0x000A29F8,$iMsg=49694,$wParam=0x00000000,$lParam=0x00CE2E5C
D [2017-01-02 01:47:30.502] API: $hWind=0x000A29F8,$iMsg=49694,$wParam=0x00000000,$lParam=0x00CE2E5C
D [2017-01-02 01:47:45.524] API: $hWind=0x000A29F8,$iMsg=49694,$wParam=0x00000000,$lParam=0x00CE2E5C
D [2017-01-02 01:48:00.542] API: $hWind=0x000A29F8,$iMsg=49694,$wParam=0x00000000,$lParam=0x00CE2E5C
D [2017-01-02 01:48:15.459] API: $hWind=0x000A29F8,$iMsg=49694,$wParam=0x00000000,$lParam=0x00CE2E5C
D [2017-01-02 01:48:30.570] API: $hWind=0x000A29F8,$iMsg=49694,$wParam=0x00000000,$lParam=0x00CE2E5C
D [2017-01-02 01:48:45.503] API: $hWind=0x000A29F8,$iMsg=49694,$wParam=0x00000000,$lParam=0x00CE2E5C
D [2017-01-02 01:49:00.513] API: $hWind=0x000A29F8,$iMsg=49694,$wParam=0x00000000,$lParam=0x00CE2E5C
D [2017-01-02 01:49:15.528] API: $hWind=0x000A29F8,$iMsg=49694,$wParam=0x00000000,$lParam=0x00CE2E5C
L [2017-01-02 01:49:28.534] Launch Clash of Clans now...
D [2017-01-02 01:49:28.588] ADB shell terminated, PID = 6584
D [2017-01-02 01:49:28.880] C:\Users\Imation\Pictures\MEmu Photo\ exists
D [2017-01-02 01:49:29.134] ADB shell launched, PID = 9072: root@android:/ # PS1=mybot.run:Android Steady Shell PID=15197
/system/xbin/renice -20 15197
/system/xbin/renice -20 15138
D [2017-01-02 01:49:29.217] Using /mnt/shell/emulated/0/Pictures/ for Android shared folder
D [2017-01-02 01:49:29.218] MEmu ADB use /dev/input/event7 for mouse events
L [2017-01-02 01:49:29.218] Waiting for Main Screen
D [2017-01-02 01:49:30.628] API: $hWind=0x000A29F8,$iMsg=49694,$wParam=0x00000000,$lParam=0x00CE2E5C
D [2017-01-02 01:49:31.466] checkObstacles: Found Android Screen
D [2017-01-02 01:49:33.690] Save Config C:\CDR\MyBot6_5x\Profiles\Rafa\config.ini
D [2017-01-02 01:49:35.630] Save Building Config C:\CDR\MyBot6_5x\Profiles\Rafa\building.ini
D [2017-01-02 01:49:36.193] Read Building Config C:\CDR\MyBot6_5x\Profiles\Rafa\building.ini
D [2017-01-02 01:49:36.205] Read Config C:\CDR\MyBot6_5x\Profiles\Rafa\config.ini
D [2017-01-02 01:49:36.280] Apply Config
D [2017-01-02 01:49:36.551] Redraw MyBot Window
D [2017-01-02 01:49:36.557] Disable GUI Controls
D [2017-01-02 01:49:38.070] Redraw MyBot Window
L [2017-01-02 01:49:39.279] Trying to locate Main Screen
D [2017-01-02 01:49:39.481] GetVillageSize measured: 476.413956806172, Zoom factor: 1.00593562250845, Offset: 21, 9
D [2017-01-02 01:49:39.481] Center Village by: 21, 9
D [2017-01-02 01:49:41.084] GetVillageSize measured: 477.194992395467, Zoom factor: 1.00758475874909, Offset: -4, -2
D [2017-01-02 01:49:41.085] Village Offset updated to -4, -2, 1.00758475874909
D [2017-01-02 01:49:41.087] Centered Village Offset: -4, -2, change: -25, -11
L [2017-01-02 01:49:41.087] Main Screen Located
L [2017-01-02 01:49:43.266] Total Army Camp capacity: 200/200 (100%)
D [2017-01-02 01:49:43.932] MEmu time lag is 0 sec/min (avg for 1182 sec)
D [2017-01-02 01:49:43.933] Cleared 1 MEmu page errors
D [2017-01-02 01:49:44.953] GetVillageSize measured: 477.194992395467, Zoom factor: 1.00758475874909, Offset: -4, -2
D [2017-01-02 01:49:45.571] API: $hWind=0x000A29F8,$iMsg=49694,$wParam=0x00000000,$lParam=0x00CE2E5C
L [2017-01-02 01:49:45.669] Village Report
L [2017-01-02 01:49:45.774]  [T]: 1 681
L [2017-01-02 01:49:45.869]  [G]: 3 453 379 [E]: 4 447 842 [D]: 22 068 [GEM]: 1 410
D [2017-01-02 01:49:46.586] GetVillageSize measured: 477.194992395467, Zoom factor: 1.00758475874909, Offset: -4, -2
D [2017-01-02 01:49:46.590] _RunFunction: CleanYard BEGIN
D [2017-01-02 01:49:46.591] _RunFunction: CleanYard END
D [2017-01-02 01:49:46.591] _RunFunction: CheckTombs BEGIN
D [2017-01-02 01:49:46.792] _RunFunction: CheckTombs END
D [2017-01-02 01:49:46.792] _RunFunction: Collect BEGIN
L [2017-01-02 01:49:47.561] Collecting Resources
D [2017-01-02 01:49:49.059] AdbScreencap: 63/60/65 ms (all/10/1),62,0,l=252,t=424,w=2,h=2, 523CCD829D80725A7E16D990F4D4CD5753B0CC5E: w=860,h=732,f=1
D [2017-01-02 01:49:53.316] GetVillageSize measured: 477.194992395467, Zoom factor: 1.00758475874909, Offset: -4, -2
L [2017-01-02 01:49:53.321] Searching for a Loot Cart..
L [2017-01-02 01:49:53.799] No Loot Cart found, Yard is clean!
D [2017-01-02 01:49:55.496] _RunFunction: Collect END
D [2017-01-02 01:49:55.497] _RunFunction: ReArm BEGIN
D [2017-01-02 01:49:55.698] _RunFunction: ReArm END
L [2017-01-02 01:49:55.698] Waiting, Add random delay of 47 seconds.
D [2017-01-02 01:50:00.639] API: $hWind=0x000A29F8,$iMsg=49694,$wParam=0x00000000,$lParam=0x00CE2E5C
D [2017-01-02 01:50:15.646] API: $hWind=0x000A29F8,$iMsg=49694,$wParam=0x00000000,$lParam=0x00CE2E5C
D [2017-01-02 01:50:30.652] API: $hWind=0x000A29F8,$iMsg=49694,$wParam=0x00000000,$lParam=0x00CE2E5C
D [2017-01-02 01:50:42.739] _RunFunction: DonateCC,Train BEGIN
D [2017-01-02 01:50:43.953] GetVillageSize measured: 477.194992395467, Zoom factor: 1.00758475874909, Offset: -4, -2
D [2017-01-02 01:50:45.636] API: $hWind=0x000A29F8,$iMsg=49694,$wParam=0x00000000,$lParam=0x00CE2E5C
L [2017-01-02 01:50:45.735]  - Army Window Opened!
L [2017-01-02 01:50:47.314] Total Army Camp capacity: 200/200 (100%)
L [2017-01-02 01:50:47.510]  - Barbarian King available
L [2017-01-02 01:50:47.696] Total Spell(s) Capacity: 7/7
L [2017-01-02 01:50:48.202] Requesting Clan Castle Troops
D [2017-01-02 01:50:53.134] Page error count increased to 1, source: IsMainPage
D [2017-01-02 01:51:00.651] API: $hWind=0x000A29F8,$iMsg=49694,$wParam=0x00000000,$lParam=0x00CE2E5C
L [2017-01-02 01:51:02.074]  - Army Camp: 200/200
L [2017-01-02 01:51:02.075]  - Spells: 7/7
L [2017-01-02 01:51:02.076]  - Clan Castle: 20/25
L [2017-01-02 01:51:02.077] Chief, are your Army ready for battle? Yes, they are!
L [2017-01-02 01:51:02.705]  - 10 Dragons Available
L [2017-01-02 01:51:03.043]  - 3 Lightning Spells Brewed
L [2017-01-02 01:51:03.044]  - 1 Earthquake Spell Brewed
L [2017-01-02 01:51:09.091]  - Opened the Train Troops
L [2017-01-02 01:51:09.095] Detected Ice Wizard Troop!
L [2017-01-02 01:51:11.158]  - Opened the Army Camp
L [2017-01-02 01:51:11.164]  - Your Army is Full, let's make troops before Attack!
L [2017-01-02 01:51:13.247]  - Opened the Train Troops
L [2017-01-02 01:51:13.266] Training 10x Dragons
D [2017-01-02 01:51:15.704] API: $hWind=0x000A29F8,$iMsg=49694,$wParam=0x00000000,$lParam=0x00CE2E5C
D [2017-01-02 01:51:16.547] AdbScreencap: 63/67/76 ms (all/10/1),73,0,l=815,t=135,w=2,h=2, 523CCD829D80725A7E16D990F4D4CD5753B0CC5E: w=860,h=732,f=1
L [2017-01-02 01:51:19.994]  - Opened the Brew Spells
L [2017-01-02 01:51:20.019] Brewing 3x Lightning Spells
L [2017-01-02 01:51:20.384] Brewing 1x Earthquake Spell
L [2017-01-02 01:51:20.390] Bad pixel check on troop position Earthquake Spell
L [2017-01-02 01:51:26.461]  - Opened the Army Camp
L [2017-01-02 01:51:26.462]  - Your Army is Full, let's make troops before Attack!
D [2017-01-02 01:51:30.738] API: $hWind=0x000A29F8,$iMsg=49694,$wParam=0x00000000,$lParam=0x00CE2E5C
L [2017-01-02 01:51:32.523]  - Opened the Brew Spells
L [2017-01-02 01:51:34.604]  - Opened the Army Camp
D [2017-01-02 01:51:36.884] _RunFunction: DonateCC,Train END
D [2017-01-02 01:51:36.896] MEmu time lag is 0 sec/min (avg for 112 sec)
D [2017-01-02 01:51:36.896] _RunFunction: BoostQueen BEGIN
D [2017-01-02 01:51:36.896] _RunFunction: BoostQueen END
D [2017-01-02 01:51:36.897] _RunFunction: BoostWarden BEGIN
D [2017-01-02 01:51:36.897] _RunFunction: BoostWarden END
D [2017-01-02 01:51:36.898] _RunFunction: NotifyReport BEGIN
D [2017-01-02 01:51:37.611] GetVillageSize measured: 477.194992395467, Zoom factor: 1.00758475874909, Offset: -4, -2
D [2017-01-02 01:51:37.834] _RunFunction: NotifyReport END
D [2017-01-02 01:51:37.835] _RunFunction: BoostKing BEGIN
D [2017-01-02 01:51:37.835] _RunFunction: BoostKing END
D [2017-01-02 01:51:37.836] _RunFunction: RequestCC BEGIN
D [2017-01-02 01:51:39.053] GetVillageSize measured: 477.194992395467, Zoom factor: 1.00758475874909, Offset: -4, -2
D [2017-01-02 01:51:39.057] _RunFunction: RequestCC END
D [2017-01-02 01:51:39.057] _RunFunction: BoostSpellFactory BEGIN
D [2017-01-02 01:51:39.058] _RunFunction: BoostSpellFactory END
D [2017-01-02 01:51:39.058] _RunFunction: BoostBarracks BEGIN
D [2017-01-02 01:51:39.058] _RunFunction: BoostBarracks END
D [2017-01-02 01:51:39.059] _RunFunction: ReplayShare BEGIN
D [2017-01-02 01:51:39.260] _RunFunction: ReplayShare END
D [2017-01-02 01:51:39.260] _RunFunction: UpgradeHeroes BEGIN
D [2017-01-02 01:51:39.461] _RunFunction: UpgradeHeroes END
D [2017-01-02 01:51:39.462] _RunFunction: Laboratory BEGIN
D [2017-01-02 01:51:39.884] GetVillageSize measured: 477.194992395467, Zoom factor: 1.00758475874909, Offset: -4, -2
D [2017-01-02 01:51:39.890] _RunFunction: Laboratory END
D [2017-01-02 01:51:39.891] _RunFunction: UpgradeBuilding BEGIN
D [2017-01-02 01:51:40.092] _RunFunction: UpgradeBuilding END
D [2017-01-02 01:51:40.806] GetVillageSize measured: 477.194992395467, Zoom factor: 1.00758475874909, Offset: -4, -2
L [2017-01-02 01:51:42.939] Total Army Camp capacity: 200/200 (100%)
L [2017-01-02 01:51:43.518] Going to Attack...
D [2017-01-02 01:51:45.797] API: $hWind=0x000A29F8,$iMsg=49694,$wParam=0x00000000,$lParam=0x00CE2E5C
L [2017-01-02 01:51:48.551] ==================================================
L [2017-01-02 01:51:48.552] Aim:           [G+E]: 279000 [D]:    0 for: Dead Base
L [2017-01-02 01:51:48.553] Aim:           [G+E]: 519000 [D]:    0 for: Live Base
L [2017-01-02 01:51:48.554] ==================================================
D [2017-01-02 01:51:49.954] GetVillageSize measured: 476.413956806172, Zoom factor: 1.00593562250845, Offset: -5, 9
D [2017-01-02 01:51:49.955] Village Offset (VillageSearch) updated to -5, 9, 1.00593562250845
L [2017-01-02 01:51:49.957]   1> [G]: 115093 [E]:  49954 [D]:  956 [T]:22
D [2017-01-02 01:52:00.812] API: $hWind=0x000A29F8,$iMsg=49694,$wParam=0x00000000,$lParam=0x00CE2E5C
D [2017-01-02 01:52:01.860] GetVillageSize measured: 477.976693880569, Zoom factor: 1.00923530101134, Offset: 6, 9
D [2017-01-02 01:52:01.861] Village Offset (VillageSearch) updated to 6, 9, 1.00923530101134
L [2017-01-02 01:52:02.980]   2> [G]: 291247 [E]: 342031 [D]:  817 [T]:26 [TH]: 8, In
L [2017-01-02 01:52:02.988]       Dead Base Found!
L [2017-01-02 01:52:04.418] ================ Search Complete =================
L [2017-01-02 01:52:04.428] Initiating attack for: Dead Base
L [2017-01-02 01:52:05.304] 0 » 10 Dragons
L [2017-01-02 01:52:05.305] 1 » 1 Clan Castle
L [2017-01-02 01:52:05.306] 2 » 1 King
L [2017-01-02 01:52:05.307] 3 » 3 Lightning Spells
L [2017-01-02 01:52:05.308] 4 » 1 Earthquake Spell
L [2017-01-02 01:52:05.309]  ====== Start Attack ====== 
L [2017-01-02 01:52:07.311] Calculating Smart Attack Strategy
L [2017-01-02 01:52:07.464] Calculated  (in 0.15 seconds) :
L [2017-01-02 01:52:07.465] Attacking Multi finger fight style
L [2017-01-02 01:52:08.467] ===============Multi Finger Attack================
L [2017-01-02 01:52:08.468] Attacking Eight Finger Blossom fight style.
L [2017-01-02 01:52:08.468] Calculating attack vectors for all troop deployments, please be patient...
L [2017-01-02 01:52:09.610] Dropping Clan Castle
D [2017-01-02 01:52:09.666] AdbScreencap: 62/53/55 ms (all/10/1),52,0,l=16,t=642,w=2,h=2, 523CCD829D80725A7E16D990F4D4CD5753B0CC5E: w=860,h=732,f=1
L [2017-01-02 01:52:10.550] Dropping King
L [2017-01-02 01:52:11.796] Finished Attacking, waiting for the battle to end
L [2017-01-02 01:52:11.897] Dropping left over troops
L [2017-01-02 01:52:11.898] Checking remaining unused troops for: Dead Base
L [2017-01-02 01:52:12.702] 3 » 3 Lightning Spells
L [2017-01-02 01:52:12.703] 4 » 1 Earthquake Spell
D [2017-01-02 01:52:15.915] API: $hWind=0x000A29F8,$iMsg=49694,$wParam=0x00000000,$lParam=0x00CE2E5C
L [2017-01-02 01:52:23.819] Checking remaining unused troops for: Dead Base
L [2017-01-02 01:52:24.614] 3 » 3 Lightning Spells
L [2017-01-02 01:52:24.615] 4 » 1 Earthquake Spell
D [2017-01-02 01:52:30.977] API: $hWind=0x000A29F8,$iMsg=49694,$wParam=0x00000000,$lParam=0x00CE2E5C
L [2017-01-02 01:52:35.757] Finished Attacking, waiting for the battle to end
L [2017-01-02 01:52:35.924] Checking if the battle has finished
L [2017-01-02 01:52:38.086] detected [G]: 0 [E]: 46208 [DE]: 817 |  Exit in 13 sec.
L [2017-01-02 01:52:39.643] detected [G]: 0 [E]: 46208 [DE]: 817 |  Exit in 11 sec.
L [2017-01-02 01:52:41.189] detected [G]: 0 [E]: 46208 [DE]: 718 |  Exit in 10 sec.
L [2017-01-02 01:52:41.204] Gold & Elixir & DE change detected, waiting...
L [2017-01-02 01:52:44.503] detected [G]: 0 [E]: 46208 [DE]: 419 |  Exit in 13 sec.
L [2017-01-02 01:52:44.517] Gold & Elixir & DE change detected, waiting...
D [2017-01-02 01:52:46.031] API: $hWind=0x000A29F8,$iMsg=49694,$wParam=0x00000000,$lParam=0x00CE2E5C
L [2017-01-02 01:52:47.745] detected [G]: 0 [E]: 24548 [DE]: 410 |  Exit in 13 sec.
L [2017-01-02 01:52:47.759] Gold & Elixir & DE change detected, waiting...
L [2017-01-02 01:52:50.999] detected [G]: 0 [E]: 2888 [DE]: 407 |  Exit in 13 sec.
L [2017-01-02 01:52:51.016] Gold & Elixir & DE change detected, waiting...
L [2017-01-02 01:52:54.241] detected [G]: 0 [E]: 0 [DE]: 406 |  Exit in 13 sec.
D [2017-01-02 01:52:54.312] AdbScreencap: 62/64/55 ms (all/10/1),52,0,l=16,t=642,w=2,h=2, 523CCD829D80725A7E16D990F4D4CD5753B0CC5E: w=860,h=732,f=1
L [2017-01-02 01:52:55.751] detected [G]: 0 [E]: 0 [DE]: 406 |  Exit in 11 sec.
L [2017-01-02 01:52:57.394] detected [G]: 0 [E]: 0 [DE]: 406 |  Exit in 10 sec.
L [2017-01-02 01:52:58.946] detected [G]: 0 [E]: 0 [DE]: 406 |  Exit in  8 sec.
L [2017-01-02 01:53:00.458] detected [G]: 0 [E]: 0 [DE]: 406 |  Exit in  7 sec.
D [2017-01-02 01:53:01.040] API: $hWind=0x000A29F8,$iMsg=49694,$wParam=0x00000000,$lParam=0x00CE2E5C
L [2017-01-02 01:53:01.945] detected [G]: 0 [E]: 0 [DE]: 406 |  Exit in  5 sec.
L [2017-01-02 01:53:03.451] King is getting weak, Activating King's power
L [2017-01-02 01:53:03.530] detected [G]: 0 [E]: 0 [DE]: 406 |  Exit in  4 sec.
L [2017-01-02 01:53:05.234] detected [G]: 0 [E]: 0 [DE]: 406 |  Exit in  2 sec.
L [2017-01-02 01:53:06.915] detected [G]: 0 [E]: 0 [DE]: 406 |  Exit in  0 sec.
L [2017-01-02 01:53:08.608] detected [G]: 0 [E]: 0 [DE]: 406 |  Exit in  0 sec.
L [2017-01-02 01:53:08.624] Gold & Elixir & DE no change detected, exit
L [2017-01-02 01:53:08.681] ====== You have activated NoobZap Mode ======
L [2017-01-02 01:53:08.715] Getting the spells Quantities!
L [2017-01-02 01:53:08.716]  - Number of Lightning Spells: 3
L [2017-01-02 01:53:09.297]  - Number of Dark Elixir Drills: 1
L [2017-01-02 01:53:09.389] NoobZap is going to attack any drill.
L [2017-01-02 01:53:09.390] Dropping Lightning Spell
L [2017-01-02 01:53:13.561] Getting Dark Elixir Values.
L [2017-01-02 01:53:14.634] Gained: 198. Adjusting amount left in this drill.
L [2017-01-02 01:53:14.635] DE from last zap: 198, Total DE from SmartZap/NoobZap: 198
D [2017-01-02 01:53:16.039] API: $hWind=0x000A29F8,$iMsg=49694,$wParam=0x00000000,$lParam=0x00CE2E5C
L [2017-01-02 01:53:19.507] Dark Elixir is below minimum value [256], Exiting Now!
L [2017-01-02 01:53:19.514] Returning Home
D [2017-01-02 01:53:22.228] MEmu time lag is 0 sec/min (avg for 105 sec)
L [2017-01-02 01:53:25.798] Loot: [G]: 291 247 [E]: 342 031 [DE]: 609 [T]: 8
L [2017-01-02 01:53:25.813] Bonus Percentage: 100%
L [2017-01-02 01:53:26.218] Bonus [G]: 13 500 [E]: 13 500
L [2017-01-02 01:53:27.273] Your league level is: Gold II
L [2017-01-02 01:53:27.333] Stars earned: 1
D [2017-01-02 01:53:31.128] API: $hWind=0x000A29F8,$iMsg=49694,$wParam=0x00000000,$lParam=0x00CE2E5C
L [2017-01-02 01:53:34.529] Trying to locate Main Screen
D [2017-01-02 01:53:34.740] GetVillageSize measured: 476.413956806172, Zoom factor: 1.00593562250845, Offset: 21, 9
D [2017-01-02 01:53:34.740] Center Village by: 21, 9
D [2017-01-02 01:53:36.391] GetVillageSize measured: 475.789575298868, Zoom factor: 1.00461725726901, Offset: -3, -1
D [2017-01-02 01:53:36.391] Village Offset updated to -3, -1, 1.00461725726901
D [2017-01-02 01:53:36.393] Centered Village Offset: -3, -1, change: -24, -10
L [2017-01-02 01:53:36.393] Main Screen Located
L [2017-01-02 01:53:38.596] Total Army Camp capacity: 0/200 (0%)
D [2017-01-02 01:53:40.204] GetVillageSize cannot find stone
L [2017-01-02 01:53:40.205] Zooming Out
D [2017-01-02 01:53:41.980] GetVillageSize measured: 460.796581190907, Zoom factor: 0.972959941932651, Offset: -9, 1
D [2017-01-02 01:53:42.981] Center Village by: -9, 1
D [2017-01-02 01:53:44.613] GetVillageSize measured: 460.796581190907, Zoom factor: 0.972959941932651, Offset: 1, -1
D [2017-01-02 01:53:45.615] Village Offset updated to 1, -1, 0.972959941932651
D [2017-01-02 01:53:45.616] Centered Village Offset: 1, -1, change: 10, -2
D [2017-01-02 01:53:46.133] API: $hWind=0x000A29F8,$iMsg=49694,$wParam=0x00000000,$lParam=0x00CE2E5C
L [2017-01-02 01:53:46.332] Village Report
L [2017-01-02 01:53:46.419]  [T]: 1 689
L [2017-01-02 01:53:46.516]  [G]: 3 760 439 [E]: 4 408 184 [D]: 22 689 [GEM]: 1 410
D [2017-01-02 01:53:47.246] GetVillageSize measured: 460.796581190907, Zoom factor: 0.972959941932651, Offset: 1, -1
D [2017-01-02 01:53:47.250] _RunFunction: CleanYard BEGIN
D [2017-01-02 01:53:47.250] _RunFunction: CleanYard END
D [2017-01-02 01:53:47.251] _RunFunction: CheckTombs BEGIN
D [2017-01-02 01:53:47.452] _RunFunction: CheckTombs END
D [2017-01-02 01:53:47.453] _RunFunction: Collect BEGIN
L [2017-01-02 01:53:48.222] Collecting Resources
D [2017-01-02 01:53:51.920] GetVillageSize measured: 460.796581190907, Zoom factor: 0.972959941932651, Offset: 1, -1
L [2017-01-02 01:53:51.925] Searching for a Loot Cart..
L [2017-01-02 01:53:52.367] No Loot Cart found, Yard is clean!
D [2017-01-02 01:53:54.062] _RunFunction: Collect END
D [2017-01-02 01:53:54.062] _RunFunction: ReArm BEGIN
D [2017-01-02 01:53:54.263] _RunFunction: ReArm END
L [2017-01-02 01:53:54.264] Waiting, Add random delay of 17 seconds.
D [2017-01-02 01:54:01.122] API: $hWind=0x000A29F8,$iMsg=49694,$wParam=0x00000000,$lParam=0x00CE2E5C
D [2017-01-02 01:54:11.295] _RunFunction: BoostKing BEGIN
D [2017-01-02 01:54:11.296] _RunFunction: BoostKing END
D [2017-01-02 01:54:11.296] _RunFunction: ReplayShare BEGIN
D [2017-01-02 01:54:11.497] _RunFunction: ReplayShare END
D [2017-01-02 01:54:11.498] _RunFunction: BoostWarden BEGIN
D [2017-01-02 01:54:11.498] _RunFunction: BoostWarden END
D [2017-01-02 01:54:11.499] _RunFunction: RequestCC BEGIN
D [2017-01-02 01:54:12.619] AdbScreencap: 62/54/67 ms (all/10/1),63,0,l=0,t=0,w=860,h=732, 523CCD829D80725A7E16D990F4D4CD5753B0CC5E: w=860,h=732,f=1
D [2017-01-02 01:54:12.724] GetVillageSize measured: 460.796581190907, Zoom factor: 0.972959941932651, Offset: 1, -1
D [2017-01-02 01:54:12.728] _RunFunction: RequestCC END
D [2017-01-02 01:54:12.728] _RunFunction: DonateCC,Train BEGIN
D [2017-01-02 01:54:13.952] GetVillageSize measured: 460.796581190907, Zoom factor: 0.972959941932651, Offset: 1, -1
L [2017-01-02 01:54:15.779]  - Army Window Opened!
D [2017-01-02 01:54:16.098] API: $hWind=0x000A29F8,$iMsg=49694,$wParam=0x00000000,$lParam=0x00CE2E5C
L [2017-01-02 01:54:17.417] Total Army Camp capacity: 20/200 (10%)
L [2017-01-02 01:54:17.536] Troops time: 27.00 min
L [2017-01-02 01:54:17.670]  - Barbarian King will recover in 00:00:30
L [2017-01-02 01:54:17.855] Total Spell(s) Capacity: 5/7
L [2017-01-02 01:54:18.234] Spells time: 4.00 min
L [2017-01-02 01:54:18.486]  - Army Camp: 20/200
L [2017-01-02 01:54:18.494]  - Spells: 5/7
L [2017-01-02 01:54:18.495]  - Clan Castle: 0/25
L [2017-01-02 01:54:18.496] Chief, are your Army ready for battle? No, Not yet!
L [2017-01-02 01:54:18.497]  - Troops, not Ready!
L [2017-01-02 01:54:19.131]  - 1 Dragon Available
L [2017-01-02 01:54:19.466]  - 2 Lightning Spells Brewed
L [2017-01-02 01:54:19.467]  - 1 Earthquake Spell Brewed
L [2017-01-02 01:54:25.554]  - Opened the Train Troops
L [2017-01-02 01:54:27.625]  - Opened the Army Camp
D [2017-01-02 01:54:31.194] API: $hWind=0x000A29F8,$iMsg=49694,$wParam=0x00000000,$lParam=0x00CE2E5C
L [2017-01-02 01:54:34.537]  - Opened the Brew Spells
L [2017-01-02 01:54:34.887] Brewing 1x Lightning Spell
D [2017-01-02 01:54:37.321] _RunFunction: DonateCC,Train END
D [2017-01-02 01:54:37.333] MEmu time lag is 0 sec/min (avg for 75 sec)
D [2017-01-02 01:54:37.334] _RunFunction: BoostQueen BEGIN
D [2017-01-02 01:54:37.334] _RunFunction: BoostQueen END
D [2017-01-02 01:54:37.335] _RunFunction: BoostSpellFactory BEGIN
D [2017-01-02 01:54:37.335] _RunFunction: BoostSpellFactory END
D [2017-01-02 01:54:37.335] _RunFunction: BoostBarracks BEGIN
D [2017-01-02 01:54:37.336] _RunFunction: BoostBarracks END
D [2017-01-02 01:54:37.336] _RunFunction: NotifyReport BEGIN
D [2017-01-02 01:54:38.058] GetVillageSize measured: 460.796581190907, Zoom factor: 0.972959941932651, Offset: 1, -1
D [2017-01-02 01:54:38.262] _RunFunction: NotifyReport END
D [2017-01-02 01:54:38.262] _RunFunction: UpgradeBuilding BEGIN
D [2017-01-02 01:54:38.463] _RunFunction: UpgradeBuilding END
D [2017-01-02 01:54:38.464] _RunFunction: Laboratory BEGIN
D [2017-01-02 01:54:38.887] GetVillageSize measured: 460.796581190907, Zoom factor: 0.972959941932651, Offset: 1, -1
D [2017-01-02 01:54:38.891] _RunFunction: Laboratory END
D [2017-01-02 01:54:38.892] _RunFunction: UpgradeHeroes BEGIN
D [2017-01-02 01:54:39.093] _RunFunction: UpgradeHeroes END
D [2017-01-02 01:54:39.815] GetVillageSize measured: 460.796581190907, Zoom factor: 0.972959941932651, Offset: 1, -1
L [2017-01-02 01:54:40.221] ====== Waiting for full army ======
D [2017-01-02 01:54:40.757] GetVillageSize measured: 460.796581190907, Zoom factor: 0.972959941932651, Offset: 1, -1
L [2017-01-02 01:54:40.972] Waiting, Add random delay of 50 seconds.
D [2017-01-02 01:54:46.218] API: $hWind=0x000A29F8,$iMsg=49694,$wParam=0x00000000,$lParam=0x00CE2E5C
D [2017-01-02 01:55:01.236] API: $hWind=0x000A29F8,$iMsg=49694,$wParam=0x00000000,$lParam=0x00CE2E5C
D [2017-01-02 01:55:16.247] API: $hWind=0x000A29F8,$iMsg=49694,$wParam=0x00000000,$lParam=0x00CE2E5C
D [2017-01-02 01:55:31.227] API: $hWind=0x000A29F8,$iMsg=49694,$wParam=0x00000000,$lParam=0x00CE2E5C
D [2017-01-02 01:55:31.280] GetVillageSize measured: 460.796581190907, Zoom factor: 0.972959941932651, Offset: 1, -1
L [2017-01-02 01:55:33.116]  - Army Window Opened!
L [2017-01-02 01:55:34.751] Total Army Camp capacity: 20/200 (10%)
L [2017-01-02 01:55:34.847] Troops time: 26.00 min
L [2017-01-02 01:55:34.872]  - Barbarian King available
L [2017-01-02 01:55:35.067] Total Spell(s) Capacity: 5/7
L [2017-01-02 01:55:35.493] Spells time: 6.00 min
L [2017-01-02 01:55:35.734]  - Army Camp: 20/200
L [2017-01-02 01:55:35.743]  - Spells: 5/7
L [2017-01-02 01:55:35.743]  - Clan Castle: 0/25
L [2017-01-02 01:55:35.744] Chief, are your Army ready for battle? No, Not yet!
L [2017-01-02 01:55:35.745]  - Troops, not Ready!
L [2017-01-02 01:55:36.342]  - 1 Dragon Available
L [2017-01-02 01:55:36.702]  - 2 Lightning Spells Brewed
L [2017-01-02 01:55:36.703]  - 1 Earthquake Spell Brewed
L [2017-01-02 01:55:42.775]  - Opened the Train Troops
D [2017-01-02 01:55:44.845] AdbScreencap: 62/60/45 ms (all/10/1),41,0,l=815,t=135,w=2,h=2, 523CCD829D80725A7E16D990F4D4CD5753B0CC5E: w=860,h=732,f=1
L [2017-01-02 01:55:44.849]  - Opened the Army Camp
D [2017-01-02 01:55:46.271] API: $hWind=0x000A29F8,$iMsg=49694,$wParam=0x00000000,$lParam=0x00CE2E5C
L [2017-01-02 01:55:51.782]  - Opened the Brew Spells
L [2017-01-02 01:55:53.845]  - Opened the Army Camp
D [2017-01-02 01:55:55.538] GetVillageSize measured: 460.796581190907, Zoom factor: 0.972959941932651, Offset: 1, -1
D [2017-01-02 01:55:56.346] GetVillageSize measured: 460.796581190907, Zoom factor: 0.972959941932651, Offset: 1, -1
L [2017-01-02 01:55:56.551] Time Idle: 00:01:16
L [2017-01-02 01:55:58.026] Troops time: 26.00 min
L [2017-01-02 01:55:58.548] Smart wait train time = 27.75 Minutes
D [2017-01-02 01:56:01.273] API: $hWind=0x000A29F8,$iMsg=49694,$wParam=0x00000000,$lParam=0x00CE2E5C
D [2017-01-02 01:56:03.369] Enable GUI Controls
D [2017-01-02 01:56:04.776] Redraw MyBot Window
L [2017-01-02 01:56:04.785] Enabled bot controls due to long wait time
L [2017-01-02 01:56:05.041] Waiting 27 minutes 45 seconds before starting CoC
D [2017-01-02 01:56:16.236] API: $hWind=0x000A29F8,$iMsg=49694,$wParam=0x00000000,$lParam=0x00CE2E5C
D [2017-01-02 01:56:31.248] API: $hWind=0x000A29F8,$iMsg=49694,$wParam=0x00000000,$lParam=0x00CE2E5C
D [2017-01-02 01:56:46.274] API: $hWind=0x000A29F8,$iMsg=49694,$wParam=0x00000000,$lParam=0x00CE2E5C
D [2017-01-02 01:57:01.288] API: $hWind=0x000A29F8,$iMsg=49694,$wParam=0x00000000,$lParam=0x00CE2E5C
D [2017-01-02 01:57:16.305] API: $hWind=0x000A29F8,$iMsg=49694,$wParam=0x00000000,$lParam=0x00CE2E5C
D [2017-01-02 01:57:31.323] API: $hWind=0x000A29F8,$iMsg=49694,$wParam=0x00000000,$lParam=0x00CE2E5C
D [2017-01-02 01:57:46.331] API: $hWind=0x000A29F8,$iMsg=49694,$wParam=0x00000000,$lParam=0x00CE2E5C
D [2017-01-02 01:58:01.345] API: $hWind=0x000A29F8,$iMsg=49694,$wParam=0x00000000,$lParam=0x00CE2E5C
D [2017-01-02 01:58:16.372] API: $hWind=0x000A29F8,$iMsg=49694,$wParam=0x00000000,$lParam=0x00CE2E5C
D [2017-01-02 01:58:31.405] API: $hWind=0x000A29F8,$iMsg=49694,$wParam=0x00000000,$lParam=0x00CE2E5C
D [2017-01-02 01:58:46.425] API: $hWind=0x000A29F8,$iMsg=49694,$wParam=0x00000000,$lParam=0x00CE2E5C
D [2017-01-02 01:59:01.433] API: $hWind=0x000A29F8,$iMsg=49694,$wParam=0x00000000,$lParam=0x00CE2E5C
D [2017-01-02 01:59:16.461] API: $hWind=0x000A29F8,$iMsg=49694,$wParam=0x00000000,$lParam=0x00CE2E5C
D [2017-01-02 01:59:31.474] API: $hWind=0x000A29F8,$iMsg=49694,$wParam=0x00000000,$lParam=0x00CE2E5C
D [2017-01-02 01:59:46.487] API: $hWind=0x000A29F8,$iMsg=49694,$wParam=0x00000000,$lParam=0x00CE2E5C
D [2017-01-02 02:00:01.505] API: $hWind=0x000A29F8,$iMsg=49694,$wParam=0x00000000,$lParam=0x00CE2E5C
D [2017-01-02 02:00:16.532] API: $hWind=0x000A29F8,$iMsg=49694,$wParam=0x00000000,$lParam=0x00CE2E5C
D [2017-01-02 02:00:31.546] API: $hWind=0x000A29F8,$iMsg=49694,$wParam=0x00000000,$lParam=0x00CE2E5C
D [2017-01-02 02:00:46.561] API: $hWind=0x000A29F8,$iMsg=49694,$wParam=0x00000000,$lParam=0x00CE2E5C
D [2017-01-02 02:01:01.571] API: $hWind=0x000A29F8,$iMsg=49694,$wParam=0x00000000,$lParam=0x00CE2E5C
D [2017-01-02 02:01:16.589] API: $hWind=0x000A29F8,$iMsg=49694,$wParam=0x00000000,$lParam=0x00CE2E5C
D [2017-01-02 02:01:31.604] API: $hWind=0x000A29F8,$iMsg=49694,$wParam=0x00000000,$lParam=0x00CE2E5C
D [2017-01-02 02:01:46.614] API: $hWind=0x000A29F8,$iMsg=49694,$wParam=0x00000000,$lParam=0x00CE2E5C
D [2017-01-02 02:02:01.630] API: $hWind=0x000A29F8,$iMsg=49694,$wParam=0x00000000,$lParam=0x00CE2E5C
D [2017-01-02 02:02:16.657] API: $hWind=0x000A29F8,$iMsg=49694,$wParam=0x00000000,$lParam=0x00CE2E5C
D [2017-01-02 02:02:31.667] API: $hWind=0x000A29F8,$iMsg=49694,$wParam=0x00000000,$lParam=0x00CE2E5C
D [2017-01-02 02:02:46.676] API: $hWind=0x000A29F8,$iMsg=49694,$wParam=0x00000000,$lParam=0x00CE2E5C
D [2017-01-02 02:03:01.695] API: $hWind=0x000A29F8,$iMsg=49694,$wParam=0x00000000,$lParam=0x00CE2E5C
D [2017-01-02 02:03:16.720] API: $hWind=0x000A29F8,$iMsg=49694,$wParam=0x00000000,$lParam=0x00CE2E5C
D [2017-01-02 02:03:31.643] API: $hWind=0x000A29F8,$iMsg=49694,$wParam=0x00000000,$lParam=0x00CE2E5C
D [2017-01-02 02:03:46.666] API: $hWind=0x000A29F8,$iMsg=49694,$wParam=0x00000000,$lParam=0x00CE2E5C
D [2017-01-02 02:04:01.677] API: $hWind=0x000A29F8,$iMsg=49694,$wParam=0x00000000,$lParam=0x00CE2E5C
D [2017-01-02 02:04:16.693] API: $hWind=0x000A29F8,$iMsg=49694,$wParam=0x00000000,$lParam=0x00CE2E5C
D [2017-01-02 02:04:31.708] API: $hWind=0x000A29F8,$iMsg=49694,$wParam=0x00000000,$lParam=0x00CE2E5C
D [2017-01-02 02:04:46.735] API: $hWind=0x000A29F8,$iMsg=49694,$wParam=0x00000000,$lParam=0x00CE2E5C
D [2017-01-02 02:05:01.746] API: $hWind=0x000A29F8,$iMsg=49694,$wParam=0x00000000,$lParam=0x00CE2E5C
D [2017-01-02 02:05:16.764] API: $hWind=0x000A29F8,$iMsg=49694,$wParam=0x00000000,$lParam=0x00CE2E5C
D [2017-01-02 02:05:31.779] API: $hWind=0x000A29F8,$iMsg=49694,$wParam=0x00000000,$lParam=0x00CE2E5C
D [2017-01-02 02:05:46.796] API: $hWind=0x000A29F8,$iMsg=49694,$wParam=0x00000000,$lParam=0x00CE2E5C
D [2017-01-02 02:06:01.819] API: $hWind=0x000A29F8,$iMsg=49694,$wParam=0x00000000,$lParam=0x00CE2E5C
D [2017-01-02 02:06:16.841] API: $hWind=0x000A29F8,$iMsg=49694,$wParam=0x00000000,$lParam=0x00CE2E5C
D [2017-01-02 02:06:31.855] API: $hWind=0x000A29F8,$iMsg=49694,$wParam=0x00000000,$lParam=0x00CE2E5C
D [2017-01-02 02:06:46.862] API: $hWind=0x000A29F8,$iMsg=49694,$wParam=0x00000000,$lParam=0x00CE2E5C
D [2017-01-02 02:07:01.884] API: $hWind=0x000A29F8,$iMsg=49694,$wParam=0x00000000,$lParam=0x00CE2E5C
D [2017-01-02 02:07:16.908] API: $hWind=0x000A29F8,$iMsg=49694,$wParam=0x00000000,$lParam=0x00CE2E5C
D [2017-01-02 02:07:31.932] API: $hWind=0x000A29F8,$iMsg=49694,$wParam=0x00000000,$lParam=0x00CE2E5C
D [2017-01-02 02:07:46.952] API: $hWind=0x000A29F8,$iMsg=49694,$wParam=0x00000000,$lParam=0x00CE2E5C
D [2017-01-02 02:08:01.972] API: $hWind=0x000A29F8,$iMsg=49694,$wParam=0x00000000,$lParam=0x00CE2E5C
D [2017-01-02 02:08:16.988] API: $hWind=0x000A29F8,$iMsg=49694,$wParam=0x00000000,$lParam=0x00CE2E5C
D [2017-01-02 02:08:32.008] API: $hWind=0x000A29F8,$iMsg=49694,$wParam=0x00000000,$lParam=0x00CE2E5C
D [2017-01-02 02:08:46.940] API: $hWind=0x000A29F8,$iMsg=49694,$wParam=0x00000000,$lParam=0x00CE2E5C
D [2017-01-02 02:09:01.955] API: $hWind=0x000A29F8,$iMsg=49694,$wParam=0x00000000,$lParam=0x00CE2E5C
D [2017-01-02 02:09:16.973] API: $hWind=0x000A29F8,$iMsg=49694,$wParam=0x00000000,$lParam=0x00CE2E5C
D [2017-01-02 02:09:31.985] API: $hWind=0x000A29F8,$iMsg=49694,$wParam=0x00000000,$lParam=0x00CE2E5C
D [2017-01-02 02:09:46.999] API: $hWind=0x000A29F8,$iMsg=49694,$wParam=0x00000000,$lParam=0x00CE2E5C
D [2017-01-02 02:10:02.020] API: $hWind=0x000A29F8,$iMsg=49694,$wParam=0x00000000,$lParam=0x00CE2E5C
D [2017-01-02 02:10:17.041] API: $hWind=0x000A29F8,$iMsg=49694,$wParam=0x00000000,$lParam=0x00CE2E5C
D [2017-01-02 02:10:32.063] API: $hWind=0x000A29F8,$iMsg=49694,$wParam=0x00000000,$lParam=0x00CE2E5C
D [2017-01-02 02:10:47.073] API: $hWind=0x000A29F8,$iMsg=49694,$wParam=0x00000000,$lParam=0x00CE2E5C
D [2017-01-02 02:11:02.090] API: $hWind=0x000A29F8,$iMsg=49694,$wParam=0x00000000,$lParam=0x00CE2E5C
D [2017-01-02 02:11:17.110] API: $hWind=0x000A29F8,$iMsg=49694,$wParam=0x00000000,$lParam=0x00CE2E5C
D [2017-01-02 02:11:32.121] API: $hWind=0x000A29F8,$iMsg=49694,$wParam=0x00000000,$lParam=0x00CE2E5C
D [2017-01-02 02:11:47.131] API: $hWind=0x000A29F8,$iMsg=49694,$wParam=0x00000000,$lParam=0x00CE2E5C
D [2017-01-02 02:12:02.149] API: $hWind=0x000A29F8,$iMsg=49694,$wParam=0x00000000,$lParam=0x00CE2E5C
D [2017-01-02 02:12:17.163] API: $hWind=0x000A29F8,$iMsg=49694,$wParam=0x00000000,$lParam=0x00CE2E5C
D [2017-01-02 02:12:32.172] API: $hWind=0x000A29F8,$iMsg=49694,$wParam=0x00000000,$lParam=0x00CE2E5C
D [2017-01-02 02:12:47.194] API: $hWind=0x000A29F8,$iMsg=49694,$wParam=0x00000000,$lParam=0x00CE2E5C
D [2017-01-02 02:13:02.209] API: $hWind=0x000A29F8,$iMsg=49694,$wParam=0x00000000,$lParam=0x00CE2E5C
D [2017-01-02 02:13:17.220] API: $hWind=0x000A29F8,$iMsg=49694,$wParam=0x00000000,$lParam=0x00CE2E5C
D [2017-01-02 02:13:32.236] API: $hWind=0x000A29F8,$iMsg=49694,$wParam=0x00000000,$lParam=0x00CE2E5C
D [2017-01-02 02:13:47.266] API: $hWind=0x000A29F8,$iMsg=49694,$wParam=0x00000000,$lParam=0x00CE2E5C
D [2017-01-02 02:14:02.284] API: $hWind=0x000A29F8,$iMsg=49694,$wParam=0x00000000,$lParam=0x00CE2E5C
D [2017-01-02 02:14:17.307] API: $hWind=0x000A29F8,$iMsg=49694,$wParam=0x00000000,$lParam=0x00CE2E5C
D [2017-01-02 02:14:32.328] API: $hWind=0x000A29F8,$iMsg=49694,$wParam=0x00000000,$lParam=0x00CE2E5C
D [2017-01-02 02:14:47.347] API: $hWind=0x000A29F8,$iMsg=49694,$wParam=0x00000000,$lParam=0x00CE2E5C
D [2017-01-02 02:15:02.363] API: $hWind=0x000A29F8,$iMsg=49694,$wParam=0x00000000,$lParam=0x00CE2E5C
D [2017-01-02 02:15:17.375] API: $hWind=0x000A29F8,$iMsg=49694,$wParam=0x00000000,$lParam=0x00CE2E5C
D [2017-01-02 02:15:32.403] API: $hWind=0x000A29F8,$iMsg=49694,$wParam=0x00000000,$lParam=0x00CE2E5C
D [2017-01-02 02:15:47.327] API: $hWind=0x000A29F8,$iMsg=49694,$wParam=0x00000000,$lParam=0x00CE2E5C
D [2017-01-02 02:16:02.354] API: $hWind=0x000A29F8,$iMsg=49694,$wParam=0x00000000,$lParam=0x00CE2E5C
D [2017-01-02 02:16:17.367] API: $hWind=0x000A29F8,$iMsg=49694,$wParam=0x00000000,$lParam=0x00CE2E5C
D [2017-01-02 02:16:32.377] API: $hWind=0x000A29F8,$iMsg=49694,$wParam=0x00000000,$lParam=0x00CE2E5C
D [2017-01-02 02:16:47.387] API: $hWind=0x000A29F8,$iMsg=49694,$wParam=0x00000000,$lParam=0x00CE2E5C
D [2017-01-02 02:17:02.395] API: $hWind=0x000A29F8,$iMsg=49694,$wParam=0x00000000,$lParam=0x00CE2E5C
D [2017-01-02 02:17:17.507] API: $hWind=0x000A29F8,$iMsg=49694,$wParam=0x00000000,$lParam=0x00CE2E5C
D [2017-01-02 02:17:32.425] API: $hWind=0x000A29F8,$iMsg=49694,$wParam=0x00000000,$lParam=0x00CE2E5C
D [2017-01-02 02:17:47.447] API: $hWind=0x000A29F8,$iMsg=49694,$wParam=0x00000000,$lParam=0x00CE2E5C
D [2017-01-02 02:18:02.466] API: $hWind=0x000A29F8,$iMsg=49694,$wParam=0x00000000,$lParam=0x00CE2E5C
D [2017-01-02 02:18:17.487] API: $hWind=0x000A29F8,$iMsg=49694,$wParam=0x00000000,$lParam=0x00CE2E5C
D [2017-01-02 02:18:32.498] API: $hWind=0x000A29F8,$iMsg=49694,$wParam=0x00000000,$lParam=0x00CE2E5C
D [2017-01-02 02:18:47.517] API: $hWind=0x000A29F8,$iMsg=49694,$wParam=0x00000000,$lParam=0x00CE2E5C
D [2017-01-02 02:18:51.046] GUIControl_WM_NCACTIVATE: Deactivate Bot
D [2017-01-02 02:19:02.528] API: $hWind=0x000A29F8,$iMsg=49694,$wParam=0x00000000,$lParam=0x00CE2E5C
D [2017-01-02 02:19:17.537] API: $hWind=0x000A29F8,$iMsg=49694,$wParam=0x00000000,$lParam=0x00CE2E5C
D [2017-01-02 02:19:32.561] API: $hWind=0x000A29F8,$iMsg=49694,$wParam=0x00000000,$lParam=0x00CE2E5C
D [2017-01-02 02:19:47.618] API: $hWind=0x000A29F8,$iMsg=49694,$wParam=0x00000000,$lParam=0x00CE2E5C
D [2017-01-02 02:20:02.698] API: $hWind=0x000A29F8,$iMsg=49694,$wParam=0x00000000,$lParam=0x00CE2E5C
D [2017-01-02 02:20:17.636] API: $hWind=0x000A29F8,$iMsg=49694,$wParam=0x00000000,$lParam=0x00CE2E5C
D [2017-01-02 02:20:32.639] API: $hWind=0x000A29F8,$iMsg=49694,$wParam=0x00000000,$lParam=0x00CE2E5C
D [2017-01-02 02:20:47.646] API: $hWind=0x000A29F8,$iMsg=49694,$wParam=0x00000000,$lParam=0x00CE2E5C
D [2017-01-02 02:21:02.751] API: $hWind=0x000A29F8,$iMsg=49694,$wParam=0x00000000,$lParam=0x00CE2E5C
D [2017-01-02 02:21:17.755] API: $hWind=0x000A29F8,$iMsg=49694,$wParam=0x00000000,$lParam=0x00CE2E5C
D [2017-01-02 02:21:32.758] API: $hWind=0x000A29F8,$iMsg=49694,$wParam=0x00000000,$lParam=0x00CE2E5C
D [2017-01-02 02:21:47.762] API: $hWind=0x000A29F8,$iMsg=49694,$wParam=0x00000000,$lParam=0x00CE2E5C
D [2017-01-02 02:22:02.767] API: $hWind=0x000A29F8,$iMsg=49694,$wParam=0x00000000,$lParam=0x00CE2E5C
D [2017-01-02 02:22:17.798] API: $hWind=0x000A29F8,$iMsg=49694,$wParam=0x00000000,$lParam=0x00CE2E5C
D [2017-01-02 02:22:31.709] Restore bot window to 1919, 267, caller: GUIControl_WM_NCACTIVATE
D [2017-01-02 02:22:31.724] GUIControl_WM_NCACTIVATE: Activate Bot
D [2017-01-02 02:22:32.747] API: $hWind=0x000A29F8,$iMsg=49694,$wParam=0x00000000,$lParam=0x00CE2E5C
D [2017-01-02 02:22:47.768] API: $hWind=0x000A29F8,$iMsg=49694,$wParam=0x00000000,$lParam=0x00CE2E5C
D [2017-01-02 02:22:56.327] GUIControl_WM_NCACTIVATE: Deactivate Bot
D [2017-01-02 02:23:02.775] API: $hWind=0x000A29F8,$iMsg=49694,$wParam=0x00000000,$lParam=0x00CE2E5C
D [2017-01-02 02:23:17.878] API: $hWind=0x000A29F8,$iMsg=49694,$wParam=0x00000000,$lParam=0x00CE2E5C
D [2017-01-02 02:23:32.885] API: $hWind=0x000A29F8,$iMsg=49694,$wParam=0x00000000,$lParam=0x00CE2E5C
D [2017-01-02 02:23:47.886] API: $hWind=0x000A29F8,$iMsg=49694,$wParam=0x00000000,$lParam=0x00CE2E5C
L [2017-01-02 02:23:49.802] Launch Clash of Clans now...
D [2017-01-02 02:23:49.851] ADB shell terminated, PID = 9072
D [2017-01-02 02:23:50.203] C:\Users\Imation\Pictures\MEmu Photo\ exists
D [2017-01-02 02:23:50.427] ADB shell launched, PID = 8376: root@android:/ # PS1=mybot.run:Android Steady Shell PID=16091
/system/xbin/renice -20 16091
/system/xbin/renice -20 16026
D [2017-01-02 02:23:50.524] Using /mnt/shell/emulated/0/Pictures/ for Android shared folder
D [2017-01-02 02:23:50.525] MEmu ADB use /dev/input/event7 for mouse events
L [2017-01-02 02:23:50.526] Waiting for Main Screen
D [2017-01-02 02:23:50.534] GUIControl_WM_NCACTIVATE: Deactivate Bot
D [2017-01-02 02:23:52.827] checkObstacles: Found Android Screen
D [2017-01-02 02:23:55.066] Save Config C:\CDR\MyBot6_5x\Profiles\Rafa\config.ini
D [2017-01-02 02:23:57.171] Save Building Config C:\CDR\MyBot6_5x\Profiles\Rafa\building.ini
D [2017-01-02 02:23:57.800] Read Building Config C:\CDR\MyBot6_5x\Profiles\Rafa\building.ini
D [2017-01-02 02:23:57.816] Read Config C:\CDR\MyBot6_5x\Profiles\Rafa\config.ini
D [2017-01-02 02:23:57.901] Apply Config
D [2017-01-02 02:23:58.217] Redraw MyBot Window
D [2017-01-02 02:23:58.226] Disable GUI Controls
D [2017-01-02 02:23:59.756] Redraw MyBot Window
L [2017-01-02 02:24:00.968] Trying to locate Main Screen
D [2017-01-02 02:24:01.230] GetVillageSize measured: 475.00837207033, Zoom factor: 1.00296776706249, Offset: 14, -11
D [2017-01-02 02:24:01.231] Center Village by: 14, -11
D [2017-01-02 02:24:02.856] API: $hWind=0x000A29F8,$iMsg=49694,$wParam=0x00000000,$lParam=0x00CE2E5C
D [2017-01-02 02:24:02.860] GetVillageSize measured: 474.384200814336, Zoom factor: 1.0016498457632, Offset: -2, 0
D [2017-01-02 02:24:02.861] Village Offset updated to -2, 0, 1.0016498457632
D [2017-01-02 02:24:02.862] Centered Village Offset: -2, 0, change: -16, 11
L [2017-01-02 02:24:02.863] Main Screen Located
L [2017-01-02 02:24:04.954] Total Army Camp capacity: 200/200 (100%)
D [2017-01-02 02:24:05.627] MEmu time lag is 0 sec/min (avg for 1768 sec)
D [2017-01-02 02:24:05.628] Cleared 1 MEmu page errors
D [2017-01-02 02:24:06.677] GetVillageSize measured: 474.384200814336, Zoom factor: 1.0016498457632, Offset: -2, 0
L [2017-01-02 02:24:07.396] Village Report
L [2017-01-02 02:24:07.494]  [T]: 1 689
L [2017-01-02 02:24:07.595]  [G]: 3 760 439 [E]: 4 452 340 [D]: 22 691 [GEM]: 1 410
D [2017-01-02 02:24:08.380] GetVillageSize measured: 474.384200814336, Zoom factor: 1.0016498457632, Offset: -2, 0
D [2017-01-02 02:24:08.385] _RunFunction: CleanYard BEGIN
D [2017-01-02 02:24:08.385] _RunFunction: CleanYard END
D [2017-01-02 02:24:08.386] _RunFunction: ReArm BEGIN
D [2017-01-02 02:24:08.587] _RunFunction: ReArm END
D [2017-01-02 02:24:08.587] _RunFunction: Collect BEGIN
L [2017-01-02 02:24:09.396] Collecting Resources
D [2017-01-02 02:24:15.215] GetVillageSize measured: 474.384200814336, Zoom factor: 1.0016498457632, Offset: -2, 0
L [2017-01-02 02:24:15.219] Searching for a Loot Cart..
L [2017-01-02 02:24:15.710] No Loot Cart found, Yard is clean!
D [2017-01-02 02:24:17.419] _RunFunction: Collect END
D [2017-01-02 02:24:17.419] _RunFunction: CheckTombs BEGIN
D [2017-01-02 02:24:17.619] _RunFunction: CheckTombs END
L [2017-01-02 02:24:17.620] Waiting, Add random delay of 29 seconds.
D [2017-01-02 02:24:17.924] API: $hWind=0x000A29F8,$iMsg=49694,$wParam=0x00000000,$lParam=0x00CE2E5C
D [2017-01-02 02:24:32.940] API: $hWind=0x000A29F8,$iMsg=49694,$wParam=0x00000000,$lParam=0x00CE2E5C
D [2017-01-02 02:24:46.674] _RunFunction: BoostBarracks BEGIN
D [2017-01-02 02:24:46.676] _RunFunction: BoostBarracks END
D [2017-01-02 02:24:46.677] _RunFunction: BoostQueen BEGIN
D [2017-01-02 02:24:46.677] _RunFunction: BoostQueen END
D [2017-01-02 02:24:46.678] _RunFunction: BoostKing BEGIN
D [2017-01-02 02:24:46.678] _RunFunction: BoostKing END
D [2017-01-02 02:24:46.679] _RunFunction: BoostSpellFactory BEGIN
D [2017-01-02 02:24:46.679] _RunFunction: BoostSpellFactory END
D [2017-01-02 02:24:46.680] _RunFunction: RequestCC BEGIN
D [2017-01-02 02:24:47.879] API: $hWind=0x000A29F8,$iMsg=49694,$wParam=0x00000000,$lParam=0x00CE2E5C
D [2017-01-02 02:24:47.882] GetVillageSize cannot find stone
L [2017-01-02 02:24:47.883] Zooming Out
D [2017-01-02 02:24:49.745] GetVillageSize measured: 474.384200814336, Zoom factor: 1.0016498457632, Offset: -2, 1
D [2017-01-02 02:24:50.746] Center Village by: -2, 1
D [2017-01-02 02:24:53.098] GetVillageSize measured: 474.384200814336, Zoom factor: 1.0016498457632, Offset: -2, 0
D [2017-01-02 02:24:54.100] Centered Village Offset: -2, 0, change: 0, -1
D [2017-01-02 02:24:54.104] _RunFunction: RequestCC END
D [2017-01-02 02:24:54.104] _RunFunction: BoostWarden BEGIN
D [2017-01-02 02:24:54.105] _RunFunction: BoostWarden END
D [2017-01-02 02:24:54.105] _RunFunction: ReplayShare BEGIN
D [2017-01-02 02:24:54.306] _RunFunction: ReplayShare END
D [2017-01-02 02:24:54.307] _RunFunction: NotifyReport BEGIN
D [2017-01-02 02:24:55.103] GetVillageSize measured: 474.384200814336, Zoom factor: 1.0016498457632, Offset: -2, 0
D [2017-01-02 02:24:55.309] _RunFunction: NotifyReport END
D [2017-01-02 02:24:55.309] _RunFunction: DonateCC,Train BEGIN
D [2017-01-02 02:24:56.601] GetVillageSize measured: 474.384200814336, Zoom factor: 1.0016498457632, Offset: -2, 0
L [2017-01-02 02:24:58.420]  - Army Window Opened!
L [2017-01-02 02:25:00.180] Total Army Camp capacity: 200/200 (100%)
L [2017-01-02 02:25:00.410]  - Barbarian King available
L [2017-01-02 02:25:00.598] Total Spell(s) Capacity: 7/7
L [2017-01-02 02:25:01.163] - Castle full/no clan.
L [2017-01-02 02:25:01.327]  - Army Camp: 200/200
L [2017-01-02 02:25:01.327]  - Spells: 7/7
L [2017-01-02 02:25:01.328]  - Clan Castle: 25/25
L [2017-01-02 02:25:01.329] Chief, are your Army ready for battle? Yes, they are!
L [2017-01-02 02:25:01.983]  - 10 Dragons Available
L [2017-01-02 02:25:02.389]  - 3 Lightning Spells Brewed
L [2017-01-02 02:25:02.390]  - 1 Earthquake Spell Brewed
D [2017-01-02 02:25:03.018] API: $hWind=0x000A29F8,$iMsg=49694,$wParam=0x00000000,$lParam=0x00CE2E5C
D [2017-01-02 02:25:06.161] AdbScreencap: 63/80/97 ms (all/10/1),94,0,l=815,t=135,w=2,h=2, 523CCD829D80725A7E16D990F4D4CD5753B0CC5E: w=860,h=732,f=1
L [2017-01-02 02:25:08.445]  - Opened the Train Troops
L [2017-01-02 02:25:08.456] Detected Ice Wizard Troop!
L [2017-01-02 02:25:10.511]  - Opened the Army Camp
L [2017-01-02 02:25:10.517]  - Your Army is Full, let's make troops before Attack!
L [2017-01-02 02:25:12.572]  - Opened the Train Troops
L [2017-01-02 02:25:12.592] Training 10x Dragons
D [2017-01-02 02:25:17.977] API: $hWind=0x000A29F8,$iMsg=49694,$wParam=0x00000000,$lParam=0x00CE2E5C
L [2017-01-02 02:25:19.347]  - Opened the Brew Spells
L [2017-01-02 02:25:19.374] Brewing 3x Lightning Spells
L [2017-01-02 02:25:19.755] Brewing 1x Earthquake Spell
L [2017-01-02 02:25:19.761] Bad pixel check on troop position Earthquake Spell
L [2017-01-02 02:25:25.755]  - Opened the Army Camp
L [2017-01-02 02:25:25.756]  - Your Army is Full, let's make troops before Attack!
L [2017-01-02 02:25:31.797]  - Opened the Brew Spells
D [2017-01-02 02:25:33.005] API: $hWind=0x000A29F8,$iMsg=49694,$wParam=0x00000000,$lParam=0x00CE2E5C
L [2017-01-02 02:25:33.880]  - Opened the Army Camp
D [2017-01-02 02:25:36.195] _RunFunction: DonateCC,Train END
D [2017-01-02 02:25:36.195] _RunFunction: Laboratory BEGIN
D [2017-01-02 02:25:36.620] GetVillageSize measured: 474.384200814336, Zoom factor: 1.0016498457632, Offset: -2, 0
D [2017-01-02 02:25:36.624] _RunFunction: Laboratory END
D [2017-01-02 02:25:36.635] MEmu time lag is 0 sec/min (avg for 91 sec)
D [2017-01-02 02:25:36.635] _RunFunction: UpgradeHeroes BEGIN
D [2017-01-02 02:25:36.836] _RunFunction: UpgradeHeroes END
D [2017-01-02 02:25:36.837] _RunFunction: UpgradeBuilding BEGIN
D [2017-01-02 02:25:37.038] _RunFunction: UpgradeBuilding END
D [2017-01-02 02:25:37.753] GetVillageSize measured: 474.384200814336, Zoom factor: 1.0016498457632, Offset: -2, 0
L [2017-01-02 02:25:39.923] Total Army Camp capacity: 200/200 (100%)
L [2017-01-02 02:25:40.492] Going to Attack...
L [2017-01-02 02:25:45.541] ==================================================
L [2017-01-02 02:25:45.550] Aim:           [G+E]: 279000 [D]:    0 for: Dead Base
L [2017-01-02 02:25:45.551] Aim:           [G+E]: 519000 [D]:    0 for: Live Base
L [2017-01-02 02:25:45.552] ==================================================
D [2017-01-02 02:25:46.971] GetVillageSize measured: 460.796581190907, Zoom factor: 0.972959941932651, Offset: 24, 0
D [2017-01-02 02:25:46.971] Village Offset (VillageSearch) updated to 24, 0, 0.972959941932651
L [2017-01-02 02:25:46.974]   1> [G]:  59523 [E]:  11585 [D]:  240 [T]:30
D [2017-01-02 02:25:47.989] API: $hWind=0x000A29F8,$iMsg=49694,$wParam=0x00000000,$lParam=0x00CE2E5C
D [2017-01-02 02:25:54.961] GetVillageSize measured: 460.796581190907, Zoom factor: 0.972959941932651, Offset: -7, 0
D [2017-01-02 02:25:54.962] Village Offset (VillageSearch) updated to -7, 0, 0.972959941932651
L [2017-01-02 02:25:54.964]   2> [G]:  91463 [E]:  66156 [D]:  577 [T]:26
D [2017-01-02 02:26:02.119] AdbScreencap: 63/65/66 ms (all/10/1),63,0,l=24,t=605,w=2,h=2, 523CCD829D80725A7E16D990F4D4CD5753B0CC5E: w=860,h=732,f=1
D [2017-01-02 02:26:03.025] API: $hWind=0x000A29F8,$iMsg=49694,$wParam=0x00000000,$lParam=0x00CE2E5C
D [2017-01-02 02:26:03.484] GetVillageSize measured: 460.796581190907, Zoom factor: 0.972959941932651, Offset: 24, 0
D [2017-01-02 02:26:03.485] Village Offset (VillageSearch) updated to 24, 0, 0.972959941932651
L [2017-01-02 02:26:03.486]   3> [G]:  80470 [E]: 116237 [D]:  138 [T]:30
D [2017-01-02 02:26:11.497] GetVillageSize measured: 460.796581190907, Zoom factor: 0.972959941932651, Offset: -1, 0
D [2017-01-02 02:26:11.497] Village Offset (VillageSearch) updated to -1, 0, 0.972959941932651
L [2017-01-02 02:26:11.499]   4> [G]:  56141 [E]:  64141 [D]:  101 [T]:15
D [2017-01-02 02:26:18.008] API: $hWind=0x000A29F8,$iMsg=49694,$wParam=0x00000000,$lParam=0x00CE2E5C
D [2017-01-02 02:26:21.489] GetVillageSize measured: 480.787319352344, Zoom factor: 1.01516986326166, Offset: 9, -1
D [2017-01-02 02:26:21.490] Village Offset (VillageSearch) updated to 9, -1, 1.01516986326166
L [2017-01-02 02:26:22.554]   5> [G]: 219755 [E]: 207958 [D]:  752 [T]:30 [TH]: 8, In
L [2017-01-02 02:26:22.563]       Not a Dead Base
D [2017-01-02 02:26:33.035] API: $hWind=0x000A29F8,$iMsg=49694,$wParam=0x00000000,$lParam=0x00CE2E5C
D [2017-01-02 02:26:33.211] GetVillageSize measured: 476.413956806172, Zoom factor: 1.00593562250845, Offset: 9, 9
D [2017-01-02 02:26:33.212] Village Offset (VillageSearch) updated to 9, 9, 1.00593562250845
L [2017-01-02 02:26:34.002]   6> [G]: 487992 [E]: 467998 [D]: 1930 [T]:19 [TH]: 9, In
L [2017-01-02 02:26:34.009]       Not a Dead Base
D [2017-01-02 02:26:41.804] GetVillageSize measured: 476.413956806172, Zoom factor: 1.00593562250845, Offset: 9, 9
L [2017-01-02 02:26:41.806]   7> [G]:  27407 [E]:  96448 [D]:    0 [T]:30
D [2017-01-02 02:26:41.818] MEmu time lag is 0 sec/min (avg for 65 sec)
D [2017-01-02 02:26:48.156] API: $hWind=0x000A29F8,$iMsg=49694,$wParam=0x00000000,$lParam=0x00CE2E5C
D [2017-01-02 02:26:52.257] GetVillageSize measured: 478.600451797684, Zoom factor: 1.01055234955638, Offset: 9, 8
D [2017-01-02 02:26:52.257] Village Offset (VillageSearch) updated to 9, 8, 1.01055234955638
L [2017-01-02 02:26:54.313]   8> [G]: 221833 [E]: 263015 [D]:  899 [T]:21 [TH]: -, -
L [2017-01-02 02:26:54.320]       Not a Dead Base
D [2017-01-02 02:27:03.220] API: $hWind=0x000A29F8,$iMsg=49694,$wParam=0x00000000,$lParam=0x00CE2E5C
D [2017-01-02 02:27:03.756] GetVillageSize measured: 476.413956806172, Zoom factor: 1.00593562250845, Offset: 4, 9
D [2017-01-02 02:27:03.756] Village Offset (VillageSearch) updated to 4, 9, 1.00593562250845
L [2017-01-02 02:27:04.823]   9> [G]: 129417 [E]: 292131 [D]: 2004 [T]:31 [TH]: 8, In
L [2017-01-02 02:27:04.831]       Not a Dead Base
D [2017-01-02 02:27:13.481] GetVillageSize measured: 492.188217751547, Zoom factor: 1.03924256235982, Offset: -7, 7
D [2017-01-02 02:27:13.482] Village Offset (VillageSearch) updated to -7, 7, 1.03924256235982
L [2017-01-02 02:27:14.371]  10> [G]: 103285 [E]: 308961 [D]:  616 [T]:33 [TH]: 8, In
L [2017-01-02 02:27:14.378]       Not a Dead Base
D [2017-01-02 02:27:18.208] API: $hWind=0x000A29F8,$iMsg=49694,$wParam=0x00000000,$lParam=0x00CE2E5C
D [2017-01-02 02:27:21.956] AdbScreencap: 63/57/77 ms (all/10/1),73,0,l=572,t=285,w=2,h=2, 523CCD829D80725A7E16D990F4D4CD5753B0CC5E: w=860,h=732,f=1
D [2017-01-02 02:27:24.845] GetVillageSize measured: 477.194992395467, Zoom factor: 1.00758475874909, Offset: 8, 9
D [2017-01-02 02:27:24.845] Village Offset (VillageSearch) updated to 8, 9, 1.00758475874909
L [2017-01-02 02:27:24.847]  11> [G]: 121139 [E]:  30799 [D]:  165 [T]:20
D [2017-01-02 02:27:33.239] API: $hWind=0x000A29F8,$iMsg=49694,$wParam=0x00000000,$lParam=0x00CE2E5C
D [2017-01-02 02:27:33.817] GetVillageSize measured: 476.413956806172, Zoom factor: 1.00593562250845, Offset: -15, 9
D [2017-01-02 02:27:33.817] Village Offset (VillageSearch) updated to -15, 9, 1.00593562250845
L [2017-01-02 02:27:33.819]  12> [G]:  63029 [E]:  65854 [D]:  824 [T]:31
D [2017-01-02 02:27:44.058] GetVillageSize measured: 477.194992395467, Zoom factor: 1.00758475874909, Offset: -4, 9
D [2017-01-02 02:27:44.058] Village Offset (VillageSearch) updated to -4, 9, 1.00758475874909
L [2017-01-02 02:27:46.128]  13> [G]: 193592 [E]: 295807 [D]: 1322 [T]:29 [TH]: 8, In
L [2017-01-02 02:27:46.135]       Not a Dead Base
D [2017-01-02 02:27:46.146] MEmu time lag is 0 sec/min (avg for 64 sec)
D [2017-01-02 02:27:48.269] API: $hWind=0x000A29F8,$iMsg=49694,$wParam=0x00000000,$lParam=0x00CE2E5C
D [2017-01-02 02:27:55.524] GetVillageSize measured: 476.413956806172, Zoom factor: 1.00593562250845, Offset: 7, 9
D [2017-01-02 02:27:55.525] Village Offset (VillageSearch) updated to 7, 9, 1.00593562250845
L [2017-01-02 02:27:55.526]  14> [G]: 148640 [E]: 124016 [D]:  617 [T]:26
D [2017-01-02 02:28:03.251] API: $hWind=0x000A29F8,$iMsg=49694,$wParam=0x00000000,$lParam=0x00CE2E5C
D [2017-01-02 02:28:05.861] GetVillageSize measured: 487.814620545196, Zoom factor: 1.03000782612777, Offset: 3, 9
D [2017-01-02 02:28:05.862] Village Offset (VillageSearch) updated to 3, 9, 1.03000782612777
L [2017-01-02 02:28:06.911]  15> [G]: 166696 [E]: 150898 [D]:  630 [T]:22 [TH]: 8, In
L [2017-01-02 02:28:06.919]       Not a Dead Base
D [2017-01-02 02:28:15.702] GetVillageSize measured: 476.413956806172, Zoom factor: 1.00593562250845, Offset: -21, 9
D [2017-01-02 02:28:15.703] Village Offset (VillageSearch) updated to -21, 9, 1.00593562250845
L [2017-01-02 02:28:17.633]  16> [G]: 275438 [E]: 161584 [D]:  255 [T]:15 [TH]: 8, In
L [2017-01-02 02:28:17.640]       Not a Dead Base
D [2017-01-02 02:28:18.351] API: $hWind=0x000A29F8,$iMsg=49694,$wParam=0x00000000,$lParam=0x00CE2E5C
D [2017-01-02 02:28:28.192] GetVillageSize measured: 476.413956806172, Zoom factor: 1.00593562250845, Offset: 9, 9
D [2017-01-02 02:28:28.192] Village Offset (VillageSearch) updated to 9, 9, 1.00593562250845
L [2017-01-02 02:28:28.194]  17> [G]:  87789 [E]:  67891 [D]:  383 [T]:31
D [2017-01-02 02:28:33.397] API: $hWind=0x000A29F8,$iMsg=49694,$wParam=0x00000000,$lParam=0x00CE2E5C
D [2017-01-02 02:28:34.258] AdbScreencap: 63/64/57 ms (all/10/1),52,0,l=252,t=424,w=2,h=2, 523CCD829D80725A7E16D990F4D4CD5753B0CC5E: w=860,h=732,f=1
D [2017-01-02 02:28:36.053] GetVillageSize measured: 476.413956806172, Zoom factor: 1.00593562250845, Offset: -21, 9
D [2017-01-02 02:28:36.053] Village Offset (VillageSearch) updated to -21, 9, 1.00593562250845
L [2017-01-02 02:28:36.055]  18> [G]:  87676 [E]: 108283 [D]:   72 [T]:22
D [2017-01-02 02:28:45.056] GetVillageSize measured: 476.413956806172, Zoom factor: 1.00593562250845, Offset: 15, 9
D [2017-01-02 02:28:45.057] Village Offset (VillageSearch) updated to 15, 9, 1.00593562250845
L [2017-01-02 02:28:45.059]  19> [G]:  74137 [E]:  74101 [D]:  160 [T]:18
D [2017-01-02 02:28:48.383] API: $hWind=0x000A29F8,$iMsg=49694,$wParam=0x00000000,$lParam=0x00CE2E5C
D [2017-01-02 02:28:52.910] GetVillageSize measured: 476.413956806172, Zoom factor: 1.00593562250845, Offset: 28, 9
D [2017-01-02 02:28:52.911] Village Offset (VillageSearch) updated to 28, 9, 1.00593562250845
L [2017-01-02 02:28:52.912]  20> [G]: 156140 [E]:  77686 [D]:  234 [T]:17
D [2017-01-02 02:28:52.924] MEmu time lag is 0 sec/min (avg for 66 sec)
D [2017-01-02 02:29:02.494] GetVillageSize measured: 476.413956806172, Zoom factor: 1.00593562250845, Offset: 10, 9
D [2017-01-02 02:29:02.494] Village Offset (VillageSearch) updated to 10, 9, 1.00593562250845
L [2017-01-02 02:29:02.496]  21> [G]:  68158 [E]: 204423 [D]:  908 [T]:33
D [2017-01-02 02:29:03.409] API: $hWind=0x000A29F8,$iMsg=49694,$wParam=0x00000000,$lParam=0x00CE2E5C
D [2017-01-02 02:29:11.171] GetVillageSize measured: 477.194992395467, Zoom factor: 1.00758475874909, Offset: -3, 9
D [2017-01-02 02:29:11.171] Village Offset (VillageSearch) updated to -3, 9, 1.00758475874909
L [2017-01-02 02:29:13.476]  22> [G]: 409985 [E]: 330991 [D]: 1411 [T]:33 [TH]: -, -
L [2017-01-02 02:29:13.485]       Not a Dead Base
D [2017-01-02 02:29:18.441] API: $hWind=0x000A29F8,$iMsg=49694,$wParam=0x00000000,$lParam=0x00CE2E5C
D [2017-01-02 02:29:21.288] GetVillageSize measured: 476.413956806172, Zoom factor: 1.00593562250845, Offset: 3, 9
D [2017-01-02 02:29:21.289] Village Offset (VillageSearch) updated to 3, 9, 1.00593562250845
L [2017-01-02 02:29:21.291]  23> [G]: 134948 [E]:  78260 [D]:  459 [T]:24
D [2017-01-02 02:29:31.318] GetVillageSize measured: 476.413956806172, Zoom factor: 1.00593562250845, Offset: -4, 9
D [2017-01-02 02:29:31.318] Village Offset (VillageSearch) updated to -4, 9, 1.00593562250845
L [2017-01-02 02:29:32.339]  24> [G]: 202490 [E]: 103482 [D]:  227 [T]:21 [TH]: 8, In
L [2017-01-02 02:29:32.346]       Not a Dead Base
D [2017-01-02 02:29:33.561] API: $hWind=0x000A29F8,$iMsg=49694,$wParam=0x00000000,$lParam=0x00CE2E5C
D [2017-01-02 02:29:41.694] AdbScreencap: 63/53/47 ms (all/10/1),42,0,l=0,t=0,w=860,h=732, 523CCD829D80725A7E16D990F4D4CD5753B0CC5E: w=860,h=732,f=1
D [2017-01-02 02:29:41.803] GetVillageSize measured: 483.598114600674, Zoom factor: 1.02110478399074, Offset: -7, 8
D [2017-01-02 02:29:41.804] Village Offset (VillageSearch) updated to -7, 8, 1.02110478399074
L [2017-01-02 02:29:42.668]  25> [G]: 227974 [E]: 130539 [D]:  643 [T]:32 [TH]: 8, In
L [2017-01-02 02:29:42.675]       Not a Dead Base
D [2017-01-02 02:29:48.569] API: $hWind=0x000A29F8,$iMsg=49694,$wParam=0x00000000,$lParam=0x00CE2E5C
D [2017-01-02 02:29:53.266] GetVillageSize cannot find tree
D [2017-01-02 02:29:53.938] GetVillageSize measured: 476.413956806172, Zoom factor: 1.00593562250845, Offset: -7, 9
D [2017-01-02 02:29:54.948] Village Offset (VillageSearch) updated to -7, 9, 1.00593562250845
L [2017-01-02 02:29:55.833]  26> [G]: 188560 [E]: 381412 [D]:  740 [T]:18 [TH]: 8, In
L [2017-01-02 02:29:55.840]       Live Base Found!
L [2017-01-02 02:29:57.268] ================ Search Complete =================
L [2017-01-02 02:29:57.278] Initiating attack for: Live Base
L [2017-01-02 02:29:58.175] 0 » 10 Dragons
L [2017-01-02 02:29:58.176] 1 » 1 Clan Castle
L [2017-01-02 02:29:58.176] 2 » 1 King
L [2017-01-02 02:29:58.177] 3 » 3 Lightning Spells
L [2017-01-02 02:29:58.178] 4 » 1 Earthquake Spell
L [2017-01-02 02:29:58.179]  ====== Start Attack ====== 
D [2017-01-02 02:30:02.983] MakeDropLines, StartEndTopLeft     = 227,358|412,158
D [2017-01-02 02:30:02.984] MakeDropLines, StartEndTopRight    = 412,158|701,358
D [2017-01-02 02:30:02.984] MakeDropLines, StartEndBottomLeft  = 227,358|412,529
D [2017-01-02 02:30:02.985] MakeDropLines, StartEndBottomRight = 412,529|701,358
D [2017-01-02 02:30:03.536] API: $hWind=0x000A29F8,$iMsg=49694,$wParam=0x00000000,$lParam=0x00CE2E5C
D [2017-01-02 02:30:07.540] MakeDropLines, StartEndTopLeft     = 222,316|422,174
D [2017-01-02 02:30:07.540] MakeDropLines, StartEndTopRight    = 450,159|698,368
D [2017-01-02 02:30:07.541] MakeDropLines, StartEndBottomLeft  = 190,415|393,529
D [2017-01-02 02:30:07.541] MakeDropLines, StartEndBottomRight = 566,495|701,376
D [2017-01-02 02:30:07.542] MakeDropLine for 276 points
D [2017-01-02 02:30:07.549] MakeDropLine for 241 points
D [2017-01-02 02:30:07.557] MakeDropLine for 260 points
D [2017-01-02 02:30:07.564] MakeDropLine for 107 points
D [2017-01-02 02:30:07.577] TOP LEFT: Skip slice 4_E at 413, 182
D [2017-01-02 02:30:07.578] TOP LEFT: Skip slice 4_E at 414, 181
D [2017-01-02 02:30:07.578] TOP LEFT: Skip slice 4_E at 415, 180
D [2017-01-02 02:30:07.578] TOP LEFT: Skip slice 4_E at 416, 179
D [2017-01-02 02:30:07.579] TOP LEFT: Skip slice 4_E at 417, 179
D [2017-01-02 02:30:07.579] TOP LEFT: Skip slice 4_E at 418, 178
D [2017-01-02 02:30:07.580] TOP LEFT: Skip slice 4_E at 419, 177
D [2017-01-02 02:30:07.580] TOP LEFT: Skip slice 4_E at 420, 176
D [2017-01-02 02:30:07.581] TOP LEFT: Skip slice 4_E at 421, 176
D [2017-01-02 02:30:07.581] TOP LEFT: Skip slice 4_E at 422, 175
D [2017-01-02 02:30:07.593] TOP RIGHT: Skip slice 2_E at 686, 359
D [2017-01-02 02:30:07.593] TOP RIGHT: Skip slice 2_E at 687, 360
D [2017-01-02 02:30:07.594] TOP RIGHT: Skip slice 2_E at 688, 361
D [2017-01-02 02:30:07.594] TOP RIGHT: Skip slice 2_E at 689, 361
D [2017-01-02 02:30:07.595] TOP RIGHT: Skip slice 2_E at 690, 362
D [2017-01-02 02:30:07.595] TOP RIGHT: Skip slice 2_E at 691, 363
D [2017-01-02 02:30:07.596] TOP RIGHT: Skip slice 2_E at 692, 364
D [2017-01-02 02:30:07.596] TOP RIGHT: Skip slice 2_E at 693, 364
D [2017-01-02 02:30:07.596] TOP RIGHT: Skip slice 2_E at 694, 365
D [2017-01-02 02:30:07.597] TOP RIGHT: Skip slice 2_E at 695, 366
D [2017-01-02 02:30:07.597] TOP RIGHT: Skip slice 2_E at 696, 367
D [2017-01-02 02:30:07.598] TOP RIGHT: Skip slice 2_E at 697, 367
D [2017-01-02 02:30:07.598] TOP RIGHT: Skip slice 2_E at 698, 368
L [2017-01-02 02:30:07.620] > Drop Lines located in  9.43 seconds
L [2017-01-02 02:30:07.632] > Townhall has already been located in while searching for an image
L [2017-01-02 02:30:07.638] > Mines detection not needed, skip
L [2017-01-02 02:30:07.645] > Elixir collectors detection not needed, skip
L [2017-01-02 02:30:07.651] > Drills detection not needed, skip
L [2017-01-02 02:30:07.658] > Dark Elixir Storage detection not need, skip
L [2017-01-02 02:30:07.658] > TH Level to low for Eagle detection, skip
L [2017-01-02 02:30:07.659] >> Total time: 9.47 seconds
L [2017-01-02 02:30:07.666] execute Mass Dragon 1.2
L [2017-01-02 02:30:07.722] Calculate main side... 
L [2017-01-02 02:30:07.723] Mainside: TOP-LEFT (top-left:10 top-right:0 bottom-left:0 bottom-right:0
L [2017-01-02 02:30:07.779] attack row bad, discard :row 1
L [2017-01-02 02:30:07.786] attack row bad, discard :row 1
L [2017-01-02 02:30:11.442] Checking remaining unused troops for: Live Base
L [2017-01-02 02:30:12.233] 0 » 10 Dragons
L [2017-01-02 02:30:12.234] 1 » 1 Clan Castle
L [2017-01-02 02:30:12.235] 2 » 1 King
L [2017-01-02 02:30:12.235] 3 » 3 Lightning Spells
L [2017-01-02 02:30:12.236] 4 » 1 Earthquake Spell
L [2017-01-02 02:30:12.254] attack row bad, discard :row 1
L [2017-01-02 02:30:12.260] attack row bad, discard :row 1
L [2017-01-02 02:30:16.410] attack row bad, discard :row 1
L [2017-01-02 02:30:16.416] attack row bad, discard :row 1
D [2017-01-02 02:30:18.591] API: $hWind=0x000A29F8,$iMsg=49694,$wParam=0x00000000,$lParam=0x00CE2E5C
L [2017-01-02 02:30:23.725] Dropping Clan Castle
L [2017-01-02 02:30:24.510] No troop found in your attack troops list
L [2017-01-02 02:30:24.522] No troop found in your attack troops list
L [2017-01-02 02:30:24.907] Dropping King
L [2017-01-02 02:30:31.195] attack row bad, discard :row 1
D [2017-01-02 02:30:31.263] AdbScreencap: 62/62/66 ms (all/10/1),63,0,l=16,t=642,w=2,h=2, 523CCD829D80725A7E16D990F4D4CD5753B0CC5E: w=860,h=732,f=1
D [2017-01-02 02:30:33.566] API: $hWind=0x000A29F8,$iMsg=49694,$wParam=0x00000000,$lParam=0x00CE2E5C
L [2017-01-02 02:30:37.919] attack row bad, discard :row 1
L [2017-01-02 02:30:38.170] Checking if the battle has finished
L [2017-01-02 02:30:40.293] detected [G]: 145527 [E]: 294409 [DE]: 740 |  Exit in 18 sec.
L [2017-01-02 02:30:41.886] detected [G]: 145527 [E]: 293082 [DE]: 740 |  Exit in 16 sec.
L [2017-01-02 02:30:41.905] Gold & Elixir & DE change detected, waiting...
L [2017-01-02 02:30:45.105] detected [G]: 145527 [E]: 288746 [DE]: 740 |  Exit in 18 sec.
L [2017-01-02 02:30:45.123] Gold & Elixir & DE change detected, waiting...
L [2017-01-02 02:30:48.303] detected [G]: 145527 [E]: 288746 [DE]: 740 |  Exit in 18 sec.
D [2017-01-02 02:30:48.598] API: $hWind=0x000A29F8,$iMsg=49694,$wParam=0x00000000,$lParam=0x00CE2E5C
L [2017-01-02 02:30:49.823] detected [G]: 145527 [E]: 288746 [DE]: 666 |  Exit in 17 sec.
L [2017-01-02 02:30:49.843] Gold & Elixir & DE change detected, waiting...
L [2017-01-02 02:30:53.060] detected [G]: 119483 [E]: 213070 [DE]: 666 |  Exit in 18 sec.
D [2017-01-02 02:30:53.136] AdbScreencap: 62/62/55 ms (all/10/1),52,0,l=16,t=642,w=2,h=2, 523CCD829D80725A7E16D990F4D4CD5753B0CC5E: w=860,h=732,f=1
L [2017-01-02 02:30:54.606] King is getting weak, Activating King's power
L [2017-01-02 02:30:54.694] detected [G]: 119483 [E]: 213070 [DE]: 639 |  Exit in 16 sec.
L [2017-01-02 02:30:54.714] Gold & Elixir & DE change detected, waiting...
L [2017-01-02 02:30:58.110] detected [G]: 119483 [E]: 213070 [DE]: 557 |  Exit in 18 sec.
L [2017-01-02 02:30:58.132] Gold & Elixir & DE change detected, waiting...
L [2017-01-02 02:31:01.520] detected [G]: 119483 [E]: 213070 [DE]: 473 |  Exit in 18 sec.
L [2017-01-02 02:31:01.540] Gold & Elixir & DE change detected, waiting...
D [2017-01-02 02:31:03.671] API: $hWind=0x000A29F8,$iMsg=49694,$wParam=0x00000000,$lParam=0x00CE2E5C
L [2017-01-02 02:31:04.966] detected [G]: 69083 [E]: 147670 [DE]: 208 |  Exit in 18 sec.
L [2017-01-02 02:31:04.985] Gold & Elixir & DE change detected, waiting...
L [2017-01-02 02:31:08.380] detected [G]: 69083 [E]: 110170 [DE]: 208 |  Exit in 18 sec.
L [2017-01-02 02:31:08.400] Gold & Elixir & DE change detected, waiting...
L [2017-01-02 02:31:11.816] detected [G]: 66293 [E]: 90016 [DE]: 208 |  Exit in 18 sec.
L [2017-01-02 02:31:11.834] Gold & Elixir & DE change detected, waiting...
L [2017-01-02 02:31:15.271] detected [G]: 57923 [E]: 87006 [DE]: 208 |  Exit in 18 sec.
L [2017-01-02 02:31:15.288] Gold & Elixir & DE change detected, waiting...
D [2017-01-02 02:31:18.657] API: $hWind=0x000A29F8,$iMsg=49694,$wParam=0x00000000,$lParam=0x00CE2E5C
L [2017-01-02 02:31:18.740] detected [G]: 26299 [E]: 87006 [DE]: 208 |  Exit in 18 sec.
L [2017-01-02 02:31:18.760] Gold & Elixir & DE change detected, waiting...
L [2017-01-02 02:31:22.159] detected [G]: 16995 [E]: 87006 [DE]: 208 |  Exit in 18 sec.
L [2017-01-02 02:31:22.177] Gold & Elixir & DE change detected, waiting...
L [2017-01-02 02:31:25.581] detected [G]: 14341 [E]: 87006 [DE]: 208 |  Exit in 18 sec.
L [2017-01-02 02:31:25.602] Gold & Elixir & DE change detected, waiting...
L [2017-01-02 02:31:29.014] detected [G]: 6021 [E]: 87006 [DE]: 208 |  Exit in 18 sec.
L [2017-01-02 02:31:29.032] Gold & Elixir & DE change detected, waiting...
L [2017-01-02 02:31:32.416] detected [G]: 5666 [E]: 87006 [DE]: 104 |  Exit in 18 sec.
L [2017-01-02 02:31:32.433] Gold & Elixir & DE change detected, waiting...
D [2017-01-02 02:31:33.641] API: $hWind=0x000A29F8,$iMsg=49694,$wParam=0x00000000,$lParam=0x00CE2E5C
L [2017-01-02 02:31:35.793] detected [G]: 5666 [E]: 81341 [DE]: 104 |  Exit in 18 sec.
L [2017-01-02 02:31:35.810] Gold & Elixir & DE change detected, waiting...
L [2017-01-02 02:31:39.147] detected [G]: 5666 [E]: 81341 [DE]: 54 |  Exit in 18 sec.
L [2017-01-02 02:31:39.164] Gold & Elixir & DE change detected, waiting...
L [2017-01-02 02:31:42.522] detected [G]: 5666 [E]: 81341 [DE]: 0 |  Exit in 18 sec.
L [2017-01-02 02:31:44.221] detected [G]: 5666 [E]: 73233 [DE]: 0 |  Exit in 16 sec.
L [2017-01-02 02:31:44.238] Gold & Elixir & DE change detected, waiting...
L [2017-01-02 02:31:47.596] detected [G]: 5666 [E]: 40801 [DE]: 0 |  Exit in 18 sec.
L [2017-01-02 02:31:47.613] Gold & Elixir & DE change detected, waiting...
D [2017-01-02 02:31:48.636] API: $hWind=0x000A29F8,$iMsg=49694,$wParam=0x00000000,$lParam=0x00CE2E5C
L [2017-01-02 02:31:50.947] detected [G]: 5666 [E]: 16477 [DE]: 0 |  Exit in 18 sec.
L [2017-01-02 02:31:50.964] Gold & Elixir & DE change detected, waiting...
L [2017-01-02 02:31:54.312] detected [G]: 5666 [E]: 5665 [DE]: 0 |  Exit in 18 sec.
L [2017-01-02 02:31:54.329] Gold & Elixir & DE change detected, waiting...
L [2017-01-02 02:31:57.671] detected [G]: 5666 [E]: 5665 [DE]: 0 |  Exit in 18 sec.
L [2017-01-02 02:31:59.377] detected [G]: 5666 [E]: 5665 [DE]: 0 |  Exit in 16 sec.
L [2017-01-02 02:32:01.054] detected [G]: 5666 [E]: 5665 [DE]: 0 |  Exit in 15 sec.
L [2017-01-02 02:32:02.724] detected [G]: 5666 [E]: 5665 [DE]: 0 |  Exit in 13 sec.
D [2017-01-02 02:32:03.652] API: $hWind=0x000A29F8,$iMsg=49694,$wParam=0x00000000,$lParam=0x00CE2E5C
L [2017-01-02 02:32:04.401] detected [G]: 5666 [E]: 5665 [DE]: 0 |  Exit in 11 sec.
L [2017-01-02 02:32:06.077] detected [G]: 5666 [E]: 5665 [DE]: 0 |  Exit in  9 sec.
L [2017-01-02 02:32:07.756] detected [G]: 5666 [E]: 5665 [DE]: 0 |  Exit in  8 sec.
L [2017-01-02 02:32:09.438] detected [G]: 5666 [E]: 5665 [DE]: 0 |  Exit in  6 sec.
L [2017-01-02 02:32:11.128] detected [G]: 5666 [E]: 5665 [DE]: 0 |  Exit in  4 sec.
L [2017-01-02 02:32:12.813] detected [G]: 5666 [E]: 5665 [DE]: 0 |  Exit in  3 sec.
D [2017-01-02 02:32:14.479] AdbScreencap: 62/51/45 ms (all/10/1),41,0,l=48,t=126,w=75,h=18, 523CCD829D80725A7E16D990F4D4CD5753B0CC5E: w=860,h=732,f=1
L [2017-01-02 02:32:14.491] detected [G]: 5666 [E]: 5665 [DE]: 0 |  Exit in  1 sec.
L [2017-01-02 02:32:16.168] detected [G]: 5666 [E]: 5665 [DE]: 0 |  Exit in  0 sec.
L [2017-01-02 02:32:16.186] Gold & Elixir & DE no change detected, exit
L [2017-01-02 02:32:16.242] ====== You have activated NoobZap Mode ======
L [2017-01-02 02:32:16.255] No Dark Elixir so lets just exit!
L [2017-01-02 02:32:16.256] Returning Home
D [2017-01-02 02:32:18.735] API: $hWind=0x000A29F8,$iMsg=49694,$wParam=0x00000000,$lParam=0x00CE2E5C
D [2017-01-02 02:32:18.934] MEmu time lag is 0 sec/min (avg for 206 sec)
L [2017-01-02 02:32:22.500] Loot: [G]: 182 894 [E]: 375 747 [DE]: 740 [T]: 12
L [2017-01-02 02:32:22.517] Bonus Percentage: 100%
L [2017-01-02 02:32:22.913] Bonus [G]: 13 500 [E]: 13 500
L [2017-01-02 02:32:23.968] Your league level is: Gold II
L [2017-01-02 02:32:24.027] Stars earned: 2
D [2017-01-02 02:32:26.913] GUIControl_WM_NCACTIVATE: Deactivate Bot
D [2017-01-02 02:32:27.721] GUIControl_WM_NCACTIVATE: Deactivate Bot
L [2017-01-02 02:32:31.226] Trying to locate Main Screen
D [2017-01-02 02:32:31.453] GetVillageSize measured: 476.413956806172, Zoom factor: 1.00593562250845, Offset: 21, 9
D [2017-01-02 02:32:31.453] Center Village by: 21, 9
D [2017-01-02 02:32:33.072] GetVillageSize measured: 476.57144557659, Zoom factor: 1.00626815593247, Offset: -3, -1
D [2017-01-02 02:32:33.073] Village Offset updated to -3, -1, 1.00626815593247
D [2017-01-02 02:32:33.074] Centered Village Offset: -3, -1, change: -24, -10
L [2017-01-02 02:32:33.075] Main Screen Located
D [2017-01-02 02:32:33.678] API: $hWind=0x000A29F8,$iMsg=49694,$wParam=0x00000000,$lParam=0x00CE2E5C
L [2017-01-02 02:32:35.095] Total Army Camp capacity: 40/200 (20%)
D [2017-01-02 02:32:36.750] GetVillageSize measured: 476.57144557659, Zoom factor: 1.00626815593247, Offset: -3, -1
L [2017-01-02 02:32:37.467] Village Report
L [2017-01-02 02:32:37.553]  [T]: 1 701
L [2017-01-02 02:32:37.647]  [G]: 3 946 879 [E]: 4 446 797 [D]: 23 451 [GEM]: 1 410
D [2017-01-02 02:32:38.376] GetVillageSize measured: 476.57144557659, Zoom factor: 1.00626815593247, Offset: -3, -1
D [2017-01-02 02:32:38.380] _RunFunction: CleanYard BEGIN
D [2017-01-02 02:32:38.380] _RunFunction: CleanYard END
D [2017-01-02 02:32:38.381] _RunFunction: ReArm BEGIN
D [2017-01-02 02:32:38.583] _RunFunction: ReArm END
D [2017-01-02 02:32:38.584] _RunFunction: Collect BEGIN
L [2017-01-02 02:32:39.328] Collecting Resources
D [2017-01-02 02:32:44.985] GetVillageSize measured: 476.57144557659, Zoom factor: 1.00626815593247, Offset: -3, -1
L [2017-01-02 02:32:44.990] Searching for a Loot Cart..
L [2017-01-02 02:32:45.473] No Loot Cart found, Yard is clean!
D [2017-01-02 02:32:47.168] _RunFunction: Collect END
D [2017-01-02 02:32:47.169] _RunFunction: CheckTombs BEGIN
D [2017-01-02 02:32:47.371] _RunFunction: CheckTombs END
L [2017-01-02 02:32:47.373] Waiting, Add random delay of 25 seconds.
D [2017-01-02 02:32:48.699] API: $hWind=0x000A29F8,$iMsg=49694,$wParam=0x00000000,$lParam=0x00CE2E5C
D [2017-01-02 02:32:54.608] Enable GUI Controls
D [2017-01-02 02:32:56.051] Redraw MyBot Window
L [2017-01-02 02:32:56.343] ==================== Bot Stop ====================
