2017-01-02 01:06:42 : ============================= ATTACK LOG ==============================
2017-01-02 01:06:42 :                    --------  LOOT --------       ----- BONUS ------
2017-01-02 01:06:42 :  TIME|TROP.|SEARCH|   GOLD| ELIXIR|DARK EL|TR.|S|  GOLD|ELIXIR|  DE|L.
2017-01-02 01:07:32 : ============================= ATTACK LOG ==============================
2017-01-02 01:07:32 :                    --------  LOOT --------       ----- BONUS ------
2017-01-02 01:07:32 :  TIME|TROP.|SEARCH|   GOLD| ELIXIR|DARK EL|TR.|S|  GOLD|ELIXIR|  DE|L.
2017-01-02 01:15:11 : 01:15| 1668|     5| 326012| 333898|    561|  7|1| 12555| 12555|   0|G2||200/200|
2017-01-02 01:21:12 : ============================= ATTACK LOG ==============================
2017-01-02 01:21:12 :                    --------  LOOT --------       ----- BONUS ------
2017-01-02 01:21:12 :  TIME|TROP.|SEARCH|   GOLD| ELIXIR|DARK EL|TR.|S|  GOLD|ELIXIR|  DE|L.
2017-01-02 01:28:59 : 01:28| 1675|     4| 307265| 217416|    690|  6|1| 12825| 12825|   0|G2||200/200|
2017-01-02 01:53:27 : 01:53| 1681|     2| 291247| 342031|    609|  8|1| 13500| 13500|   0|G2||200/200|
2017-01-02 02:32:24 : 02:32| 1689|    26| 182894| 375747|    740| 12|2| 13500| 13500|   0|G2||200/200|
2017-01-02 02:58:02 : 02:58| 1701|     1| 427971| 243337|    932| 16|3| 13500| 13500|   0|G2||200/200|
2017-01-02 03:29:10 : 03:29| 1717|     4| 540761| 462953|    861|  7|1| 13500| 13500|   0|--||200/200|
2017-01-02 12:41:47 : ============================= ATTACK LOG ==============================
2017-01-02 12:41:47 :                    --------  LOOT --------       ----- BONUS ------
2017-01-02 12:41:47 :  TIME|TROP.|SEARCH|   GOLD| ELIXIR|DARK EL|TR.|S|  GOLD|ELIXIR|  DE|L.
2017-01-02 12:55:59 : 12:55| 1712|    11| 151453| 181362|      4| 11|1| 13365| 13365|   0|G2||200/200|
2017-01-02 13:29:58 : 13:29| 1723|     3| 228551| 271396|    521|  8|1| 13500| 13500|   0|G2||200/200|
2017-01-02 13:58:18 : 13:58| 1731|    19| 221326| 210451|   1854| 13|2| 13500| 13500|   0|G2||200/200|
2017-01-02 14:26:53 : 14:26| 1744|    10| 369666| 321954|    240|  5|1| 13365| 13365|   0|G2||200/200|
2017-01-02 14:53:26 : 14:53| 1749|     2| 249648| 273423|   2168| 15|2| 13500| 13500|   0|G2||200/200|
2017-01-02 15:21:06 : ============================= ATTACK LOG ==============================
2017-01-02 15:21:06 :                    --------  LOOT --------       ----- BONUS ------
2017-01-02 15:21:06 :  TIME|TROP.|SEARCH|   GOLD| ELIXIR|DARK EL|TR.|S|  GOLD|ELIXIR|  DE|L.
