2016-12-31 12:04:18 : ============================= ATTACK LOG ==============================
2016-12-31 12:04:18 :                    --------  LOOT --------       ----- BONUS ------
2016-12-31 12:04:18 :  TIME|TROP.|SEARCH|   GOLD| ELIXIR|DARK EL|TR.|S|  GOLD|ELIXIR|  DE|L.
2016-12-31 12:10:34 : 12:10| 1766|    21| 192687| 166696|    246|-26|0|     0|     0|   0|--||200/200|
2016-12-31 12:17:23 : 12:17| 1740|    18| 160077| 135217|    120|  8|1| 17000| 17000|   0|G1||200/200|
2016-12-31 12:39:38 : 12:39| 1748|     1| 139556| 177302|    277|-24|0|     0|     0|   0|--||200/200|
2016-12-31 13:16:13 : 13:16| 1724|    35| 310285| 386611|    810|  6|1| 15470| 15470|   0|G1||200/200|
2016-12-31 13:39:21 : 13:39| 1730|    17| 132307| 164109|    543|  5|1| 15810| 15810|   0|G1||200/200|
2016-12-31 14:10:03 : 14:10| 1735|    49| 257180| 209162|      0|  5|1| 13940| 13940|   0|G1||199/200|
2016-12-31 14:30:55 : 14:30| 1740|     2| 285562| 325257|    451|  5|1| 15470| 15470|   0|G1||200/200|
2016-12-31 14:59:21 : 14:59| 1745|    27| 242500| 214115|    564|  5|1| 14280| 14280|   0|G1||200/200|
2016-12-31 15:24:29 : 15:24| 1750|     2| 222914| 231211|    450|  8|1| 13940| 13940|   0|G1||200/200|
2016-12-31 15:50:06 : 15:50| 1758|     8| 225000| 212500|    525|  6|1| 15130| 15130|   0|G1||199/200|
2016-12-31 16:22:18 : 16:22| 1764|    30| 251080| 276411|    801|  7|1| 13770| 13770|   0|G1||199/200|
2016-12-31 16:45:40 : 16:45| 1749|     2| 252088| 176105|    405|-17|0|     0|     0|   0|--||200/200|
2016-12-31 17:20:03 : 17:20| 1732|    25| 268804| 247120|    630|-28|0|     0|     0|   0|--||200/200|
2016-12-31 17:40:05 : 17:40| 1704|     1| 191989| 116227|    120| 10|1| 13600| 13600|   0|G1||196/200|
2016-12-31 18:13:00 : 18:13| 1714|     6| 510598| 429110|    810|-29|0|     0|     0|   0|--||200/200|
2016-12-31 18:42:57 : 18:42| 1685|    11| 227965| 243749|    603| 10|1| 13095| 13095|   0|G2||200/200|
2016-12-31 19:10:02 : 19:10| 1695|     6| 430828| 409300|    810|  7|1| 12150| 12150|   0|G2||199/200|
2016-12-31 19:38:15 : 19:38| 1702|    15| 286050| 287888|    810| 11|1| 12420| 12420|   0|G2||198/200|
