2017-01-02 17:07:14 : ============================= ATTACK LOG ==============================
2017-01-02 17:07:14 :                    --------  LOOT --------       ----- BONUS ------
2017-01-02 17:07:14 :  TIME|TROP.|SEARCH|   GOLD| ELIXIR|DARK EL|TR.|S|  GOLD|ELIXIR|  DE|L.
2017-01-02 17:27:11 : ============================= ATTACK LOG ==============================
2017-01-02 17:27:11 :                    --------  LOOT --------       ----- BONUS ------
2017-01-02 17:27:11 :  TIME|TROP.|SEARCH|   GOLD| ELIXIR|DARK EL|TR.|S|  GOLD|ELIXIR|  DE|L.
2017-01-02 17:34:44 : 17:34| 1577|     5| 379480| 303140|    120|  6|1|     0|     0|   0|--||200/200|
2017-01-02 17:53:49 : 17:53| 1583|    21| 340616| 472255|   1093| 14|2| 10000| 10000|   0|G3||199/200|
2017-01-02 18:15:26 : 18:15| 1597|     1| 222859| 287206|    597| 17|3| 10000| 10000|   0|G3||200/200|
2017-01-02 18:39:57 : 18:39| 1614|     7| 330357| 190012|    389|  6|1| 12420| 12420|   0|G2||200/200|
2017-01-02 19:02:06 : 19:02| 1620|     9| 344595| 200699|    240|  6|1| 12015| 12015|   0|G2||200/200|
2017-01-02 19:31:35 : 19:31| 1626|    60| 170718| 167542|   1260|-27|0|     0|     0|   0|--||199/200|
2017-01-02 19:44:42 : 19:44| 1599|     1| 359656| 276895|    833|  5|1| 12285| 12285|   0|G2||200/200|
2017-01-02 20:06:50 : 20:06| 1604|     4| 324714| 310351|    875| 16|2| 12420| 12420|   0|G2||200/200|
2017-01-02 21:31:43 : 21:31| 1620|    16| 334153| 383424|    810|  7|1| 11745| 11745|   0|G2||200/200|
2017-01-02 21:58:10 : 21:58| 1627|     4| 451012| 386225|    525|  6|1| 12960| 12960|   0|G2||200/200|
2017-01-02 22:03:33 : 22:03| 1633|    14| 327208| 277297|    282|  8|1| 11610| 11610|   0|G2||200/200|
2017-01-02 22:24:12 : 22:24| 1641|     5| 265106| 267205|    396|  5|1| 12015| 12015|   0|G2||200/200|
2017-01-02 22:46:43 : 22:46| 1646|     1| 228424| 225576|    450| 10|1| 12285| 12285|   0|G2||200/200|
2017-01-02 23:14:48 : 23:14| 1656|     2| 393364| 287771|    810|  9|1| 10800| 10800|   0|G2||199/200|
2017-01-02 23:36:09 : 23:36| 1665|    14| 303660| 258253|    429| 10|1| 13230| 13230|   0|G2||200/200|
